[0.009s] Invoking command in '/home/tanakon/fra501_ws/src/build/turtlesim_plus_interfaces': CMAKE_PREFIX_PATH=${CMAKE_PREFIX_PATH}:/opt/ros/humble /usr/bin/cmake /home/tanakon/fra501_ws/src/turtlesim_plus/turtlesim_plus_interfaces -DCMAKE_INSTALL_PREFIX=/home/tanakon/fra501_ws/src/install/turtlesim_plus_interfaces
[0.038s] -- The C compiler identification is GNU 11.4.0
[0.070s] -- The CXX compiler identification is GNU 11.4.0
[0.074s] -- Detecting C compiler ABI info
[0.115s] -- Detecting C compiler ABI info - done
[0.120s] -- Check for working C compiler: /usr/bin/cc - skipped
[0.120s] -- Detecting C compile features
[0.121s] -- Detecting C compile features - done
[0.122s] -- Detecting CXX compiler ABI info
[0.167s] -- Detecting CXX compiler ABI info - done
[0.172s] -- Check for working CXX compiler: /usr/bin/c++ - skipped
[0.172s] -- Detecting CXX compile features
[0.172s] -- Detecting CXX compile features - done
[0.174s] -- Found ament_cmake: 1.3.5 (/opt/ros/humble/share/ament_cmake/cmake)
[0.280s] -- Found Python3: /usr/bin/python3.10 (found version "3.10.12") found components: Interpreter 
[0.337s] -- Found ament_lint_auto: 0.12.7 (/opt/ros/humble/share/ament_lint_auto/cmake)
[0.382s] -- Found rosidl_default_generators: 1.2.0 (/opt/ros/humble/share/rosidl_default_generators/cmake)
[0.384s] -- Using all available rosidl_typesupport_c: rosidl_typesupport_fastrtps_c;rosidl_typesupport_introspection_c
[0.387s] -- Found rosidl_adapter: 3.1.5 (/opt/ros/humble/share/rosidl_adapter/cmake)
[0.411s] -- Using all available rosidl_typesupport_cpp: rosidl_typesupport_fastrtps_cpp;rosidl_typesupport_introspection_cpp
[0.625s] -- Found ament_cmake_ros: 0.10.0 (/opt/ros/humble/share/ament_cmake_ros/cmake)
[0.742s] -- Using all available rosidl_typesupport_c: rosidl_typesupport_fastrtps_c;rosidl_typesupport_introspection_c
[0.902s] -- Using all available rosidl_typesupport_cpp: rosidl_typesupport_fastrtps_cpp;rosidl_typesupport_introspection_cpp
[0.917s] -- Found PythonInterp: /usr/bin/python3 (found suitable version "3.10.12", minimum required is "3.6") 
[0.918s] -- Found python_cmake_module: 0.10.0 (/opt/ros/humble/share/python_cmake_module/cmake)
[0.935s] -- Found PythonLibs: /usr/lib/x86_64-linux-gnu/libpython3.10.so (found suitable version "3.10.12", minimum required is "3.5") 
[0.935s] -- Using PYTHON_EXECUTABLE: /usr/bin/python3
[0.935s] -- Using PYTHON_INCLUDE_DIRS: /usr/include/python3.10
[0.935s] -- Using PYTHON_LIBRARIES: /usr/lib/x86_64-linux-gnu/libpython3.10.so
[0.949s] -- Found PythonExtra: .so  
[0.976s] -- Added test 'lint_cmake' to check CMake code style
[0.976s] -- Added test 'xmllint' to check XML markup files
[0.979s] -- Configuring done
[1.001s] -- Generating done
[1.003s] -- Build files have been written to: /home/tanakon/fra501_ws/src/build/turtlesim_plus_interfaces
[1.011s] Invoked command in '/home/tanakon/fra501_ws/src/build/turtlesim_plus_interfaces' returned '0': CMAKE_PREFIX_PATH=${CMAKE_PREFIX_PATH}:/opt/ros/humble /usr/bin/cmake /home/tanakon/fra501_ws/src/turtlesim_plus/turtlesim_plus_interfaces -DCMAKE_INSTALL_PREFIX=/home/tanakon/fra501_ws/src/install/turtlesim_plus_interfaces
[1.013s] Invoking command in '/home/tanakon/fra501_ws/src/build/turtlesim_plus_interfaces': CMAKE_PREFIX_PATH=${CMAKE_PREFIX_PATH}:/opt/ros/humble /usr/bin/cmake --build /home/tanakon/fra501_ws/src/build/turtlesim_plus_interfaces -- -j16 -l16
[1.039s] [  1%] [34m[1mGenerating C code for ROS interfaces[0m
[1.045s] [  3%] [34m[1mGenerating C++ code for ROS interfaces[0m
[1.051s] [  3%] Built target ament_cmake_python_copy_turtlesim_plus_interfaces
[1.208s] running egg_info
[1.208s] creating turtlesim_plus_interfaces.egg-info
[1.209s] writing turtlesim_plus_interfaces.egg-info/PKG-INFO
[1.209s] writing dependency_links to turtlesim_plus_interfaces.egg-info/dependency_links.txt
[1.209s] writing top-level names to turtlesim_plus_interfaces.egg-info/top_level.txt
[1.209s] writing manifest file 'turtlesim_plus_interfaces.egg-info/SOURCES.txt'
[1.210s] reading manifest file 'turtlesim_plus_interfaces.egg-info/SOURCES.txt'
[1.210s] writing manifest file 'turtlesim_plus_interfaces.egg-info/SOURCES.txt'
[1.228s] [  3%] Built target ament_cmake_python_build_turtlesim_plus_interfaces_egg
[1.419s] [  3%] Built target turtlesim_plus_interfaces__cpp
[1.424s] [  7%] [34m[1mGenerating C++ type support dispatch for ROS interfaces[0m
[1.424s] [  9%] [34m[1mGenerating C++ introspection for ROS interfaces[0m
[1.424s] [  9%] [34m[1mGenerating C++ type support for eProsima Fast-RTPS[0m
[1.430s] [ 16%] [32mBuilding C object CMakeFiles/turtlesim_plus_interfaces__rosidl_generator_c.dir/rosidl_generator_c/turtlesim_plus_interfaces/msg/detail/scanner_data__functions.c.o[0m
[1.430s] [ 16%] [32mBuilding C object CMakeFiles/turtlesim_plus_interfaces__rosidl_generator_c.dir/rosidl_generator_c/turtlesim_plus_interfaces/action/detail/get_data__functions.c.o[0m
[1.430s] [ 16%] [32mBuilding C object CMakeFiles/turtlesim_plus_interfaces__rosidl_generator_c.dir/rosidl_generator_c/turtlesim_plus_interfaces/srv/detail/give_position__functions.c.o[0m
[1.431s] [ 16%] [32mBuilding C object CMakeFiles/turtlesim_plus_interfaces__rosidl_generator_c.dir/rosidl_generator_c/turtlesim_plus_interfaces/msg/detail/scanner_data_array__functions.c.o[0m
[1.509s] [ 18%] [32m[1mLinking C shared library libturtlesim_plus_interfaces__rosidl_generator_c.so[0m
[1.534s] [ 18%] Built target turtlesim_plus_interfaces__rosidl_generator_c
[1.542s] [ 23%] [34m[1mGenerating C introspection for ROS interfaces[0m
[1.542s] [ 23%] [34m[1mGenerating C type support for eProsima Fast-RTPS[0m
[1.542s] [ 23%] [34m[1mGenerating C type support dispatch for ROS interfaces[0m
[1.671s] [ 29%] [32mBuilding CXX object CMakeFiles/turtlesim_plus_interfaces__rosidl_typesupport_cpp.dir/rosidl_typesupport_cpp/turtlesim_plus_interfaces/srv/give_position__type_support.cpp.o[0m
[1.672s] [ 29%] [32mBuilding CXX object CMakeFiles/turtlesim_plus_interfaces__rosidl_typesupport_cpp.dir/rosidl_typesupport_cpp/turtlesim_plus_interfaces/msg/scanner_data__type_support.cpp.o[0m
[1.672s] [ 29%] [32mBuilding CXX object CMakeFiles/turtlesim_plus_interfaces__rosidl_typesupport_cpp.dir/rosidl_typesupport_cpp/turtlesim_plus_interfaces/action/get_data__type_support.cpp.o[0m
[1.672s] [ 30%] [32mBuilding CXX object CMakeFiles/turtlesim_plus_interfaces__rosidl_typesupport_cpp.dir/rosidl_typesupport_cpp/turtlesim_plus_interfaces/msg/scanner_data_array__type_support.cpp.o[0m
[1.719s] [ 36%] [32mBuilding CXX object CMakeFiles/turtlesim_plus_interfaces__rosidl_typesupport_introspection_cpp.dir/rosidl_typesupport_introspection_cpp/turtlesim_plus_interfaces/action/detail/get_data__type_support.cpp.o[0m
[1.720s] [ 38%] [32mBuilding CXX object CMakeFiles/turtlesim_plus_interfaces__rosidl_typesupport_introspection_cpp.dir/rosidl_typesupport_introspection_cpp/turtlesim_plus_interfaces/msg/detail/scanner_data_array__type_support.cpp.o[0m
[1.720s] [ 38%] [32mBuilding CXX object CMakeFiles/turtlesim_plus_interfaces__rosidl_typesupport_introspection_cpp.dir/rosidl_typesupport_introspection_cpp/turtlesim_plus_interfaces/srv/detail/give_position__type_support.cpp.o[0m
[1.720s] [ 38%] [32mBuilding CXX object CMakeFiles/turtlesim_plus_interfaces__rosidl_typesupport_introspection_cpp.dir/rosidl_typesupport_introspection_cpp/turtlesim_plus_interfaces/msg/detail/scanner_data__type_support.cpp.o[0m
[1.789s] [ 45%] [32mBuilding CXX object CMakeFiles/turtlesim_plus_interfaces__rosidl_typesupport_c.dir/rosidl_typesupport_c/turtlesim_plus_interfaces/srv/give_position__type_support.cpp.o[0m
[1.790s] [ 45%] [32mBuilding CXX object CMakeFiles/turtlesim_plus_interfaces__rosidl_typesupport_c.dir/rosidl_typesupport_c/turtlesim_plus_interfaces/msg/scanner_data__type_support.cpp.o[0m
[1.790s] [ 45%] [32mBuilding CXX object CMakeFiles/turtlesim_plus_interfaces__rosidl_typesupport_c.dir/rosidl_typesupport_c/turtlesim_plus_interfaces/msg/scanner_data_array__type_support.cpp.o[0m
[1.790s] [ 45%] [32mBuilding CXX object CMakeFiles/turtlesim_plus_interfaces__rosidl_typesupport_c.dir/rosidl_typesupport_c/turtlesim_plus_interfaces/action/get_data__type_support.cpp.o[0m
[1.842s] [ 47%] [32m[1mLinking CXX shared library libturtlesim_plus_interfaces__rosidl_typesupport_c.so[0m
[1.843s] [ 54%] [32mBuilding CXX object CMakeFiles/turtlesim_plus_interfaces__rosidl_typesupport_fastrtps_cpp.dir/rosidl_typesupport_fastrtps_cpp/turtlesim_plus_interfaces/action/detail/dds_fastrtps/get_data__type_support.cpp.o[0m
[1.843s] [ 54%] [32mBuilding CXX object CMakeFiles/turtlesim_plus_interfaces__rosidl_typesupport_fastrtps_cpp.dir/rosidl_typesupport_fastrtps_cpp/turtlesim_plus_interfaces/msg/detail/dds_fastrtps/scanner_data_array__type_support.cpp.o[0m
[1.843s] [ 54%] [32mBuilding CXX object CMakeFiles/turtlesim_plus_interfaces__rosidl_typesupport_fastrtps_cpp.dir/rosidl_typesupport_fastrtps_cpp/turtlesim_plus_interfaces/srv/detail/dds_fastrtps/give_position__type_support.cpp.o[0m
[1.843s] [ 54%] [32mBuilding CXX object CMakeFiles/turtlesim_plus_interfaces__rosidl_typesupport_fastrtps_cpp.dir/rosidl_typesupport_fastrtps_cpp/turtlesim_plus_interfaces/msg/detail/dds_fastrtps/scanner_data__type_support.cpp.o[0m
[1.892s] [ 54%] Built target turtlesim_plus_interfaces__rosidl_typesupport_c
[1.925s] [ 58%] [32mBuilding C object CMakeFiles/turtlesim_plus_interfaces__rosidl_typesupport_introspection_c.dir/rosidl_typesupport_introspection_c/turtlesim_plus_interfaces/action/detail/get_data__type_support.c.o[0m
[1.925s] [ 60%] [32mBuilding C object CMakeFiles/turtlesim_plus_interfaces__rosidl_typesupport_introspection_c.dir/rosidl_typesupport_introspection_c/turtlesim_plus_interfaces/srv/detail/give_position__type_support.c.o[0m
[1.925s] [ 60%] [32mBuilding C object CMakeFiles/turtlesim_plus_interfaces__rosidl_typesupport_introspection_c.dir/rosidl_typesupport_introspection_c/turtlesim_plus_interfaces/msg/detail/scanner_data_array__type_support.c.o[0m
[1.925s] [ 61%] [32mBuilding C object CMakeFiles/turtlesim_plus_interfaces__rosidl_typesupport_introspection_c.dir/rosidl_typesupport_introspection_c/turtlesim_plus_interfaces/msg/detail/scanner_data__type_support.c.o[0m
[1.979s] [ 63%] [32m[1mLinking C shared library libturtlesim_plus_interfaces__rosidl_typesupport_introspection_c.so[0m
[2.011s] [ 70%] [32mBuilding CXX object CMakeFiles/turtlesim_plus_interfaces__rosidl_typesupport_fastrtps_c.dir/rosidl_typesupport_fastrtps_c/turtlesim_plus_interfaces/srv/detail/give_position__type_support_c.cpp.o[0m
[2.011s] [ 70%] [32mBuilding CXX object CMakeFiles/turtlesim_plus_interfaces__rosidl_typesupport_fastrtps_c.dir/rosidl_typesupport_fastrtps_c/turtlesim_plus_interfaces/msg/detail/scanner_data__type_support_c.cpp.o[0m
[2.011s] [ 70%] [32mBuilding CXX object CMakeFiles/turtlesim_plus_interfaces__rosidl_typesupport_fastrtps_c.dir/rosidl_typesupport_fastrtps_c/turtlesim_plus_interfaces/action/detail/get_data__type_support_c.cpp.o[0m
[2.011s] [ 70%] [32mBuilding CXX object CMakeFiles/turtlesim_plus_interfaces__rosidl_typesupport_fastrtps_c.dir/rosidl_typesupport_fastrtps_c/turtlesim_plus_interfaces/msg/detail/scanner_data_array__type_support_c.cpp.o[0m
[2.016s] [ 70%] Built target turtlesim_plus_interfaces__rosidl_typesupport_introspection_c
[2.060s] [ 72%] [32m[1mLinking CXX shared library libturtlesim_plus_interfaces__rosidl_typesupport_cpp.so[0m
[2.094s] [ 72%] Built target turtlesim_plus_interfaces__rosidl_typesupport_cpp
[2.297s] [ 74%] [32m[1mLinking CXX shared library libturtlesim_plus_interfaces__rosidl_typesupport_introspection_cpp.so[0m
[2.328s] [ 76%] [32m[1mLinking CXX shared library libturtlesim_plus_interfaces__rosidl_typesupport_fastrtps_c.so[0m
[2.347s] [ 76%] Built target turtlesim_plus_interfaces__rosidl_typesupport_introspection_cpp
[2.369s] [ 78%] [32m[1mLinking CXX shared library libturtlesim_plus_interfaces__rosidl_typesupport_fastrtps_cpp.so[0m
[2.373s] [ 78%] Built target turtlesim_plus_interfaces__rosidl_typesupport_fastrtps_c
[2.411s] [ 78%] Built target turtlesim_plus_interfaces__rosidl_typesupport_fastrtps_cpp
[2.423s] [ 78%] Built target turtlesim_plus_interfaces
[2.434s] [ 80%] [34m[1mGenerating Python code for ROS interfaces[0m
[3.042s] [ 80%] Built target turtlesim_plus_interfaces__py
[3.053s] [ 87%] [32mBuilding C object CMakeFiles/turtlesim_plus_interfaces__rosidl_generator_py.dir/rosidl_generator_py/turtlesim_plus_interfaces/msg/_scanner_data_array_s.c.o[0m
[3.053s] [ 87%] [32mBuilding C object CMakeFiles/turtlesim_plus_interfaces__rosidl_generator_py.dir/rosidl_generator_py/turtlesim_plus_interfaces/msg/_scanner_data_s.c.o[0m
[3.053s] [ 87%] [32mBuilding C object CMakeFiles/turtlesim_plus_interfaces__rosidl_generator_py.dir/rosidl_generator_py/turtlesim_plus_interfaces/action/_get_data_s.c.o[0m
[3.054s] [ 87%] [32mBuilding C object CMakeFiles/turtlesim_plus_interfaces__rosidl_generator_py.dir/rosidl_generator_py/turtlesim_plus_interfaces/srv/_give_position_s.c.o[0m
[3.137s] [ 89%] [32m[1mLinking C shared library rosidl_generator_py/turtlesim_plus_interfaces/libturtlesim_plus_interfaces__rosidl_generator_py.so[0m
[3.161s] [ 89%] Built target turtlesim_plus_interfaces__rosidl_generator_py
[3.173s] [ 94%] [32mBuilding C object CMakeFiles/turtlesim_plus_interfaces__rosidl_typesupport_fastrtps_c__pyext.dir/rosidl_generator_py/turtlesim_plus_interfaces/_turtlesim_plus_interfaces_s.ep.rosidl_typesupport_fastrtps_c.c.o[0m
[3.173s] [ 94%] [32mBuilding C object CMakeFiles/turtlesim_plus_interfaces__rosidl_typesupport_c__pyext.dir/rosidl_generator_py/turtlesim_plus_interfaces/_turtlesim_plus_interfaces_s.ep.rosidl_typesupport_c.c.o[0m
[3.174s] [ 94%] [32mBuilding C object CMakeFiles/turtlesim_plus_interfaces__rosidl_typesupport_introspection_c__pyext.dir/rosidl_generator_py/turtlesim_plus_interfaces/_turtlesim_plus_interfaces_s.ep.rosidl_typesupport_introspection_c.c.o[0m
[3.251s] [100%] [32m[1mLinking C shared library rosidl_generator_py/turtlesim_plus_interfaces/turtlesim_plus_interfaces_s__rosidl_typesupport_c.cpython-310-x86_64-linux-gnu.so[0m
[3.251s] [100%] [32m[1mLinking C shared library rosidl_generator_py/turtlesim_plus_interfaces/turtlesim_plus_interfaces_s__rosidl_typesupport_fastrtps_c.cpython-310-x86_64-linux-gnu.so[0m
[3.251s] [100%] [32m[1mLinking C shared library rosidl_generator_py/turtlesim_plus_interfaces/turtlesim_plus_interfaces_s__rosidl_typesupport_introspection_c.cpython-310-x86_64-linux-gnu.so[0m
[3.275s] [100%] Built target turtlesim_plus_interfaces__rosidl_typesupport_c__pyext
[3.275s] [100%] Built target turtlesim_plus_interfaces__rosidl_typesupport_introspection_c__pyext
[3.275s] [100%] Built target turtlesim_plus_interfaces__rosidl_typesupport_fastrtps_c__pyext
[3.282s] Invoked command in '/home/tanakon/fra501_ws/src/build/turtlesim_plus_interfaces' returned '0': CMAKE_PREFIX_PATH=${CMAKE_PREFIX_PATH}:/opt/ros/humble /usr/bin/cmake --build /home/tanakon/fra501_ws/src/build/turtlesim_plus_interfaces -- -j16 -l16
[3.338s] Invoking command in '/home/tanakon/fra501_ws/src/build/turtlesim_plus_interfaces': CMAKE_PREFIX_PATH=${CMAKE_PREFIX_PATH}:/opt/ros/humble /usr/bin/cmake --install /home/tanakon/fra501_ws/src/build/turtlesim_plus_interfaces
[3.343s] -- Install configuration: ""
[3.343s] -- Installing: /home/tanakon/fra501_ws/src/install/turtlesim_plus_interfaces/share/ament_index/resource_index/rosidl_interfaces/turtlesim_plus_interfaces
[3.343s] -- Installing: /home/tanakon/fra501_ws/src/install/turtlesim_plus_interfaces/include/turtlesim_plus_interfaces/turtlesim_plus_interfaces
[3.343s] -- Installing: /home/tanakon/fra501_ws/src/install/turtlesim_plus_interfaces/include/turtlesim_plus_interfaces/turtlesim_plus_interfaces/msg
[3.343s] -- Installing: /home/tanakon/fra501_ws/src/install/turtlesim_plus_interfaces/include/turtlesim_plus_interfaces/turtlesim_plus_interfaces/msg/scanner_data_array.h
[3.343s] -- Installing: /home/tanakon/fra501_ws/src/install/turtlesim_plus_interfaces/include/turtlesim_plus_interfaces/turtlesim_plus_interfaces/msg/detail
[3.343s] -- Installing: /home/tanakon/fra501_ws/src/install/turtlesim_plus_interfaces/include/turtlesim_plus_interfaces/turtlesim_plus_interfaces/msg/detail/scanner_data__struct.h
[3.344s] -- Installing: /home/tanakon/fra501_ws/src/install/turtlesim_plus_interfaces/include/turtlesim_plus_interfaces/turtlesim_plus_interfaces/msg/detail/scanner_data_array__type_support.h
[3.344s] -- Installing: /home/tanakon/fra501_ws/src/install/turtlesim_plus_interfaces/include/turtlesim_plus_interfaces/turtlesim_plus_interfaces/msg/detail/scanner_data__functions.h
[3.344s] -- Installing: /home/tanakon/fra501_ws/src/install/turtlesim_plus_interfaces/include/turtlesim_plus_interfaces/turtlesim_plus_interfaces/msg/detail/scanner_data_array__functions.h
[3.344s] -- Installing: /home/tanakon/fra501_ws/src/install/turtlesim_plus_interfaces/include/turtlesim_plus_interfaces/turtlesim_plus_interfaces/msg/detail/scanner_data_array__struct.h
[3.344s] -- Installing: /home/tanakon/fra501_ws/src/install/turtlesim_plus_interfaces/include/turtlesim_plus_interfaces/turtlesim_plus_interfaces/msg/detail/scanner_data__type_support.h
[3.344s] -- Installing: /home/tanakon/fra501_ws/src/install/turtlesim_plus_interfaces/include/turtlesim_plus_interfaces/turtlesim_plus_interfaces/msg/detail/scanner_data__functions.c
[3.344s] -- Installing: /home/tanakon/fra501_ws/src/install/turtlesim_plus_interfaces/include/turtlesim_plus_interfaces/turtlesim_plus_interfaces/msg/detail/scanner_data_array__functions.c
[3.344s] -- Installing: /home/tanakon/fra501_ws/src/install/turtlesim_plus_interfaces/include/turtlesim_plus_interfaces/turtlesim_plus_interfaces/msg/scanner_data.h
[3.344s] -- Installing: /home/tanakon/fra501_ws/src/install/turtlesim_plus_interfaces/include/turtlesim_plus_interfaces/turtlesim_plus_interfaces/msg/rosidl_generator_c__visibility_control.h
[3.344s] -- Installing: /home/tanakon/fra501_ws/src/install/turtlesim_plus_interfaces/include/turtlesim_plus_interfaces/turtlesim_plus_interfaces/action
[3.344s] -- Installing: /home/tanakon/fra501_ws/src/install/turtlesim_plus_interfaces/include/turtlesim_plus_interfaces/turtlesim_plus_interfaces/action/detail
[3.344s] -- Installing: /home/tanakon/fra501_ws/src/install/turtlesim_plus_interfaces/include/turtlesim_plus_interfaces/turtlesim_plus_interfaces/action/detail/get_data__struct.h
[3.344s] -- Installing: /home/tanakon/fra501_ws/src/install/turtlesim_plus_interfaces/include/turtlesim_plus_interfaces/turtlesim_plus_interfaces/action/detail/get_data__functions.h
[3.344s] -- Installing: /home/tanakon/fra501_ws/src/install/turtlesim_plus_interfaces/include/turtlesim_plus_interfaces/turtlesim_plus_interfaces/action/detail/get_data__type_support.h
[3.344s] -- Installing: /home/tanakon/fra501_ws/src/install/turtlesim_plus_interfaces/include/turtlesim_plus_interfaces/turtlesim_plus_interfaces/action/detail/get_data__functions.c
[3.344s] -- Installing: /home/tanakon/fra501_ws/src/install/turtlesim_plus_interfaces/include/turtlesim_plus_interfaces/turtlesim_plus_interfaces/action/get_data.h
[3.344s] -- Installing: /home/tanakon/fra501_ws/src/install/turtlesim_plus_interfaces/include/turtlesim_plus_interfaces/turtlesim_plus_interfaces/srv
[3.344s] -- Installing: /home/tanakon/fra501_ws/src/install/turtlesim_plus_interfaces/include/turtlesim_plus_interfaces/turtlesim_plus_interfaces/srv/give_position.h
[3.344s] -- Installing: /home/tanakon/fra501_ws/src/install/turtlesim_plus_interfaces/include/turtlesim_plus_interfaces/turtlesim_plus_interfaces/srv/detail
[3.344s] -- Installing: /home/tanakon/fra501_ws/src/install/turtlesim_plus_interfaces/include/turtlesim_plus_interfaces/turtlesim_plus_interfaces/srv/detail/give_position__functions.c
[3.344s] -- Installing: /home/tanakon/fra501_ws/src/install/turtlesim_plus_interfaces/include/turtlesim_plus_interfaces/turtlesim_plus_interfaces/srv/detail/give_position__type_support.h
[3.344s] -- Installing: /home/tanakon/fra501_ws/src/install/turtlesim_plus_interfaces/include/turtlesim_plus_interfaces/turtlesim_plus_interfaces/srv/detail/give_position__functions.h
[3.345s] -- Installing: /home/tanakon/fra501_ws/src/install/turtlesim_plus_interfaces/include/turtlesim_plus_interfaces/turtlesim_plus_interfaces/srv/detail/give_position__struct.h
[3.345s] -- Installing: /home/tanakon/fra501_ws/src/install/turtlesim_plus_interfaces/share/turtlesim_plus_interfaces/environment/library_path.sh
[3.345s] -- Installing: /home/tanakon/fra501_ws/src/install/turtlesim_plus_interfaces/share/turtlesim_plus_interfaces/environment/library_path.dsv
[3.345s] -- Installing: /home/tanakon/fra501_ws/src/install/turtlesim_plus_interfaces/lib/libturtlesim_plus_interfaces__rosidl_generator_c.so
[3.345s] -- Set runtime path of "/home/tanakon/fra501_ws/src/install/turtlesim_plus_interfaces/lib/libturtlesim_plus_interfaces__rosidl_generator_c.so" to ""
[3.345s] -- Up-to-date: /home/tanakon/fra501_ws/src/install/turtlesim_plus_interfaces/include/turtlesim_plus_interfaces/turtlesim_plus_interfaces
[3.345s] -- Up-to-date: /home/tanakon/fra501_ws/src/install/turtlesim_plus_interfaces/include/turtlesim_plus_interfaces/turtlesim_plus_interfaces/msg
[3.345s] -- Installing: /home/tanakon/fra501_ws/src/install/turtlesim_plus_interfaces/include/turtlesim_plus_interfaces/turtlesim_plus_interfaces/msg/rosidl_typesupport_fastrtps_c__visibility_control.h
[3.345s] -- Up-to-date: /home/tanakon/fra501_ws/src/install/turtlesim_plus_interfaces/include/turtlesim_plus_interfaces/turtlesim_plus_interfaces/msg/detail
[3.345s] -- Installing: /home/tanakon/fra501_ws/src/install/turtlesim_plus_interfaces/include/turtlesim_plus_interfaces/turtlesim_plus_interfaces/msg/detail/scanner_data__rosidl_typesupport_fastrtps_c.h
[3.345s] -- Installing: /home/tanakon/fra501_ws/src/install/turtlesim_plus_interfaces/include/turtlesim_plus_interfaces/turtlesim_plus_interfaces/msg/detail/scanner_data_array__rosidl_typesupport_fastrtps_c.h
[3.345s] -- Up-to-date: /home/tanakon/fra501_ws/src/install/turtlesim_plus_interfaces/include/turtlesim_plus_interfaces/turtlesim_plus_interfaces/action
[3.345s] -- Up-to-date: /home/tanakon/fra501_ws/src/install/turtlesim_plus_interfaces/include/turtlesim_plus_interfaces/turtlesim_plus_interfaces/action/detail
[3.345s] -- Installing: /home/tanakon/fra501_ws/src/install/turtlesim_plus_interfaces/include/turtlesim_plus_interfaces/turtlesim_plus_interfaces/action/detail/get_data__rosidl_typesupport_fastrtps_c.h
[3.345s] -- Up-to-date: /home/tanakon/fra501_ws/src/install/turtlesim_plus_interfaces/include/turtlesim_plus_interfaces/turtlesim_plus_interfaces/srv
[3.345s] -- Up-to-date: /home/tanakon/fra501_ws/src/install/turtlesim_plus_interfaces/include/turtlesim_plus_interfaces/turtlesim_plus_interfaces/srv/detail
[3.346s] -- Installing: /home/tanakon/fra501_ws/src/install/turtlesim_plus_interfaces/include/turtlesim_plus_interfaces/turtlesim_plus_interfaces/srv/detail/give_position__rosidl_typesupport_fastrtps_c.h
[3.346s] -- Installing: /home/tanakon/fra501_ws/src/install/turtlesim_plus_interfaces/lib/libturtlesim_plus_interfaces__rosidl_typesupport_fastrtps_c.so
[3.346s] -- Set runtime path of "/home/tanakon/fra501_ws/src/install/turtlesim_plus_interfaces/lib/libturtlesim_plus_interfaces__rosidl_typesupport_fastrtps_c.so" to ""
[3.346s] -- Up-to-date: /home/tanakon/fra501_ws/src/install/turtlesim_plus_interfaces/include/turtlesim_plus_interfaces/turtlesim_plus_interfaces
[3.346s] -- Up-to-date: /home/tanakon/fra501_ws/src/install/turtlesim_plus_interfaces/include/turtlesim_plus_interfaces/turtlesim_plus_interfaces/msg
[3.346s] -- Installing: /home/tanakon/fra501_ws/src/install/turtlesim_plus_interfaces/include/turtlesim_plus_interfaces/turtlesim_plus_interfaces/msg/rosidl_typesupport_introspection_c__visibility_control.h
[3.346s] -- Up-to-date: /home/tanakon/fra501_ws/src/install/turtlesim_plus_interfaces/include/turtlesim_plus_interfaces/turtlesim_plus_interfaces/msg/detail
[3.346s] -- Installing: /home/tanakon/fra501_ws/src/install/turtlesim_plus_interfaces/include/turtlesim_plus_interfaces/turtlesim_plus_interfaces/msg/detail/scanner_data__type_support.c
[3.346s] -- Installing: /home/tanakon/fra501_ws/src/install/turtlesim_plus_interfaces/include/turtlesim_plus_interfaces/turtlesim_plus_interfaces/msg/detail/scanner_data__rosidl_typesupport_introspection_c.h
[3.346s] -- Installing: /home/tanakon/fra501_ws/src/install/turtlesim_plus_interfaces/include/turtlesim_plus_interfaces/turtlesim_plus_interfaces/msg/detail/scanner_data_array__type_support.c
[3.346s] -- Installing: /home/tanakon/fra501_ws/src/install/turtlesim_plus_interfaces/include/turtlesim_plus_interfaces/turtlesim_plus_interfaces/msg/detail/scanner_data_array__rosidl_typesupport_introspection_c.h
[3.346s] -- Up-to-date: /home/tanakon/fra501_ws/src/install/turtlesim_plus_interfaces/include/turtlesim_plus_interfaces/turtlesim_plus_interfaces/action
[3.346s] -- Up-to-date: /home/tanakon/fra501_ws/src/install/turtlesim_plus_interfaces/include/turtlesim_plus_interfaces/turtlesim_plus_interfaces/action/detail
[3.346s] -- Installing: /home/tanakon/fra501_ws/src/install/turtlesim_plus_interfaces/include/turtlesim_plus_interfaces/turtlesim_plus_interfaces/action/detail/get_data__rosidl_typesupport_introspection_c.h
[3.346s] -- Installing: /home/tanakon/fra501_ws/src/install/turtlesim_plus_interfaces/include/turtlesim_plus_interfaces/turtlesim_plus_interfaces/action/detail/get_data__type_support.c
[3.346s] -- Up-to-date: /home/tanakon/fra501_ws/src/install/turtlesim_plus_interfaces/include/turtlesim_plus_interfaces/turtlesim_plus_interfaces/srv
[3.346s] -- Up-to-date: /home/tanakon/fra501_ws/src/install/turtlesim_plus_interfaces/include/turtlesim_plus_interfaces/turtlesim_plus_interfaces/srv/detail
[3.346s] -- Installing: /home/tanakon/fra501_ws/src/install/turtlesim_plus_interfaces/include/turtlesim_plus_interfaces/turtlesim_plus_interfaces/srv/detail/give_position__type_support.c
[3.346s] -- Installing: /home/tanakon/fra501_ws/src/install/turtlesim_plus_interfaces/include/turtlesim_plus_interfaces/turtlesim_plus_interfaces/srv/detail/give_position__rosidl_typesupport_introspection_c.h
[3.346s] -- Installing: /home/tanakon/fra501_ws/src/install/turtlesim_plus_interfaces/lib/libturtlesim_plus_interfaces__rosidl_typesupport_introspection_c.so
[3.346s] -- Set runtime path of "/home/tanakon/fra501_ws/src/install/turtlesim_plus_interfaces/lib/libturtlesim_plus_interfaces__rosidl_typesupport_introspection_c.so" to ""
[3.347s] -- Installing: /home/tanakon/fra501_ws/src/install/turtlesim_plus_interfaces/lib/libturtlesim_plus_interfaces__rosidl_typesupport_c.so
[3.347s] -- Set runtime path of "/home/tanakon/fra501_ws/src/install/turtlesim_plus_interfaces/lib/libturtlesim_plus_interfaces__rosidl_typesupport_c.so" to ""
[3.347s] -- Up-to-date: /home/tanakon/fra501_ws/src/install/turtlesim_plus_interfaces/include/turtlesim_plus_interfaces/turtlesim_plus_interfaces
[3.347s] -- Up-to-date: /home/tanakon/fra501_ws/src/install/turtlesim_plus_interfaces/include/turtlesim_plus_interfaces/turtlesim_plus_interfaces/msg
[3.347s] -- Installing: /home/tanakon/fra501_ws/src/install/turtlesim_plus_interfaces/include/turtlesim_plus_interfaces/turtlesim_plus_interfaces/msg/scanner_data.hpp
[3.347s] -- Up-to-date: /home/tanakon/fra501_ws/src/install/turtlesim_plus_interfaces/include/turtlesim_plus_interfaces/turtlesim_plus_interfaces/msg/detail
[3.347s] -- Installing: /home/tanakon/fra501_ws/src/install/turtlesim_plus_interfaces/include/turtlesim_plus_interfaces/turtlesim_plus_interfaces/msg/detail/scanner_data_array__builder.hpp
[3.347s] -- Installing: /home/tanakon/fra501_ws/src/install/turtlesim_plus_interfaces/include/turtlesim_plus_interfaces/turtlesim_plus_interfaces/msg/detail/scanner_data__struct.hpp
[3.347s] -- Installing: /home/tanakon/fra501_ws/src/install/turtlesim_plus_interfaces/include/turtlesim_plus_interfaces/turtlesim_plus_interfaces/msg/detail/scanner_data__builder.hpp
[3.347s] -- Installing: /home/tanakon/fra501_ws/src/install/turtlesim_plus_interfaces/include/turtlesim_plus_interfaces/turtlesim_plus_interfaces/msg/detail/scanner_data_array__traits.hpp
[3.347s] -- Installing: /home/tanakon/fra501_ws/src/install/turtlesim_plus_interfaces/include/turtlesim_plus_interfaces/turtlesim_plus_interfaces/msg/detail/scanner_data__traits.hpp
[3.347s] -- Installing: /home/tanakon/fra501_ws/src/install/turtlesim_plus_interfaces/include/turtlesim_plus_interfaces/turtlesim_plus_interfaces/msg/detail/scanner_data_array__struct.hpp
[3.347s] -- Installing: /home/tanakon/fra501_ws/src/install/turtlesim_plus_interfaces/include/turtlesim_plus_interfaces/turtlesim_plus_interfaces/msg/scanner_data_array.hpp
[3.347s] -- Up-to-date: /home/tanakon/fra501_ws/src/install/turtlesim_plus_interfaces/include/turtlesim_plus_interfaces/turtlesim_plus_interfaces/action
[3.347s] -- Installing: /home/tanakon/fra501_ws/src/install/turtlesim_plus_interfaces/include/turtlesim_plus_interfaces/turtlesim_plus_interfaces/action/get_data.hpp
[3.347s] -- Up-to-date: /home/tanakon/fra501_ws/src/install/turtlesim_plus_interfaces/include/turtlesim_plus_interfaces/turtlesim_plus_interfaces/action/detail
[3.347s] -- Installing: /home/tanakon/fra501_ws/src/install/turtlesim_plus_interfaces/include/turtlesim_plus_interfaces/turtlesim_plus_interfaces/action/detail/get_data__builder.hpp
[3.347s] -- Installing: /home/tanakon/fra501_ws/src/install/turtlesim_plus_interfaces/include/turtlesim_plus_interfaces/turtlesim_plus_interfaces/action/detail/get_data__traits.hpp
[3.347s] -- Installing: /home/tanakon/fra501_ws/src/install/turtlesim_plus_interfaces/include/turtlesim_plus_interfaces/turtlesim_plus_interfaces/action/detail/get_data__struct.hpp
[3.347s] -- Up-to-date: /home/tanakon/fra501_ws/src/install/turtlesim_plus_interfaces/include/turtlesim_plus_interfaces/turtlesim_plus_interfaces/srv
[3.347s] -- Installing: /home/tanakon/fra501_ws/src/install/turtlesim_plus_interfaces/include/turtlesim_plus_interfaces/turtlesim_plus_interfaces/srv/give_position.hpp
[3.348s] -- Up-to-date: /home/tanakon/fra501_ws/src/install/turtlesim_plus_interfaces/include/turtlesim_plus_interfaces/turtlesim_plus_interfaces/srv/detail
[3.348s] -- Installing: /home/tanakon/fra501_ws/src/install/turtlesim_plus_interfaces/include/turtlesim_plus_interfaces/turtlesim_plus_interfaces/srv/detail/give_position__builder.hpp
[3.348s] -- Installing: /home/tanakon/fra501_ws/src/install/turtlesim_plus_interfaces/include/turtlesim_plus_interfaces/turtlesim_plus_interfaces/srv/detail/give_position__traits.hpp
[3.348s] -- Installing: /home/tanakon/fra501_ws/src/install/turtlesim_plus_interfaces/include/turtlesim_plus_interfaces/turtlesim_plus_interfaces/srv/detail/give_position__struct.hpp
[3.348s] -- Up-to-date: /home/tanakon/fra501_ws/src/install/turtlesim_plus_interfaces/include/turtlesim_plus_interfaces/turtlesim_plus_interfaces
[3.348s] -- Up-to-date: /home/tanakon/fra501_ws/src/install/turtlesim_plus_interfaces/include/turtlesim_plus_interfaces/turtlesim_plus_interfaces/msg
[3.348s] -- Up-to-date: /home/tanakon/fra501_ws/src/install/turtlesim_plus_interfaces/include/turtlesim_plus_interfaces/turtlesim_plus_interfaces/msg/detail
[3.348s] -- Installing: /home/tanakon/fra501_ws/src/install/turtlesim_plus_interfaces/include/turtlesim_plus_interfaces/turtlesim_plus_interfaces/msg/detail/scanner_data_array__rosidl_typesupport_fastrtps_cpp.hpp
[3.348s] -- Installing: /home/tanakon/fra501_ws/src/install/turtlesim_plus_interfaces/include/turtlesim_plus_interfaces/turtlesim_plus_interfaces/msg/detail/scanner_data__rosidl_typesupport_fastrtps_cpp.hpp
[3.348s] -- Installing: /home/tanakon/fra501_ws/src/install/turtlesim_plus_interfaces/include/turtlesim_plus_interfaces/turtlesim_plus_interfaces/msg/detail/dds_fastrtps
[3.348s] -- Installing: /home/tanakon/fra501_ws/src/install/turtlesim_plus_interfaces/include/turtlesim_plus_interfaces/turtlesim_plus_interfaces/msg/rosidl_typesupport_fastrtps_cpp__visibility_control.h
[3.348s] -- Up-to-date: /home/tanakon/fra501_ws/src/install/turtlesim_plus_interfaces/include/turtlesim_plus_interfaces/turtlesim_plus_interfaces/action
[3.348s] -- Up-to-date: /home/tanakon/fra501_ws/src/install/turtlesim_plus_interfaces/include/turtlesim_plus_interfaces/turtlesim_plus_interfaces/action/detail
[3.348s] -- Installing: /home/tanakon/fra501_ws/src/install/turtlesim_plus_interfaces/include/turtlesim_plus_interfaces/turtlesim_plus_interfaces/action/detail/get_data__rosidl_typesupport_fastrtps_cpp.hpp
[3.348s] -- Installing: /home/tanakon/fra501_ws/src/install/turtlesim_plus_interfaces/include/turtlesim_plus_interfaces/turtlesim_plus_interfaces/action/detail/dds_fastrtps
[3.348s] -- Up-to-date: /home/tanakon/fra501_ws/src/install/turtlesim_plus_interfaces/include/turtlesim_plus_interfaces/turtlesim_plus_interfaces/srv
[3.348s] -- Up-to-date: /home/tanakon/fra501_ws/src/install/turtlesim_plus_interfaces/include/turtlesim_plus_interfaces/turtlesim_plus_interfaces/srv/detail
[3.348s] -- Installing: /home/tanakon/fra501_ws/src/install/turtlesim_plus_interfaces/include/turtlesim_plus_interfaces/turtlesim_plus_interfaces/srv/detail/dds_fastrtps
[3.348s] -- Installing: /home/tanakon/fra501_ws/src/install/turtlesim_plus_interfaces/include/turtlesim_plus_interfaces/turtlesim_plus_interfaces/srv/detail/give_position__rosidl_typesupport_fastrtps_cpp.hpp
[3.348s] -- Installing: /home/tanakon/fra501_ws/src/install/turtlesim_plus_interfaces/lib/libturtlesim_plus_interfaces__rosidl_typesupport_fastrtps_cpp.so
[3.348s] -- Set runtime path of "/home/tanakon/fra501_ws/src/install/turtlesim_plus_interfaces/lib/libturtlesim_plus_interfaces__rosidl_typesupport_fastrtps_cpp.so" to ""
[3.348s] -- Up-to-date: /home/tanakon/fra501_ws/src/install/turtlesim_plus_interfaces/include/turtlesim_plus_interfaces/turtlesim_plus_interfaces
[3.348s] -- Up-to-date: /home/tanakon/fra501_ws/src/install/turtlesim_plus_interfaces/include/turtlesim_plus_interfaces/turtlesim_plus_interfaces/msg
[3.349s] -- Up-to-date: /home/tanakon/fra501_ws/src/install/turtlesim_plus_interfaces/include/turtlesim_plus_interfaces/turtlesim_plus_interfaces/msg/detail
[3.349s] -- Installing: /home/tanakon/fra501_ws/src/install/turtlesim_plus_interfaces/include/turtlesim_plus_interfaces/turtlesim_plus_interfaces/msg/detail/scanner_data__rosidl_typesupport_introspection_cpp.hpp
[3.349s] -- Installing: /home/tanakon/fra501_ws/src/install/turtlesim_plus_interfaces/include/turtlesim_plus_interfaces/turtlesim_plus_interfaces/msg/detail/scanner_data__type_support.cpp
[3.349s] -- Installing: /home/tanakon/fra501_ws/src/install/turtlesim_plus_interfaces/include/turtlesim_plus_interfaces/turtlesim_plus_interfaces/msg/detail/scanner_data_array__type_support.cpp
[3.349s] -- Installing: /home/tanakon/fra501_ws/src/install/turtlesim_plus_interfaces/include/turtlesim_plus_interfaces/turtlesim_plus_interfaces/msg/detail/scanner_data_array__rosidl_typesupport_introspection_cpp.hpp
[3.349s] -- Up-to-date: /home/tanakon/fra501_ws/src/install/turtlesim_plus_interfaces/include/turtlesim_plus_interfaces/turtlesim_plus_interfaces/action
[3.349s] -- Up-to-date: /home/tanakon/fra501_ws/src/install/turtlesim_plus_interfaces/include/turtlesim_plus_interfaces/turtlesim_plus_interfaces/action/detail
[3.349s] -- Installing: /home/tanakon/fra501_ws/src/install/turtlesim_plus_interfaces/include/turtlesim_plus_interfaces/turtlesim_plus_interfaces/action/detail/get_data__rosidl_typesupport_introspection_cpp.hpp
[3.349s] -- Installing: /home/tanakon/fra501_ws/src/install/turtlesim_plus_interfaces/include/turtlesim_plus_interfaces/turtlesim_plus_interfaces/action/detail/get_data__type_support.cpp
[3.349s] -- Up-to-date: /home/tanakon/fra501_ws/src/install/turtlesim_plus_interfaces/include/turtlesim_plus_interfaces/turtlesim_plus_interfaces/srv
[3.349s] -- Up-to-date: /home/tanakon/fra501_ws/src/install/turtlesim_plus_interfaces/include/turtlesim_plus_interfaces/turtlesim_plus_interfaces/srv/detail
[3.349s] -- Installing: /home/tanakon/fra501_ws/src/install/turtlesim_plus_interfaces/include/turtlesim_plus_interfaces/turtlesim_plus_interfaces/srv/detail/give_position__rosidl_typesupport_introspection_cpp.hpp
[3.349s] -- Installing: /home/tanakon/fra501_ws/src/install/turtlesim_plus_interfaces/include/turtlesim_plus_interfaces/turtlesim_plus_interfaces/srv/detail/give_position__type_support.cpp
[3.349s] -- Installing: /home/tanakon/fra501_ws/src/install/turtlesim_plus_interfaces/lib/libturtlesim_plus_interfaces__rosidl_typesupport_introspection_cpp.so
[3.349s] -- Set runtime path of "/home/tanakon/fra501_ws/src/install/turtlesim_plus_interfaces/lib/libturtlesim_plus_interfaces__rosidl_typesupport_introspection_cpp.so" to ""
[3.349s] -- Installing: /home/tanakon/fra501_ws/src/install/turtlesim_plus_interfaces/lib/libturtlesim_plus_interfaces__rosidl_typesupport_cpp.so
[3.349s] -- Set runtime path of "/home/tanakon/fra501_ws/src/install/turtlesim_plus_interfaces/lib/libturtlesim_plus_interfaces__rosidl_typesupport_cpp.so" to ""
[3.350s] -- Installing: /home/tanakon/fra501_ws/src/install/turtlesim_plus_interfaces/share/turtlesim_plus_interfaces/environment/pythonpath.sh
[3.350s] -- Installing: /home/tanakon/fra501_ws/src/install/turtlesim_plus_interfaces/share/turtlesim_plus_interfaces/environment/pythonpath.dsv
[3.350s] -- Installing: /home/tanakon/fra501_ws/src/install/turtlesim_plus_interfaces/local/lib/python3.10/dist-packages/turtlesim_plus_interfaces-0.0.0-py3.10.egg-info
[3.350s] -- Installing: /home/tanakon/fra501_ws/src/install/turtlesim_plus_interfaces/local/lib/python3.10/dist-packages/turtlesim_plus_interfaces-0.0.0-py3.10.egg-info/dependency_links.txt
[3.350s] -- Installing: /home/tanakon/fra501_ws/src/install/turtlesim_plus_interfaces/local/lib/python3.10/dist-packages/turtlesim_plus_interfaces-0.0.0-py3.10.egg-info/top_level.txt
[3.350s] -- Installing: /home/tanakon/fra501_ws/src/install/turtlesim_plus_interfaces/local/lib/python3.10/dist-packages/turtlesim_plus_interfaces-0.0.0-py3.10.egg-info/SOURCES.txt
[3.350s] -- Installing: /home/tanakon/fra501_ws/src/install/turtlesim_plus_interfaces/local/lib/python3.10/dist-packages/turtlesim_plus_interfaces-0.0.0-py3.10.egg-info/PKG-INFO
[3.350s] -- Installing: /home/tanakon/fra501_ws/src/install/turtlesim_plus_interfaces/local/lib/python3.10/dist-packages/turtlesim_plus_interfaces
[3.350s] -- Installing: /home/tanakon/fra501_ws/src/install/turtlesim_plus_interfaces/local/lib/python3.10/dist-packages/turtlesim_plus_interfaces/_turtlesim_plus_interfaces_s.ep.rosidl_typesupport_introspection_c.c
[3.350s] -- Installing: /home/tanakon/fra501_ws/src/install/turtlesim_plus_interfaces/local/lib/python3.10/dist-packages/turtlesim_plus_interfaces/msg
[3.350s] -- Installing: /home/tanakon/fra501_ws/src/install/turtlesim_plus_interfaces/local/lib/python3.10/dist-packages/turtlesim_plus_interfaces/msg/_scanner_data_array_s.c
[3.350s] -- Installing: /home/tanakon/fra501_ws/src/install/turtlesim_plus_interfaces/local/lib/python3.10/dist-packages/turtlesim_plus_interfaces/msg/_scanner_data.py
[3.350s] -- Installing: /home/tanakon/fra501_ws/src/install/turtlesim_plus_interfaces/local/lib/python3.10/dist-packages/turtlesim_plus_interfaces/msg/__init__.py
[3.350s] -- Installing: /home/tanakon/fra501_ws/src/install/turtlesim_plus_interfaces/local/lib/python3.10/dist-packages/turtlesim_plus_interfaces/msg/_scanner_data_array.py
[3.350s] -- Installing: /home/tanakon/fra501_ws/src/install/turtlesim_plus_interfaces/local/lib/python3.10/dist-packages/turtlesim_plus_interfaces/msg/_scanner_data_s.c
[3.350s] -- Installing: /home/tanakon/fra501_ws/src/install/turtlesim_plus_interfaces/local/lib/python3.10/dist-packages/turtlesim_plus_interfaces/turtlesim_plus_interfaces_s__rosidl_typesupport_fastrtps_c.cpython-310-x86_64-linux-gnu.so
[3.350s] -- Installing: /home/tanakon/fra501_ws/src/install/turtlesim_plus_interfaces/local/lib/python3.10/dist-packages/turtlesim_plus_interfaces/_turtlesim_plus_interfaces_s.ep.rosidl_typesupport_c.c
[3.350s] -- Installing: /home/tanakon/fra501_ws/src/install/turtlesim_plus_interfaces/local/lib/python3.10/dist-packages/turtlesim_plus_interfaces/action
[3.351s] -- Installing: /home/tanakon/fra501_ws/src/install/turtlesim_plus_interfaces/local/lib/python3.10/dist-packages/turtlesim_plus_interfaces/action/_get_data_s.c
[3.351s] -- Installing: /home/tanakon/fra501_ws/src/install/turtlesim_plus_interfaces/local/lib/python3.10/dist-packages/turtlesim_plus_interfaces/action/_get_data.py
[3.351s] -- Installing: /home/tanakon/fra501_ws/src/install/turtlesim_plus_interfaces/local/lib/python3.10/dist-packages/turtlesim_plus_interfaces/action/__init__.py
[3.351s] -- Installing: /home/tanakon/fra501_ws/src/install/turtlesim_plus_interfaces/local/lib/python3.10/dist-packages/turtlesim_plus_interfaces/_turtlesim_plus_interfaces_s.ep.rosidl_typesupport_fastrtps_c.c
[3.351s] -- Installing: /home/tanakon/fra501_ws/src/install/turtlesim_plus_interfaces/local/lib/python3.10/dist-packages/turtlesim_plus_interfaces/libturtlesim_plus_interfaces__rosidl_generator_py.so
[3.351s] -- Installing: /home/tanakon/fra501_ws/src/install/turtlesim_plus_interfaces/local/lib/python3.10/dist-packages/turtlesim_plus_interfaces/__init__.py
[3.351s] -- Installing: /home/tanakon/fra501_ws/src/install/turtlesim_plus_interfaces/local/lib/python3.10/dist-packages/turtlesim_plus_interfaces/turtlesim_plus_interfaces_s__rosidl_typesupport_introspection_c.cpython-310-x86_64-linux-gnu.so
[3.351s] -- Installing: /home/tanakon/fra501_ws/src/install/turtlesim_plus_interfaces/local/lib/python3.10/dist-packages/turtlesim_plus_interfaces/srv
[3.351s] -- Installing: /home/tanakon/fra501_ws/src/install/turtlesim_plus_interfaces/local/lib/python3.10/dist-packages/turtlesim_plus_interfaces/srv/_give_position_s.c
[3.351s] -- Installing: /home/tanakon/fra501_ws/src/install/turtlesim_plus_interfaces/local/lib/python3.10/dist-packages/turtlesim_plus_interfaces/srv/_give_position.py
[3.351s] -- Installing: /home/tanakon/fra501_ws/src/install/turtlesim_plus_interfaces/local/lib/python3.10/dist-packages/turtlesim_plus_interfaces/srv/__init__.py
[3.351s] -- Installing: /home/tanakon/fra501_ws/src/install/turtlesim_plus_interfaces/local/lib/python3.10/dist-packages/turtlesim_plus_interfaces/turtlesim_plus_interfaces_s__rosidl_typesupport_c.cpython-310-x86_64-linux-gnu.so
[3.377s] Listing '/home/tanakon/fra501_ws/src/install/turtlesim_plus_interfaces/local/lib/python3.10/dist-packages/turtlesim_plus_interfaces'...
[3.377s] Compiling '/home/tanakon/fra501_ws/src/install/turtlesim_plus_interfaces/local/lib/python3.10/dist-packages/turtlesim_plus_interfaces/__init__.py'...
[3.377s] Listing '/home/tanakon/fra501_ws/src/install/turtlesim_plus_interfaces/local/lib/python3.10/dist-packages/turtlesim_plus_interfaces/action'...
[3.377s] Compiling '/home/tanakon/fra501_ws/src/install/turtlesim_plus_interfaces/local/lib/python3.10/dist-packages/turtlesim_plus_interfaces/action/__init__.py'...
[3.377s] Compiling '/home/tanakon/fra501_ws/src/install/turtlesim_plus_interfaces/local/lib/python3.10/dist-packages/turtlesim_plus_interfaces/action/_get_data.py'...
[3.377s] Listing '/home/tanakon/fra501_ws/src/install/turtlesim_plus_interfaces/local/lib/python3.10/dist-packages/turtlesim_plus_interfaces/msg'...
[3.377s] Compiling '/home/tanakon/fra501_ws/src/install/turtlesim_plus_interfaces/local/lib/python3.10/dist-packages/turtlesim_plus_interfaces/msg/__init__.py'...
[3.377s] Compiling '/home/tanakon/fra501_ws/src/install/turtlesim_plus_interfaces/local/lib/python3.10/dist-packages/turtlesim_plus_interfaces/msg/_scanner_data.py'...
[3.377s] Compiling '/home/tanakon/fra501_ws/src/install/turtlesim_plus_interfaces/local/lib/python3.10/dist-packages/turtlesim_plus_interfaces/msg/_scanner_data_array.py'...
[3.377s] Listing '/home/tanakon/fra501_ws/src/install/turtlesim_plus_interfaces/local/lib/python3.10/dist-packages/turtlesim_plus_interfaces/srv'...
[3.377s] Compiling '/home/tanakon/fra501_ws/src/install/turtlesim_plus_interfaces/local/lib/python3.10/dist-packages/turtlesim_plus_interfaces/srv/__init__.py'...
[3.377s] Compiling '/home/tanakon/fra501_ws/src/install/turtlesim_plus_interfaces/local/lib/python3.10/dist-packages/turtlesim_plus_interfaces/srv/_give_position.py'...
[3.379s] -- Installing: /home/tanakon/fra501_ws/src/install/turtlesim_plus_interfaces/local/lib/python3.10/dist-packages/turtlesim_plus_interfaces/turtlesim_plus_interfaces_s__rosidl_typesupport_fastrtps_c.cpython-310-x86_64-linux-gnu.so
[3.380s] -- Set runtime path of "/home/tanakon/fra501_ws/src/install/turtlesim_plus_interfaces/local/lib/python3.10/dist-packages/turtlesim_plus_interfaces/turtlesim_plus_interfaces_s__rosidl_typesupport_fastrtps_c.cpython-310-x86_64-linux-gnu.so" to ""
[3.380s] -- Installing: /home/tanakon/fra501_ws/src/install/turtlesim_plus_interfaces/local/lib/python3.10/dist-packages/turtlesim_plus_interfaces/turtlesim_plus_interfaces_s__rosidl_typesupport_introspection_c.cpython-310-x86_64-linux-gnu.so
[3.380s] -- Set runtime path of "/home/tanakon/fra501_ws/src/install/turtlesim_plus_interfaces/local/lib/python3.10/dist-packages/turtlesim_plus_interfaces/turtlesim_plus_interfaces_s__rosidl_typesupport_introspection_c.cpython-310-x86_64-linux-gnu.so" to ""
[3.380s] -- Installing: /home/tanakon/fra501_ws/src/install/turtlesim_plus_interfaces/local/lib/python3.10/dist-packages/turtlesim_plus_interfaces/turtlesim_plus_interfaces_s__rosidl_typesupport_c.cpython-310-x86_64-linux-gnu.so
[3.380s] -- Set runtime path of "/home/tanakon/fra501_ws/src/install/turtlesim_plus_interfaces/local/lib/python3.10/dist-packages/turtlesim_plus_interfaces/turtlesim_plus_interfaces_s__rosidl_typesupport_c.cpython-310-x86_64-linux-gnu.so" to ""
[3.380s] -- Installing: /home/tanakon/fra501_ws/src/install/turtlesim_plus_interfaces/lib/libturtlesim_plus_interfaces__rosidl_generator_py.so
[3.381s] -- Set runtime path of "/home/tanakon/fra501_ws/src/install/turtlesim_plus_interfaces/lib/libturtlesim_plus_interfaces__rosidl_generator_py.so" to ""
[3.381s] -- Installing: /home/tanakon/fra501_ws/src/install/turtlesim_plus_interfaces/share/turtlesim_plus_interfaces/msg/ScannerData.idl
[3.381s] -- Installing: /home/tanakon/fra501_ws/src/install/turtlesim_plus_interfaces/share/turtlesim_plus_interfaces/msg/ScannerDataArray.idl
[3.381s] -- Installing: /home/tanakon/fra501_ws/src/install/turtlesim_plus_interfaces/share/turtlesim_plus_interfaces/srv/GivePosition.idl
[3.381s] -- Installing: /home/tanakon/fra501_ws/src/install/turtlesim_plus_interfaces/share/turtlesim_plus_interfaces/action/GetData.idl
[3.381s] -- Installing: /home/tanakon/fra501_ws/src/install/turtlesim_plus_interfaces/share/turtlesim_plus_interfaces/msg/ScannerData.msg
[3.381s] -- Installing: /home/tanakon/fra501_ws/src/install/turtlesim_plus_interfaces/share/turtlesim_plus_interfaces/msg/ScannerDataArray.msg
[3.381s] -- Installing: /home/tanakon/fra501_ws/src/install/turtlesim_plus_interfaces/share/turtlesim_plus_interfaces/srv/GivePosition.srv
[3.381s] -- Installing: /home/tanakon/fra501_ws/src/install/turtlesim_plus_interfaces/share/turtlesim_plus_interfaces/srv/GivePosition_Request.msg
[3.381s] -- Installing: /home/tanakon/fra501_ws/src/install/turtlesim_plus_interfaces/share/turtlesim_plus_interfaces/srv/GivePosition_Response.msg
[3.381s] -- Installing: /home/tanakon/fra501_ws/src/install/turtlesim_plus_interfaces/share/turtlesim_plus_interfaces/action/GetData.action
[3.381s] -- Installing: /home/tanakon/fra501_ws/src/install/turtlesim_plus_interfaces/share/ament_index/resource_index/package_run_dependencies/turtlesim_plus_interfaces
[3.381s] -- Installing: /home/tanakon/fra501_ws/src/install/turtlesim_plus_interfaces/share/ament_index/resource_index/parent_prefix_path/turtlesim_plus_interfaces
[3.382s] -- Installing: /home/tanakon/fra501_ws/src/install/turtlesim_plus_interfaces/share/turtlesim_plus_interfaces/environment/ament_prefix_path.sh
[3.382s] -- Installing: /home/tanakon/fra501_ws/src/install/turtlesim_plus_interfaces/share/turtlesim_plus_interfaces/environment/ament_prefix_path.dsv
[3.382s] -- Installing: /home/tanakon/fra501_ws/src/install/turtlesim_plus_interfaces/share/turtlesim_plus_interfaces/environment/path.sh
[3.382s] -- Installing: /home/tanakon/fra501_ws/src/install/turtlesim_plus_interfaces/share/turtlesim_plus_interfaces/environment/path.dsv
[3.382s] -- Installing: /home/tanakon/fra501_ws/src/install/turtlesim_plus_interfaces/share/turtlesim_plus_interfaces/local_setup.bash
[3.382s] -- Installing: /home/tanakon/fra501_ws/src/install/turtlesim_plus_interfaces/share/turtlesim_plus_interfaces/local_setup.sh
[3.382s] -- Installing: /home/tanakon/fra501_ws/src/install/turtlesim_plus_interfaces/share/turtlesim_plus_interfaces/local_setup.zsh
[3.382s] -- Installing: /home/tanakon/fra501_ws/src/install/turtlesim_plus_interfaces/share/turtlesim_plus_interfaces/local_setup.dsv
[3.382s] -- Installing: /home/tanakon/fra501_ws/src/install/turtlesim_plus_interfaces/share/turtlesim_plus_interfaces/package.dsv
[3.382s] -- Installing: /home/tanakon/fra501_ws/src/install/turtlesim_plus_interfaces/share/ament_index/resource_index/packages/turtlesim_plus_interfaces
[3.382s] -- Installing: /home/tanakon/fra501_ws/src/install/turtlesim_plus_interfaces/share/turtlesim_plus_interfaces/cmake/export_turtlesim_plus_interfaces__rosidl_generator_cExport.cmake
[3.382s] -- Installing: /home/tanakon/fra501_ws/src/install/turtlesim_plus_interfaces/share/turtlesim_plus_interfaces/cmake/export_turtlesim_plus_interfaces__rosidl_generator_cExport-noconfig.cmake
[3.382s] -- Installing: /home/tanakon/fra501_ws/src/install/turtlesim_plus_interfaces/share/turtlesim_plus_interfaces/cmake/export_turtlesim_plus_interfaces__rosidl_typesupport_fastrtps_cExport.cmake
[3.382s] -- Installing: /home/tanakon/fra501_ws/src/install/turtlesim_plus_interfaces/share/turtlesim_plus_interfaces/cmake/export_turtlesim_plus_interfaces__rosidl_typesupport_fastrtps_cExport-noconfig.cmake
[3.383s] -- Installing: /home/tanakon/fra501_ws/src/install/turtlesim_plus_interfaces/share/turtlesim_plus_interfaces/cmake/turtlesim_plus_interfaces__rosidl_typesupport_introspection_cExport.cmake
[3.383s] -- Installing: /home/tanakon/fra501_ws/src/install/turtlesim_plus_interfaces/share/turtlesim_plus_interfaces/cmake/turtlesim_plus_interfaces__rosidl_typesupport_introspection_cExport-noconfig.cmake
[3.383s] -- Installing: /home/tanakon/fra501_ws/src/install/turtlesim_plus_interfaces/share/turtlesim_plus_interfaces/cmake/turtlesim_plus_interfaces__rosidl_typesupport_cExport.cmake
[3.383s] -- Installing: /home/tanakon/fra501_ws/src/install/turtlesim_plus_interfaces/share/turtlesim_plus_interfaces/cmake/turtlesim_plus_interfaces__rosidl_typesupport_cExport-noconfig.cmake
[3.383s] -- Installing: /home/tanakon/fra501_ws/src/install/turtlesim_plus_interfaces/share/turtlesim_plus_interfaces/cmake/export_turtlesim_plus_interfaces__rosidl_generator_cppExport.cmake
[3.383s] -- Installing: /home/tanakon/fra501_ws/src/install/turtlesim_plus_interfaces/share/turtlesim_plus_interfaces/cmake/export_turtlesim_plus_interfaces__rosidl_typesupport_fastrtps_cppExport.cmake
[3.383s] -- Installing: /home/tanakon/fra501_ws/src/install/turtlesim_plus_interfaces/share/turtlesim_plus_interfaces/cmake/export_turtlesim_plus_interfaces__rosidl_typesupport_fastrtps_cppExport-noconfig.cmake
[3.383s] -- Installing: /home/tanakon/fra501_ws/src/install/turtlesim_plus_interfaces/share/turtlesim_plus_interfaces/cmake/turtlesim_plus_interfaces__rosidl_typesupport_introspection_cppExport.cmake
[3.383s] -- Installing: /home/tanakon/fra501_ws/src/install/turtlesim_plus_interfaces/share/turtlesim_plus_interfaces/cmake/turtlesim_plus_interfaces__rosidl_typesupport_introspection_cppExport-noconfig.cmake
[3.383s] -- Installing: /home/tanakon/fra501_ws/src/install/turtlesim_plus_interfaces/share/turtlesim_plus_interfaces/cmake/turtlesim_plus_interfaces__rosidl_typesupport_cppExport.cmake
[3.383s] -- Installing: /home/tanakon/fra501_ws/src/install/turtlesim_plus_interfaces/share/turtlesim_plus_interfaces/cmake/turtlesim_plus_interfaces__rosidl_typesupport_cppExport-noconfig.cmake
[3.383s] -- Installing: /home/tanakon/fra501_ws/src/install/turtlesim_plus_interfaces/share/turtlesim_plus_interfaces/cmake/export_turtlesim_plus_interfaces__rosidl_generator_pyExport.cmake
[3.383s] -- Installing: /home/tanakon/fra501_ws/src/install/turtlesim_plus_interfaces/share/turtlesim_plus_interfaces/cmake/export_turtlesim_plus_interfaces__rosidl_generator_pyExport-noconfig.cmake
[3.383s] -- Installing: /home/tanakon/fra501_ws/src/install/turtlesim_plus_interfaces/share/turtlesim_plus_interfaces/cmake/rosidl_cmake-extras.cmake
[3.384s] -- Installing: /home/tanakon/fra501_ws/src/install/turtlesim_plus_interfaces/share/turtlesim_plus_interfaces/cmake/ament_cmake_export_dependencies-extras.cmake
[3.384s] -- Installing: /home/tanakon/fra501_ws/src/install/turtlesim_plus_interfaces/share/turtlesim_plus_interfaces/cmake/ament_cmake_export_include_directories-extras.cmake
[3.384s] -- Installing: /home/tanakon/fra501_ws/src/install/turtlesim_plus_interfaces/share/turtlesim_plus_interfaces/cmake/ament_cmake_export_libraries-extras.cmake
[3.384s] -- Installing: /home/tanakon/fra501_ws/src/install/turtlesim_plus_interfaces/share/turtlesim_plus_interfaces/cmake/ament_cmake_export_targets-extras.cmake
[3.384s] -- Installing: /home/tanakon/fra501_ws/src/install/turtlesim_plus_interfaces/share/turtlesim_plus_interfaces/cmake/rosidl_cmake_export_typesupport_targets-extras.cmake
[3.384s] -- Installing: /home/tanakon/fra501_ws/src/install/turtlesim_plus_interfaces/share/turtlesim_plus_interfaces/cmake/rosidl_cmake_export_typesupport_libraries-extras.cmake
[3.384s] -- Installing: /home/tanakon/fra501_ws/src/install/turtlesim_plus_interfaces/share/turtlesim_plus_interfaces/cmake/turtlesim_plus_interfacesConfig.cmake
[3.384s] -- Installing: /home/tanakon/fra501_ws/src/install/turtlesim_plus_interfaces/share/turtlesim_plus_interfaces/cmake/turtlesim_plus_interfacesConfig-version.cmake
[3.384s] -- Installing: /home/tanakon/fra501_ws/src/install/turtlesim_plus_interfaces/share/turtlesim_plus_interfaces/package.xml
[3.386s] Invoked command in '/home/tanakon/fra501_ws/src/build/turtlesim_plus_interfaces' returned '0': CMAKE_PREFIX_PATH=${CMAKE_PREFIX_PATH}:/opt/ros/humble /usr/bin/cmake --install /home/tanakon/fra501_ws/src/build/turtlesim_plus_interfaces
