[0.021s] Invoking command in '/home/tanakon/fra501_ws/build/turtlesim_control': CMAKE_PREFIX_PATH=${CMAKE_PREFIX_PATH}:/opt/ros/humble /usr/bin/cmake --build /home/tanakon/fra501_ws/build/turtlesim_control -- -j16 -l16
[0.058s] Built target ament_cmake_python_copy_turtlesim_control
[0.285s] running egg_info
[0.286s] writing turtlesim_control.egg-info/PKG-INFO
[0.286s] writing dependency_links to turtlesim_control.egg-info/dependency_links.txt
[0.286s] writing top-level names to turtlesim_control.egg-info/top_level.txt
[0.288s] reading manifest file 'turtlesim_control.egg-info/SOURCES.txt'
[0.288s] writing manifest file 'turtlesim_control.egg-info/SOURCES.txt'
[0.320s] Built target ament_cmake_python_build_turtlesim_control_egg
[0.347s] Invoked command in '/home/tanakon/fra501_ws/build/turtlesim_control' returned '0': CMAKE_PREFIX_PATH=${CMAKE_PREFIX_PATH}:/opt/ros/humble /usr/bin/cmake --build /home/tanakon/fra501_ws/build/turtlesim_control -- -j16 -l16
[0.360s] Invoking command in '/home/tanakon/fra501_ws/build/turtlesim_control': CMAKE_PREFIX_PATH=${CMAKE_PREFIX_PATH}:/opt/ros/humble /usr/bin/cmake --install /home/tanakon/fra501_ws/build/turtlesim_control
[0.367s] -- Install configuration: ""
[0.367s] -- Up-to-date: /home/tanakon/fra501_ws/install/turtlesim_control/share/turtlesim_control/environment/pythonpath.sh
[0.367s] -- Up-to-date: /home/tanakon/fra501_ws/install/turtlesim_control/share/turtlesim_control/environment/pythonpath.dsv
[0.367s] -- Up-to-date: /home/tanakon/fra501_ws/install/turtlesim_control/local/lib/python3.10/dist-packages/turtlesim_control-0.0.0-py3.10.egg-info
[0.367s] -- Installing: /home/tanakon/fra501_ws/install/turtlesim_control/local/lib/python3.10/dist-packages/turtlesim_control-0.0.0-py3.10.egg-info/dependency_links.txt
[0.367s] -- Installing: /home/tanakon/fra501_ws/install/turtlesim_control/local/lib/python3.10/dist-packages/turtlesim_control-0.0.0-py3.10.egg-info/top_level.txt
[0.368s] -- Installing: /home/tanakon/fra501_ws/install/turtlesim_control/local/lib/python3.10/dist-packages/turtlesim_control-0.0.0-py3.10.egg-info/SOURCES.txt
[0.368s] -- Installing: /home/tanakon/fra501_ws/install/turtlesim_control/local/lib/python3.10/dist-packages/turtlesim_control-0.0.0-py3.10.egg-info/PKG-INFO
[0.368s] -- Up-to-date: /home/tanakon/fra501_ws/install/turtlesim_control/local/lib/python3.10/dist-packages/turtlesim_control
[0.368s] -- Up-to-date: /home/tanakon/fra501_ws/install/turtlesim_control/local/lib/python3.10/dist-packages/turtlesim_control/ros2_interface.py
[0.368s] -- Up-to-date: /home/tanakon/fra501_ws/install/turtlesim_control/local/lib/python3.10/dist-packages/turtlesim_control/algorithm.py
[0.368s] -- Up-to-date: /home/tanakon/fra501_ws/install/turtlesim_control/local/lib/python3.10/dist-packages/turtlesim_control/__init__.py
[0.397s] Listing '/home/tanakon/fra501_ws/install/turtlesim_control/local/lib/python3.10/dist-packages/turtlesim_control'...
[0.397s] -- Up-to-date: /home/tanakon/fra501_ws/install/turtlesim_control/lib/turtlesim_control/controller.py
[0.397s] -- Up-to-date: /home/tanakon/fra501_ws/install/turtlesim_control/lib/turtlesim_control/scheduler.py
[0.397s] -- Up-to-date: /home/tanakon/fra501_ws/install/turtlesim_control/share/turtlesim_control/via_point
[0.397s] -- Up-to-date: /home/tanakon/fra501_ws/install/turtlesim_control/share/turtlesim_control/via_point/via_point_01.yaml
[0.397s] -- Up-to-date: /home/tanakon/fra501_ws/install/turtlesim_control/share/turtlesim_control/launch
[0.397s] -- Installing: /home/tanakon/fra501_ws/install/turtlesim_control/share/turtlesim_control/launch/controller_scheduler.launch.py
[0.397s] -- Up-to-date: /home/tanakon/fra501_ws/install/turtlesim_control/share/turtlesim_control/config
[0.397s] -- Up-to-date: /home/tanakon/fra501_ws/install/turtlesim_control/share/turtlesim_control/config/controller_config.yaml
[0.397s] -- Up-to-date: /home/tanakon/fra501_ws/install/turtlesim_control/share/ament_index/resource_index/package_run_dependencies/turtlesim_control
[0.397s] -- Up-to-date: /home/tanakon/fra501_ws/install/turtlesim_control/share/ament_index/resource_index/parent_prefix_path/turtlesim_control
[0.397s] -- Up-to-date: /home/tanakon/fra501_ws/install/turtlesim_control/share/turtlesim_control/environment/ament_prefix_path.sh
[0.397s] -- Up-to-date: /home/tanakon/fra501_ws/install/turtlesim_control/share/turtlesim_control/environment/ament_prefix_path.dsv
[0.397s] -- Up-to-date: /home/tanakon/fra501_ws/install/turtlesim_control/share/turtlesim_control/environment/path.sh
[0.397s] -- Up-to-date: /home/tanakon/fra501_ws/install/turtlesim_control/share/turtlesim_control/environment/path.dsv
[0.398s] -- Up-to-date: /home/tanakon/fra501_ws/install/turtlesim_control/share/turtlesim_control/local_setup.bash
[0.398s] -- Up-to-date: /home/tanakon/fra501_ws/install/turtlesim_control/share/turtlesim_control/local_setup.sh
[0.398s] -- Up-to-date: /home/tanakon/fra501_ws/install/turtlesim_control/share/turtlesim_control/local_setup.zsh
[0.398s] -- Up-to-date: /home/tanakon/fra501_ws/install/turtlesim_control/share/turtlesim_control/local_setup.dsv
[0.398s] -- Installing: /home/tanakon/fra501_ws/install/turtlesim_control/share/turtlesim_control/package.dsv
[0.398s] -- Up-to-date: /home/tanakon/fra501_ws/install/turtlesim_control/share/ament_index/resource_index/packages/turtlesim_control
[0.398s] -- Up-to-date: /home/tanakon/fra501_ws/install/turtlesim_control/share/turtlesim_control/cmake/turtlesim_controlConfig.cmake
[0.398s] -- Up-to-date: /home/tanakon/fra501_ws/install/turtlesim_control/share/turtlesim_control/cmake/turtlesim_controlConfig-version.cmake
[0.399s] -- Up-to-date: /home/tanakon/fra501_ws/install/turtlesim_control/share/turtlesim_control/package.xml
[0.405s] Invoked command in '/home/tanakon/fra501_ws/build/turtlesim_control' returned '0': CMAKE_PREFIX_PATH=${CMAKE_PREFIX_PATH}:/opt/ros/humble /usr/bin/cmake --install /home/tanakon/fra501_ws/build/turtlesim_control
