[0.014s] Invoking command in '/home/tanakon/fra501_ws/build/turtlesim_plus': CMAKE_PREFIX_PATH=${CMAKE_PREFIX_PATH}:/opt/ros/humble /usr/bin/cmake /home/tanakon/fra501_ws/src/turtlesim_plus/turtlesim_plus -DCMAKE_INSTALL_PREFIX=/home/tanakon/fra501_ws/install/turtlesim_plus
[0.045s] -- The C compiler identification is GNU 11.4.0
[0.079s] -- The CXX compiler identification is GNU 11.4.0
[0.083s] -- Detecting C compiler ABI info
[0.128s] -- Detecting C compiler ABI info - done
[0.133s] -- Check for working C compiler: /usr/bin/cc - skipped
[0.133s] -- Detecting C compile features
[0.133s] -- Detecting C compile features - done
[0.135s] -- Detecting CXX compiler ABI info
[0.186s] -- Detecting CXX compiler ABI info - done
[0.190s] -- Check for working CXX compiler: /usr/bin/c++ - skipped
[0.191s] -- Detecting CXX compile features
[0.191s] -- Detecting CXX compile features - done
[0.192s] -- Found ament_cmake: 1.3.5 (/opt/ros/humble/share/ament_cmake/cmake)
[0.305s] -- Found Python3: /usr/bin/python3.10 (found version "3.10.12") found components: Interpreter 
[0.363s] -- Found rclcpp: 16.0.5 (/opt/ros/humble/share/rclcpp/cmake)
[0.388s] -- Found rosidl_generator_c: 3.1.5 (/opt/ros/humble/share/rosidl_generator_c/cmake)
[0.391s] -- Found rosidl_adapter: 3.1.5 (/opt/ros/humble/share/rosidl_adapter/cmake)
[0.397s] -- Found rosidl_generator_cpp: 3.1.5 (/opt/ros/humble/share/rosidl_generator_cpp/cmake)
[0.408s] -- Using all available rosidl_typesupport_c: rosidl_typesupport_fastrtps_c;rosidl_typesupport_introspection_c
[0.421s] -- Using all available rosidl_typesupport_cpp: rosidl_typesupport_fastrtps_cpp;rosidl_typesupport_introspection_cpp
[0.464s] -- Found rmw_implementation_cmake: 6.1.1 (/opt/ros/humble/share/rmw_implementation_cmake/cmake)
[0.465s] -- Found rmw_fastrtps_cpp: 6.2.3 (/opt/ros/humble/share/rmw_fastrtps_cpp/cmake)
[0.523s] -- Found OpenSSL: /usr/lib/x86_64-linux-gnu/libcrypto.so (found version "3.0.2")  
[0.548s] -- Found FastRTPS: /opt/ros/humble/include  
[0.592s] -- Using RMW implementation 'rmw_fastrtps_cpp' as default
[0.600s] -- Looking for pthread.h
[0.646s] -- Looking for pthread.h - found
[0.646s] -- Performing Test CMAKE_HAVE_LIBC_PTHREAD
[0.691s] -- Performing Test CMAKE_HAVE_LIBC_PTHREAD - Success
[0.691s] -- Found Threads: TRUE  
[0.800s] -- Found rclpy: 3.3.9 (/opt/ros/humble/share/rclpy/cmake)
[0.902s] -- Configuring done
[0.908s] -- Generating done
[0.910s] -- Build files have been written to: /home/tanakon/fra501_ws/build/turtlesim_plus
[0.920s] Invoked command in '/home/tanakon/fra501_ws/build/turtlesim_plus' returned '0': CMAKE_PREFIX_PATH=${CMAKE_PREFIX_PATH}:/opt/ros/humble /usr/bin/cmake /home/tanakon/fra501_ws/src/turtlesim_plus/turtlesim_plus -DCMAKE_INSTALL_PREFIX=/home/tanakon/fra501_ws/install/turtlesim_plus
[0.922s] Invoking command in '/home/tanakon/fra501_ws/build/turtlesim_plus': CMAKE_PREFIX_PATH=${CMAKE_PREFIX_PATH}:/opt/ros/humble /usr/bin/cmake --build /home/tanakon/fra501_ws/build/turtlesim_plus -- -j16 -l16
[0.958s] Built target ament_cmake_python_copy_turtlesim_plus
[1.113s] running egg_info
[1.113s] creating turtlesim_plus.egg-info
[1.113s] writing turtlesim_plus.egg-info/PKG-INFO
[1.113s] writing dependency_links to turtlesim_plus.egg-info/dependency_links.txt
[1.114s] writing top-level names to turtlesim_plus.egg-info/top_level.txt
[1.114s] writing manifest file 'turtlesim_plus.egg-info/SOURCES.txt'
[1.115s] reading manifest file 'turtlesim_plus.egg-info/SOURCES.txt'
[1.116s] writing manifest file 'turtlesim_plus.egg-info/SOURCES.txt'
[1.151s] Built target ament_cmake_python_build_turtlesim_plus_egg
[1.159s] Invoked command in '/home/tanakon/fra501_ws/build/turtlesim_plus' returned '0': CMAKE_PREFIX_PATH=${CMAKE_PREFIX_PATH}:/opt/ros/humble /usr/bin/cmake --build /home/tanakon/fra501_ws/build/turtlesim_plus -- -j16 -l16
[1.182s] Invoking command in '/home/tanakon/fra501_ws/build/turtlesim_plus': CMAKE_PREFIX_PATH=${CMAKE_PREFIX_PATH}:/opt/ros/humble /usr/bin/cmake --install /home/tanakon/fra501_ws/build/turtlesim_plus
[1.188s] -- Install configuration: ""
[1.188s] -- Installing: /home/tanakon/fra501_ws/install/turtlesim_plus/share/turtlesim_plus/environment/pythonpath.sh
[1.189s] -- Installing: /home/tanakon/fra501_ws/install/turtlesim_plus/share/turtlesim_plus/environment/pythonpath.dsv
[1.189s] -- Installing: /home/tanakon/fra501_ws/install/turtlesim_plus/local/lib/python3.10/dist-packages/turtlesim_plus-1.0.0-py3.10.egg-info
[1.189s] -- Installing: /home/tanakon/fra501_ws/install/turtlesim_plus/local/lib/python3.10/dist-packages/turtlesim_plus-1.0.0-py3.10.egg-info/dependency_links.txt
[1.189s] -- Installing: /home/tanakon/fra501_ws/install/turtlesim_plus/local/lib/python3.10/dist-packages/turtlesim_plus-1.0.0-py3.10.egg-info/top_level.txt
[1.189s] -- Installing: /home/tanakon/fra501_ws/install/turtlesim_plus/local/lib/python3.10/dist-packages/turtlesim_plus-1.0.0-py3.10.egg-info/SOURCES.txt
[1.189s] -- Installing: /home/tanakon/fra501_ws/install/turtlesim_plus/local/lib/python3.10/dist-packages/turtlesim_plus-1.0.0-py3.10.egg-info/PKG-INFO
[1.189s] -- Installing: /home/tanakon/fra501_ws/install/turtlesim_plus/local/lib/python3.10/dist-packages/turtlesim_plus
[1.189s] -- Installing: /home/tanakon/fra501_ws/install/turtlesim_plus/local/lib/python3.10/dist-packages/turtlesim_plus/entity.py
[1.189s] -- Installing: /home/tanakon/fra501_ws/install/turtlesim_plus/local/lib/python3.10/dist-packages/turtlesim_plus/image
[1.189s] -- Installing: /home/tanakon/fra501_ws/install/turtlesim_plus/local/lib/python3.10/dist-packages/turtlesim_plus/image/map
[1.189s] -- Installing: /home/tanakon/fra501_ws/install/turtlesim_plus/local/lib/python3.10/dist-packages/turtlesim_plus/image/map/map.png
[1.190s] -- Installing: /home/tanakon/fra501_ws/install/turtlesim_plus/local/lib/python3.10/dist-packages/turtlesim_plus/image/turtle
[1.190s] -- Installing: /home/tanakon/fra501_ws/install/turtlesim_plus/local/lib/python3.10/dist-packages/turtlesim_plus/image/turtle/bouncy.png
[1.190s] -- Installing: /home/tanakon/fra501_ws/install/turtlesim_plus/local/lib/python3.10/dist-packages/turtlesim_plus/image/turtle/eloquent.png
[1.190s] -- Installing: /home/tanakon/fra501_ws/install/turtlesim_plus/local/lib/python3.10/dist-packages/turtlesim_plus/image/turtle/otto.png
[1.190s] -- Installing: /home/tanakon/fra501_ws/install/turtlesim_plus/local/lib/python3.10/dist-packages/turtlesim_plus/image/turtle/ardent.png
[1.190s] -- Installing: /home/tanakon/fra501_ws/install/turtlesim_plus/local/lib/python3.10/dist-packages/turtlesim_plus/image/turtle/humble.png
[1.190s] -- Installing: /home/tanakon/fra501_ws/install/turtlesim_plus/local/lib/python3.10/dist-packages/turtlesim_plus/image/turtle/dashing.png
[1.190s] -- Installing: /home/tanakon/fra501_ws/install/turtlesim_plus/local/lib/python3.10/dist-packages/turtlesim_plus/image/turtle/rolling.png
[1.190s] -- Installing: /home/tanakon/fra501_ws/install/turtlesim_plus/local/lib/python3.10/dist-packages/turtlesim_plus/image/turtle/crystal.png
[1.190s] -- Installing: /home/tanakon/fra501_ws/install/turtlesim_plus/local/lib/python3.10/dist-packages/turtlesim_plus/image/turtle/galactic.png
[1.190s] -- Installing: /home/tanakon/fra501_ws/install/turtlesim_plus/local/lib/python3.10/dist-packages/turtlesim_plus/image/turtle/foxy.png
[1.190s] -- Installing: /home/tanakon/fra501_ws/install/turtlesim_plus/local/lib/python3.10/dist-packages/turtlesim_plus/image/object
[1.191s] -- Installing: /home/tanakon/fra501_ws/install/turtlesim_plus/local/lib/python3.10/dist-packages/turtlesim_plus/image/object/parcel.png
[1.191s] -- Installing: /home/tanakon/fra501_ws/install/turtlesim_plus/local/lib/python3.10/dist-packages/turtlesim_plus/image/object/pizza.png
[1.191s] -- Installing: /home/tanakon/fra501_ws/install/turtlesim_plus/local/lib/python3.10/dist-packages/turtlesim_plus/__init__.py
[1.191s] -- Installing: /home/tanakon/fra501_ws/install/turtlesim_plus/local/lib/python3.10/dist-packages/turtlesim_plus/ros2_plugins.py
[1.222s] Listing '/home/tanakon/fra501_ws/install/turtlesim_plus/local/lib/python3.10/dist-packages/turtlesim_plus'...
[1.222s] Compiling '/home/tanakon/fra501_ws/install/turtlesim_plus/local/lib/python3.10/dist-packages/turtlesim_plus/__init__.py'...
[1.222s] Compiling '/home/tanakon/fra501_ws/install/turtlesim_plus/local/lib/python3.10/dist-packages/turtlesim_plus/entity.py'...
[1.222s] Listing '/home/tanakon/fra501_ws/install/turtlesim_plus/local/lib/python3.10/dist-packages/turtlesim_plus/image'...
[1.222s] Listing '/home/tanakon/fra501_ws/install/turtlesim_plus/local/lib/python3.10/dist-packages/turtlesim_plus/image/map'...
[1.222s] Listing '/home/tanakon/fra501_ws/install/turtlesim_plus/local/lib/python3.10/dist-packages/turtlesim_plus/image/object'...
[1.222s] Listing '/home/tanakon/fra501_ws/install/turtlesim_plus/local/lib/python3.10/dist-packages/turtlesim_plus/image/turtle'...
[1.222s] Compiling '/home/tanakon/fra501_ws/install/turtlesim_plus/local/lib/python3.10/dist-packages/turtlesim_plus/ros2_plugins.py'...
[1.227s] -- Installing: /home/tanakon/fra501_ws/install/turtlesim_plus/lib/turtlesim_plus/turtlesim_plus_node.py
[1.227s] -- Installing: /home/tanakon/fra501_ws/install/turtlesim_plus/lib/turtlesim_plus/pizza_on_click.py
[1.227s] -- Up-to-date: /home/tanakon/fra501_ws/install/turtlesim_plus/share/turtlesim_plus
[1.227s] -- Installing: /home/tanakon/fra501_ws/install/turtlesim_plus/share/ament_index/resource_index/package_run_dependencies/turtlesim_plus
[1.227s] -- Installing: /home/tanakon/fra501_ws/install/turtlesim_plus/share/ament_index/resource_index/parent_prefix_path/turtlesim_plus
[1.227s] -- Installing: /home/tanakon/fra501_ws/install/turtlesim_plus/share/turtlesim_plus/environment/ament_prefix_path.sh
[1.227s] -- Installing: /home/tanakon/fra501_ws/install/turtlesim_plus/share/turtlesim_plus/environment/ament_prefix_path.dsv
[1.227s] -- Installing: /home/tanakon/fra501_ws/install/turtlesim_plus/share/turtlesim_plus/environment/path.sh
[1.227s] -- Installing: /home/tanakon/fra501_ws/install/turtlesim_plus/share/turtlesim_plus/environment/path.dsv
[1.227s] -- Installing: /home/tanakon/fra501_ws/install/turtlesim_plus/share/turtlesim_plus/local_setup.bash
[1.228s] -- Installing: /home/tanakon/fra501_ws/install/turtlesim_plus/share/turtlesim_plus/local_setup.sh
[1.228s] -- Installing: /home/tanakon/fra501_ws/install/turtlesim_plus/share/turtlesim_plus/local_setup.zsh
[1.228s] -- Installing: /home/tanakon/fra501_ws/install/turtlesim_plus/share/turtlesim_plus/local_setup.dsv
[1.228s] -- Installing: /home/tanakon/fra501_ws/install/turtlesim_plus/share/turtlesim_plus/package.dsv
[1.228s] -- Installing: /home/tanakon/fra501_ws/install/turtlesim_plus/share/ament_index/resource_index/packages/turtlesim_plus
[1.228s] -- Installing: /home/tanakon/fra501_ws/install/turtlesim_plus/share/turtlesim_plus/cmake/turtlesim_plusConfig.cmake
[1.228s] -- Installing: /home/tanakon/fra501_ws/install/turtlesim_plus/share/turtlesim_plus/cmake/turtlesim_plusConfig-version.cmake
[1.228s] -- Installing: /home/tanakon/fra501_ws/install/turtlesim_plus/share/turtlesim_plus/package.xml
[1.231s] Invoked command in '/home/tanakon/fra501_ws/build/turtlesim_plus' returned '0': CMAKE_PREFIX_PATH=${CMAKE_PREFIX_PATH}:/opt/ros/humble /usr/bin/cmake --install /home/tanakon/fra501_ws/build/turtlesim_plus
