-- The C compiler identification is GNU 11.4.0
-- The CXX compiler identification is GNU 11.4.0
-- Detecting C compiler ABI info
-- Detecting C compiler ABI info - done
-- Check for working C compiler: /usr/bin/cc - skipped
-- Detecting C compile features
-- Detecting C compile features - done
-- Detecting CXX compiler ABI info
-- Detecting CXX compiler ABI info - done
-- Check for working CXX compiler: /usr/bin/c++ - skipped
-- Detecting CXX compile features
-- Detecting CXX compile features - done
-- Found ament_cmake: 1.3.5 (/opt/ros/humble/share/ament_cmake/cmake)
-- Found Python3: /usr/bin/python3.10 (found version "3.10.12") found components: Interpreter 
-- Found rclcpp: 16.0.5 (/opt/ros/humble/share/rclcpp/cmake)
-- Found rosidl_generator_c: 3.1.5 (/opt/ros/humble/share/rosidl_generator_c/cmake)
-- Found rosidl_adapter: 3.1.5 (/opt/ros/humble/share/rosidl_adapter/cmake)
-- Found rosidl_generator_cpp: 3.1.5 (/opt/ros/humble/share/rosidl_generator_cpp/cmake)
-- Using all available rosidl_typesupport_c: rosidl_typesupport_fastrtps_c;rosidl_typesupport_introspection_c
-- Using all available rosidl_typesupport_cpp: rosidl_typesupport_fastrtps_cpp;rosidl_typesupport_introspection_cpp
-- Found rmw_implementation_cmake: 6.1.1 (/opt/ros/humble/share/rmw_implementation_cmake/cmake)
-- Found rmw_fastrtps_cpp: 6.2.3 (/opt/ros/humble/share/rmw_fastrtps_cpp/cmake)
-- Found OpenSSL: /usr/lib/x86_64-linux-gnu/libcrypto.so (found version "3.0.2")  
-- Found FastRTPS: /opt/ros/humble/include  
-- Using RMW implementation 'rmw_fastrtps_cpp' as default
-- Looking for pthread.h
-- Looking for pthread.h - found
-- Performing Test CMAKE_HAVE_LIBC_PTHREAD
-- Performing Test CMAKE_HAVE_LIBC_PTHREAD - Success
-- Found Threads: TRUE  
-- Found rclpy: 3.3.9 (/opt/ros/humble/share/rclpy/cmake)
-- Configuring done
-- Generating done
-- Build files have been written to: /home/tanakon/fra501_ws/build/turtlesim_control
Built target ament_cmake_python_copy_turtlesim_control
running egg_info
creating turtlesim_control.egg-info
writing turtlesim_control.egg-info/PKG-INFO
writing dependency_links to turtlesim_control.egg-info/dependency_links.txt
writing top-level names to turtlesim_control.egg-info/top_level.txt
writing manifest file 'turtlesim_control.egg-info/SOURCES.txt'
reading manifest file 'turtlesim_control.egg-info/SOURCES.txt'
writing manifest file 'turtlesim_control.egg-info/SOURCES.txt'
Built target ament_cmake_python_build_turtlesim_control_egg
-- Install configuration: ""
-- Installing: /home/tanakon/fra501_ws/install/turtlesim_control/share/turtlesim_control/environment/pythonpath.sh
-- Installing: /home/tanakon/fra501_ws/install/turtlesim_control/share/turtlesim_control/environment/pythonpath.dsv
-- Installing: /home/tanakon/fra501_ws/install/turtlesim_control/local/lib/python3.10/dist-packages/turtlesim_control-0.0.0-py3.10.egg-info
-- Installing: /home/tanakon/fra501_ws/install/turtlesim_control/local/lib/python3.10/dist-packages/turtlesim_control-0.0.0-py3.10.egg-info/dependency_links.txt
-- Installing: /home/tanakon/fra501_ws/install/turtlesim_control/local/lib/python3.10/dist-packages/turtlesim_control-0.0.0-py3.10.egg-info/top_level.txt
-- Installing: /home/tanakon/fra501_ws/install/turtlesim_control/local/lib/python3.10/dist-packages/turtlesim_control-0.0.0-py3.10.egg-info/SOURCES.txt
-- Installing: /home/tanakon/fra501_ws/install/turtlesim_control/local/lib/python3.10/dist-packages/turtlesim_control-0.0.0-py3.10.egg-info/PKG-INFO
-- Installing: /home/tanakon/fra501_ws/install/turtlesim_control/local/lib/python3.10/dist-packages/turtlesim_control
-- Installing: /home/tanakon/fra501_ws/install/turtlesim_control/local/lib/python3.10/dist-packages/turtlesim_control/ros2_interface.py
-- Installing: /home/tanakon/fra501_ws/install/turtlesim_control/local/lib/python3.10/dist-packages/turtlesim_control/algorithm.py
-- Installing: /home/tanakon/fra501_ws/install/turtlesim_control/local/lib/python3.10/dist-packages/turtlesim_control/__init__.py
Listing '/home/tanakon/fra501_ws/install/turtlesim_control/local/lib/python3.10/dist-packages/turtlesim_control'...
Compiling '/home/tanakon/fra501_ws/install/turtlesim_control/local/lib/python3.10/dist-packages/turtlesim_control/__init__.py'...
Compiling '/home/tanakon/fra501_ws/install/turtlesim_control/local/lib/python3.10/dist-packages/turtlesim_control/algorithm.py'...
Compiling '/home/tanakon/fra501_ws/install/turtlesim_control/local/lib/python3.10/dist-packages/turtlesim_control/ros2_interface.py'...
-- Installing: /home/tanakon/fra501_ws/install/turtlesim_control/lib/turtlesim_control/controller.py
-- Installing: /home/tanakon/fra501_ws/install/turtlesim_control/lib/turtlesim_control/scheduler.py
-- Installing: /home/tanakon/fra501_ws/install/turtlesim_control/share/turtlesim_control/via_point
-- Installing: /home/tanakon/fra501_ws/install/turtlesim_control/share/turtlesim_control/via_point/via_point_01.yaml
-- Installing: /home/tanakon/fra501_ws/install/turtlesim_control/share/turtlesim_control/launch
-- Installing: /home/tanakon/fra501_ws/install/turtlesim_control/share/turtlesim_control/launch/controller_scheduler.launch.py
-- Installing: /home/tanakon/fra501_ws/install/turtlesim_control/share/ament_index/resource_index/package_run_dependencies/turtlesim_control
-- Installing: /home/tanakon/fra501_ws/install/turtlesim_control/share/ament_index/resource_index/parent_prefix_path/turtlesim_control
-- Installing: /home/tanakon/fra501_ws/install/turtlesim_control/share/turtlesim_control/environment/ament_prefix_path.sh
-- Installing: /home/tanakon/fra501_ws/install/turtlesim_control/share/turtlesim_control/environment/ament_prefix_path.dsv
-- Installing: /home/tanakon/fra501_ws/install/turtlesim_control/share/turtlesim_control/environment/path.sh
-- Installing: /home/tanakon/fra501_ws/install/turtlesim_control/share/turtlesim_control/environment/path.dsv
-- Installing: /home/tanakon/fra501_ws/install/turtlesim_control/share/turtlesim_control/local_setup.bash
-- Installing: /home/tanakon/fra501_ws/install/turtlesim_control/share/turtlesim_control/local_setup.sh
-- Installing: /home/tanakon/fra501_ws/install/turtlesim_control/share/turtlesim_control/local_setup.zsh
-- Installing: /home/tanakon/fra501_ws/install/turtlesim_control/share/turtlesim_control/local_setup.dsv
-- Installing: /home/tanakon/fra501_ws/install/turtlesim_control/share/turtlesim_control/package.dsv
-- Installing: /home/tanakon/fra501_ws/install/turtlesim_control/share/ament_index/resource_index/packages/turtlesim_control
-- Installing: /home/tanakon/fra501_ws/install/turtlesim_control/share/turtlesim_control/cmake/turtlesim_controlConfig.cmake
-- Installing: /home/tanakon/fra501_ws/install/turtlesim_control/share/turtlesim_control/cmake/turtlesim_controlConfig-version.cmake
-- Installing: /home/tanakon/fra501_ws/install/turtlesim_control/share/turtlesim_control/package.xml
