[0.021s] Invoking command in '/home/tanakon/fra501_ws/build/turtlesim_control': CMAKE_PREFIX_PATH=${CMAKE_PREFIX_PATH}:/opt/ros/humble /usr/bin/cmake --build /home/tanakon/fra501_ws/build/turtlesim_control -- -j16 -l16
[0.038s] -- Found ament_cmake: 1.3.5 (/opt/ros/humble/share/ament_cmake/cmake)
[0.197s] -- Found rclcpp: 16.0.5 (/opt/ros/humble/share/rclcpp/cmake)
[0.239s] -- Found rosidl_generator_c: 3.1.5 (/opt/ros/humble/share/rosidl_generator_c/cmake)
[0.243s] -- Found rosidl_adapter: 3.1.5 (/opt/ros/humble/share/rosidl_adapter/cmake)
[0.249s] -- Found rosidl_generator_cpp: 3.1.5 (/opt/ros/humble/share/rosidl_generator_cpp/cmake)
[0.260s] -- Using all available rosidl_typesupport_c: rosidl_typesupport_fastrtps_c;rosidl_typesupport_introspection_c
[0.274s] -- Using all available rosidl_typesupport_cpp: rosidl_typesupport_fastrtps_cpp;rosidl_typesupport_introspection_cpp
[0.326s] -- Found rmw_implementation_cmake: 6.1.1 (/opt/ros/humble/share/rmw_implementation_cmake/cmake)
[0.330s] -- Found rmw_fastrtps_cpp: 6.2.3 (/opt/ros/humble/share/rmw_fastrtps_cpp/cmake)
[0.419s] -- Using RMW implementation 'rmw_fastrtps_cpp' as default
[0.536s] -- Found rclpy: 3.3.9 (/opt/ros/humble/share/rclpy/cmake)
[0.619s] -- Configuring done
[0.624s] -- Generating done
[0.624s] -- Build files have been written to: /home/tanakon/fra501_ws/build/turtlesim_control
[0.650s] Built target ament_cmake_python_copy_turtlesim_control
[0.793s] running egg_info
[0.794s] writing turtlesim_control.egg-info/PKG-INFO
[0.794s] writing dependency_links to turtlesim_control.egg-info/dependency_links.txt
[0.794s] writing top-level names to turtlesim_control.egg-info/top_level.txt
[0.795s] reading manifest file 'turtlesim_control.egg-info/SOURCES.txt'
[0.795s] writing manifest file 'turtlesim_control.egg-info/SOURCES.txt'
[0.813s] Built target ament_cmake_python_build_turtlesim_control_egg
[0.820s] Invoked command in '/home/tanakon/fra501_ws/build/turtlesim_control' returned '0': CMAKE_PREFIX_PATH=${CMAKE_PREFIX_PATH}:/opt/ros/humble /usr/bin/cmake --build /home/tanakon/fra501_ws/build/turtlesim_control -- -j16 -l16
[0.834s] Invoking command in '/home/tanakon/fra501_ws/build/turtlesim_control': CMAKE_PREFIX_PATH=${CMAKE_PREFIX_PATH}:/opt/ros/humble /usr/bin/cmake --install /home/tanakon/fra501_ws/build/turtlesim_control
[0.838s] -- Install configuration: ""
[0.838s] -- Up-to-date: /home/tanakon/fra501_ws/install/turtlesim_control/share/turtlesim_control/environment/pythonpath.sh
[0.839s] -- Installing: /home/tanakon/fra501_ws/install/turtlesim_control/share/turtlesim_control/environment/pythonpath.dsv
[0.839s] -- Up-to-date: /home/tanakon/fra501_ws/install/turtlesim_control/local/lib/python3.10/dist-packages/turtlesim_control-0.0.0-py3.10.egg-info
[0.839s] -- Installing: /home/tanakon/fra501_ws/install/turtlesim_control/local/lib/python3.10/dist-packages/turtlesim_control-0.0.0-py3.10.egg-info/dependency_links.txt
[0.839s] -- Installing: /home/tanakon/fra501_ws/install/turtlesim_control/local/lib/python3.10/dist-packages/turtlesim_control-0.0.0-py3.10.egg-info/top_level.txt
[0.839s] -- Installing: /home/tanakon/fra501_ws/install/turtlesim_control/local/lib/python3.10/dist-packages/turtlesim_control-0.0.0-py3.10.egg-info/SOURCES.txt
[0.839s] -- Installing: /home/tanakon/fra501_ws/install/turtlesim_control/local/lib/python3.10/dist-packages/turtlesim_control-0.0.0-py3.10.egg-info/PKG-INFO
[0.839s] -- Up-to-date: /home/tanakon/fra501_ws/install/turtlesim_control/local/lib/python3.10/dist-packages/turtlesim_control
[0.839s] -- Up-to-date: /home/tanakon/fra501_ws/install/turtlesim_control/local/lib/python3.10/dist-packages/turtlesim_control/ros2_interface.py
[0.839s] -- Up-to-date: /home/tanakon/fra501_ws/install/turtlesim_control/local/lib/python3.10/dist-packages/turtlesim_control/algorithm.py
[0.839s] -- Up-to-date: /home/tanakon/fra501_ws/install/turtlesim_control/local/lib/python3.10/dist-packages/turtlesim_control/__init__.py
[0.859s] Listing '/home/tanakon/fra501_ws/install/turtlesim_control/local/lib/python3.10/dist-packages/turtlesim_control'...
[0.861s] -- Up-to-date: /home/tanakon/fra501_ws/install/turtlesim_control/lib/turtlesim_control/controller.py
[0.861s] -- Up-to-date: /home/tanakon/fra501_ws/install/turtlesim_control/lib/turtlesim_control/scheduler.py
[0.861s] -- Up-to-date: /home/tanakon/fra501_ws/install/turtlesim_control/share/turtlesim_control/via_point
[0.861s] -- Up-to-date: /home/tanakon/fra501_ws/install/turtlesim_control/share/turtlesim_control/via_point/via_point_01.yaml
[0.861s] -- Up-to-date: /home/tanakon/fra501_ws/install/turtlesim_control/share/turtlesim_control/launch
[0.861s] -- Installing: /home/tanakon/fra501_ws/install/turtlesim_control/share/turtlesim_control/launch/controller_scheduler.launch.py
[0.861s] -- Installing: /home/tanakon/fra501_ws/install/turtlesim_control/share/turtlesim_control/config
[0.861s] -- Installing: /home/tanakon/fra501_ws/install/turtlesim_control/share/turtlesim_control/config/controller_config.yaml
[0.861s] -- Up-to-date: /home/tanakon/fra501_ws/install/turtlesim_control/share/ament_index/resource_index/package_run_dependencies/turtlesim_control
[0.861s] -- Up-to-date: /home/tanakon/fra501_ws/install/turtlesim_control/share/ament_index/resource_index/parent_prefix_path/turtlesim_control
[0.861s] -- Up-to-date: /home/tanakon/fra501_ws/install/turtlesim_control/share/turtlesim_control/environment/ament_prefix_path.sh
[0.862s] -- Installing: /home/tanakon/fra501_ws/install/turtlesim_control/share/turtlesim_control/environment/ament_prefix_path.dsv
[0.862s] -- Up-to-date: /home/tanakon/fra501_ws/install/turtlesim_control/share/turtlesim_control/environment/path.sh
[0.862s] -- Installing: /home/tanakon/fra501_ws/install/turtlesim_control/share/turtlesim_control/environment/path.dsv
[0.862s] -- Up-to-date: /home/tanakon/fra501_ws/install/turtlesim_control/share/turtlesim_control/local_setup.bash
[0.862s] -- Up-to-date: /home/tanakon/fra501_ws/install/turtlesim_control/share/turtlesim_control/local_setup.sh
[0.862s] -- Up-to-date: /home/tanakon/fra501_ws/install/turtlesim_control/share/turtlesim_control/local_setup.zsh
[0.862s] -- Installing: /home/tanakon/fra501_ws/install/turtlesim_control/share/turtlesim_control/local_setup.dsv
[0.862s] -- Installing: /home/tanakon/fra501_ws/install/turtlesim_control/share/turtlesim_control/package.dsv
[0.862s] -- Up-to-date: /home/tanakon/fra501_ws/install/turtlesim_control/share/ament_index/resource_index/packages/turtlesim_control
[0.862s] -- Up-to-date: /home/tanakon/fra501_ws/install/turtlesim_control/share/turtlesim_control/cmake/turtlesim_controlConfig.cmake
[0.862s] -- Up-to-date: /home/tanakon/fra501_ws/install/turtlesim_control/share/turtlesim_control/cmake/turtlesim_controlConfig-version.cmake
[0.862s] -- Up-to-date: /home/tanakon/fra501_ws/install/turtlesim_control/share/turtlesim_control/package.xml
[0.863s] Invoked command in '/home/tanakon/fra501_ws/build/turtlesim_control' returned '0': CMAKE_PREFIX_PATH=${CMAKE_PREFIX_PATH}:/opt/ros/humble /usr/bin/cmake --install /home/tanakon/fra501_ws/build/turtlesim_control
