[0.193s] DEBUG:colcon:Command line arguments: ['/usr/bin/colcon', 'build']
[0.193s] DEBUG:colcon:Parsed command line arguments: Namespace(log_base=None, log_level=None, verb_name='build', build_base='build', install_base='install', merge_install=False, symlink_install=False, test_result_base=None, continue_on_error=False, executor='parallel', parallel_workers=16, event_handlers=None, ignore_user_meta=False, metas=['./colcon.meta'], base_paths=['.'], packages_ignore=None, packages_ignore_regex=None, paths=None, packages_up_to=None, packages_up_to_regex=None, packages_above=None, packages_above_and_dependencies=None, packages_above_depth=None, packages_select_by_dep=None, packages_skip_by_dep=None, packages_skip_up_to=None, packages_select_build_failed=False, packages_skip_build_finished=False, packages_select_test_failures=False, packages_skip_test_passed=False, packages_select=None, packages_skip=None, packages_select_regex=None, packages_skip_regex=None, packages_start=None, packages_end=None, allow_overriding=[], cmake_args=None, cmake_target=None, cmake_target_skip_unavailable=False, cmake_clean_cache=False, cmake_clean_first=False, cmake_force_configure=False, ament_cmake_args=None, catkin_cmake_args=None, catkin_skip_building_tests=False, verb_parser=<colcon_defaults.argument_parser.defaults.DefaultArgumentsDecorator object at 0x7f218b69a710>, verb_extension=<colcon_core.verb.build.BuildVerb object at 0x7f218b777c40>, main=<bound method BuildVerb.main of <colcon_core.verb.build.BuildVerb object at 0x7f218b777c40>>)
[0.216s] Level 1:colcon.colcon_core.package_discovery:discover_packages(colcon_meta) check parameters
[0.216s] Level 1:colcon.colcon_core.package_discovery:discover_packages(recursive) check parameters
[0.216s] Level 1:colcon.colcon_core.package_discovery:discover_packages(ignore) check parameters
[0.216s] Level 1:colcon.colcon_core.package_discovery:discover_packages(path) check parameters
[0.216s] Level 1:colcon.colcon_core.package_discovery:discover_packages(colcon_meta) discover
[0.216s] Level 1:colcon.colcon_core.package_discovery:discover_packages(recursive) discover
[0.216s] INFO:colcon.colcon_core.package_discovery:Crawling recursively for packages in '/home/tanakon/fra501_ws'
[0.216s] Level 1:colcon.colcon_core.package_identification:_identify(.) by extensions ['ignore', 'ignore_ament_install']
[0.216s] Level 1:colcon.colcon_core.package_identification:_identify(.) by extension 'ignore'
[0.216s] Level 1:colcon.colcon_core.package_identification:_identify(.) by extension 'ignore_ament_install'
[0.216s] Level 1:colcon.colcon_core.package_identification:_identify(.) by extensions ['colcon_pkg']
[0.216s] Level 1:colcon.colcon_core.package_identification:_identify(.) by extension 'colcon_pkg'
[0.216s] Level 1:colcon.colcon_core.package_identification:_identify(.) by extensions ['colcon_meta']
[0.216s] Level 1:colcon.colcon_core.package_identification:_identify(.) by extension 'colcon_meta'
[0.216s] Level 1:colcon.colcon_core.package_identification:_identify(.) by extensions ['ros']
[0.216s] Level 1:colcon.colcon_core.package_identification:_identify(.) by extension 'ros'
[0.223s] Level 1:colcon.colcon_core.package_identification:_identify(.) by extensions ['cmake', 'python']
[0.223s] Level 1:colcon.colcon_core.package_identification:_identify(.) by extension 'cmake'
[0.223s] Level 1:colcon.colcon_core.package_identification:_identify(.) by extension 'python'
[0.223s] Level 1:colcon.colcon_core.package_identification:_identify(.) by extensions ['python_setup_py']
[0.223s] Level 1:colcon.colcon_core.package_identification:_identify(.) by extension 'python_setup_py'
[0.224s] Level 1:colcon.colcon_core.package_identification:_identify(build) by extensions ['ignore', 'ignore_ament_install']
[0.224s] Level 1:colcon.colcon_core.package_identification:_identify(build) by extension 'ignore'
[0.224s] Level 1:colcon.colcon_core.package_identification:_identify(build) ignored
[0.224s] Level 1:colcon.colcon_core.package_identification:_identify(install) by extensions ['ignore', 'ignore_ament_install']
[0.224s] Level 1:colcon.colcon_core.package_identification:_identify(install) by extension 'ignore'
[0.224s] Level 1:colcon.colcon_core.package_identification:_identify(install) ignored
[0.224s] Level 1:colcon.colcon_core.package_identification:_identify(log) by extensions ['ignore', 'ignore_ament_install']
[0.224s] Level 1:colcon.colcon_core.package_identification:_identify(log) by extension 'ignore'
[0.224s] Level 1:colcon.colcon_core.package_identification:_identify(log) ignored
[0.224s] Level 1:colcon.colcon_core.package_identification:_identify(src) by extensions ['ignore', 'ignore_ament_install']
[0.224s] Level 1:colcon.colcon_core.package_identification:_identify(src) by extension 'ignore'
[0.224s] Level 1:colcon.colcon_core.package_identification:_identify(src) by extension 'ignore_ament_install'
[0.224s] Level 1:colcon.colcon_core.package_identification:_identify(src) by extensions ['colcon_pkg']
[0.224s] Level 1:colcon.colcon_core.package_identification:_identify(src) by extension 'colcon_pkg'
[0.224s] Level 1:colcon.colcon_core.package_identification:_identify(src) by extensions ['colcon_meta']
[0.224s] Level 1:colcon.colcon_core.package_identification:_identify(src) by extension 'colcon_meta'
[0.224s] Level 1:colcon.colcon_core.package_identification:_identify(src) by extensions ['ros']
[0.224s] Level 1:colcon.colcon_core.package_identification:_identify(src) by extension 'ros'
[0.224s] Level 1:colcon.colcon_core.package_identification:_identify(src) by extensions ['cmake', 'python']
[0.224s] Level 1:colcon.colcon_core.package_identification:_identify(src) by extension 'cmake'
[0.224s] Level 1:colcon.colcon_core.package_identification:_identify(src) by extension 'python'
[0.224s] Level 1:colcon.colcon_core.package_identification:_identify(src) by extensions ['python_setup_py']
[0.225s] Level 1:colcon.colcon_core.package_identification:_identify(src) by extension 'python_setup_py'
[0.225s] Level 1:colcon.colcon_core.package_identification:_identify(src/build) by extensions ['ignore', 'ignore_ament_install']
[0.225s] Level 1:colcon.colcon_core.package_identification:_identify(src/build) by extension 'ignore'
[0.225s] Level 1:colcon.colcon_core.package_identification:_identify(src/build) ignored
[0.225s] Level 1:colcon.colcon_core.package_identification:_identify(src/doc) by extensions ['ignore', 'ignore_ament_install']
[0.225s] Level 1:colcon.colcon_core.package_identification:_identify(src/doc) by extension 'ignore'
[0.225s] Level 1:colcon.colcon_core.package_identification:_identify(src/doc) by extension 'ignore_ament_install'
[0.225s] Level 1:colcon.colcon_core.package_identification:_identify(src/doc) by extensions ['colcon_pkg']
[0.225s] Level 1:colcon.colcon_core.package_identification:_identify(src/doc) by extension 'colcon_pkg'
[0.225s] Level 1:colcon.colcon_core.package_identification:_identify(src/doc) by extensions ['colcon_meta']
[0.225s] Level 1:colcon.colcon_core.package_identification:_identify(src/doc) by extension 'colcon_meta'
[0.225s] Level 1:colcon.colcon_core.package_identification:_identify(src/doc) by extensions ['ros']
[0.225s] Level 1:colcon.colcon_core.package_identification:_identify(src/doc) by extension 'ros'
[0.225s] Level 1:colcon.colcon_core.package_identification:_identify(src/doc) by extensions ['cmake', 'python']
[0.225s] Level 1:colcon.colcon_core.package_identification:_identify(src/doc) by extension 'cmake'
[0.225s] Level 1:colcon.colcon_core.package_identification:_identify(src/doc) by extension 'python'
[0.225s] Level 1:colcon.colcon_core.package_identification:_identify(src/doc) by extensions ['python_setup_py']
[0.225s] Level 1:colcon.colcon_core.package_identification:_identify(src/doc) by extension 'python_setup_py'
[0.225s] Level 1:colcon.colcon_core.package_identification:_identify(src/install) by extensions ['ignore', 'ignore_ament_install']
[0.225s] Level 1:colcon.colcon_core.package_identification:_identify(src/install) by extension 'ignore'
[0.225s] Level 1:colcon.colcon_core.package_identification:_identify(src/install) ignored
[0.225s] Level 1:colcon.colcon_core.package_identification:_identify(src/log) by extensions ['ignore', 'ignore_ament_install']
[0.225s] Level 1:colcon.colcon_core.package_identification:_identify(src/log) by extension 'ignore'
[0.225s] Level 1:colcon.colcon_core.package_identification:_identify(src/log) ignored
[0.225s] Level 1:colcon.colcon_core.package_identification:_identify(src/my_controller) by extensions ['ignore', 'ignore_ament_install']
[0.226s] Level 1:colcon.colcon_core.package_identification:_identify(src/my_controller) by extension 'ignore'
[0.226s] Level 1:colcon.colcon_core.package_identification:_identify(src/my_controller) by extension 'ignore_ament_install'
[0.226s] Level 1:colcon.colcon_core.package_identification:_identify(src/my_controller) by extensions ['colcon_pkg']
[0.226s] Level 1:colcon.colcon_core.package_identification:_identify(src/my_controller) by extension 'colcon_pkg'
[0.226s] Level 1:colcon.colcon_core.package_identification:_identify(src/my_controller) by extensions ['colcon_meta']
[0.226s] Level 1:colcon.colcon_core.package_identification:_identify(src/my_controller) by extension 'colcon_meta'
[0.226s] Level 1:colcon.colcon_core.package_identification:_identify(src/my_controller) by extensions ['ros']
[0.226s] Level 1:colcon.colcon_core.package_identification:_identify(src/my_controller) by extension 'ros'
[0.227s] DEBUG:colcon.colcon_core.package_identification:Package 'src/my_controller' with type 'ros.ament_cmake' and name 'my_controller'
[0.227s] Level 1:colcon.colcon_core.package_identification:_identify(src/my_controller_interfaces) by extensions ['ignore', 'ignore_ament_install']
[0.227s] Level 1:colcon.colcon_core.package_identification:_identify(src/my_controller_interfaces) by extension 'ignore'
[0.228s] Level 1:colcon.colcon_core.package_identification:_identify(src/my_controller_interfaces) by extension 'ignore_ament_install'
[0.228s] Level 1:colcon.colcon_core.package_identification:_identify(src/my_controller_interfaces) by extensions ['colcon_pkg']
[0.228s] Level 1:colcon.colcon_core.package_identification:_identify(src/my_controller_interfaces) by extension 'colcon_pkg'
[0.228s] Level 1:colcon.colcon_core.package_identification:_identify(src/my_controller_interfaces) by extensions ['colcon_meta']
[0.228s] Level 1:colcon.colcon_core.package_identification:_identify(src/my_controller_interfaces) by extension 'colcon_meta'
[0.228s] Level 1:colcon.colcon_core.package_identification:_identify(src/my_controller_interfaces) by extensions ['ros']
[0.228s] Level 1:colcon.colcon_core.package_identification:_identify(src/my_controller_interfaces) by extension 'ros'
[0.228s] DEBUG:colcon.colcon_core.package_identification:Package 'src/my_controller_interfaces' with type 'ros.ament_cmake' and name 'my_controller_interfaces'
[0.228s] Level 1:colcon.colcon_core.package_identification:_identify(src/turtlesim_control) by extensions ['ignore', 'ignore_ament_install']
[0.228s] Level 1:colcon.colcon_core.package_identification:_identify(src/turtlesim_control) by extension 'ignore'
[0.228s] Level 1:colcon.colcon_core.package_identification:_identify(src/turtlesim_control) by extension 'ignore_ament_install'
[0.228s] Level 1:colcon.colcon_core.package_identification:_identify(src/turtlesim_control) by extensions ['colcon_pkg']
[0.228s] Level 1:colcon.colcon_core.package_identification:_identify(src/turtlesim_control) by extension 'colcon_pkg'
[0.228s] Level 1:colcon.colcon_core.package_identification:_identify(src/turtlesim_control) by extensions ['colcon_meta']
[0.228s] Level 1:colcon.colcon_core.package_identification:_identify(src/turtlesim_control) by extension 'colcon_meta'
[0.228s] Level 1:colcon.colcon_core.package_identification:_identify(src/turtlesim_control) by extensions ['ros']
[0.228s] Level 1:colcon.colcon_core.package_identification:_identify(src/turtlesim_control) by extension 'ros'
[0.229s] DEBUG:colcon.colcon_core.package_identification:Package 'src/turtlesim_control' with type 'ros.ament_cmake' and name 'turtlesim_control'
[0.229s] Level 1:colcon.colcon_core.package_identification:_identify(src/turtlesim_interfaces) by extensions ['ignore', 'ignore_ament_install']
[0.229s] Level 1:colcon.colcon_core.package_identification:_identify(src/turtlesim_interfaces) by extension 'ignore'
[0.229s] Level 1:colcon.colcon_core.package_identification:_identify(src/turtlesim_interfaces) by extension 'ignore_ament_install'
[0.229s] Level 1:colcon.colcon_core.package_identification:_identify(src/turtlesim_interfaces) by extensions ['colcon_pkg']
[0.229s] Level 1:colcon.colcon_core.package_identification:_identify(src/turtlesim_interfaces) by extension 'colcon_pkg'
[0.229s] Level 1:colcon.colcon_core.package_identification:_identify(src/turtlesim_interfaces) by extensions ['colcon_meta']
[0.229s] Level 1:colcon.colcon_core.package_identification:_identify(src/turtlesim_interfaces) by extension 'colcon_meta'
[0.229s] Level 1:colcon.colcon_core.package_identification:_identify(src/turtlesim_interfaces) by extensions ['ros']
[0.229s] Level 1:colcon.colcon_core.package_identification:_identify(src/turtlesim_interfaces) by extension 'ros'
[0.229s] DEBUG:colcon.colcon_core.package_identification:Package 'src/turtlesim_interfaces' with type 'ros.ament_cmake' and name 'turtlesim_interfaces'
[0.229s] Level 1:colcon.colcon_core.package_identification:_identify(src/turtlesim_plus) by extensions ['ignore', 'ignore_ament_install']
[0.230s] Level 1:colcon.colcon_core.package_identification:_identify(src/turtlesim_plus) by extension 'ignore'
[0.230s] Level 1:colcon.colcon_core.package_identification:_identify(src/turtlesim_plus) by extension 'ignore_ament_install'
[0.230s] Level 1:colcon.colcon_core.package_identification:_identify(src/turtlesim_plus) by extensions ['colcon_pkg']
[0.230s] Level 1:colcon.colcon_core.package_identification:_identify(src/turtlesim_plus) by extension 'colcon_pkg'
[0.230s] Level 1:colcon.colcon_core.package_identification:_identify(src/turtlesim_plus) by extensions ['colcon_meta']
[0.230s] Level 1:colcon.colcon_core.package_identification:_identify(src/turtlesim_plus) by extension 'colcon_meta'
[0.230s] Level 1:colcon.colcon_core.package_identification:_identify(src/turtlesim_plus) by extensions ['ros']
[0.230s] Level 1:colcon.colcon_core.package_identification:_identify(src/turtlesim_plus) by extension 'ros'
[0.230s] Level 1:colcon.colcon_core.package_identification:_identify(src/turtlesim_plus) by extensions ['cmake', 'python']
[0.230s] Level 1:colcon.colcon_core.package_identification:_identify(src/turtlesim_plus) by extension 'cmake'
[0.230s] Level 1:colcon.colcon_core.package_identification:_identify(src/turtlesim_plus) by extension 'python'
[0.230s] Level 1:colcon.colcon_core.package_identification:_identify(src/turtlesim_plus) by extensions ['python_setup_py']
[0.230s] Level 1:colcon.colcon_core.package_identification:_identify(src/turtlesim_plus) by extension 'python_setup_py'
[0.230s] Level 1:colcon.colcon_core.package_identification:_identify(src/turtlesim_plus/turtlesim_plus) by extensions ['ignore', 'ignore_ament_install']
[0.230s] Level 1:colcon.colcon_core.package_identification:_identify(src/turtlesim_plus/turtlesim_plus) by extension 'ignore'
[0.230s] Level 1:colcon.colcon_core.package_identification:_identify(src/turtlesim_plus/turtlesim_plus) by extension 'ignore_ament_install'
[0.230s] Level 1:colcon.colcon_core.package_identification:_identify(src/turtlesim_plus/turtlesim_plus) by extensions ['colcon_pkg']
[0.230s] Level 1:colcon.colcon_core.package_identification:_identify(src/turtlesim_plus/turtlesim_plus) by extension 'colcon_pkg'
[0.230s] Level 1:colcon.colcon_core.package_identification:_identify(src/turtlesim_plus/turtlesim_plus) by extensions ['colcon_meta']
[0.230s] Level 1:colcon.colcon_core.package_identification:_identify(src/turtlesim_plus/turtlesim_plus) by extension 'colcon_meta'
[0.230s] Level 1:colcon.colcon_core.package_identification:_identify(src/turtlesim_plus/turtlesim_plus) by extensions ['ros']
[0.230s] Level 1:colcon.colcon_core.package_identification:_identify(src/turtlesim_plus/turtlesim_plus) by extension 'ros'
[0.231s] DEBUG:colcon.colcon_core.package_identification:Package 'src/turtlesim_plus/turtlesim_plus' with type 'ros.ament_cmake' and name 'turtlesim_plus'
[0.231s] Level 1:colcon.colcon_core.package_identification:_identify(src/turtlesim_plus/turtlesim_plus_interfaces) by extensions ['ignore', 'ignore_ament_install']
[0.231s] Level 1:colcon.colcon_core.package_identification:_identify(src/turtlesim_plus/turtlesim_plus_interfaces) by extension 'ignore'
[0.231s] Level 1:colcon.colcon_core.package_identification:_identify(src/turtlesim_plus/turtlesim_plus_interfaces) by extension 'ignore_ament_install'
[0.231s] Level 1:colcon.colcon_core.package_identification:_identify(src/turtlesim_plus/turtlesim_plus_interfaces) by extensions ['colcon_pkg']
[0.231s] Level 1:colcon.colcon_core.package_identification:_identify(src/turtlesim_plus/turtlesim_plus_interfaces) by extension 'colcon_pkg'
[0.231s] Level 1:colcon.colcon_core.package_identification:_identify(src/turtlesim_plus/turtlesim_plus_interfaces) by extensions ['colcon_meta']
[0.231s] Level 1:colcon.colcon_core.package_identification:_identify(src/turtlesim_plus/turtlesim_plus_interfaces) by extension 'colcon_meta'
[0.231s] Level 1:colcon.colcon_core.package_identification:_identify(src/turtlesim_plus/turtlesim_plus_interfaces) by extensions ['ros']
[0.231s] Level 1:colcon.colcon_core.package_identification:_identify(src/turtlesim_plus/turtlesim_plus_interfaces) by extension 'ros'
[0.231s] DEBUG:colcon.colcon_core.package_identification:Package 'src/turtlesim_plus/turtlesim_plus_interfaces' with type 'ros.ament_cmake' and name 'turtlesim_plus_interfaces'
[0.232s] Level 1:colcon.colcon_core.package_discovery:discover_packages(recursive) using defaults
[0.232s] Level 1:colcon.colcon_core.package_discovery:discover_packages(ignore) discover
[0.232s] Level 1:colcon.colcon_core.package_discovery:discover_packages(ignore) using defaults
[0.232s] Level 1:colcon.colcon_core.package_discovery:discover_packages(path) discover
[0.232s] Level 1:colcon.colcon_core.package_discovery:discover_packages(path) using defaults
[0.246s] Level 1:colcon.colcon_core.package_discovery:discover_packages(prefix_path) check parameters
[0.246s] Level 1:colcon.colcon_core.package_discovery:discover_packages(prefix_path) discover
[0.248s] DEBUG:colcon.colcon_installed_package_information.package_discovery:Found 6 installed packages in /home/tanakon/fra501_ws/install
[0.249s] DEBUG:colcon.colcon_installed_package_information.package_discovery:Found 0 installed packages in /home/tanakon/install
[0.250s] DEBUG:colcon.colcon_installed_package_information.package_discovery:Found 270 installed packages in /opt/ros/humble
[0.251s] Level 1:colcon.colcon_core.package_discovery:discover_packages(prefix_path) using defaults
[0.289s] Level 5:colcon.colcon_core.verb:set package 'my_controller' build argument 'cmake_args' from command line to 'None'
[0.289s] Level 5:colcon.colcon_core.verb:set package 'my_controller' build argument 'cmake_target' from command line to 'None'
[0.289s] Level 5:colcon.colcon_core.verb:set package 'my_controller' build argument 'cmake_target_skip_unavailable' from command line to 'False'
[0.289s] Level 5:colcon.colcon_core.verb:set package 'my_controller' build argument 'cmake_clean_cache' from command line to 'False'
[0.289s] Level 5:colcon.colcon_core.verb:set package 'my_controller' build argument 'cmake_clean_first' from command line to 'False'
[0.289s] Level 5:colcon.colcon_core.verb:set package 'my_controller' build argument 'cmake_force_configure' from command line to 'False'
[0.289s] Level 5:colcon.colcon_core.verb:set package 'my_controller' build argument 'ament_cmake_args' from command line to 'None'
[0.289s] Level 5:colcon.colcon_core.verb:set package 'my_controller' build argument 'catkin_cmake_args' from command line to 'None'
[0.289s] Level 5:colcon.colcon_core.verb:set package 'my_controller' build argument 'catkin_skip_building_tests' from command line to 'False'
[0.289s] DEBUG:colcon.colcon_core.verb:Building package 'my_controller' with the following arguments: {'ament_cmake_args': None, 'build_base': '/home/tanakon/fra501_ws/build/my_controller', 'catkin_cmake_args': None, 'catkin_skip_building_tests': False, 'cmake_args': None, 'cmake_clean_cache': False, 'cmake_clean_first': False, 'cmake_force_configure': False, 'cmake_target': None, 'cmake_target_skip_unavailable': False, 'install_base': '/home/tanakon/fra501_ws/install/my_controller', 'merge_install': False, 'path': '/home/tanakon/fra501_ws/src/my_controller', 'symlink_install': False, 'test_result_base': None}
[0.290s] Level 5:colcon.colcon_core.verb:set package 'my_controller_interfaces' build argument 'cmake_args' from command line to 'None'
[0.290s] Level 5:colcon.colcon_core.verb:set package 'my_controller_interfaces' build argument 'cmake_target' from command line to 'None'
[0.290s] Level 5:colcon.colcon_core.verb:set package 'my_controller_interfaces' build argument 'cmake_target_skip_unavailable' from command line to 'False'
[0.290s] Level 5:colcon.colcon_core.verb:set package 'my_controller_interfaces' build argument 'cmake_clean_cache' from command line to 'False'
[0.290s] Level 5:colcon.colcon_core.verb:set package 'my_controller_interfaces' build argument 'cmake_clean_first' from command line to 'False'
[0.290s] Level 5:colcon.colcon_core.verb:set package 'my_controller_interfaces' build argument 'cmake_force_configure' from command line to 'False'
[0.290s] Level 5:colcon.colcon_core.verb:set package 'my_controller_interfaces' build argument 'ament_cmake_args' from command line to 'None'
[0.290s] Level 5:colcon.colcon_core.verb:set package 'my_controller_interfaces' build argument 'catkin_cmake_args' from command line to 'None'
[0.290s] Level 5:colcon.colcon_core.verb:set package 'my_controller_interfaces' build argument 'catkin_skip_building_tests' from command line to 'False'
[0.290s] DEBUG:colcon.colcon_core.verb:Building package 'my_controller_interfaces' with the following arguments: {'ament_cmake_args': None, 'build_base': '/home/tanakon/fra501_ws/build/my_controller_interfaces', 'catkin_cmake_args': None, 'catkin_skip_building_tests': False, 'cmake_args': None, 'cmake_clean_cache': False, 'cmake_clean_first': False, 'cmake_force_configure': False, 'cmake_target': None, 'cmake_target_skip_unavailable': False, 'install_base': '/home/tanakon/fra501_ws/install/my_controller_interfaces', 'merge_install': False, 'path': '/home/tanakon/fra501_ws/src/my_controller_interfaces', 'symlink_install': False, 'test_result_base': None}
[0.291s] Level 5:colcon.colcon_core.verb:set package 'turtlesim_control' build argument 'cmake_args' from command line to 'None'
[0.291s] Level 5:colcon.colcon_core.verb:set package 'turtlesim_control' build argument 'cmake_target' from command line to 'None'
[0.291s] Level 5:colcon.colcon_core.verb:set package 'turtlesim_control' build argument 'cmake_target_skip_unavailable' from command line to 'False'
[0.291s] Level 5:colcon.colcon_core.verb:set package 'turtlesim_control' build argument 'cmake_clean_cache' from command line to 'False'
[0.291s] Level 5:colcon.colcon_core.verb:set package 'turtlesim_control' build argument 'cmake_clean_first' from command line to 'False'
[0.291s] Level 5:colcon.colcon_core.verb:set package 'turtlesim_control' build argument 'cmake_force_configure' from command line to 'False'
[0.291s] Level 5:colcon.colcon_core.verb:set package 'turtlesim_control' build argument 'ament_cmake_args' from command line to 'None'
[0.291s] Level 5:colcon.colcon_core.verb:set package 'turtlesim_control' build argument 'catkin_cmake_args' from command line to 'None'
[0.291s] Level 5:colcon.colcon_core.verb:set package 'turtlesim_control' build argument 'catkin_skip_building_tests' from command line to 'False'
[0.291s] DEBUG:colcon.colcon_core.verb:Building package 'turtlesim_control' with the following arguments: {'ament_cmake_args': None, 'build_base': '/home/tanakon/fra501_ws/build/turtlesim_control', 'catkin_cmake_args': None, 'catkin_skip_building_tests': False, 'cmake_args': None, 'cmake_clean_cache': False, 'cmake_clean_first': False, 'cmake_force_configure': False, 'cmake_target': None, 'cmake_target_skip_unavailable': False, 'install_base': '/home/tanakon/fra501_ws/install/turtlesim_control', 'merge_install': False, 'path': '/home/tanakon/fra501_ws/src/turtlesim_control', 'symlink_install': False, 'test_result_base': None}
[0.292s] Level 5:colcon.colcon_core.verb:set package 'turtlesim_interfaces' build argument 'cmake_args' from command line to 'None'
[0.292s] Level 5:colcon.colcon_core.verb:set package 'turtlesim_interfaces' build argument 'cmake_target' from command line to 'None'
[0.292s] Level 5:colcon.colcon_core.verb:set package 'turtlesim_interfaces' build argument 'cmake_target_skip_unavailable' from command line to 'False'
[0.292s] Level 5:colcon.colcon_core.verb:set package 'turtlesim_interfaces' build argument 'cmake_clean_cache' from command line to 'False'
[0.292s] Level 5:colcon.colcon_core.verb:set package 'turtlesim_interfaces' build argument 'cmake_clean_first' from command line to 'False'
[0.292s] Level 5:colcon.colcon_core.verb:set package 'turtlesim_interfaces' build argument 'cmake_force_configure' from command line to 'False'
[0.292s] Level 5:colcon.colcon_core.verb:set package 'turtlesim_interfaces' build argument 'ament_cmake_args' from command line to 'None'
[0.292s] Level 5:colcon.colcon_core.verb:set package 'turtlesim_interfaces' build argument 'catkin_cmake_args' from command line to 'None'
[0.292s] Level 5:colcon.colcon_core.verb:set package 'turtlesim_interfaces' build argument 'catkin_skip_building_tests' from command line to 'False'
[0.292s] DEBUG:colcon.colcon_core.verb:Building package 'turtlesim_interfaces' with the following arguments: {'ament_cmake_args': None, 'build_base': '/home/tanakon/fra501_ws/build/turtlesim_interfaces', 'catkin_cmake_args': None, 'catkin_skip_building_tests': False, 'cmake_args': None, 'cmake_clean_cache': False, 'cmake_clean_first': False, 'cmake_force_configure': False, 'cmake_target': None, 'cmake_target_skip_unavailable': False, 'install_base': '/home/tanakon/fra501_ws/install/turtlesim_interfaces', 'merge_install': False, 'path': '/home/tanakon/fra501_ws/src/turtlesim_interfaces', 'symlink_install': False, 'test_result_base': None}
[0.292s] Level 5:colcon.colcon_core.verb:set package 'turtlesim_plus' build argument 'cmake_args' from command line to 'None'
[0.292s] Level 5:colcon.colcon_core.verb:set package 'turtlesim_plus' build argument 'cmake_target' from command line to 'None'
[0.292s] Level 5:colcon.colcon_core.verb:set package 'turtlesim_plus' build argument 'cmake_target_skip_unavailable' from command line to 'False'
[0.292s] Level 5:colcon.colcon_core.verb:set package 'turtlesim_plus' build argument 'cmake_clean_cache' from command line to 'False'
[0.292s] Level 5:colcon.colcon_core.verb:set package 'turtlesim_plus' build argument 'cmake_clean_first' from command line to 'False'
[0.292s] Level 5:colcon.colcon_core.verb:set package 'turtlesim_plus' build argument 'cmake_force_configure' from command line to 'False'
[0.293s] Level 5:colcon.colcon_core.verb:set package 'turtlesim_plus' build argument 'ament_cmake_args' from command line to 'None'
[0.293s] Level 5:colcon.colcon_core.verb:set package 'turtlesim_plus' build argument 'catkin_cmake_args' from command line to 'None'
[0.293s] Level 5:colcon.colcon_core.verb:set package 'turtlesim_plus' build argument 'catkin_skip_building_tests' from command line to 'False'
[0.293s] DEBUG:colcon.colcon_core.verb:Building package 'turtlesim_plus' with the following arguments: {'ament_cmake_args': None, 'build_base': '/home/tanakon/fra501_ws/build/turtlesim_plus', 'catkin_cmake_args': None, 'catkin_skip_building_tests': False, 'cmake_args': None, 'cmake_clean_cache': False, 'cmake_clean_first': False, 'cmake_force_configure': False, 'cmake_target': None, 'cmake_target_skip_unavailable': False, 'install_base': '/home/tanakon/fra501_ws/install/turtlesim_plus', 'merge_install': False, 'path': '/home/tanakon/fra501_ws/src/turtlesim_plus/turtlesim_plus', 'symlink_install': False, 'test_result_base': None}
[0.293s] Level 5:colcon.colcon_core.verb:set package 'turtlesim_plus_interfaces' build argument 'cmake_args' from command line to 'None'
[0.293s] Level 5:colcon.colcon_core.verb:set package 'turtlesim_plus_interfaces' build argument 'cmake_target' from command line to 'None'
[0.293s] Level 5:colcon.colcon_core.verb:set package 'turtlesim_plus_interfaces' build argument 'cmake_target_skip_unavailable' from command line to 'False'
[0.293s] Level 5:colcon.colcon_core.verb:set package 'turtlesim_plus_interfaces' build argument 'cmake_clean_cache' from command line to 'False'
[0.293s] Level 5:colcon.colcon_core.verb:set package 'turtlesim_plus_interfaces' build argument 'cmake_clean_first' from command line to 'False'
[0.293s] Level 5:colcon.colcon_core.verb:set package 'turtlesim_plus_interfaces' build argument 'cmake_force_configure' from command line to 'False'
[0.293s] Level 5:colcon.colcon_core.verb:set package 'turtlesim_plus_interfaces' build argument 'ament_cmake_args' from command line to 'None'
[0.293s] Level 5:colcon.colcon_core.verb:set package 'turtlesim_plus_interfaces' build argument 'catkin_cmake_args' from command line to 'None'
[0.293s] Level 5:colcon.colcon_core.verb:set package 'turtlesim_plus_interfaces' build argument 'catkin_skip_building_tests' from command line to 'False'
[0.293s] DEBUG:colcon.colcon_core.verb:Building package 'turtlesim_plus_interfaces' with the following arguments: {'ament_cmake_args': None, 'build_base': '/home/tanakon/fra501_ws/build/turtlesim_plus_interfaces', 'catkin_cmake_args': None, 'catkin_skip_building_tests': False, 'cmake_args': None, 'cmake_clean_cache': False, 'cmake_clean_first': False, 'cmake_force_configure': False, 'cmake_target': None, 'cmake_target_skip_unavailable': False, 'install_base': '/home/tanakon/fra501_ws/install/turtlesim_plus_interfaces', 'merge_install': False, 'path': '/home/tanakon/fra501_ws/src/turtlesim_plus/turtlesim_plus_interfaces', 'symlink_install': False, 'test_result_base': None}
[0.294s] INFO:colcon.colcon_core.executor:Executing jobs using 'parallel' executor
[0.296s] DEBUG:colcon.colcon_parallel_executor.executor.parallel:run_until_complete
[0.296s] INFO:colcon.colcon_ros.task.ament_cmake.build:Building ROS package in '/home/tanakon/fra501_ws/src/my_controller' with build type 'ament_cmake'
[0.296s] INFO:colcon.colcon_cmake.task.cmake.build:Building CMake package in '/home/tanakon/fra501_ws/src/my_controller'
[0.299s] INFO:colcon.colcon_core.plugin_system:Skipping extension 'colcon_core.shell.bat': Not used on non-Windows systems
[0.299s] INFO:colcon.colcon_core.shell:Skip shell extension 'powershell' for command environment: Not usable outside of PowerShell
[0.299s] DEBUG:colcon.colcon_core.shell:Skip shell extension 'dsv' for command environment
[0.302s] INFO:colcon.colcon_ros.task.ament_cmake.build:Building ROS package in '/home/tanakon/fra501_ws/src/my_controller_interfaces' with build type 'ament_cmake'
[0.302s] INFO:colcon.colcon_cmake.task.cmake.build:Building CMake package in '/home/tanakon/fra501_ws/src/my_controller_interfaces'
[0.303s] INFO:colcon.colcon_core.shell:Skip shell extension 'powershell' for command environment: Not usable outside of PowerShell
[0.303s] DEBUG:colcon.colcon_core.shell:Skip shell extension 'dsv' for command environment
[0.306s] INFO:colcon.colcon_ros.task.ament_cmake.build:Building ROS package in '/home/tanakon/fra501_ws/src/turtlesim_control' with build type 'ament_cmake'
[0.306s] INFO:colcon.colcon_cmake.task.cmake.build:Building CMake package in '/home/tanakon/fra501_ws/src/turtlesim_control'
[0.307s] INFO:colcon.colcon_core.shell:Skip shell extension 'powershell' for command environment: Not usable outside of PowerShell
[0.307s] DEBUG:colcon.colcon_core.shell:Skip shell extension 'dsv' for command environment
[0.310s] INFO:colcon.colcon_ros.task.ament_cmake.build:Building ROS package in '/home/tanakon/fra501_ws/src/turtlesim_interfaces' with build type 'ament_cmake'
[0.310s] INFO:colcon.colcon_cmake.task.cmake.build:Building CMake package in '/home/tanakon/fra501_ws/src/turtlesim_interfaces'
[0.311s] INFO:colcon.colcon_core.shell:Skip shell extension 'powershell' for command environment: Not usable outside of PowerShell
[0.311s] DEBUG:colcon.colcon_core.shell:Skip shell extension 'dsv' for command environment
[0.314s] INFO:colcon.colcon_ros.task.ament_cmake.build:Building ROS package in '/home/tanakon/fra501_ws/src/turtlesim_plus/turtlesim_plus' with build type 'ament_cmake'
[0.314s] INFO:colcon.colcon_cmake.task.cmake.build:Building CMake package in '/home/tanakon/fra501_ws/src/turtlesim_plus/turtlesim_plus'
[0.315s] INFO:colcon.colcon_core.shell:Skip shell extension 'powershell' for command environment: Not usable outside of PowerShell
[0.315s] DEBUG:colcon.colcon_core.shell:Skip shell extension 'dsv' for command environment
[0.318s] INFO:colcon.colcon_ros.task.ament_cmake.build:Building ROS package in '/home/tanakon/fra501_ws/src/turtlesim_plus/turtlesim_plus_interfaces' with build type 'ament_cmake'
[0.318s] INFO:colcon.colcon_cmake.task.cmake.build:Building CMake package in '/home/tanakon/fra501_ws/src/turtlesim_plus/turtlesim_plus_interfaces'
[0.318s] INFO:colcon.colcon_core.shell:Skip shell extension 'powershell' for command environment: Not usable outside of PowerShell
[0.319s] DEBUG:colcon.colcon_core.shell:Skip shell extension 'dsv' for command environment
[0.326s] DEBUG:colcon.colcon_core.event_handler.log_command:Invoking command in '/home/tanakon/fra501_ws/build/my_controller': CMAKE_PREFIX_PATH=${CMAKE_PREFIX_PATH}:/opt/ros/humble /usr/bin/cmake --build /home/tanakon/fra501_ws/build/my_controller -- -j16 -l16
[0.328s] DEBUG:colcon.colcon_core.event_handler.log_command:Invoking command in '/home/tanakon/fra501_ws/build/my_controller_interfaces': CMAKE_PREFIX_PATH=${CMAKE_PREFIX_PATH}:/opt/ros/humble /usr/bin/cmake --build /home/tanakon/fra501_ws/build/my_controller_interfaces -- -j16 -l16
[0.329s] DEBUG:colcon.colcon_core.event_handler.log_command:Invoking command in '/home/tanakon/fra501_ws/build/turtlesim_control': CMAKE_PREFIX_PATH=${CMAKE_PREFIX_PATH}:/opt/ros/humble /usr/bin/cmake --build /home/tanakon/fra501_ws/build/turtlesim_control -- -j16 -l16
[0.331s] DEBUG:colcon.colcon_core.event_handler.log_command:Invoking command in '/home/tanakon/fra501_ws/build/turtlesim_interfaces': CMAKE_PREFIX_PATH=${CMAKE_PREFIX_PATH}:/opt/ros/humble /usr/bin/cmake --build /home/tanakon/fra501_ws/build/turtlesim_interfaces -- -j16 -l16
[0.333s] DEBUG:colcon.colcon_core.event_handler.log_command:Invoking command in '/home/tanakon/fra501_ws/build/turtlesim_plus': CMAKE_PREFIX_PATH=${CMAKE_PREFIX_PATH}:/opt/ros/humble /usr/bin/cmake --build /home/tanakon/fra501_ws/build/turtlesim_plus -- -j16 -l16
[0.337s] DEBUG:colcon.colcon_core.event_handler.log_command:Invoking command in '/home/tanakon/fra501_ws/build/turtlesim_plus_interfaces': CMAKE_PREFIX_PATH=${CMAKE_PREFIX_PATH}:/opt/ros/humble /usr/bin/cmake --build /home/tanakon/fra501_ws/build/turtlesim_plus_interfaces -- -j16 -l16
[0.593s] DEBUG:colcon.colcon_core.event_handler.log_command:Invoked command in '/home/tanakon/fra501_ws/build/my_controller' returned '0': CMAKE_PREFIX_PATH=${CMAKE_PREFIX_PATH}:/opt/ros/humble /usr/bin/cmake --build /home/tanakon/fra501_ws/build/my_controller -- -j16 -l16
[0.598s] DEBUG:colcon.colcon_core.event_handler.log_command:Invoked command in '/home/tanakon/fra501_ws/build/turtlesim_control' returned '0': CMAKE_PREFIX_PATH=${CMAKE_PREFIX_PATH}:/opt/ros/humble /usr/bin/cmake --build /home/tanakon/fra501_ws/build/turtlesim_control -- -j16 -l16
[0.599s] DEBUG:colcon.colcon_core.event_handler.log_command:Invoked command in '/home/tanakon/fra501_ws/build/turtlesim_plus' returned '0': CMAKE_PREFIX_PATH=${CMAKE_PREFIX_PATH}:/opt/ros/humble /usr/bin/cmake --build /home/tanakon/fra501_ws/build/turtlesim_plus -- -j16 -l16
[0.605s] DEBUG:colcon.colcon_core.event_handler.log_command:Invoked command in '/home/tanakon/fra501_ws/build/turtlesim_interfaces' returned '0': CMAKE_PREFIX_PATH=${CMAKE_PREFIX_PATH}:/opt/ros/humble /usr/bin/cmake --build /home/tanakon/fra501_ws/build/turtlesim_interfaces -- -j16 -l16
[0.614s] DEBUG:colcon.colcon_core.event_handler.log_command:Invoking command in '/home/tanakon/fra501_ws/build/my_controller': CMAKE_PREFIX_PATH=${CMAKE_PREFIX_PATH}:/opt/ros/humble /usr/bin/cmake --install /home/tanakon/fra501_ws/build/my_controller
[0.615s] DEBUG:colcon.colcon_core.event_handler.log_command:Invoking command in '/home/tanakon/fra501_ws/build/turtlesim_control': CMAKE_PREFIX_PATH=${CMAKE_PREFIX_PATH}:/opt/ros/humble /usr/bin/cmake --install /home/tanakon/fra501_ws/build/turtlesim_control
[0.616s] DEBUG:colcon.colcon_core.event_handler.log_command:Invoking command in '/home/tanakon/fra501_ws/build/turtlesim_plus': CMAKE_PREFIX_PATH=${CMAKE_PREFIX_PATH}:/opt/ros/humble /usr/bin/cmake --install /home/tanakon/fra501_ws/build/turtlesim_plus
[0.639s] DEBUG:colcon.colcon_core.event_handler.log_command:Invoking command in '/home/tanakon/fra501_ws/build/turtlesim_interfaces': CMAKE_PREFIX_PATH=${CMAKE_PREFIX_PATH}:/opt/ros/humble /usr/bin/cmake --install /home/tanakon/fra501_ws/build/turtlesim_interfaces
[0.642s] DEBUG:colcon.colcon_core.event_handler.log_command:Invoked command in '/home/tanakon/fra501_ws/build/my_controller_interfaces' returned '0': CMAKE_PREFIX_PATH=${CMAKE_PREFIX_PATH}:/opt/ros/humble /usr/bin/cmake --build /home/tanakon/fra501_ws/build/my_controller_interfaces -- -j16 -l16
[0.652s] Level 1:colcon.colcon_core.environment:create_environment_scripts_only(turtlesim_control)
[0.659s] Level 1:colcon.colcon_core.environment:checking '/home/tanakon/fra501_ws/install/turtlesim_control' for CMake module files
[0.659s] Level 1:colcon.colcon_core.environment:checking '/home/tanakon/fra501_ws/install/turtlesim_control' for CMake config files
[0.660s] DEBUG:colcon.colcon_core.event_handler.log_command:Invoked command in '/home/tanakon/fra501_ws/build/turtlesim_control' returned '0': CMAKE_PREFIX_PATH=${CMAKE_PREFIX_PATH}:/opt/ros/humble /usr/bin/cmake --install /home/tanakon/fra501_ws/build/turtlesim_control
[0.660s] Level 1:colcon.colcon_core.shell:create_environment_hook('turtlesim_control', 'cmake_prefix_path')
[0.661s] INFO:colcon.colcon_core.shell:Creating environment hook '/home/tanakon/fra501_ws/install/turtlesim_control/share/turtlesim_control/hook/cmake_prefix_path.ps1'
[0.662s] INFO:colcon.colcon_core.shell:Creating environment descriptor '/home/tanakon/fra501_ws/install/turtlesim_control/share/turtlesim_control/hook/cmake_prefix_path.dsv'
[0.662s] INFO:colcon.colcon_core.shell:Creating environment hook '/home/tanakon/fra501_ws/install/turtlesim_control/share/turtlesim_control/hook/cmake_prefix_path.sh'
[0.663s] Level 1:colcon.colcon_core.environment:checking '/home/tanakon/fra501_ws/install/turtlesim_control/lib'
[0.663s] Level 1:colcon.colcon_core.environment:checking '/home/tanakon/fra501_ws/install/turtlesim_control/bin'
[0.663s] Level 1:colcon.colcon_core.environment:checking '/home/tanakon/fra501_ws/install/turtlesim_control/lib/pkgconfig/turtlesim_control.pc'
[0.663s] Level 1:colcon.colcon_core.environment:checking '/home/tanakon/fra501_ws/install/turtlesim_control/lib/python3.10/site-packages'
[0.663s] Level 1:colcon.colcon_core.environment:checking '/home/tanakon/fra501_ws/install/turtlesim_control/bin'
[0.664s] INFO:colcon.colcon_core.shell:Creating package script '/home/tanakon/fra501_ws/install/turtlesim_control/share/turtlesim_control/package.ps1'
[0.665s] INFO:colcon.colcon_core.shell:Creating package descriptor '/home/tanakon/fra501_ws/install/turtlesim_control/share/turtlesim_control/package.dsv'
[0.665s] INFO:colcon.colcon_core.shell:Creating package script '/home/tanakon/fra501_ws/install/turtlesim_control/share/turtlesim_control/package.sh'
[0.666s] INFO:colcon.colcon_core.shell:Creating package script '/home/tanakon/fra501_ws/install/turtlesim_control/share/turtlesim_control/package.bash'
[0.666s] INFO:colcon.colcon_core.shell:Creating package script '/home/tanakon/fra501_ws/install/turtlesim_control/share/turtlesim_control/package.zsh'
[0.667s] Level 1:colcon.colcon_core.environment:create_file_with_runtime_dependencies(/home/tanakon/fra501_ws/install/turtlesim_control/share/colcon-core/packages/turtlesim_control)
[0.667s] Level 1:colcon.colcon_core.environment:create_environment_scripts_only(my_controller)
[0.669s] Level 1:colcon.colcon_core.environment:checking '/home/tanakon/fra501_ws/install/my_controller' for CMake module files
[0.669s] DEBUG:colcon.colcon_core.event_handler.log_command:Invoked command in '/home/tanakon/fra501_ws/build/my_controller' returned '0': CMAKE_PREFIX_PATH=${CMAKE_PREFIX_PATH}:/opt/ros/humble /usr/bin/cmake --install /home/tanakon/fra501_ws/build/my_controller
[0.670s] Level 1:colcon.colcon_core.environment:checking '/home/tanakon/fra501_ws/install/my_controller' for CMake config files
[0.670s] Level 1:colcon.colcon_core.shell:create_environment_hook('my_controller', 'cmake_prefix_path')
[0.671s] INFO:colcon.colcon_core.shell:Creating environment hook '/home/tanakon/fra501_ws/install/my_controller/share/my_controller/hook/cmake_prefix_path.ps1'
[0.671s] INFO:colcon.colcon_core.shell:Creating environment descriptor '/home/tanakon/fra501_ws/install/my_controller/share/my_controller/hook/cmake_prefix_path.dsv'
[0.671s] INFO:colcon.colcon_core.shell:Creating environment hook '/home/tanakon/fra501_ws/install/my_controller/share/my_controller/hook/cmake_prefix_path.sh'
[0.672s] Level 1:colcon.colcon_core.environment:checking '/home/tanakon/fra501_ws/install/my_controller/lib'
[0.672s] Level 1:colcon.colcon_core.environment:checking '/home/tanakon/fra501_ws/install/my_controller/bin'
[0.672s] Level 1:colcon.colcon_core.environment:checking '/home/tanakon/fra501_ws/install/my_controller/lib/pkgconfig/my_controller.pc'
[0.672s] Level 1:colcon.colcon_core.environment:checking '/home/tanakon/fra501_ws/install/my_controller/lib/python3.10/site-packages'
[0.672s] Level 1:colcon.colcon_core.environment:checking '/home/tanakon/fra501_ws/install/my_controller/bin'
[0.673s] INFO:colcon.colcon_core.shell:Creating package script '/home/tanakon/fra501_ws/install/my_controller/share/my_controller/package.ps1'
[0.673s] INFO:colcon.colcon_core.shell:Creating package descriptor '/home/tanakon/fra501_ws/install/my_controller/share/my_controller/package.dsv'
[0.674s] INFO:colcon.colcon_core.shell:Creating package script '/home/tanakon/fra501_ws/install/my_controller/share/my_controller/package.sh'
[0.674s] INFO:colcon.colcon_core.shell:Creating package script '/home/tanakon/fra501_ws/install/my_controller/share/my_controller/package.bash'
[0.674s] INFO:colcon.colcon_core.shell:Creating package script '/home/tanakon/fra501_ws/install/my_controller/share/my_controller/package.zsh'
[0.674s] Level 1:colcon.colcon_core.environment:create_file_with_runtime_dependencies(/home/tanakon/fra501_ws/install/my_controller/share/colcon-core/packages/my_controller)
[0.676s] DEBUG:colcon.colcon_core.event_handler.log_command:Invoked command in '/home/tanakon/fra501_ws/build/turtlesim_plus_interfaces' returned '0': CMAKE_PREFIX_PATH=${CMAKE_PREFIX_PATH}:/opt/ros/humble /usr/bin/cmake --build /home/tanakon/fra501_ws/build/turtlesim_plus_interfaces -- -j16 -l16
[0.677s] Level 1:colcon.colcon_core.environment:create_environment_scripts_only(turtlesim_plus)
[0.678s] Level 1:colcon.colcon_core.environment:checking '/home/tanakon/fra501_ws/install/turtlesim_plus' for CMake module files
[0.679s] DEBUG:colcon.colcon_core.event_handler.log_command:Invoked command in '/home/tanakon/fra501_ws/build/turtlesim_plus' returned '0': CMAKE_PREFIX_PATH=${CMAKE_PREFIX_PATH}:/opt/ros/humble /usr/bin/cmake --install /home/tanakon/fra501_ws/build/turtlesim_plus
[0.679s] Level 1:colcon.colcon_core.environment:checking '/home/tanakon/fra501_ws/install/turtlesim_plus' for CMake config files
[0.681s] Level 1:colcon.colcon_core.shell:create_environment_hook('turtlesim_plus', 'cmake_prefix_path')
[0.682s] INFO:colcon.colcon_core.shell:Creating environment hook '/home/tanakon/fra501_ws/install/turtlesim_plus/share/turtlesim_plus/hook/cmake_prefix_path.ps1'
[0.682s] INFO:colcon.colcon_core.shell:Creating environment descriptor '/home/tanakon/fra501_ws/install/turtlesim_plus/share/turtlesim_plus/hook/cmake_prefix_path.dsv'
[0.683s] INFO:colcon.colcon_core.shell:Creating environment hook '/home/tanakon/fra501_ws/install/turtlesim_plus/share/turtlesim_plus/hook/cmake_prefix_path.sh'
[0.684s] Level 1:colcon.colcon_core.environment:checking '/home/tanakon/fra501_ws/install/turtlesim_plus/lib'
[0.684s] Level 1:colcon.colcon_core.environment:checking '/home/tanakon/fra501_ws/install/turtlesim_plus/bin'
[0.684s] Level 1:colcon.colcon_core.environment:checking '/home/tanakon/fra501_ws/install/turtlesim_plus/lib/pkgconfig/turtlesim_plus.pc'
[0.684s] Level 1:colcon.colcon_core.environment:checking '/home/tanakon/fra501_ws/install/turtlesim_plus/lib/python3.10/site-packages'
[0.684s] Level 1:colcon.colcon_core.environment:checking '/home/tanakon/fra501_ws/install/turtlesim_plus/bin'
[0.685s] INFO:colcon.colcon_core.shell:Creating package script '/home/tanakon/fra501_ws/install/turtlesim_plus/share/turtlesim_plus/package.ps1'
[0.686s] INFO:colcon.colcon_core.shell:Creating package descriptor '/home/tanakon/fra501_ws/install/turtlesim_plus/share/turtlesim_plus/package.dsv'
[0.686s] INFO:colcon.colcon_core.shell:Creating package script '/home/tanakon/fra501_ws/install/turtlesim_plus/share/turtlesim_plus/package.sh'
[0.686s] INFO:colcon.colcon_core.shell:Creating package script '/home/tanakon/fra501_ws/install/turtlesim_plus/share/turtlesim_plus/package.bash'
[0.687s] INFO:colcon.colcon_core.shell:Creating package script '/home/tanakon/fra501_ws/install/turtlesim_plus/share/turtlesim_plus/package.zsh'
[0.687s] Level 1:colcon.colcon_core.environment:create_file_with_runtime_dependencies(/home/tanakon/fra501_ws/install/turtlesim_plus/share/colcon-core/packages/turtlesim_plus)
[0.689s] DEBUG:colcon.colcon_core.event_handler.log_command:Invoking command in '/home/tanakon/fra501_ws/build/my_controller_interfaces': CMAKE_PREFIX_PATH=${CMAKE_PREFIX_PATH}:/opt/ros/humble /usr/bin/cmake --install /home/tanakon/fra501_ws/build/my_controller_interfaces
[0.689s] Level 1:colcon.colcon_core.environment:create_environment_scripts_only(turtlesim_interfaces)
[0.691s] Level 1:colcon.colcon_core.environment:checking '/home/tanakon/fra501_ws/install/turtlesim_interfaces' for CMake module files
[0.691s] DEBUG:colcon.colcon_core.event_handler.log_command:Invoked command in '/home/tanakon/fra501_ws/build/turtlesim_interfaces' returned '0': CMAKE_PREFIX_PATH=${CMAKE_PREFIX_PATH}:/opt/ros/humble /usr/bin/cmake --install /home/tanakon/fra501_ws/build/turtlesim_interfaces
[0.691s] Level 1:colcon.colcon_core.environment:checking '/home/tanakon/fra501_ws/install/turtlesim_interfaces' for CMake config files
[0.692s] Level 1:colcon.colcon_core.shell:create_environment_hook('turtlesim_interfaces', 'cmake_prefix_path')
[0.693s] INFO:colcon.colcon_core.shell:Creating environment hook '/home/tanakon/fra501_ws/install/turtlesim_interfaces/share/turtlesim_interfaces/hook/cmake_prefix_path.ps1'
[0.693s] INFO:colcon.colcon_core.shell:Creating environment descriptor '/home/tanakon/fra501_ws/install/turtlesim_interfaces/share/turtlesim_interfaces/hook/cmake_prefix_path.dsv'
[0.693s] INFO:colcon.colcon_core.shell:Creating environment hook '/home/tanakon/fra501_ws/install/turtlesim_interfaces/share/turtlesim_interfaces/hook/cmake_prefix_path.sh'
[0.694s] Level 1:colcon.colcon_core.environment:checking '/home/tanakon/fra501_ws/install/turtlesim_interfaces/lib'
[0.694s] Level 1:colcon.colcon_core.shell:create_environment_hook('turtlesim_interfaces', 'ld_library_path_lib')
[0.695s] INFO:colcon.colcon_core.shell:Creating environment hook '/home/tanakon/fra501_ws/install/turtlesim_interfaces/share/turtlesim_interfaces/hook/ld_library_path_lib.ps1'
[0.696s] INFO:colcon.colcon_core.shell:Creating environment descriptor '/home/tanakon/fra501_ws/install/turtlesim_interfaces/share/turtlesim_interfaces/hook/ld_library_path_lib.dsv'
[0.696s] INFO:colcon.colcon_core.shell:Creating environment hook '/home/tanakon/fra501_ws/install/turtlesim_interfaces/share/turtlesim_interfaces/hook/ld_library_path_lib.sh'
[0.697s] Level 1:colcon.colcon_core.environment:checking '/home/tanakon/fra501_ws/install/turtlesim_interfaces/bin'
[0.697s] Level 1:colcon.colcon_core.environment:checking '/home/tanakon/fra501_ws/install/turtlesim_interfaces/lib/pkgconfig/turtlesim_interfaces.pc'
[0.697s] Level 1:colcon.colcon_core.environment:checking '/home/tanakon/fra501_ws/install/turtlesim_interfaces/lib/python3.10/site-packages'
[0.697s] Level 1:colcon.colcon_core.environment:checking '/home/tanakon/fra501_ws/install/turtlesim_interfaces/bin'
[0.698s] INFO:colcon.colcon_core.shell:Creating package script '/home/tanakon/fra501_ws/install/turtlesim_interfaces/share/turtlesim_interfaces/package.ps1'
[0.699s] INFO:colcon.colcon_core.shell:Creating package descriptor '/home/tanakon/fra501_ws/install/turtlesim_interfaces/share/turtlesim_interfaces/package.dsv'
[0.699s] INFO:colcon.colcon_core.shell:Creating package script '/home/tanakon/fra501_ws/install/turtlesim_interfaces/share/turtlesim_interfaces/package.sh'
[0.700s] INFO:colcon.colcon_core.shell:Creating package script '/home/tanakon/fra501_ws/install/turtlesim_interfaces/share/turtlesim_interfaces/package.bash'
[0.700s] INFO:colcon.colcon_core.shell:Creating package script '/home/tanakon/fra501_ws/install/turtlesim_interfaces/share/turtlesim_interfaces/package.zsh'
[0.701s] Level 1:colcon.colcon_core.environment:create_file_with_runtime_dependencies(/home/tanakon/fra501_ws/install/turtlesim_interfaces/share/colcon-core/packages/turtlesim_interfaces)
[0.703s] Level 1:colcon.colcon_core.environment:create_environment_scripts_only(turtlesim_control)
[0.704s] Level 1:colcon.colcon_core.environment:checking '/home/tanakon/fra501_ws/install/turtlesim_control' for CMake module files
[0.705s] Level 1:colcon.colcon_core.environment:checking '/home/tanakon/fra501_ws/install/turtlesim_control' for CMake config files
[0.706s] Level 1:colcon.colcon_core.shell:create_environment_hook('turtlesim_control', 'cmake_prefix_path')
[0.707s] INFO:colcon.colcon_core.shell:Creating environment hook '/home/tanakon/fra501_ws/install/turtlesim_control/share/turtlesim_control/hook/cmake_prefix_path.ps1'
[0.707s] INFO:colcon.colcon_core.shell:Creating environment descriptor '/home/tanakon/fra501_ws/install/turtlesim_control/share/turtlesim_control/hook/cmake_prefix_path.dsv'
[0.708s] INFO:colcon.colcon_core.shell:Creating environment hook '/home/tanakon/fra501_ws/install/turtlesim_control/share/turtlesim_control/hook/cmake_prefix_path.sh'
[0.708s] Level 1:colcon.colcon_core.environment:checking '/home/tanakon/fra501_ws/install/turtlesim_control/lib'
[0.708s] Level 1:colcon.colcon_core.environment:checking '/home/tanakon/fra501_ws/install/turtlesim_control/bin'
[0.708s] Level 1:colcon.colcon_core.environment:checking '/home/tanakon/fra501_ws/install/turtlesim_control/lib/pkgconfig/turtlesim_control.pc'
[0.708s] Level 1:colcon.colcon_core.environment:checking '/home/tanakon/fra501_ws/install/turtlesim_control/lib/python3.10/site-packages'
[0.708s] Level 1:colcon.colcon_core.environment:checking '/home/tanakon/fra501_ws/install/turtlesim_control/bin'
[0.709s] INFO:colcon.colcon_core.shell:Creating package script '/home/tanakon/fra501_ws/install/turtlesim_control/share/turtlesim_control/package.ps1'
[0.710s] INFO:colcon.colcon_core.shell:Creating package descriptor '/home/tanakon/fra501_ws/install/turtlesim_control/share/turtlesim_control/package.dsv'
[0.710s] INFO:colcon.colcon_core.shell:Creating package script '/home/tanakon/fra501_ws/install/turtlesim_control/share/turtlesim_control/package.sh'
[0.711s] INFO:colcon.colcon_core.shell:Creating package script '/home/tanakon/fra501_ws/install/turtlesim_control/share/turtlesim_control/package.bash'
[0.711s] INFO:colcon.colcon_core.shell:Creating package script '/home/tanakon/fra501_ws/install/turtlesim_control/share/turtlesim_control/package.zsh'
[0.711s] Level 1:colcon.colcon_core.environment:create_file_with_runtime_dependencies(/home/tanakon/fra501_ws/install/turtlesim_control/share/colcon-core/packages/turtlesim_control)
[0.713s] Level 1:colcon.colcon_core.environment:create_environment_scripts_only(my_controller)
[0.714s] Level 1:colcon.colcon_core.environment:checking '/home/tanakon/fra501_ws/install/my_controller' for CMake module files
[0.714s] Level 1:colcon.colcon_core.environment:checking '/home/tanakon/fra501_ws/install/my_controller' for CMake config files
[0.714s] Level 1:colcon.colcon_core.shell:create_environment_hook('my_controller', 'cmake_prefix_path')
[0.715s] INFO:colcon.colcon_core.shell:Creating environment hook '/home/tanakon/fra501_ws/install/my_controller/share/my_controller/hook/cmake_prefix_path.ps1'
[0.715s] INFO:colcon.colcon_core.shell:Creating environment descriptor '/home/tanakon/fra501_ws/install/my_controller/share/my_controller/hook/cmake_prefix_path.dsv'
[0.716s] INFO:colcon.colcon_core.shell:Creating environment hook '/home/tanakon/fra501_ws/install/my_controller/share/my_controller/hook/cmake_prefix_path.sh'
[0.716s] Level 1:colcon.colcon_core.environment:checking '/home/tanakon/fra501_ws/install/my_controller/lib'
[0.716s] Level 1:colcon.colcon_core.environment:checking '/home/tanakon/fra501_ws/install/my_controller/bin'
[0.716s] Level 1:colcon.colcon_core.environment:checking '/home/tanakon/fra501_ws/install/my_controller/lib/pkgconfig/my_controller.pc'
[0.716s] Level 1:colcon.colcon_core.environment:checking '/home/tanakon/fra501_ws/install/my_controller/lib/python3.10/site-packages'
[0.716s] Level 1:colcon.colcon_core.environment:checking '/home/tanakon/fra501_ws/install/my_controller/bin'
[0.717s] INFO:colcon.colcon_core.shell:Creating package script '/home/tanakon/fra501_ws/install/my_controller/share/my_controller/package.ps1'
[0.718s] INFO:colcon.colcon_core.shell:Creating package descriptor '/home/tanakon/fra501_ws/install/my_controller/share/my_controller/package.dsv'
[0.718s] INFO:colcon.colcon_core.shell:Creating package script '/home/tanakon/fra501_ws/install/my_controller/share/my_controller/package.sh'
[0.719s] INFO:colcon.colcon_core.shell:Creating package script '/home/tanakon/fra501_ws/install/my_controller/share/my_controller/package.bash'
[0.719s] INFO:colcon.colcon_core.shell:Creating package script '/home/tanakon/fra501_ws/install/my_controller/share/my_controller/package.zsh'
[0.719s] Level 1:colcon.colcon_core.environment:create_file_with_runtime_dependencies(/home/tanakon/fra501_ws/install/my_controller/share/colcon-core/packages/my_controller)
[0.721s] Level 1:colcon.colcon_core.environment:create_environment_scripts_only(turtlesim_plus)
[0.722s] Level 1:colcon.colcon_core.environment:checking '/home/tanakon/fra501_ws/install/turtlesim_plus' for CMake module files
[0.723s] Level 1:colcon.colcon_core.environment:checking '/home/tanakon/fra501_ws/install/turtlesim_plus' for CMake config files
[0.724s] Level 1:colcon.colcon_core.shell:create_environment_hook('turtlesim_plus', 'cmake_prefix_path')
[0.725s] INFO:colcon.colcon_core.shell:Creating environment hook '/home/tanakon/fra501_ws/install/turtlesim_plus/share/turtlesim_plus/hook/cmake_prefix_path.ps1'
[0.726s] INFO:colcon.colcon_core.shell:Creating environment descriptor '/home/tanakon/fra501_ws/install/turtlesim_plus/share/turtlesim_plus/hook/cmake_prefix_path.dsv'
[0.726s] INFO:colcon.colcon_core.shell:Creating environment hook '/home/tanakon/fra501_ws/install/turtlesim_plus/share/turtlesim_plus/hook/cmake_prefix_path.sh'
[0.727s] Level 1:colcon.colcon_core.environment:checking '/home/tanakon/fra501_ws/install/turtlesim_plus/lib'
[0.727s] Level 1:colcon.colcon_core.environment:checking '/home/tanakon/fra501_ws/install/turtlesim_plus/bin'
[0.727s] Level 1:colcon.colcon_core.environment:checking '/home/tanakon/fra501_ws/install/turtlesim_plus/lib/pkgconfig/turtlesim_plus.pc'
[0.728s] Level 1:colcon.colcon_core.environment:checking '/home/tanakon/fra501_ws/install/turtlesim_plus/lib/python3.10/site-packages'
[0.728s] Level 1:colcon.colcon_core.environment:checking '/home/tanakon/fra501_ws/install/turtlesim_plus/bin'
[0.729s] INFO:colcon.colcon_core.shell:Creating package script '/home/tanakon/fra501_ws/install/turtlesim_plus/share/turtlesim_plus/package.ps1'
[0.729s] INFO:colcon.colcon_core.shell:Creating package descriptor '/home/tanakon/fra501_ws/install/turtlesim_plus/share/turtlesim_plus/package.dsv'
[0.730s] INFO:colcon.colcon_core.shell:Creating package script '/home/tanakon/fra501_ws/install/turtlesim_plus/share/turtlesim_plus/package.sh'
[0.730s] INFO:colcon.colcon_core.shell:Creating package script '/home/tanakon/fra501_ws/install/turtlesim_plus/share/turtlesim_plus/package.bash'
[0.730s] INFO:colcon.colcon_core.shell:Creating package script '/home/tanakon/fra501_ws/install/turtlesim_plus/share/turtlesim_plus/package.zsh'
[0.730s] Level 1:colcon.colcon_core.environment:create_file_with_runtime_dependencies(/home/tanakon/fra501_ws/install/turtlesim_plus/share/colcon-core/packages/turtlesim_plus)
[0.732s] Level 1:colcon.colcon_core.environment:create_environment_scripts_only(turtlesim_interfaces)
[0.733s] Level 1:colcon.colcon_core.environment:checking '/home/tanakon/fra501_ws/install/turtlesim_interfaces' for CMake module files
[0.733s] Level 1:colcon.colcon_core.environment:checking '/home/tanakon/fra501_ws/install/turtlesim_interfaces' for CMake config files
[0.734s] Level 1:colcon.colcon_core.shell:create_environment_hook('turtlesim_interfaces', 'cmake_prefix_path')
[0.734s] INFO:colcon.colcon_core.shell:Creating environment hook '/home/tanakon/fra501_ws/install/turtlesim_interfaces/share/turtlesim_interfaces/hook/cmake_prefix_path.ps1'
[0.735s] INFO:colcon.colcon_core.shell:Creating environment descriptor '/home/tanakon/fra501_ws/install/turtlesim_interfaces/share/turtlesim_interfaces/hook/cmake_prefix_path.dsv'
[0.735s] INFO:colcon.colcon_core.shell:Creating environment hook '/home/tanakon/fra501_ws/install/turtlesim_interfaces/share/turtlesim_interfaces/hook/cmake_prefix_path.sh'
[0.735s] Level 1:colcon.colcon_core.environment:checking '/home/tanakon/fra501_ws/install/turtlesim_interfaces/lib'
[0.735s] Level 1:colcon.colcon_core.shell:create_environment_hook('turtlesim_interfaces', 'ld_library_path_lib')
[0.736s] INFO:colcon.colcon_core.shell:Creating environment hook '/home/tanakon/fra501_ws/install/turtlesim_interfaces/share/turtlesim_interfaces/hook/ld_library_path_lib.ps1'
[0.736s] INFO:colcon.colcon_core.shell:Creating environment descriptor '/home/tanakon/fra501_ws/install/turtlesim_interfaces/share/turtlesim_interfaces/hook/ld_library_path_lib.dsv'
[0.736s] INFO:colcon.colcon_core.shell:Creating environment hook '/home/tanakon/fra501_ws/install/turtlesim_interfaces/share/turtlesim_interfaces/hook/ld_library_path_lib.sh'
[0.736s] Level 1:colcon.colcon_core.environment:checking '/home/tanakon/fra501_ws/install/turtlesim_interfaces/bin'
[0.737s] Level 1:colcon.colcon_core.environment:checking '/home/tanakon/fra501_ws/install/turtlesim_interfaces/lib/pkgconfig/turtlesim_interfaces.pc'
[0.737s] Level 1:colcon.colcon_core.environment:checking '/home/tanakon/fra501_ws/install/turtlesim_interfaces/lib/python3.10/site-packages'
[0.737s] Level 1:colcon.colcon_core.environment:checking '/home/tanakon/fra501_ws/install/turtlesim_interfaces/bin'
[0.738s] INFO:colcon.colcon_core.shell:Creating package script '/home/tanakon/fra501_ws/install/turtlesim_interfaces/share/turtlesim_interfaces/package.ps1'
[0.738s] INFO:colcon.colcon_core.shell:Creating package descriptor '/home/tanakon/fra501_ws/install/turtlesim_interfaces/share/turtlesim_interfaces/package.dsv'
[0.738s] INFO:colcon.colcon_core.shell:Creating package script '/home/tanakon/fra501_ws/install/turtlesim_interfaces/share/turtlesim_interfaces/package.sh'
[0.738s] INFO:colcon.colcon_core.shell:Creating package script '/home/tanakon/fra501_ws/install/turtlesim_interfaces/share/turtlesim_interfaces/package.bash'
[0.739s] INFO:colcon.colcon_core.shell:Creating package script '/home/tanakon/fra501_ws/install/turtlesim_interfaces/share/turtlesim_interfaces/package.zsh'
[0.739s] Level 1:colcon.colcon_core.environment:create_file_with_runtime_dependencies(/home/tanakon/fra501_ws/install/turtlesim_interfaces/share/colcon-core/packages/turtlesim_interfaces)
[0.740s] Level 1:colcon.colcon_core.environment:create_environment_scripts_only(my_controller_interfaces)
[0.741s] Level 1:colcon.colcon_core.environment:checking '/home/tanakon/fra501_ws/install/my_controller_interfaces' for CMake module files
[0.741s] DEBUG:colcon.colcon_core.event_handler.log_command:Invoking command in '/home/tanakon/fra501_ws/build/turtlesim_plus_interfaces': CMAKE_PREFIX_PATH=${CMAKE_PREFIX_PATH}:/opt/ros/humble /usr/bin/cmake --install /home/tanakon/fra501_ws/build/turtlesim_plus_interfaces
[0.742s] DEBUG:colcon.colcon_core.event_handler.log_command:Invoked command in '/home/tanakon/fra501_ws/build/my_controller_interfaces' returned '0': CMAKE_PREFIX_PATH=${CMAKE_PREFIX_PATH}:/opt/ros/humble /usr/bin/cmake --install /home/tanakon/fra501_ws/build/my_controller_interfaces
[0.742s] Level 1:colcon.colcon_core.environment:checking '/home/tanakon/fra501_ws/install/my_controller_interfaces' for CMake config files
[0.742s] Level 1:colcon.colcon_core.shell:create_environment_hook('my_controller_interfaces', 'cmake_prefix_path')
[0.743s] INFO:colcon.colcon_core.shell:Creating environment hook '/home/tanakon/fra501_ws/install/my_controller_interfaces/share/my_controller_interfaces/hook/cmake_prefix_path.ps1'
[0.743s] INFO:colcon.colcon_core.shell:Creating environment descriptor '/home/tanakon/fra501_ws/install/my_controller_interfaces/share/my_controller_interfaces/hook/cmake_prefix_path.dsv'
[0.743s] INFO:colcon.colcon_core.shell:Creating environment hook '/home/tanakon/fra501_ws/install/my_controller_interfaces/share/my_controller_interfaces/hook/cmake_prefix_path.sh'
[0.744s] Level 1:colcon.colcon_core.environment:checking '/home/tanakon/fra501_ws/install/my_controller_interfaces/lib'
[0.744s] Level 1:colcon.colcon_core.shell:create_environment_hook('my_controller_interfaces', 'ld_library_path_lib')
[0.744s] INFO:colcon.colcon_core.shell:Creating environment hook '/home/tanakon/fra501_ws/install/my_controller_interfaces/share/my_controller_interfaces/hook/ld_library_path_lib.ps1'
[0.745s] INFO:colcon.colcon_core.shell:Creating environment descriptor '/home/tanakon/fra501_ws/install/my_controller_interfaces/share/my_controller_interfaces/hook/ld_library_path_lib.dsv'
[0.745s] INFO:colcon.colcon_core.shell:Creating environment hook '/home/tanakon/fra501_ws/install/my_controller_interfaces/share/my_controller_interfaces/hook/ld_library_path_lib.sh'
[0.745s] Level 1:colcon.colcon_core.environment:checking '/home/tanakon/fra501_ws/install/my_controller_interfaces/bin'
[0.745s] Level 1:colcon.colcon_core.environment:checking '/home/tanakon/fra501_ws/install/my_controller_interfaces/lib/pkgconfig/my_controller_interfaces.pc'
[0.745s] Level 1:colcon.colcon_core.environment:checking '/home/tanakon/fra501_ws/install/my_controller_interfaces/lib/python3.10/site-packages'
[0.745s] Level 1:colcon.colcon_core.environment:checking '/home/tanakon/fra501_ws/install/my_controller_interfaces/bin'
[0.746s] INFO:colcon.colcon_core.shell:Creating package script '/home/tanakon/fra501_ws/install/my_controller_interfaces/share/my_controller_interfaces/package.ps1'
[0.746s] INFO:colcon.colcon_core.shell:Creating package descriptor '/home/tanakon/fra501_ws/install/my_controller_interfaces/share/my_controller_interfaces/package.dsv'
[0.747s] INFO:colcon.colcon_core.shell:Creating package script '/home/tanakon/fra501_ws/install/my_controller_interfaces/share/my_controller_interfaces/package.sh'
[0.747s] INFO:colcon.colcon_core.shell:Creating package script '/home/tanakon/fra501_ws/install/my_controller_interfaces/share/my_controller_interfaces/package.bash'
[0.747s] INFO:colcon.colcon_core.shell:Creating package script '/home/tanakon/fra501_ws/install/my_controller_interfaces/share/my_controller_interfaces/package.zsh'
[0.747s] Level 1:colcon.colcon_core.environment:create_file_with_runtime_dependencies(/home/tanakon/fra501_ws/install/my_controller_interfaces/share/colcon-core/packages/my_controller_interfaces)
[0.778s] Level 1:colcon.colcon_core.environment:create_environment_scripts_only(turtlesim_plus_interfaces)
[0.780s] Level 1:colcon.colcon_core.environment:checking '/home/tanakon/fra501_ws/install/turtlesim_plus_interfaces' for CMake module files
[0.780s] DEBUG:colcon.colcon_core.event_handler.log_command:Invoked command in '/home/tanakon/fra501_ws/build/turtlesim_plus_interfaces' returned '0': CMAKE_PREFIX_PATH=${CMAKE_PREFIX_PATH}:/opt/ros/humble /usr/bin/cmake --install /home/tanakon/fra501_ws/build/turtlesim_plus_interfaces
[0.781s] Level 1:colcon.colcon_core.environment:checking '/home/tanakon/fra501_ws/install/turtlesim_plus_interfaces' for CMake config files
[0.781s] Level 1:colcon.colcon_core.shell:create_environment_hook('turtlesim_plus_interfaces', 'cmake_prefix_path')
[0.782s] INFO:colcon.colcon_core.shell:Creating environment hook '/home/tanakon/fra501_ws/install/turtlesim_plus_interfaces/share/turtlesim_plus_interfaces/hook/cmake_prefix_path.ps1'
[0.782s] INFO:colcon.colcon_core.shell:Creating environment descriptor '/home/tanakon/fra501_ws/install/turtlesim_plus_interfaces/share/turtlesim_plus_interfaces/hook/cmake_prefix_path.dsv'
[0.782s] INFO:colcon.colcon_core.shell:Creating environment hook '/home/tanakon/fra501_ws/install/turtlesim_plus_interfaces/share/turtlesim_plus_interfaces/hook/cmake_prefix_path.sh'
[0.783s] Level 1:colcon.colcon_core.environment:checking '/home/tanakon/fra501_ws/install/turtlesim_plus_interfaces/lib'
[0.783s] Level 1:colcon.colcon_core.shell:create_environment_hook('turtlesim_plus_interfaces', 'ld_library_path_lib')
[0.783s] INFO:colcon.colcon_core.shell:Creating environment hook '/home/tanakon/fra501_ws/install/turtlesim_plus_interfaces/share/turtlesim_plus_interfaces/hook/ld_library_path_lib.ps1'
[0.784s] INFO:colcon.colcon_core.shell:Creating environment descriptor '/home/tanakon/fra501_ws/install/turtlesim_plus_interfaces/share/turtlesim_plus_interfaces/hook/ld_library_path_lib.dsv'
[0.784s] INFO:colcon.colcon_core.shell:Creating environment hook '/home/tanakon/fra501_ws/install/turtlesim_plus_interfaces/share/turtlesim_plus_interfaces/hook/ld_library_path_lib.sh'
[0.784s] Level 1:colcon.colcon_core.environment:checking '/home/tanakon/fra501_ws/install/turtlesim_plus_interfaces/bin'
[0.784s] Level 1:colcon.colcon_core.environment:checking '/home/tanakon/fra501_ws/install/turtlesim_plus_interfaces/lib/pkgconfig/turtlesim_plus_interfaces.pc'
[0.784s] Level 1:colcon.colcon_core.environment:checking '/home/tanakon/fra501_ws/install/turtlesim_plus_interfaces/lib/python3.10/site-packages'
[0.784s] Level 1:colcon.colcon_core.environment:checking '/home/tanakon/fra501_ws/install/turtlesim_plus_interfaces/bin'
[0.785s] INFO:colcon.colcon_core.shell:Creating package script '/home/tanakon/fra501_ws/install/turtlesim_plus_interfaces/share/turtlesim_plus_interfaces/package.ps1'
[0.785s] INFO:colcon.colcon_core.shell:Creating package descriptor '/home/tanakon/fra501_ws/install/turtlesim_plus_interfaces/share/turtlesim_plus_interfaces/package.dsv'
[0.786s] INFO:colcon.colcon_core.shell:Creating package script '/home/tanakon/fra501_ws/install/turtlesim_plus_interfaces/share/turtlesim_plus_interfaces/package.sh'
[0.786s] INFO:colcon.colcon_core.shell:Creating package script '/home/tanakon/fra501_ws/install/turtlesim_plus_interfaces/share/turtlesim_plus_interfaces/package.bash'
[0.786s] INFO:colcon.colcon_core.shell:Creating package script '/home/tanakon/fra501_ws/install/turtlesim_plus_interfaces/share/turtlesim_plus_interfaces/package.zsh'
[0.786s] Level 1:colcon.colcon_core.environment:create_file_with_runtime_dependencies(/home/tanakon/fra501_ws/install/turtlesim_plus_interfaces/share/colcon-core/packages/turtlesim_plus_interfaces)
[0.788s] Level 1:colcon.colcon_core.environment:create_environment_scripts_only(my_controller_interfaces)
[0.789s] Level 1:colcon.colcon_core.environment:checking '/home/tanakon/fra501_ws/install/my_controller_interfaces' for CMake module files
[0.790s] Level 1:colcon.colcon_core.environment:checking '/home/tanakon/fra501_ws/install/my_controller_interfaces' for CMake config files
[0.790s] Level 1:colcon.colcon_core.shell:create_environment_hook('my_controller_interfaces', 'cmake_prefix_path')
[0.791s] INFO:colcon.colcon_core.shell:Creating environment hook '/home/tanakon/fra501_ws/install/my_controller_interfaces/share/my_controller_interfaces/hook/cmake_prefix_path.ps1'
[0.791s] INFO:colcon.colcon_core.shell:Creating environment descriptor '/home/tanakon/fra501_ws/install/my_controller_interfaces/share/my_controller_interfaces/hook/cmake_prefix_path.dsv'
[0.791s] INFO:colcon.colcon_core.shell:Creating environment hook '/home/tanakon/fra501_ws/install/my_controller_interfaces/share/my_controller_interfaces/hook/cmake_prefix_path.sh'
[0.792s] Level 1:colcon.colcon_core.environment:checking '/home/tanakon/fra501_ws/install/my_controller_interfaces/lib'
[0.792s] Level 1:colcon.colcon_core.shell:create_environment_hook('my_controller_interfaces', 'ld_library_path_lib')
[0.793s] INFO:colcon.colcon_core.shell:Creating environment hook '/home/tanakon/fra501_ws/install/my_controller_interfaces/share/my_controller_interfaces/hook/ld_library_path_lib.ps1'
[0.793s] INFO:colcon.colcon_core.shell:Creating environment descriptor '/home/tanakon/fra501_ws/install/my_controller_interfaces/share/my_controller_interfaces/hook/ld_library_path_lib.dsv'
[0.793s] INFO:colcon.colcon_core.shell:Creating environment hook '/home/tanakon/fra501_ws/install/my_controller_interfaces/share/my_controller_interfaces/hook/ld_library_path_lib.sh'
[0.793s] Level 1:colcon.colcon_core.environment:checking '/home/tanakon/fra501_ws/install/my_controller_interfaces/bin'
[0.793s] Level 1:colcon.colcon_core.environment:checking '/home/tanakon/fra501_ws/install/my_controller_interfaces/lib/pkgconfig/my_controller_interfaces.pc'
[0.793s] Level 1:colcon.colcon_core.environment:checking '/home/tanakon/fra501_ws/install/my_controller_interfaces/lib/python3.10/site-packages'
[0.794s] Level 1:colcon.colcon_core.environment:checking '/home/tanakon/fra501_ws/install/my_controller_interfaces/bin'
[0.794s] INFO:colcon.colcon_core.shell:Creating package script '/home/tanakon/fra501_ws/install/my_controller_interfaces/share/my_controller_interfaces/package.ps1'
[0.795s] INFO:colcon.colcon_core.shell:Creating package descriptor '/home/tanakon/fra501_ws/install/my_controller_interfaces/share/my_controller_interfaces/package.dsv'
[0.795s] INFO:colcon.colcon_core.shell:Creating package script '/home/tanakon/fra501_ws/install/my_controller_interfaces/share/my_controller_interfaces/package.sh'
[0.795s] INFO:colcon.colcon_core.shell:Creating package script '/home/tanakon/fra501_ws/install/my_controller_interfaces/share/my_controller_interfaces/package.bash'
[0.796s] INFO:colcon.colcon_core.shell:Creating package script '/home/tanakon/fra501_ws/install/my_controller_interfaces/share/my_controller_interfaces/package.zsh'
[0.796s] Level 1:colcon.colcon_core.environment:create_file_with_runtime_dependencies(/home/tanakon/fra501_ws/install/my_controller_interfaces/share/colcon-core/packages/my_controller_interfaces)
[0.849s] Level 1:colcon.colcon_core.environment:create_environment_scripts_only(turtlesim_plus_interfaces)
[0.850s] Level 1:colcon.colcon_core.environment:checking '/home/tanakon/fra501_ws/install/turtlesim_plus_interfaces' for CMake module files
[0.851s] Level 1:colcon.colcon_core.environment:checking '/home/tanakon/fra501_ws/install/turtlesim_plus_interfaces' for CMake config files
[0.851s] Level 1:colcon.colcon_core.shell:create_environment_hook('turtlesim_plus_interfaces', 'cmake_prefix_path')
[0.852s] INFO:colcon.colcon_core.shell:Creating environment hook '/home/tanakon/fra501_ws/install/turtlesim_plus_interfaces/share/turtlesim_plus_interfaces/hook/cmake_prefix_path.ps1'
[0.852s] INFO:colcon.colcon_core.shell:Creating environment descriptor '/home/tanakon/fra501_ws/install/turtlesim_plus_interfaces/share/turtlesim_plus_interfaces/hook/cmake_prefix_path.dsv'
[0.852s] INFO:colcon.colcon_core.shell:Creating environment hook '/home/tanakon/fra501_ws/install/turtlesim_plus_interfaces/share/turtlesim_plus_interfaces/hook/cmake_prefix_path.sh'
[0.853s] Level 1:colcon.colcon_core.environment:checking '/home/tanakon/fra501_ws/install/turtlesim_plus_interfaces/lib'
[0.853s] Level 1:colcon.colcon_core.shell:create_environment_hook('turtlesim_plus_interfaces', 'ld_library_path_lib')
[0.853s] INFO:colcon.colcon_core.shell:Creating environment hook '/home/tanakon/fra501_ws/install/turtlesim_plus_interfaces/share/turtlesim_plus_interfaces/hook/ld_library_path_lib.ps1'
[0.854s] INFO:colcon.colcon_core.shell:Creating environment descriptor '/home/tanakon/fra501_ws/install/turtlesim_plus_interfaces/share/turtlesim_plus_interfaces/hook/ld_library_path_lib.dsv'
[0.854s] INFO:colcon.colcon_core.shell:Creating environment hook '/home/tanakon/fra501_ws/install/turtlesim_plus_interfaces/share/turtlesim_plus_interfaces/hook/ld_library_path_lib.sh'
[0.854s] Level 1:colcon.colcon_core.environment:checking '/home/tanakon/fra501_ws/install/turtlesim_plus_interfaces/bin'
[0.854s] Level 1:colcon.colcon_core.environment:checking '/home/tanakon/fra501_ws/install/turtlesim_plus_interfaces/lib/pkgconfig/turtlesim_plus_interfaces.pc'
[0.854s] Level 1:colcon.colcon_core.environment:checking '/home/tanakon/fra501_ws/install/turtlesim_plus_interfaces/lib/python3.10/site-packages'
[0.854s] Level 1:colcon.colcon_core.environment:checking '/home/tanakon/fra501_ws/install/turtlesim_plus_interfaces/bin'
[0.855s] INFO:colcon.colcon_core.shell:Creating package script '/home/tanakon/fra501_ws/install/turtlesim_plus_interfaces/share/turtlesim_plus_interfaces/package.ps1'
[0.855s] INFO:colcon.colcon_core.shell:Creating package descriptor '/home/tanakon/fra501_ws/install/turtlesim_plus_interfaces/share/turtlesim_plus_interfaces/package.dsv'
[0.856s] INFO:colcon.colcon_core.shell:Creating package script '/home/tanakon/fra501_ws/install/turtlesim_plus_interfaces/share/turtlesim_plus_interfaces/package.sh'
[0.856s] INFO:colcon.colcon_core.shell:Creating package script '/home/tanakon/fra501_ws/install/turtlesim_plus_interfaces/share/turtlesim_plus_interfaces/package.bash'
[0.856s] INFO:colcon.colcon_core.shell:Creating package script '/home/tanakon/fra501_ws/install/turtlesim_plus_interfaces/share/turtlesim_plus_interfaces/package.zsh'
[0.856s] Level 1:colcon.colcon_core.environment:create_file_with_runtime_dependencies(/home/tanakon/fra501_ws/install/turtlesim_plus_interfaces/share/colcon-core/packages/turtlesim_plus_interfaces)
[0.857s] DEBUG:colcon.colcon_parallel_executor.executor.parallel:closing loop
[0.857s] DEBUG:colcon.colcon_parallel_executor.executor.parallel:loop closed
[0.857s] DEBUG:colcon.colcon_parallel_executor.executor.parallel:run_until_complete finished with '0'
[0.857s] DEBUG:colcon.colcon_core.event_reactor:joining thread
[0.861s] INFO:colcon.colcon_core.plugin_system:Skipping extension 'colcon_notification.desktop_notification.terminal_notifier': Not used on non-Darwin systems
[0.861s] INFO:colcon.colcon_core.plugin_system:Skipping extension 'colcon_notification.desktop_notification.win32': Not used on non-Windows systems
[0.861s] INFO:colcon.colcon_notification.desktop_notification:Sending desktop notification using 'notify2'
[0.868s] DEBUG:colcon.colcon_core.event_reactor:joined thread
[0.870s] INFO:colcon.colcon_core.shell:Creating prefix script '/home/tanakon/fra501_ws/install/local_setup.ps1'
[0.870s] INFO:colcon.colcon_core.shell:Creating prefix util module '/home/tanakon/fra501_ws/install/_local_setup_util_ps1.py'
[0.871s] INFO:colcon.colcon_core.shell:Creating prefix chain script '/home/tanakon/fra501_ws/install/setup.ps1'
[0.872s] INFO:colcon.colcon_core.shell:Creating prefix script '/home/tanakon/fra501_ws/install/local_setup.sh'
[0.872s] INFO:colcon.colcon_core.shell:Creating prefix util module '/home/tanakon/fra501_ws/install/_local_setup_util_sh.py'
[0.873s] INFO:colcon.colcon_core.shell:Creating prefix chain script '/home/tanakon/fra501_ws/install/setup.sh'
[0.874s] INFO:colcon.colcon_core.shell:Creating prefix script '/home/tanakon/fra501_ws/install/local_setup.bash'
[0.874s] INFO:colcon.colcon_core.shell:Creating prefix chain script '/home/tanakon/fra501_ws/install/setup.bash'
[0.875s] INFO:colcon.colcon_core.shell:Creating prefix script '/home/tanakon/fra501_ws/install/local_setup.zsh'
[0.875s] INFO:colcon.colcon_core.shell:Creating prefix chain script '/home/tanakon/fra501_ws/install/setup.zsh'
