[0.026s] Invoking command in '/home/tanakon/fra501_ws/build/my_controller_interfaces': CMAKE_PREFIX_PATH=${CMAKE_PREFIX_PATH}:/opt/ros/humble /usr/bin/cmake --build /home/tanakon/fra501_ws/build/my_controller_interfaces -- -j16 -l16
[0.058s] [  9%] Built target my_controller_interfaces__rosidl_generator_c
[0.059s] [ 12%] Built target my_controller_interfaces__cpp
[0.067s] [ 12%] Built target ament_cmake_python_copy_my_controller_interfaces
[0.078s] [ 22%] Built target my_controller_interfaces__rosidl_typesupport_c
[0.085s] [ 32%] Built target my_controller_interfaces__rosidl_typesupport_introspection_c
[0.085s] [ 41%] Built target my_controller_interfaces__rosidl_typesupport_fastrtps_c
[0.092s] [ 51%] Built target my_controller_interfaces__rosidl_typesupport_cpp
[0.093s] [ 61%] Built target my_controller_interfaces__rosidl_typesupport_fastrtps_cpp
[0.094s] [ 70%] Built target my_controller_interfaces__rosidl_typesupport_introspection_cpp
[0.112s] [ 70%] Built target my_controller_interfaces
[0.127s] [ 74%] Built target my_controller_interfaces__py
[0.142s] [ 80%] Built target my_controller_interfaces__rosidl_generator_py
[0.163s] [ 93%] Built target my_controller_interfaces__rosidl_typesupport_introspection_c__pyext
[0.163s] [ 93%] Built target my_controller_interfaces__rosidl_typesupport_fastrtps_c__pyext
[0.163s] [100%] Built target my_controller_interfaces__rosidl_typesupport_c__pyext
[0.298s] running egg_info
[0.299s] writing my_controller_interfaces.egg-info/PKG-INFO
[0.299s] writing dependency_links to my_controller_interfaces.egg-info/dependency_links.txt
[0.299s] writing top-level names to my_controller_interfaces.egg-info/top_level.txt
[0.300s] reading manifest file 'my_controller_interfaces.egg-info/SOURCES.txt'
[0.301s] writing manifest file 'my_controller_interfaces.egg-info/SOURCES.txt'
[0.331s] [100%] Built target ament_cmake_python_build_my_controller_interfaces_egg
[0.339s] Invoked command in '/home/tanakon/fra501_ws/build/my_controller_interfaces' returned '0': CMAKE_PREFIX_PATH=${CMAKE_PREFIX_PATH}:/opt/ros/humble /usr/bin/cmake --build /home/tanakon/fra501_ws/build/my_controller_interfaces -- -j16 -l16
[0.386s] Invoking command in '/home/tanakon/fra501_ws/build/my_controller_interfaces': CMAKE_PREFIX_PATH=${CMAKE_PREFIX_PATH}:/opt/ros/humble /usr/bin/cmake --install /home/tanakon/fra501_ws/build/my_controller_interfaces
[0.391s] -- Install configuration: ""
[0.391s] -- Up-to-date: /home/tanakon/fra501_ws/install/my_controller_interfaces/share/ament_index/resource_index/rosidl_interfaces/my_controller_interfaces
[0.392s] -- Up-to-date: /home/tanakon/fra501_ws/install/my_controller_interfaces/include/my_controller_interfaces/my_controller_interfaces
[0.392s] -- Up-to-date: /home/tanakon/fra501_ws/install/my_controller_interfaces/include/my_controller_interfaces/my_controller_interfaces/msg
[0.392s] -- Up-to-date: /home/tanakon/fra501_ws/install/my_controller_interfaces/include/my_controller_interfaces/my_controller_interfaces/msg/rosidl_generator_c__visibility_control.h
[0.392s] -- Up-to-date: /home/tanakon/fra501_ws/install/my_controller_interfaces/include/my_controller_interfaces/my_controller_interfaces/srv
[0.392s] -- Up-to-date: /home/tanakon/fra501_ws/install/my_controller_interfaces/include/my_controller_interfaces/my_controller_interfaces/srv/set_target.h
[0.393s] -- Up-to-date: /home/tanakon/fra501_ws/install/my_controller_interfaces/include/my_controller_interfaces/my_controller_interfaces/srv/detail
[0.393s] -- Up-to-date: /home/tanakon/fra501_ws/install/my_controller_interfaces/include/my_controller_interfaces/my_controller_interfaces/srv/detail/set_target__struct.h
[0.394s] -- Up-to-date: /home/tanakon/fra501_ws/install/my_controller_interfaces/include/my_controller_interfaces/my_controller_interfaces/srv/detail/set_target__functions.h
[0.394s] -- Up-to-date: /home/tanakon/fra501_ws/install/my_controller_interfaces/include/my_controller_interfaces/my_controller_interfaces/srv/detail/set_target__type_support.h
[0.394s] -- Up-to-date: /home/tanakon/fra501_ws/install/my_controller_interfaces/include/my_controller_interfaces/my_controller_interfaces/srv/detail/set_target__functions.c
[0.394s] -- Up-to-date: /home/tanakon/fra501_ws/install/my_controller_interfaces/share/my_controller_interfaces/environment/library_path.sh
[0.394s] -- Up-to-date: /home/tanakon/fra501_ws/install/my_controller_interfaces/share/my_controller_interfaces/environment/library_path.dsv
[0.394s] -- Up-to-date: /home/tanakon/fra501_ws/install/my_controller_interfaces/lib/libmy_controller_interfaces__rosidl_generator_c.so
[0.394s] -- Up-to-date: /home/tanakon/fra501_ws/install/my_controller_interfaces/include/my_controller_interfaces/my_controller_interfaces
[0.394s] -- Up-to-date: /home/tanakon/fra501_ws/install/my_controller_interfaces/include/my_controller_interfaces/my_controller_interfaces/msg
[0.395s] -- Up-to-date: /home/tanakon/fra501_ws/install/my_controller_interfaces/include/my_controller_interfaces/my_controller_interfaces/msg/rosidl_typesupport_fastrtps_c__visibility_control.h
[0.396s] -- Up-to-date: /home/tanakon/fra501_ws/install/my_controller_interfaces/include/my_controller_interfaces/my_controller_interfaces/srv
[0.396s] -- Up-to-date: /home/tanakon/fra501_ws/install/my_controller_interfaces/include/my_controller_interfaces/my_controller_interfaces/srv/detail
[0.396s] -- Up-to-date: /home/tanakon/fra501_ws/install/my_controller_interfaces/include/my_controller_interfaces/my_controller_interfaces/srv/detail/set_target__rosidl_typesupport_fastrtps_c.h
[0.396s] -- Up-to-date: /home/tanakon/fra501_ws/install/my_controller_interfaces/lib/libmy_controller_interfaces__rosidl_typesupport_fastrtps_c.so
[0.396s] -- Up-to-date: /home/tanakon/fra501_ws/install/my_controller_interfaces/include/my_controller_interfaces/my_controller_interfaces
[0.397s] -- Up-to-date: /home/tanakon/fra501_ws/install/my_controller_interfaces/include/my_controller_interfaces/my_controller_interfaces/srv
[0.397s] -- Up-to-date: /home/tanakon/fra501_ws/install/my_controller_interfaces/include/my_controller_interfaces/my_controller_interfaces/srv/set_target.hpp
[0.397s] -- Up-to-date: /home/tanakon/fra501_ws/install/my_controller_interfaces/include/my_controller_interfaces/my_controller_interfaces/srv/detail
[0.397s] -- Up-to-date: /home/tanakon/fra501_ws/install/my_controller_interfaces/include/my_controller_interfaces/my_controller_interfaces/srv/detail/set_target__struct.hpp
[0.397s] -- Up-to-date: /home/tanakon/fra501_ws/install/my_controller_interfaces/include/my_controller_interfaces/my_controller_interfaces/srv/detail/set_target__traits.hpp
[0.397s] -- Up-to-date: /home/tanakon/fra501_ws/install/my_controller_interfaces/include/my_controller_interfaces/my_controller_interfaces/srv/detail/set_target__builder.hpp
[0.397s] -- Up-to-date: /home/tanakon/fra501_ws/install/my_controller_interfaces/include/my_controller_interfaces/my_controller_interfaces
[0.397s] -- Up-to-date: /home/tanakon/fra501_ws/install/my_controller_interfaces/include/my_controller_interfaces/my_controller_interfaces/msg
[0.398s] -- Up-to-date: /home/tanakon/fra501_ws/install/my_controller_interfaces/include/my_controller_interfaces/my_controller_interfaces/msg/rosidl_typesupport_fastrtps_cpp__visibility_control.h
[0.398s] -- Up-to-date: /home/tanakon/fra501_ws/install/my_controller_interfaces/include/my_controller_interfaces/my_controller_interfaces/srv
[0.398s] -- Up-to-date: /home/tanakon/fra501_ws/install/my_controller_interfaces/include/my_controller_interfaces/my_controller_interfaces/srv/detail
[0.398s] -- Up-to-date: /home/tanakon/fra501_ws/install/my_controller_interfaces/include/my_controller_interfaces/my_controller_interfaces/srv/detail/dds_fastrtps
[0.398s] -- Up-to-date: /home/tanakon/fra501_ws/install/my_controller_interfaces/include/my_controller_interfaces/my_controller_interfaces/srv/detail/set_target__rosidl_typesupport_fastrtps_cpp.hpp
[0.398s] -- Up-to-date: /home/tanakon/fra501_ws/install/my_controller_interfaces/lib/libmy_controller_interfaces__rosidl_typesupport_fastrtps_cpp.so
[0.398s] -- Up-to-date: /home/tanakon/fra501_ws/install/my_controller_interfaces/include/my_controller_interfaces/my_controller_interfaces
[0.398s] -- Up-to-date: /home/tanakon/fra501_ws/install/my_controller_interfaces/include/my_controller_interfaces/my_controller_interfaces/msg
[0.398s] -- Up-to-date: /home/tanakon/fra501_ws/install/my_controller_interfaces/include/my_controller_interfaces/my_controller_interfaces/msg/rosidl_typesupport_introspection_c__visibility_control.h
[0.398s] -- Up-to-date: /home/tanakon/fra501_ws/install/my_controller_interfaces/include/my_controller_interfaces/my_controller_interfaces/srv
[0.399s] -- Up-to-date: /home/tanakon/fra501_ws/install/my_controller_interfaces/include/my_controller_interfaces/my_controller_interfaces/srv/detail
[0.399s] -- Up-to-date: /home/tanakon/fra501_ws/install/my_controller_interfaces/include/my_controller_interfaces/my_controller_interfaces/srv/detail/set_target__rosidl_typesupport_introspection_c.h
[0.399s] -- Up-to-date: /home/tanakon/fra501_ws/install/my_controller_interfaces/include/my_controller_interfaces/my_controller_interfaces/srv/detail/set_target__type_support.c
[0.399s] -- Up-to-date: /home/tanakon/fra501_ws/install/my_controller_interfaces/lib/libmy_controller_interfaces__rosidl_typesupport_introspection_c.so
[0.399s] -- Up-to-date: /home/tanakon/fra501_ws/install/my_controller_interfaces/lib/libmy_controller_interfaces__rosidl_typesupport_c.so
[0.399s] -- Up-to-date: /home/tanakon/fra501_ws/install/my_controller_interfaces/include/my_controller_interfaces/my_controller_interfaces
[0.399s] -- Up-to-date: /home/tanakon/fra501_ws/install/my_controller_interfaces/include/my_controller_interfaces/my_controller_interfaces/srv
[0.399s] -- Up-to-date: /home/tanakon/fra501_ws/install/my_controller_interfaces/include/my_controller_interfaces/my_controller_interfaces/srv/detail
[0.399s] -- Up-to-date: /home/tanakon/fra501_ws/install/my_controller_interfaces/include/my_controller_interfaces/my_controller_interfaces/srv/detail/set_target__rosidl_typesupport_introspection_cpp.hpp
[0.401s] -- Up-to-date: /home/tanakon/fra501_ws/install/my_controller_interfaces/include/my_controller_interfaces/my_controller_interfaces/srv/detail/set_target__type_support.cpp
[0.402s] -- Up-to-date: /home/tanakon/fra501_ws/install/my_controller_interfaces/lib/libmy_controller_interfaces__rosidl_typesupport_introspection_cpp.so
[0.402s] -- Up-to-date: /home/tanakon/fra501_ws/install/my_controller_interfaces/lib/libmy_controller_interfaces__rosidl_typesupport_cpp.so
[0.403s] -- Up-to-date: /home/tanakon/fra501_ws/install/my_controller_interfaces/share/my_controller_interfaces/environment/pythonpath.sh
[0.403s] -- Up-to-date: /home/tanakon/fra501_ws/install/my_controller_interfaces/share/my_controller_interfaces/environment/pythonpath.dsv
[0.403s] -- Up-to-date: /home/tanakon/fra501_ws/install/my_controller_interfaces/local/lib/python3.10/dist-packages/my_controller_interfaces-0.0.0-py3.10.egg-info
[0.403s] -- Installing: /home/tanakon/fra501_ws/install/my_controller_interfaces/local/lib/python3.10/dist-packages/my_controller_interfaces-0.0.0-py3.10.egg-info/dependency_links.txt
[0.403s] -- Installing: /home/tanakon/fra501_ws/install/my_controller_interfaces/local/lib/python3.10/dist-packages/my_controller_interfaces-0.0.0-py3.10.egg-info/top_level.txt
[0.403s] -- Installing: /home/tanakon/fra501_ws/install/my_controller_interfaces/local/lib/python3.10/dist-packages/my_controller_interfaces-0.0.0-py3.10.egg-info/SOURCES.txt
[0.403s] -- Installing: /home/tanakon/fra501_ws/install/my_controller_interfaces/local/lib/python3.10/dist-packages/my_controller_interfaces-0.0.0-py3.10.egg-info/PKG-INFO
[0.403s] -- Up-to-date: /home/tanakon/fra501_ws/install/my_controller_interfaces/local/lib/python3.10/dist-packages/my_controller_interfaces
[0.403s] -- Up-to-date: /home/tanakon/fra501_ws/install/my_controller_interfaces/local/lib/python3.10/dist-packages/my_controller_interfaces/_my_controller_interfaces_s.ep.rosidl_typesupport_fastrtps_c.c
[0.403s] -- Up-to-date: /home/tanakon/fra501_ws/install/my_controller_interfaces/local/lib/python3.10/dist-packages/my_controller_interfaces/libmy_controller_interfaces__rosidl_generator_py.so
[0.403s] -- Up-to-date: /home/tanakon/fra501_ws/install/my_controller_interfaces/local/lib/python3.10/dist-packages/my_controller_interfaces/my_controller_interfaces_s__rosidl_typesupport_fastrtps_c.cpython-310-x86_64-linux-gnu.so
[0.403s] -- Up-to-date: /home/tanakon/fra501_ws/install/my_controller_interfaces/local/lib/python3.10/dist-packages/my_controller_interfaces/_my_controller_interfaces_s.ep.rosidl_typesupport_c.c
[0.404s] -- Up-to-date: /home/tanakon/fra501_ws/install/my_controller_interfaces/local/lib/python3.10/dist-packages/my_controller_interfaces/my_controller_interfaces_s__rosidl_typesupport_introspection_c.cpython-310-x86_64-linux-gnu.so
[0.405s] -- Up-to-date: /home/tanakon/fra501_ws/install/my_controller_interfaces/local/lib/python3.10/dist-packages/my_controller_interfaces/_my_controller_interfaces_s.ep.rosidl_typesupport_introspection_c.c
[0.405s] -- Up-to-date: /home/tanakon/fra501_ws/install/my_controller_interfaces/local/lib/python3.10/dist-packages/my_controller_interfaces/my_controller_interfaces_s__rosidl_typesupport_c.cpython-310-x86_64-linux-gnu.so
[0.405s] -- Up-to-date: /home/tanakon/fra501_ws/install/my_controller_interfaces/local/lib/python3.10/dist-packages/my_controller_interfaces/__init__.py
[0.405s] -- Up-to-date: /home/tanakon/fra501_ws/install/my_controller_interfaces/local/lib/python3.10/dist-packages/my_controller_interfaces/srv
[0.405s] -- Up-to-date: /home/tanakon/fra501_ws/install/my_controller_interfaces/local/lib/python3.10/dist-packages/my_controller_interfaces/srv/_set_target_s.c
[0.405s] -- Up-to-date: /home/tanakon/fra501_ws/install/my_controller_interfaces/local/lib/python3.10/dist-packages/my_controller_interfaces/srv/_set_target.py
[0.405s] -- Up-to-date: /home/tanakon/fra501_ws/install/my_controller_interfaces/local/lib/python3.10/dist-packages/my_controller_interfaces/srv/__init__.py
[0.415s] Listing '/home/tanakon/fra501_ws/install/my_controller_interfaces/local/lib/python3.10/dist-packages/my_controller_interfaces'...
[0.416s] Listing '/home/tanakon/fra501_ws/install/my_controller_interfaces/local/lib/python3.10/dist-packages/my_controller_interfaces/srv'...
[0.420s] -- Up-to-date: /home/tanakon/fra501_ws/install/my_controller_interfaces/local/lib/python3.10/dist-packages/my_controller_interfaces/my_controller_interfaces_s__rosidl_typesupport_fastrtps_c.cpython-310-x86_64-linux-gnu.so
[0.420s] -- Up-to-date: /home/tanakon/fra501_ws/install/my_controller_interfaces/local/lib/python3.10/dist-packages/my_controller_interfaces/my_controller_interfaces_s__rosidl_typesupport_introspection_c.cpython-310-x86_64-linux-gnu.so
[0.420s] -- Up-to-date: /home/tanakon/fra501_ws/install/my_controller_interfaces/local/lib/python3.10/dist-packages/my_controller_interfaces/my_controller_interfaces_s__rosidl_typesupport_c.cpython-310-x86_64-linux-gnu.so
[0.420s] -- Up-to-date: /home/tanakon/fra501_ws/install/my_controller_interfaces/lib/libmy_controller_interfaces__rosidl_generator_py.so
[0.421s] -- Up-to-date: /home/tanakon/fra501_ws/install/my_controller_interfaces/share/my_controller_interfaces/srv/SetTarget.idl
[0.421s] -- Up-to-date: /home/tanakon/fra501_ws/install/my_controller_interfaces/share/my_controller_interfaces/srv/SetTarget.srv
[0.421s] -- Up-to-date: /home/tanakon/fra501_ws/install/my_controller_interfaces/share/my_controller_interfaces/srv/SetTarget_Request.msg
[0.421s] -- Up-to-date: /home/tanakon/fra501_ws/install/my_controller_interfaces/share/my_controller_interfaces/srv/SetTarget_Response.msg
[0.421s] -- Up-to-date: /home/tanakon/fra501_ws/install/my_controller_interfaces/share/ament_index/resource_index/package_run_dependencies/my_controller_interfaces
[0.421s] -- Up-to-date: /home/tanakon/fra501_ws/install/my_controller_interfaces/share/ament_index/resource_index/parent_prefix_path/my_controller_interfaces
[0.421s] -- Up-to-date: /home/tanakon/fra501_ws/install/my_controller_interfaces/share/my_controller_interfaces/environment/ament_prefix_path.sh
[0.421s] -- Up-to-date: /home/tanakon/fra501_ws/install/my_controller_interfaces/share/my_controller_interfaces/environment/ament_prefix_path.dsv
[0.421s] -- Up-to-date: /home/tanakon/fra501_ws/install/my_controller_interfaces/share/my_controller_interfaces/environment/path.sh
[0.421s] -- Up-to-date: /home/tanakon/fra501_ws/install/my_controller_interfaces/share/my_controller_interfaces/environment/path.dsv
[0.421s] -- Up-to-date: /home/tanakon/fra501_ws/install/my_controller_interfaces/share/my_controller_interfaces/local_setup.bash
[0.421s] -- Up-to-date: /home/tanakon/fra501_ws/install/my_controller_interfaces/share/my_controller_interfaces/local_setup.sh
[0.421s] -- Up-to-date: /home/tanakon/fra501_ws/install/my_controller_interfaces/share/my_controller_interfaces/local_setup.zsh
[0.421s] -- Up-to-date: /home/tanakon/fra501_ws/install/my_controller_interfaces/share/my_controller_interfaces/local_setup.dsv
[0.421s] -- Installing: /home/tanakon/fra501_ws/install/my_controller_interfaces/share/my_controller_interfaces/package.dsv
[0.421s] -- Up-to-date: /home/tanakon/fra501_ws/install/my_controller_interfaces/share/ament_index/resource_index/packages/my_controller_interfaces
[0.421s] -- Up-to-date: /home/tanakon/fra501_ws/install/my_controller_interfaces/share/my_controller_interfaces/cmake/export_my_controller_interfaces__rosidl_generator_cExport.cmake
[0.422s] -- Up-to-date: /home/tanakon/fra501_ws/install/my_controller_interfaces/share/my_controller_interfaces/cmake/export_my_controller_interfaces__rosidl_generator_cExport-noconfig.cmake
[0.422s] -- Up-to-date: /home/tanakon/fra501_ws/install/my_controller_interfaces/share/my_controller_interfaces/cmake/export_my_controller_interfaces__rosidl_typesupport_fastrtps_cExport.cmake
[0.422s] -- Up-to-date: /home/tanakon/fra501_ws/install/my_controller_interfaces/share/my_controller_interfaces/cmake/export_my_controller_interfaces__rosidl_typesupport_fastrtps_cExport-noconfig.cmake
[0.422s] -- Up-to-date: /home/tanakon/fra501_ws/install/my_controller_interfaces/share/my_controller_interfaces/cmake/export_my_controller_interfaces__rosidl_generator_cppExport.cmake
[0.422s] -- Up-to-date: /home/tanakon/fra501_ws/install/my_controller_interfaces/share/my_controller_interfaces/cmake/export_my_controller_interfaces__rosidl_typesupport_fastrtps_cppExport.cmake
[0.423s] -- Up-to-date: /home/tanakon/fra501_ws/install/my_controller_interfaces/share/my_controller_interfaces/cmake/export_my_controller_interfaces__rosidl_typesupport_fastrtps_cppExport-noconfig.cmake
[0.423s] -- Up-to-date: /home/tanakon/fra501_ws/install/my_controller_interfaces/share/my_controller_interfaces/cmake/my_controller_interfaces__rosidl_typesupport_introspection_cExport.cmake
[0.423s] -- Up-to-date: /home/tanakon/fra501_ws/install/my_controller_interfaces/share/my_controller_interfaces/cmake/my_controller_interfaces__rosidl_typesupport_introspection_cExport-noconfig.cmake
[0.424s] -- Up-to-date: /home/tanakon/fra501_ws/install/my_controller_interfaces/share/my_controller_interfaces/cmake/my_controller_interfaces__rosidl_typesupport_cExport.cmake
[0.424s] -- Up-to-date: /home/tanakon/fra501_ws/install/my_controller_interfaces/share/my_controller_interfaces/cmake/my_controller_interfaces__rosidl_typesupport_cExport-noconfig.cmake
[0.424s] -- Up-to-date: /home/tanakon/fra501_ws/install/my_controller_interfaces/share/my_controller_interfaces/cmake/my_controller_interfaces__rosidl_typesupport_introspection_cppExport.cmake
[0.424s] -- Up-to-date: /home/tanakon/fra501_ws/install/my_controller_interfaces/share/my_controller_interfaces/cmake/my_controller_interfaces__rosidl_typesupport_introspection_cppExport-noconfig.cmake
[0.424s] -- Up-to-date: /home/tanakon/fra501_ws/install/my_controller_interfaces/share/my_controller_interfaces/cmake/my_controller_interfaces__rosidl_typesupport_cppExport.cmake
[0.425s] -- Up-to-date: /home/tanakon/fra501_ws/install/my_controller_interfaces/share/my_controller_interfaces/cmake/my_controller_interfaces__rosidl_typesupport_cppExport-noconfig.cmake
[0.425s] -- Up-to-date: /home/tanakon/fra501_ws/install/my_controller_interfaces/share/my_controller_interfaces/cmake/export_my_controller_interfaces__rosidl_generator_pyExport.cmake
[0.425s] -- Up-to-date: /home/tanakon/fra501_ws/install/my_controller_interfaces/share/my_controller_interfaces/cmake/export_my_controller_interfaces__rosidl_generator_pyExport-noconfig.cmake
[0.425s] -- Up-to-date: /home/tanakon/fra501_ws/install/my_controller_interfaces/share/my_controller_interfaces/cmake/rosidl_cmake-extras.cmake
[0.425s] -- Up-to-date: /home/tanakon/fra501_ws/install/my_controller_interfaces/share/my_controller_interfaces/cmake/ament_cmake_export_dependencies-extras.cmake
[0.425s] -- Up-to-date: /home/tanakon/fra501_ws/install/my_controller_interfaces/share/my_controller_interfaces/cmake/ament_cmake_export_include_directories-extras.cmake
[0.425s] -- Up-to-date: /home/tanakon/fra501_ws/install/my_controller_interfaces/share/my_controller_interfaces/cmake/ament_cmake_export_libraries-extras.cmake
[0.425s] -- Up-to-date: /home/tanakon/fra501_ws/install/my_controller_interfaces/share/my_controller_interfaces/cmake/ament_cmake_export_targets-extras.cmake
[0.425s] -- Up-to-date: /home/tanakon/fra501_ws/install/my_controller_interfaces/share/my_controller_interfaces/cmake/rosidl_cmake_export_typesupport_targets-extras.cmake
[0.426s] -- Up-to-date: /home/tanakon/fra501_ws/install/my_controller_interfaces/share/my_controller_interfaces/cmake/rosidl_cmake_export_typesupport_libraries-extras.cmake
[0.426s] -- Up-to-date: /home/tanakon/fra501_ws/install/my_controller_interfaces/share/my_controller_interfaces/cmake/my_controller_interfacesConfig.cmake
[0.426s] -- Up-to-date: /home/tanakon/fra501_ws/install/my_controller_interfaces/share/my_controller_interfaces/cmake/my_controller_interfacesConfig-version.cmake
[0.427s] -- Up-to-date: /home/tanakon/fra501_ws/install/my_controller_interfaces/share/my_controller_interfaces/package.xml
[0.439s] Invoked command in '/home/tanakon/fra501_ws/build/my_controller_interfaces' returned '0': CMAKE_PREFIX_PATH=${CMAKE_PREFIX_PATH}:/opt/ros/humble /usr/bin/cmake --install /home/tanakon/fra501_ws/build/my_controller_interfaces
