[0.196s] DEBUG:colcon:Command line arguments: ['/usr/bin/colcon', 'build']
[0.196s] DEBUG:colcon:Parsed command line arguments: Namespace(log_base=None, log_level=None, verb_name='build', build_base='build', install_base='install', merge_install=False, symlink_install=False, test_result_base=None, continue_on_error=False, executor='parallel', parallel_workers=16, event_handlers=None, ignore_user_meta=False, metas=['./colcon.meta'], base_paths=['.'], packages_ignore=None, packages_ignore_regex=None, paths=None, packages_up_to=None, packages_up_to_regex=None, packages_above=None, packages_above_and_dependencies=None, packages_above_depth=None, packages_select_by_dep=None, packages_skip_by_dep=None, packages_skip_up_to=None, packages_select_build_failed=False, packages_skip_build_finished=False, packages_select_test_failures=False, packages_skip_test_passed=False, packages_select=None, packages_skip=None, packages_select_regex=None, packages_skip_regex=None, packages_start=None, packages_end=None, allow_overriding=[], cmake_args=None, cmake_target=None, cmake_target_skip_unavailable=False, cmake_clean_cache=False, cmake_clean_first=False, cmake_force_configure=False, ament_cmake_args=None, catkin_cmake_args=None, catkin_skip_building_tests=False, verb_parser=<colcon_defaults.argument_parser.defaults.DefaultArgumentsDecorator object at 0x7f575ee966b0>, verb_extension=<colcon_core.verb.build.BuildVerb object at 0x7f575ef77c40>, main=<bound method BuildVerb.main of <colcon_core.verb.build.BuildVerb object at 0x7f575ef77c40>>)
[0.215s] Level 1:colcon.colcon_core.package_discovery:discover_packages(colcon_meta) check parameters
[0.215s] Level 1:colcon.colcon_core.package_discovery:discover_packages(recursive) check parameters
[0.215s] Level 1:colcon.colcon_core.package_discovery:discover_packages(ignore) check parameters
[0.216s] Level 1:colcon.colcon_core.package_discovery:discover_packages(path) check parameters
[0.216s] Level 1:colcon.colcon_core.package_discovery:discover_packages(colcon_meta) discover
[0.216s] Level 1:colcon.colcon_core.package_discovery:discover_packages(recursive) discover
[0.216s] INFO:colcon.colcon_core.package_discovery:Crawling recursively for packages in '/home/tanakon/fra501_ws'
[0.216s] Level 1:colcon.colcon_core.package_identification:_identify(.) by extensions ['ignore', 'ignore_ament_install']
[0.216s] Level 1:colcon.colcon_core.package_identification:_identify(.) by extension 'ignore'
[0.216s] Level 1:colcon.colcon_core.package_identification:_identify(.) by extension 'ignore_ament_install'
[0.216s] Level 1:colcon.colcon_core.package_identification:_identify(.) by extensions ['colcon_pkg']
[0.216s] Level 1:colcon.colcon_core.package_identification:_identify(.) by extension 'colcon_pkg'
[0.216s] Level 1:colcon.colcon_core.package_identification:_identify(.) by extensions ['colcon_meta']
[0.216s] Level 1:colcon.colcon_core.package_identification:_identify(.) by extension 'colcon_meta'
[0.216s] Level 1:colcon.colcon_core.package_identification:_identify(.) by extensions ['ros']
[0.216s] Level 1:colcon.colcon_core.package_identification:_identify(.) by extension 'ros'
[0.223s] Level 1:colcon.colcon_core.package_identification:_identify(.) by extensions ['cmake', 'python']
[0.223s] Level 1:colcon.colcon_core.package_identification:_identify(.) by extension 'cmake'
[0.223s] Level 1:colcon.colcon_core.package_identification:_identify(.) by extension 'python'
[0.223s] Level 1:colcon.colcon_core.package_identification:_identify(.) by extensions ['python_setup_py']
[0.223s] Level 1:colcon.colcon_core.package_identification:_identify(.) by extension 'python_setup_py'
[0.223s] Level 1:colcon.colcon_core.package_identification:_identify(build) by extensions ['ignore', 'ignore_ament_install']
[0.223s] Level 1:colcon.colcon_core.package_identification:_identify(build) by extension 'ignore'
[0.223s] Level 1:colcon.colcon_core.package_identification:_identify(build) ignored
[0.223s] Level 1:colcon.colcon_core.package_identification:_identify(install) by extensions ['ignore', 'ignore_ament_install']
[0.223s] Level 1:colcon.colcon_core.package_identification:_identify(install) by extension 'ignore'
[0.223s] Level 1:colcon.colcon_core.package_identification:_identify(install) ignored
[0.223s] Level 1:colcon.colcon_core.package_identification:_identify(log) by extensions ['ignore', 'ignore_ament_install']
[0.223s] Level 1:colcon.colcon_core.package_identification:_identify(log) by extension 'ignore'
[0.223s] Level 1:colcon.colcon_core.package_identification:_identify(log) ignored
[0.223s] Level 1:colcon.colcon_core.package_identification:_identify(src) by extensions ['ignore', 'ignore_ament_install']
[0.224s] Level 1:colcon.colcon_core.package_identification:_identify(src) by extension 'ignore'
[0.224s] Level 1:colcon.colcon_core.package_identification:_identify(src) by extension 'ignore_ament_install'
[0.224s] Level 1:colcon.colcon_core.package_identification:_identify(src) by extensions ['colcon_pkg']
[0.224s] Level 1:colcon.colcon_core.package_identification:_identify(src) by extension 'colcon_pkg'
[0.224s] Level 1:colcon.colcon_core.package_identification:_identify(src) by extensions ['colcon_meta']
[0.224s] Level 1:colcon.colcon_core.package_identification:_identify(src) by extension 'colcon_meta'
[0.224s] Level 1:colcon.colcon_core.package_identification:_identify(src) by extensions ['ros']
[0.224s] Level 1:colcon.colcon_core.package_identification:_identify(src) by extension 'ros'
[0.224s] Level 1:colcon.colcon_core.package_identification:_identify(src) by extensions ['cmake', 'python']
[0.224s] Level 1:colcon.colcon_core.package_identification:_identify(src) by extension 'cmake'
[0.224s] Level 1:colcon.colcon_core.package_identification:_identify(src) by extension 'python'
[0.224s] Level 1:colcon.colcon_core.package_identification:_identify(src) by extensions ['python_setup_py']
[0.224s] Level 1:colcon.colcon_core.package_identification:_identify(src) by extension 'python_setup_py'
[0.224s] Level 1:colcon.colcon_core.package_identification:_identify(src/build) by extensions ['ignore', 'ignore_ament_install']
[0.224s] Level 1:colcon.colcon_core.package_identification:_identify(src/build) by extension 'ignore'
[0.224s] Level 1:colcon.colcon_core.package_identification:_identify(src/build) ignored
[0.224s] Level 1:colcon.colcon_core.package_identification:_identify(src/doc) by extensions ['ignore', 'ignore_ament_install']
[0.224s] Level 1:colcon.colcon_core.package_identification:_identify(src/doc) by extension 'ignore'
[0.224s] Level 1:colcon.colcon_core.package_identification:_identify(src/doc) by extension 'ignore_ament_install'
[0.224s] Level 1:colcon.colcon_core.package_identification:_identify(src/doc) by extensions ['colcon_pkg']
[0.224s] Level 1:colcon.colcon_core.package_identification:_identify(src/doc) by extension 'colcon_pkg'
[0.224s] Level 1:colcon.colcon_core.package_identification:_identify(src/doc) by extensions ['colcon_meta']
[0.224s] Level 1:colcon.colcon_core.package_identification:_identify(src/doc) by extension 'colcon_meta'
[0.224s] Level 1:colcon.colcon_core.package_identification:_identify(src/doc) by extensions ['ros']
[0.224s] Level 1:colcon.colcon_core.package_identification:_identify(src/doc) by extension 'ros'
[0.224s] Level 1:colcon.colcon_core.package_identification:_identify(src/doc) by extensions ['cmake', 'python']
[0.224s] Level 1:colcon.colcon_core.package_identification:_identify(src/doc) by extension 'cmake'
[0.224s] Level 1:colcon.colcon_core.package_identification:_identify(src/doc) by extension 'python'
[0.224s] Level 1:colcon.colcon_core.package_identification:_identify(src/doc) by extensions ['python_setup_py']
[0.224s] Level 1:colcon.colcon_core.package_identification:_identify(src/doc) by extension 'python_setup_py'
[0.225s] Level 1:colcon.colcon_core.package_identification:_identify(src/install) by extensions ['ignore', 'ignore_ament_install']
[0.225s] Level 1:colcon.colcon_core.package_identification:_identify(src/install) by extension 'ignore'
[0.225s] Level 1:colcon.colcon_core.package_identification:_identify(src/install) ignored
[0.225s] Level 1:colcon.colcon_core.package_identification:_identify(src/log) by extensions ['ignore', 'ignore_ament_install']
[0.225s] Level 1:colcon.colcon_core.package_identification:_identify(src/log) by extension 'ignore'
[0.225s] Level 1:colcon.colcon_core.package_identification:_identify(src/log) ignored
[0.225s] Level 1:colcon.colcon_core.package_identification:_identify(src/my_controller) by extensions ['ignore', 'ignore_ament_install']
[0.225s] Level 1:colcon.colcon_core.package_identification:_identify(src/my_controller) by extension 'ignore'
[0.225s] Level 1:colcon.colcon_core.package_identification:_identify(src/my_controller) by extension 'ignore_ament_install'
[0.225s] Level 1:colcon.colcon_core.package_identification:_identify(src/my_controller) by extensions ['colcon_pkg']
[0.225s] Level 1:colcon.colcon_core.package_identification:_identify(src/my_controller) by extension 'colcon_pkg'
[0.225s] Level 1:colcon.colcon_core.package_identification:_identify(src/my_controller) by extensions ['colcon_meta']
[0.225s] Level 1:colcon.colcon_core.package_identification:_identify(src/my_controller) by extension 'colcon_meta'
[0.225s] Level 1:colcon.colcon_core.package_identification:_identify(src/my_controller) by extensions ['ros']
[0.225s] Level 1:colcon.colcon_core.package_identification:_identify(src/my_controller) by extension 'ros'
[0.226s] DEBUG:colcon.colcon_core.package_identification:Package 'src/my_controller' with type 'ros.ament_cmake' and name 'my_controller'
[0.227s] Level 1:colcon.colcon_core.package_identification:_identify(src/my_controller_interfaces) by extensions ['ignore', 'ignore_ament_install']
[0.227s] Level 1:colcon.colcon_core.package_identification:_identify(src/my_controller_interfaces) by extension 'ignore'
[0.227s] Level 1:colcon.colcon_core.package_identification:_identify(src/my_controller_interfaces) by extension 'ignore_ament_install'
[0.227s] Level 1:colcon.colcon_core.package_identification:_identify(src/my_controller_interfaces) by extensions ['colcon_pkg']
[0.227s] Level 1:colcon.colcon_core.package_identification:_identify(src/my_controller_interfaces) by extension 'colcon_pkg'
[0.227s] Level 1:colcon.colcon_core.package_identification:_identify(src/my_controller_interfaces) by extensions ['colcon_meta']
[0.227s] Level 1:colcon.colcon_core.package_identification:_identify(src/my_controller_interfaces) by extension 'colcon_meta'
[0.227s] Level 1:colcon.colcon_core.package_identification:_identify(src/my_controller_interfaces) by extensions ['ros']
[0.227s] Level 1:colcon.colcon_core.package_identification:_identify(src/my_controller_interfaces) by extension 'ros'
[0.227s] DEBUG:colcon.colcon_core.package_identification:Package 'src/my_controller_interfaces' with type 'ros.ament_cmake' and name 'my_controller_interfaces'
[0.227s] Level 1:colcon.colcon_core.package_identification:_identify(src/turtlesim_control) by extensions ['ignore', 'ignore_ament_install']
[0.227s] Level 1:colcon.colcon_core.package_identification:_identify(src/turtlesim_control) by extension 'ignore'
[0.227s] Level 1:colcon.colcon_core.package_identification:_identify(src/turtlesim_control) by extension 'ignore_ament_install'
[0.227s] Level 1:colcon.colcon_core.package_identification:_identify(src/turtlesim_control) by extensions ['colcon_pkg']
[0.227s] Level 1:colcon.colcon_core.package_identification:_identify(src/turtlesim_control) by extension 'colcon_pkg'
[0.227s] Level 1:colcon.colcon_core.package_identification:_identify(src/turtlesim_control) by extensions ['colcon_meta']
[0.227s] Level 1:colcon.colcon_core.package_identification:_identify(src/turtlesim_control) by extension 'colcon_meta'
[0.227s] Level 1:colcon.colcon_core.package_identification:_identify(src/turtlesim_control) by extensions ['ros']
[0.227s] Level 1:colcon.colcon_core.package_identification:_identify(src/turtlesim_control) by extension 'ros'
[0.228s] DEBUG:colcon.colcon_core.package_identification:Package 'src/turtlesim_control' with type 'ros.ament_cmake' and name 'turtlesim_control'
[0.228s] Level 1:colcon.colcon_core.package_identification:_identify(src/turtlesim_interfaces) by extensions ['ignore', 'ignore_ament_install']
[0.228s] Level 1:colcon.colcon_core.package_identification:_identify(src/turtlesim_interfaces) by extension 'ignore'
[0.228s] Level 1:colcon.colcon_core.package_identification:_identify(src/turtlesim_interfaces) by extension 'ignore_ament_install'
[0.228s] Level 1:colcon.colcon_core.package_identification:_identify(src/turtlesim_interfaces) by extensions ['colcon_pkg']
[0.228s] Level 1:colcon.colcon_core.package_identification:_identify(src/turtlesim_interfaces) by extension 'colcon_pkg'
[0.228s] Level 1:colcon.colcon_core.package_identification:_identify(src/turtlesim_interfaces) by extensions ['colcon_meta']
[0.228s] Level 1:colcon.colcon_core.package_identification:_identify(src/turtlesim_interfaces) by extension 'colcon_meta'
[0.228s] Level 1:colcon.colcon_core.package_identification:_identify(src/turtlesim_interfaces) by extensions ['ros']
[0.228s] Level 1:colcon.colcon_core.package_identification:_identify(src/turtlesim_interfaces) by extension 'ros'
[0.228s] DEBUG:colcon.colcon_core.package_identification:Package 'src/turtlesim_interfaces' with type 'ros.ament_cmake' and name 'turtlesim_interfaces'
[0.228s] Level 1:colcon.colcon_core.package_identification:_identify(src/turtlesim_plus) by extensions ['ignore', 'ignore_ament_install']
[0.229s] Level 1:colcon.colcon_core.package_identification:_identify(src/turtlesim_plus) by extension 'ignore'
[0.229s] Level 1:colcon.colcon_core.package_identification:_identify(src/turtlesim_plus) by extension 'ignore_ament_install'
[0.229s] Level 1:colcon.colcon_core.package_identification:_identify(src/turtlesim_plus) by extensions ['colcon_pkg']
[0.229s] Level 1:colcon.colcon_core.package_identification:_identify(src/turtlesim_plus) by extension 'colcon_pkg'
[0.229s] Level 1:colcon.colcon_core.package_identification:_identify(src/turtlesim_plus) by extensions ['colcon_meta']
[0.229s] Level 1:colcon.colcon_core.package_identification:_identify(src/turtlesim_plus) by extension 'colcon_meta'
[0.229s] Level 1:colcon.colcon_core.package_identification:_identify(src/turtlesim_plus) by extensions ['ros']
[0.229s] Level 1:colcon.colcon_core.package_identification:_identify(src/turtlesim_plus) by extension 'ros'
[0.229s] Level 1:colcon.colcon_core.package_identification:_identify(src/turtlesim_plus) by extensions ['cmake', 'python']
[0.229s] Level 1:colcon.colcon_core.package_identification:_identify(src/turtlesim_plus) by extension 'cmake'
[0.229s] Level 1:colcon.colcon_core.package_identification:_identify(src/turtlesim_plus) by extension 'python'
[0.229s] Level 1:colcon.colcon_core.package_identification:_identify(src/turtlesim_plus) by extensions ['python_setup_py']
[0.229s] Level 1:colcon.colcon_core.package_identification:_identify(src/turtlesim_plus) by extension 'python_setup_py'
[0.229s] Level 1:colcon.colcon_core.package_identification:_identify(src/turtlesim_plus/turtlesim_plus) by extensions ['ignore', 'ignore_ament_install']
[0.229s] Level 1:colcon.colcon_core.package_identification:_identify(src/turtlesim_plus/turtlesim_plus) by extension 'ignore'
[0.229s] Level 1:colcon.colcon_core.package_identification:_identify(src/turtlesim_plus/turtlesim_plus) by extension 'ignore_ament_install'
[0.229s] Level 1:colcon.colcon_core.package_identification:_identify(src/turtlesim_plus/turtlesim_plus) by extensions ['colcon_pkg']
[0.229s] Level 1:colcon.colcon_core.package_identification:_identify(src/turtlesim_plus/turtlesim_plus) by extension 'colcon_pkg'
[0.229s] Level 1:colcon.colcon_core.package_identification:_identify(src/turtlesim_plus/turtlesim_plus) by extensions ['colcon_meta']
[0.229s] Level 1:colcon.colcon_core.package_identification:_identify(src/turtlesim_plus/turtlesim_plus) by extension 'colcon_meta'
[0.229s] Level 1:colcon.colcon_core.package_identification:_identify(src/turtlesim_plus/turtlesim_plus) by extensions ['ros']
[0.229s] Level 1:colcon.colcon_core.package_identification:_identify(src/turtlesim_plus/turtlesim_plus) by extension 'ros'
[0.230s] DEBUG:colcon.colcon_core.package_identification:Package 'src/turtlesim_plus/turtlesim_plus' with type 'ros.ament_cmake' and name 'turtlesim_plus'
[0.230s] Level 1:colcon.colcon_core.package_identification:_identify(src/turtlesim_plus/turtlesim_plus_interfaces) by extensions ['ignore', 'ignore_ament_install']
[0.230s] Level 1:colcon.colcon_core.package_identification:_identify(src/turtlesim_plus/turtlesim_plus_interfaces) by extension 'ignore'
[0.230s] Level 1:colcon.colcon_core.package_identification:_identify(src/turtlesim_plus/turtlesim_plus_interfaces) by extension 'ignore_ament_install'
[0.230s] Level 1:colcon.colcon_core.package_identification:_identify(src/turtlesim_plus/turtlesim_plus_interfaces) by extensions ['colcon_pkg']
[0.230s] Level 1:colcon.colcon_core.package_identification:_identify(src/turtlesim_plus/turtlesim_plus_interfaces) by extension 'colcon_pkg'
[0.230s] Level 1:colcon.colcon_core.package_identification:_identify(src/turtlesim_plus/turtlesim_plus_interfaces) by extensions ['colcon_meta']
[0.230s] Level 1:colcon.colcon_core.package_identification:_identify(src/turtlesim_plus/turtlesim_plus_interfaces) by extension 'colcon_meta'
[0.230s] Level 1:colcon.colcon_core.package_identification:_identify(src/turtlesim_plus/turtlesim_plus_interfaces) by extensions ['ros']
[0.230s] Level 1:colcon.colcon_core.package_identification:_identify(src/turtlesim_plus/turtlesim_plus_interfaces) by extension 'ros'
[0.230s] DEBUG:colcon.colcon_core.package_identification:Package 'src/turtlesim_plus/turtlesim_plus_interfaces' with type 'ros.ament_cmake' and name 'turtlesim_plus_interfaces'
[0.230s] Level 1:colcon.colcon_core.package_discovery:discover_packages(recursive) using defaults
[0.230s] Level 1:colcon.colcon_core.package_discovery:discover_packages(ignore) discover
[0.230s] Level 1:colcon.colcon_core.package_discovery:discover_packages(ignore) using defaults
[0.231s] Level 1:colcon.colcon_core.package_discovery:discover_packages(path) discover
[0.231s] Level 1:colcon.colcon_core.package_discovery:discover_packages(path) using defaults
[0.244s] Level 1:colcon.colcon_core.package_discovery:discover_packages(prefix_path) check parameters
[0.245s] Level 1:colcon.colcon_core.package_discovery:discover_packages(prefix_path) discover
[0.246s] DEBUG:colcon.colcon_installed_package_information.package_discovery:Found 6 installed packages in /home/tanakon/fra501_ws/install
[0.247s] DEBUG:colcon.colcon_installed_package_information.package_discovery:Found 0 installed packages in /home/tanakon/install
[0.248s] DEBUG:colcon.colcon_installed_package_information.package_discovery:Found 270 installed packages in /opt/ros/humble
[0.249s] Level 1:colcon.colcon_core.package_discovery:discover_packages(prefix_path) using defaults
[0.284s] Level 5:colcon.colcon_core.verb:set package 'my_controller' build argument 'cmake_args' from command line to 'None'
[0.284s] Level 5:colcon.colcon_core.verb:set package 'my_controller' build argument 'cmake_target' from command line to 'None'
[0.284s] Level 5:colcon.colcon_core.verb:set package 'my_controller' build argument 'cmake_target_skip_unavailable' from command line to 'False'
[0.284s] Level 5:colcon.colcon_core.verb:set package 'my_controller' build argument 'cmake_clean_cache' from command line to 'False'
[0.284s] Level 5:colcon.colcon_core.verb:set package 'my_controller' build argument 'cmake_clean_first' from command line to 'False'
[0.284s] Level 5:colcon.colcon_core.verb:set package 'my_controller' build argument 'cmake_force_configure' from command line to 'False'
[0.284s] Level 5:colcon.colcon_core.verb:set package 'my_controller' build argument 'ament_cmake_args' from command line to 'None'
[0.284s] Level 5:colcon.colcon_core.verb:set package 'my_controller' build argument 'catkin_cmake_args' from command line to 'None'
[0.284s] Level 5:colcon.colcon_core.verb:set package 'my_controller' build argument 'catkin_skip_building_tests' from command line to 'False'
[0.284s] DEBUG:colcon.colcon_core.verb:Building package 'my_controller' with the following arguments: {'ament_cmake_args': None, 'build_base': '/home/tanakon/fra501_ws/build/my_controller', 'catkin_cmake_args': None, 'catkin_skip_building_tests': False, 'cmake_args': None, 'cmake_clean_cache': False, 'cmake_clean_first': False, 'cmake_force_configure': False, 'cmake_target': None, 'cmake_target_skip_unavailable': False, 'install_base': '/home/tanakon/fra501_ws/install/my_controller', 'merge_install': False, 'path': '/home/tanakon/fra501_ws/src/my_controller', 'symlink_install': False, 'test_result_base': None}
[0.284s] Level 5:colcon.colcon_core.verb:set package 'my_controller_interfaces' build argument 'cmake_args' from command line to 'None'
[0.284s] Level 5:colcon.colcon_core.verb:set package 'my_controller_interfaces' build argument 'cmake_target' from command line to 'None'
[0.284s] Level 5:colcon.colcon_core.verb:set package 'my_controller_interfaces' build argument 'cmake_target_skip_unavailable' from command line to 'False'
[0.284s] Level 5:colcon.colcon_core.verb:set package 'my_controller_interfaces' build argument 'cmake_clean_cache' from command line to 'False'
[0.284s] Level 5:colcon.colcon_core.verb:set package 'my_controller_interfaces' build argument 'cmake_clean_first' from command line to 'False'
[0.284s] Level 5:colcon.colcon_core.verb:set package 'my_controller_interfaces' build argument 'cmake_force_configure' from command line to 'False'
[0.284s] Level 5:colcon.colcon_core.verb:set package 'my_controller_interfaces' build argument 'ament_cmake_args' from command line to 'None'
[0.284s] Level 5:colcon.colcon_core.verb:set package 'my_controller_interfaces' build argument 'catkin_cmake_args' from command line to 'None'
[0.284s] Level 5:colcon.colcon_core.verb:set package 'my_controller_interfaces' build argument 'catkin_skip_building_tests' from command line to 'False'
[0.284s] DEBUG:colcon.colcon_core.verb:Building package 'my_controller_interfaces' with the following arguments: {'ament_cmake_args': None, 'build_base': '/home/tanakon/fra501_ws/build/my_controller_interfaces', 'catkin_cmake_args': None, 'catkin_skip_building_tests': False, 'cmake_args': None, 'cmake_clean_cache': False, 'cmake_clean_first': False, 'cmake_force_configure': False, 'cmake_target': None, 'cmake_target_skip_unavailable': False, 'install_base': '/home/tanakon/fra501_ws/install/my_controller_interfaces', 'merge_install': False, 'path': '/home/tanakon/fra501_ws/src/my_controller_interfaces', 'symlink_install': False, 'test_result_base': None}
[0.285s] Level 5:colcon.colcon_core.verb:set package 'turtlesim_control' build argument 'cmake_args' from command line to 'None'
[0.285s] Level 5:colcon.colcon_core.verb:set package 'turtlesim_control' build argument 'cmake_target' from command line to 'None'
[0.285s] Level 5:colcon.colcon_core.verb:set package 'turtlesim_control' build argument 'cmake_target_skip_unavailable' from command line to 'False'
[0.285s] Level 5:colcon.colcon_core.verb:set package 'turtlesim_control' build argument 'cmake_clean_cache' from command line to 'False'
[0.285s] Level 5:colcon.colcon_core.verb:set package 'turtlesim_control' build argument 'cmake_clean_first' from command line to 'False'
[0.285s] Level 5:colcon.colcon_core.verb:set package 'turtlesim_control' build argument 'cmake_force_configure' from command line to 'False'
[0.285s] Level 5:colcon.colcon_core.verb:set package 'turtlesim_control' build argument 'ament_cmake_args' from command line to 'None'
[0.285s] Level 5:colcon.colcon_core.verb:set package 'turtlesim_control' build argument 'catkin_cmake_args' from command line to 'None'
[0.285s] Level 5:colcon.colcon_core.verb:set package 'turtlesim_control' build argument 'catkin_skip_building_tests' from command line to 'False'
[0.285s] DEBUG:colcon.colcon_core.verb:Building package 'turtlesim_control' with the following arguments: {'ament_cmake_args': None, 'build_base': '/home/tanakon/fra501_ws/build/turtlesim_control', 'catkin_cmake_args': None, 'catkin_skip_building_tests': False, 'cmake_args': None, 'cmake_clean_cache': False, 'cmake_clean_first': False, 'cmake_force_configure': False, 'cmake_target': None, 'cmake_target_skip_unavailable': False, 'install_base': '/home/tanakon/fra501_ws/install/turtlesim_control', 'merge_install': False, 'path': '/home/tanakon/fra501_ws/src/turtlesim_control', 'symlink_install': False, 'test_result_base': None}
[0.286s] Level 5:colcon.colcon_core.verb:set package 'turtlesim_interfaces' build argument 'cmake_args' from command line to 'None'
[0.286s] Level 5:colcon.colcon_core.verb:set package 'turtlesim_interfaces' build argument 'cmake_target' from command line to 'None'
[0.286s] Level 5:colcon.colcon_core.verb:set package 'turtlesim_interfaces' build argument 'cmake_target_skip_unavailable' from command line to 'False'
[0.286s] Level 5:colcon.colcon_core.verb:set package 'turtlesim_interfaces' build argument 'cmake_clean_cache' from command line to 'False'
[0.286s] Level 5:colcon.colcon_core.verb:set package 'turtlesim_interfaces' build argument 'cmake_clean_first' from command line to 'False'
[0.286s] Level 5:colcon.colcon_core.verb:set package 'turtlesim_interfaces' build argument 'cmake_force_configure' from command line to 'False'
[0.286s] Level 5:colcon.colcon_core.verb:set package 'turtlesim_interfaces' build argument 'ament_cmake_args' from command line to 'None'
[0.286s] Level 5:colcon.colcon_core.verb:set package 'turtlesim_interfaces' build argument 'catkin_cmake_args' from command line to 'None'
[0.286s] Level 5:colcon.colcon_core.verb:set package 'turtlesim_interfaces' build argument 'catkin_skip_building_tests' from command line to 'False'
[0.286s] DEBUG:colcon.colcon_core.verb:Building package 'turtlesim_interfaces' with the following arguments: {'ament_cmake_args': None, 'build_base': '/home/tanakon/fra501_ws/build/turtlesim_interfaces', 'catkin_cmake_args': None, 'catkin_skip_building_tests': False, 'cmake_args': None, 'cmake_clean_cache': False, 'cmake_clean_first': False, 'cmake_force_configure': False, 'cmake_target': None, 'cmake_target_skip_unavailable': False, 'install_base': '/home/tanakon/fra501_ws/install/turtlesim_interfaces', 'merge_install': False, 'path': '/home/tanakon/fra501_ws/src/turtlesim_interfaces', 'symlink_install': False, 'test_result_base': None}
[0.286s] Level 5:colcon.colcon_core.verb:set package 'turtlesim_plus' build argument 'cmake_args' from command line to 'None'
[0.286s] Level 5:colcon.colcon_core.verb:set package 'turtlesim_plus' build argument 'cmake_target' from command line to 'None'
[0.286s] Level 5:colcon.colcon_core.verb:set package 'turtlesim_plus' build argument 'cmake_target_skip_unavailable' from command line to 'False'
[0.286s] Level 5:colcon.colcon_core.verb:set package 'turtlesim_plus' build argument 'cmake_clean_cache' from command line to 'False'
[0.287s] Level 5:colcon.colcon_core.verb:set package 'turtlesim_plus' build argument 'cmake_clean_first' from command line to 'False'
[0.287s] Level 5:colcon.colcon_core.verb:set package 'turtlesim_plus' build argument 'cmake_force_configure' from command line to 'False'
[0.287s] Level 5:colcon.colcon_core.verb:set package 'turtlesim_plus' build argument 'ament_cmake_args' from command line to 'None'
[0.287s] Level 5:colcon.colcon_core.verb:set package 'turtlesim_plus' build argument 'catkin_cmake_args' from command line to 'None'
[0.287s] Level 5:colcon.colcon_core.verb:set package 'turtlesim_plus' build argument 'catkin_skip_building_tests' from command line to 'False'
[0.287s] DEBUG:colcon.colcon_core.verb:Building package 'turtlesim_plus' with the following arguments: {'ament_cmake_args': None, 'build_base': '/home/tanakon/fra501_ws/build/turtlesim_plus', 'catkin_cmake_args': None, 'catkin_skip_building_tests': False, 'cmake_args': None, 'cmake_clean_cache': False, 'cmake_clean_first': False, 'cmake_force_configure': False, 'cmake_target': None, 'cmake_target_skip_unavailable': False, 'install_base': '/home/tanakon/fra501_ws/install/turtlesim_plus', 'merge_install': False, 'path': '/home/tanakon/fra501_ws/src/turtlesim_plus/turtlesim_plus', 'symlink_install': False, 'test_result_base': None}
[0.287s] Level 5:colcon.colcon_core.verb:set package 'turtlesim_plus_interfaces' build argument 'cmake_args' from command line to 'None'
[0.287s] Level 5:colcon.colcon_core.verb:set package 'turtlesim_plus_interfaces' build argument 'cmake_target' from command line to 'None'
[0.287s] Level 5:colcon.colcon_core.verb:set package 'turtlesim_plus_interfaces' build argument 'cmake_target_skip_unavailable' from command line to 'False'
[0.287s] Level 5:colcon.colcon_core.verb:set package 'turtlesim_plus_interfaces' build argument 'cmake_clean_cache' from command line to 'False'
[0.287s] Level 5:colcon.colcon_core.verb:set package 'turtlesim_plus_interfaces' build argument 'cmake_clean_first' from command line to 'False'
[0.287s] Level 5:colcon.colcon_core.verb:set package 'turtlesim_plus_interfaces' build argument 'cmake_force_configure' from command line to 'False'
[0.287s] Level 5:colcon.colcon_core.verb:set package 'turtlesim_plus_interfaces' build argument 'ament_cmake_args' from command line to 'None'
[0.287s] Level 5:colcon.colcon_core.verb:set package 'turtlesim_plus_interfaces' build argument 'catkin_cmake_args' from command line to 'None'
[0.287s] Level 5:colcon.colcon_core.verb:set package 'turtlesim_plus_interfaces' build argument 'catkin_skip_building_tests' from command line to 'False'
[0.287s] DEBUG:colcon.colcon_core.verb:Building package 'turtlesim_plus_interfaces' with the following arguments: {'ament_cmake_args': None, 'build_base': '/home/tanakon/fra501_ws/build/turtlesim_plus_interfaces', 'catkin_cmake_args': None, 'catkin_skip_building_tests': False, 'cmake_args': None, 'cmake_clean_cache': False, 'cmake_clean_first': False, 'cmake_force_configure': False, 'cmake_target': None, 'cmake_target_skip_unavailable': False, 'install_base': '/home/tanakon/fra501_ws/install/turtlesim_plus_interfaces', 'merge_install': False, 'path': '/home/tanakon/fra501_ws/src/turtlesim_plus/turtlesim_plus_interfaces', 'symlink_install': False, 'test_result_base': None}
[0.288s] INFO:colcon.colcon_core.executor:Executing jobs using 'parallel' executor
[0.290s] DEBUG:colcon.colcon_parallel_executor.executor.parallel:run_until_complete
[0.290s] INFO:colcon.colcon_ros.task.ament_cmake.build:Building ROS package in '/home/tanakon/fra501_ws/src/my_controller' with build type 'ament_cmake'
[0.290s] INFO:colcon.colcon_cmake.task.cmake.build:Building CMake package in '/home/tanakon/fra501_ws/src/my_controller'
[0.292s] INFO:colcon.colcon_core.plugin_system:Skipping extension 'colcon_core.shell.bat': Not used on non-Windows systems
[0.293s] INFO:colcon.colcon_core.shell:Skip shell extension 'powershell' for command environment: Not usable outside of PowerShell
[0.293s] DEBUG:colcon.colcon_core.shell:Skip shell extension 'dsv' for command environment
[0.296s] INFO:colcon.colcon_ros.task.ament_cmake.build:Building ROS package in '/home/tanakon/fra501_ws/src/my_controller_interfaces' with build type 'ament_cmake'
[0.296s] INFO:colcon.colcon_cmake.task.cmake.build:Building CMake package in '/home/tanakon/fra501_ws/src/my_controller_interfaces'
[0.297s] INFO:colcon.colcon_core.shell:Skip shell extension 'powershell' for command environment: Not usable outside of PowerShell
[0.297s] DEBUG:colcon.colcon_core.shell:Skip shell extension 'dsv' for command environment
[0.300s] INFO:colcon.colcon_ros.task.ament_cmake.build:Building ROS package in '/home/tanakon/fra501_ws/src/turtlesim_control' with build type 'ament_cmake'
[0.301s] INFO:colcon.colcon_cmake.task.cmake.build:Building CMake package in '/home/tanakon/fra501_ws/src/turtlesim_control'
[0.301s] INFO:colcon.colcon_core.shell:Skip shell extension 'powershell' for command environment: Not usable outside of PowerShell
[0.301s] DEBUG:colcon.colcon_core.shell:Skip shell extension 'dsv' for command environment
[0.304s] INFO:colcon.colcon_ros.task.ament_cmake.build:Building ROS package in '/home/tanakon/fra501_ws/src/turtlesim_interfaces' with build type 'ament_cmake'
[0.304s] INFO:colcon.colcon_cmake.task.cmake.build:Building CMake package in '/home/tanakon/fra501_ws/src/turtlesim_interfaces'
[0.305s] INFO:colcon.colcon_core.shell:Skip shell extension 'powershell' for command environment: Not usable outside of PowerShell
[0.305s] DEBUG:colcon.colcon_core.shell:Skip shell extension 'dsv' for command environment
[0.308s] INFO:colcon.colcon_ros.task.ament_cmake.build:Building ROS package in '/home/tanakon/fra501_ws/src/turtlesim_plus/turtlesim_plus' with build type 'ament_cmake'
[0.308s] INFO:colcon.colcon_cmake.task.cmake.build:Building CMake package in '/home/tanakon/fra501_ws/src/turtlesim_plus/turtlesim_plus'
[0.309s] INFO:colcon.colcon_core.shell:Skip shell extension 'powershell' for command environment: Not usable outside of PowerShell
[0.309s] DEBUG:colcon.colcon_core.shell:Skip shell extension 'dsv' for command environment
[0.312s] INFO:colcon.colcon_ros.task.ament_cmake.build:Building ROS package in '/home/tanakon/fra501_ws/src/turtlesim_plus/turtlesim_plus_interfaces' with build type 'ament_cmake'
[0.312s] INFO:colcon.colcon_cmake.task.cmake.build:Building CMake package in '/home/tanakon/fra501_ws/src/turtlesim_plus/turtlesim_plus_interfaces'
[0.313s] INFO:colcon.colcon_core.shell:Skip shell extension 'powershell' for command environment: Not usable outside of PowerShell
[0.313s] DEBUG:colcon.colcon_core.shell:Skip shell extension 'dsv' for command environment
[0.320s] DEBUG:colcon.colcon_core.event_handler.log_command:Invoking command in '/home/tanakon/fra501_ws/build/my_controller': CMAKE_PREFIX_PATH=${CMAKE_PREFIX_PATH}:/opt/ros/humble /usr/bin/cmake --build /home/tanakon/fra501_ws/build/my_controller -- -j16 -l16
[0.322s] DEBUG:colcon.colcon_core.event_handler.log_command:Invoking command in '/home/tanakon/fra501_ws/build/my_controller_interfaces': CMAKE_PREFIX_PATH=${CMAKE_PREFIX_PATH}:/opt/ros/humble /usr/bin/cmake --build /home/tanakon/fra501_ws/build/my_controller_interfaces -- -j16 -l16
[0.323s] DEBUG:colcon.colcon_core.event_handler.log_command:Invoking command in '/home/tanakon/fra501_ws/build/turtlesim_control': CMAKE_PREFIX_PATH=${CMAKE_PREFIX_PATH}:/opt/ros/humble /usr/bin/cmake --build /home/tanakon/fra501_ws/build/turtlesim_control -- -j16 -l16
[0.325s] DEBUG:colcon.colcon_core.event_handler.log_command:Invoking command in '/home/tanakon/fra501_ws/build/turtlesim_interfaces': CMAKE_PREFIX_PATH=${CMAKE_PREFIX_PATH}:/opt/ros/humble /usr/bin/cmake --build /home/tanakon/fra501_ws/build/turtlesim_interfaces -- -j16 -l16
[0.327s] DEBUG:colcon.colcon_core.event_handler.log_command:Invoking command in '/home/tanakon/fra501_ws/build/turtlesim_plus': CMAKE_PREFIX_PATH=${CMAKE_PREFIX_PATH}:/opt/ros/humble /usr/bin/cmake --build /home/tanakon/fra501_ws/build/turtlesim_plus -- -j16 -l16
[0.331s] DEBUG:colcon.colcon_core.event_handler.log_command:Invoking command in '/home/tanakon/fra501_ws/build/turtlesim_plus_interfaces': CMAKE_PREFIX_PATH=${CMAKE_PREFIX_PATH}:/opt/ros/humble /usr/bin/cmake --build /home/tanakon/fra501_ws/build/turtlesim_plus_interfaces -- -j16 -l16
[0.586s] DEBUG:colcon.colcon_core.event_handler.log_command:Invoked command in '/home/tanakon/fra501_ws/build/my_controller_interfaces' returned '0': CMAKE_PREFIX_PATH=${CMAKE_PREFIX_PATH}:/opt/ros/humble /usr/bin/cmake --build /home/tanakon/fra501_ws/build/my_controller_interfaces -- -j16 -l16
[0.592s] DEBUG:colcon.colcon_core.event_handler.log_command:Invoked command in '/home/tanakon/fra501_ws/build/turtlesim_plus' returned '0': CMAKE_PREFIX_PATH=${CMAKE_PREFIX_PATH}:/opt/ros/humble /usr/bin/cmake --build /home/tanakon/fra501_ws/build/turtlesim_plus -- -j16 -l16
[0.600s] DEBUG:colcon.colcon_core.event_handler.log_command:Invoked command in '/home/tanakon/fra501_ws/build/turtlesim_interfaces' returned '0': CMAKE_PREFIX_PATH=${CMAKE_PREFIX_PATH}:/opt/ros/humble /usr/bin/cmake --build /home/tanakon/fra501_ws/build/turtlesim_interfaces -- -j16 -l16
[0.606s] DEBUG:colcon.colcon_core.event_handler.log_command:Invoked command in '/home/tanakon/fra501_ws/build/turtlesim_control' returned '0': CMAKE_PREFIX_PATH=${CMAKE_PREFIX_PATH}:/opt/ros/humble /usr/bin/cmake --build /home/tanakon/fra501_ws/build/turtlesim_control -- -j16 -l16
[0.614s] DEBUG:colcon.colcon_core.event_handler.log_command:Invoking command in '/home/tanakon/fra501_ws/build/turtlesim_plus': CMAKE_PREFIX_PATH=${CMAKE_PREFIX_PATH}:/opt/ros/humble /usr/bin/cmake --install /home/tanakon/fra501_ws/build/turtlesim_plus
[0.619s] DEBUG:colcon.colcon_core.event_handler.log_command:Invoking command in '/home/tanakon/fra501_ws/build/my_controller_interfaces': CMAKE_PREFIX_PATH=${CMAKE_PREFIX_PATH}:/opt/ros/humble /usr/bin/cmake --install /home/tanakon/fra501_ws/build/my_controller_interfaces
[0.623s] DEBUG:colcon.colcon_core.event_handler.log_command:Invoking command in '/home/tanakon/fra501_ws/build/turtlesim_control': CMAKE_PREFIX_PATH=${CMAKE_PREFIX_PATH}:/opt/ros/humble /usr/bin/cmake --install /home/tanakon/fra501_ws/build/turtlesim_control
[0.623s] DEBUG:colcon.colcon_core.event_handler.log_command:Invoked command in '/home/tanakon/fra501_ws/build/my_controller' returned '0': CMAKE_PREFIX_PATH=${CMAKE_PREFIX_PATH}:/opt/ros/humble /usr/bin/cmake --build /home/tanakon/fra501_ws/build/my_controller -- -j16 -l16
[0.631s] DEBUG:colcon.colcon_core.event_handler.log_command:Invoked command in '/home/tanakon/fra501_ws/build/turtlesim_plus_interfaces' returned '0': CMAKE_PREFIX_PATH=${CMAKE_PREFIX_PATH}:/opt/ros/humble /usr/bin/cmake --build /home/tanakon/fra501_ws/build/turtlesim_plus_interfaces -- -j16 -l16
[0.635s] DEBUG:colcon.colcon_core.event_handler.log_command:Invoking command in '/home/tanakon/fra501_ws/build/turtlesim_interfaces': CMAKE_PREFIX_PATH=${CMAKE_PREFIX_PATH}:/opt/ros/humble /usr/bin/cmake --install /home/tanakon/fra501_ws/build/turtlesim_interfaces
[0.639s] DEBUG:colcon.colcon_core.event_handler.log_command:Invoking command in '/home/tanakon/fra501_ws/build/my_controller': CMAKE_PREFIX_PATH=${CMAKE_PREFIX_PATH}:/opt/ros/humble /usr/bin/cmake --install /home/tanakon/fra501_ws/build/my_controller
[0.649s] Level 1:colcon.colcon_core.environment:create_environment_scripts_only(turtlesim_plus)
[0.651s] DEBUG:colcon.colcon_core.event_handler.log_command:Invoked command in '/home/tanakon/fra501_ws/build/turtlesim_plus' returned '0': CMAKE_PREFIX_PATH=${CMAKE_PREFIX_PATH}:/opt/ros/humble /usr/bin/cmake --install /home/tanakon/fra501_ws/build/turtlesim_plus
[0.659s] Level 1:colcon.colcon_core.environment:checking '/home/tanakon/fra501_ws/install/turtlesim_plus' for CMake module files
[0.659s] Level 1:colcon.colcon_core.environment:checking '/home/tanakon/fra501_ws/install/turtlesim_plus' for CMake config files
[0.659s] Level 1:colcon.colcon_core.shell:create_environment_hook('turtlesim_plus', 'cmake_prefix_path')
[0.660s] INFO:colcon.colcon_core.shell:Creating environment hook '/home/tanakon/fra501_ws/install/turtlesim_plus/share/turtlesim_plus/hook/cmake_prefix_path.ps1'
[0.661s] INFO:colcon.colcon_core.shell:Creating environment descriptor '/home/tanakon/fra501_ws/install/turtlesim_plus/share/turtlesim_plus/hook/cmake_prefix_path.dsv'
[0.661s] INFO:colcon.colcon_core.shell:Creating environment hook '/home/tanakon/fra501_ws/install/turtlesim_plus/share/turtlesim_plus/hook/cmake_prefix_path.sh'
[0.662s] Level 1:colcon.colcon_core.environment:checking '/home/tanakon/fra501_ws/install/turtlesim_plus/lib'
[0.662s] Level 1:colcon.colcon_core.environment:checking '/home/tanakon/fra501_ws/install/turtlesim_plus/bin'
[0.662s] Level 1:colcon.colcon_core.environment:checking '/home/tanakon/fra501_ws/install/turtlesim_plus/lib/pkgconfig/turtlesim_plus.pc'
[0.662s] Level 1:colcon.colcon_core.environment:checking '/home/tanakon/fra501_ws/install/turtlesim_plus/lib/python3.10/site-packages'
[0.663s] Level 1:colcon.colcon_core.environment:checking '/home/tanakon/fra501_ws/install/turtlesim_plus/bin'
[0.664s] INFO:colcon.colcon_core.shell:Creating package script '/home/tanakon/fra501_ws/install/turtlesim_plus/share/turtlesim_plus/package.ps1'
[0.664s] INFO:colcon.colcon_core.shell:Creating package descriptor '/home/tanakon/fra501_ws/install/turtlesim_plus/share/turtlesim_plus/package.dsv'
[0.665s] INFO:colcon.colcon_core.shell:Creating package script '/home/tanakon/fra501_ws/install/turtlesim_plus/share/turtlesim_plus/package.sh'
[0.665s] INFO:colcon.colcon_core.shell:Creating package script '/home/tanakon/fra501_ws/install/turtlesim_plus/share/turtlesim_plus/package.bash'
[0.666s] INFO:colcon.colcon_core.shell:Creating package script '/home/tanakon/fra501_ws/install/turtlesim_plus/share/turtlesim_plus/package.zsh'
[0.666s] Level 1:colcon.colcon_core.environment:create_file_with_runtime_dependencies(/home/tanakon/fra501_ws/install/turtlesim_plus/share/colcon-core/packages/turtlesim_plus)
[0.669s] Level 1:colcon.colcon_core.environment:create_environment_scripts_only(my_controller_interfaces)
[0.671s] Level 1:colcon.colcon_core.environment:checking '/home/tanakon/fra501_ws/install/my_controller_interfaces' for CMake module files
[0.672s] DEBUG:colcon.colcon_core.event_handler.log_command:Invoked command in '/home/tanakon/fra501_ws/build/my_controller_interfaces' returned '0': CMAKE_PREFIX_PATH=${CMAKE_PREFIX_PATH}:/opt/ros/humble /usr/bin/cmake --install /home/tanakon/fra501_ws/build/my_controller_interfaces
[0.675s] Level 1:colcon.colcon_core.environment:checking '/home/tanakon/fra501_ws/install/my_controller_interfaces' for CMake config files
[0.675s] Level 1:colcon.colcon_core.shell:create_environment_hook('my_controller_interfaces', 'cmake_prefix_path')
[0.676s] INFO:colcon.colcon_core.shell:Creating environment hook '/home/tanakon/fra501_ws/install/my_controller_interfaces/share/my_controller_interfaces/hook/cmake_prefix_path.ps1'
[0.676s] INFO:colcon.colcon_core.shell:Creating environment descriptor '/home/tanakon/fra501_ws/install/my_controller_interfaces/share/my_controller_interfaces/hook/cmake_prefix_path.dsv'
[0.676s] INFO:colcon.colcon_core.shell:Creating environment hook '/home/tanakon/fra501_ws/install/my_controller_interfaces/share/my_controller_interfaces/hook/cmake_prefix_path.sh'
[0.677s] Level 1:colcon.colcon_core.environment:checking '/home/tanakon/fra501_ws/install/my_controller_interfaces/lib'
[0.677s] Level 1:colcon.colcon_core.shell:create_environment_hook('my_controller_interfaces', 'ld_library_path_lib')
[0.678s] INFO:colcon.colcon_core.shell:Creating environment hook '/home/tanakon/fra501_ws/install/my_controller_interfaces/share/my_controller_interfaces/hook/ld_library_path_lib.ps1'
[0.678s] INFO:colcon.colcon_core.shell:Creating environment descriptor '/home/tanakon/fra501_ws/install/my_controller_interfaces/share/my_controller_interfaces/hook/ld_library_path_lib.dsv'
[0.678s] INFO:colcon.colcon_core.shell:Creating environment hook '/home/tanakon/fra501_ws/install/my_controller_interfaces/share/my_controller_interfaces/hook/ld_library_path_lib.sh'
[0.678s] Level 1:colcon.colcon_core.environment:checking '/home/tanakon/fra501_ws/install/my_controller_interfaces/bin'
[0.678s] Level 1:colcon.colcon_core.environment:checking '/home/tanakon/fra501_ws/install/my_controller_interfaces/lib/pkgconfig/my_controller_interfaces.pc'
[0.679s] Level 1:colcon.colcon_core.environment:checking '/home/tanakon/fra501_ws/install/my_controller_interfaces/lib/python3.10/site-packages'
[0.679s] Level 1:colcon.colcon_core.environment:checking '/home/tanakon/fra501_ws/install/my_controller_interfaces/bin'
[0.680s] INFO:colcon.colcon_core.shell:Creating package script '/home/tanakon/fra501_ws/install/my_controller_interfaces/share/my_controller_interfaces/package.ps1'
[0.680s] INFO:colcon.colcon_core.shell:Creating package descriptor '/home/tanakon/fra501_ws/install/my_controller_interfaces/share/my_controller_interfaces/package.dsv'
[0.680s] INFO:colcon.colcon_core.shell:Creating package script '/home/tanakon/fra501_ws/install/my_controller_interfaces/share/my_controller_interfaces/package.sh'
[0.680s] INFO:colcon.colcon_core.shell:Creating package script '/home/tanakon/fra501_ws/install/my_controller_interfaces/share/my_controller_interfaces/package.bash'
[0.681s] INFO:colcon.colcon_core.shell:Creating package script '/home/tanakon/fra501_ws/install/my_controller_interfaces/share/my_controller_interfaces/package.zsh'
[0.681s] Level 1:colcon.colcon_core.environment:create_file_with_runtime_dependencies(/home/tanakon/fra501_ws/install/my_controller_interfaces/share/colcon-core/packages/my_controller_interfaces)
[0.681s] Level 1:colcon.colcon_core.environment:create_environment_scripts_only(turtlesim_control)
[0.682s] DEBUG:colcon.colcon_core.event_handler.log_command:Invoked command in '/home/tanakon/fra501_ws/build/turtlesim_control' returned '0': CMAKE_PREFIX_PATH=${CMAKE_PREFIX_PATH}:/opt/ros/humble /usr/bin/cmake --install /home/tanakon/fra501_ws/build/turtlesim_control
[0.683s] Level 1:colcon.colcon_core.environment:checking '/home/tanakon/fra501_ws/install/turtlesim_control' for CMake module files
[0.683s] Level 1:colcon.colcon_core.environment:checking '/home/tanakon/fra501_ws/install/turtlesim_control' for CMake config files
[0.683s] Level 1:colcon.colcon_core.shell:create_environment_hook('turtlesim_control', 'cmake_prefix_path')
[0.684s] INFO:colcon.colcon_core.shell:Creating environment hook '/home/tanakon/fra501_ws/install/turtlesim_control/share/turtlesim_control/hook/cmake_prefix_path.ps1'
[0.685s] INFO:colcon.colcon_core.shell:Creating environment descriptor '/home/tanakon/fra501_ws/install/turtlesim_control/share/turtlesim_control/hook/cmake_prefix_path.dsv'
[0.685s] INFO:colcon.colcon_core.shell:Creating environment hook '/home/tanakon/fra501_ws/install/turtlesim_control/share/turtlesim_control/hook/cmake_prefix_path.sh'
[0.685s] Level 1:colcon.colcon_core.environment:checking '/home/tanakon/fra501_ws/install/turtlesim_control/lib'
[0.685s] Level 1:colcon.colcon_core.environment:checking '/home/tanakon/fra501_ws/install/turtlesim_control/bin'
[0.685s] Level 1:colcon.colcon_core.environment:checking '/home/tanakon/fra501_ws/install/turtlesim_control/lib/pkgconfig/turtlesim_control.pc'
[0.685s] Level 1:colcon.colcon_core.environment:checking '/home/tanakon/fra501_ws/install/turtlesim_control/lib/python3.10/site-packages'
[0.685s] Level 1:colcon.colcon_core.environment:checking '/home/tanakon/fra501_ws/install/turtlesim_control/bin'
[0.686s] INFO:colcon.colcon_core.shell:Creating package script '/home/tanakon/fra501_ws/install/turtlesim_control/share/turtlesim_control/package.ps1'
[0.687s] INFO:colcon.colcon_core.shell:Creating package descriptor '/home/tanakon/fra501_ws/install/turtlesim_control/share/turtlesim_control/package.dsv'
[0.687s] INFO:colcon.colcon_core.shell:Creating package script '/home/tanakon/fra501_ws/install/turtlesim_control/share/turtlesim_control/package.sh'
[0.687s] INFO:colcon.colcon_core.shell:Creating package script '/home/tanakon/fra501_ws/install/turtlesim_control/share/turtlesim_control/package.bash'
[0.687s] INFO:colcon.colcon_core.shell:Creating package script '/home/tanakon/fra501_ws/install/turtlesim_control/share/turtlesim_control/package.zsh'
[0.687s] Level 1:colcon.colcon_core.environment:create_file_with_runtime_dependencies(/home/tanakon/fra501_ws/install/turtlesim_control/share/colcon-core/packages/turtlesim_control)
[0.691s] Level 1:colcon.colcon_core.environment:create_environment_scripts_only(turtlesim_plus)
[0.692s] Level 1:colcon.colcon_core.environment:checking '/home/tanakon/fra501_ws/install/turtlesim_plus' for CMake module files
[0.693s] DEBUG:colcon.colcon_core.event_handler.log_command:Invoking command in '/home/tanakon/fra501_ws/build/turtlesim_plus_interfaces': CMAKE_PREFIX_PATH=${CMAKE_PREFIX_PATH}:/opt/ros/humble /usr/bin/cmake --install /home/tanakon/fra501_ws/build/turtlesim_plus_interfaces
[0.693s] Level 1:colcon.colcon_core.environment:checking '/home/tanakon/fra501_ws/install/turtlesim_plus' for CMake config files
[0.693s] Level 1:colcon.colcon_core.shell:create_environment_hook('turtlesim_plus', 'cmake_prefix_path')
[0.694s] INFO:colcon.colcon_core.shell:Creating environment hook '/home/tanakon/fra501_ws/install/turtlesim_plus/share/turtlesim_plus/hook/cmake_prefix_path.ps1'
[0.694s] INFO:colcon.colcon_core.shell:Creating environment descriptor '/home/tanakon/fra501_ws/install/turtlesim_plus/share/turtlesim_plus/hook/cmake_prefix_path.dsv'
[0.694s] INFO:colcon.colcon_core.shell:Creating environment hook '/home/tanakon/fra501_ws/install/turtlesim_plus/share/turtlesim_plus/hook/cmake_prefix_path.sh'
[0.695s] Level 1:colcon.colcon_core.environment:checking '/home/tanakon/fra501_ws/install/turtlesim_plus/lib'
[0.695s] Level 1:colcon.colcon_core.environment:checking '/home/tanakon/fra501_ws/install/turtlesim_plus/bin'
[0.695s] Level 1:colcon.colcon_core.environment:checking '/home/tanakon/fra501_ws/install/turtlesim_plus/lib/pkgconfig/turtlesim_plus.pc'
[0.695s] Level 1:colcon.colcon_core.environment:checking '/home/tanakon/fra501_ws/install/turtlesim_plus/lib/python3.10/site-packages'
[0.695s] Level 1:colcon.colcon_core.environment:checking '/home/tanakon/fra501_ws/install/turtlesim_plus/bin'
[0.696s] INFO:colcon.colcon_core.shell:Creating package script '/home/tanakon/fra501_ws/install/turtlesim_plus/share/turtlesim_plus/package.ps1'
[0.697s] INFO:colcon.colcon_core.shell:Creating package descriptor '/home/tanakon/fra501_ws/install/turtlesim_plus/share/turtlesim_plus/package.dsv'
[0.697s] INFO:colcon.colcon_core.shell:Creating package script '/home/tanakon/fra501_ws/install/turtlesim_plus/share/turtlesim_plus/package.sh'
[0.697s] INFO:colcon.colcon_core.shell:Creating package script '/home/tanakon/fra501_ws/install/turtlesim_plus/share/turtlesim_plus/package.bash'
[0.697s] INFO:colcon.colcon_core.shell:Creating package script '/home/tanakon/fra501_ws/install/turtlesim_plus/share/turtlesim_plus/package.zsh'
[0.698s] Level 1:colcon.colcon_core.environment:create_file_with_runtime_dependencies(/home/tanakon/fra501_ws/install/turtlesim_plus/share/colcon-core/packages/turtlesim_plus)
[0.698s] Level 1:colcon.colcon_core.environment:create_environment_scripts_only(my_controller)
[0.699s] Level 1:colcon.colcon_core.environment:checking '/home/tanakon/fra501_ws/install/my_controller' for CMake module files
[0.701s] DEBUG:colcon.colcon_core.event_handler.log_command:Invoked command in '/home/tanakon/fra501_ws/build/my_controller' returned '0': CMAKE_PREFIX_PATH=${CMAKE_PREFIX_PATH}:/opt/ros/humble /usr/bin/cmake --install /home/tanakon/fra501_ws/build/my_controller
[0.702s] Level 1:colcon.colcon_core.environment:checking '/home/tanakon/fra501_ws/install/my_controller' for CMake config files
[0.705s] Level 1:colcon.colcon_core.shell:create_environment_hook('my_controller', 'cmake_prefix_path')
[0.707s] INFO:colcon.colcon_core.shell:Creating environment hook '/home/tanakon/fra501_ws/install/my_controller/share/my_controller/hook/cmake_prefix_path.ps1'
[0.710s] INFO:colcon.colcon_core.shell:Creating environment descriptor '/home/tanakon/fra501_ws/install/my_controller/share/my_controller/hook/cmake_prefix_path.dsv'
[0.712s] INFO:colcon.colcon_core.shell:Creating environment hook '/home/tanakon/fra501_ws/install/my_controller/share/my_controller/hook/cmake_prefix_path.sh'
[0.712s] Level 1:colcon.colcon_core.environment:checking '/home/tanakon/fra501_ws/install/my_controller/lib'
[0.712s] Level 1:colcon.colcon_core.environment:checking '/home/tanakon/fra501_ws/install/my_controller/bin'
[0.712s] Level 1:colcon.colcon_core.environment:checking '/home/tanakon/fra501_ws/install/my_controller/lib/pkgconfig/my_controller.pc'
[0.712s] Level 1:colcon.colcon_core.environment:checking '/home/tanakon/fra501_ws/install/my_controller/lib/python3.10/site-packages'
[0.712s] Level 1:colcon.colcon_core.environment:checking '/home/tanakon/fra501_ws/install/my_controller/bin'
[0.713s] INFO:colcon.colcon_core.shell:Creating package script '/home/tanakon/fra501_ws/install/my_controller/share/my_controller/package.ps1'
[0.714s] INFO:colcon.colcon_core.shell:Creating package descriptor '/home/tanakon/fra501_ws/install/my_controller/share/my_controller/package.dsv'
[0.714s] INFO:colcon.colcon_core.shell:Creating package script '/home/tanakon/fra501_ws/install/my_controller/share/my_controller/package.sh'
[0.714s] INFO:colcon.colcon_core.shell:Creating package script '/home/tanakon/fra501_ws/install/my_controller/share/my_controller/package.bash'
[0.714s] INFO:colcon.colcon_core.shell:Creating package script '/home/tanakon/fra501_ws/install/my_controller/share/my_controller/package.zsh'
[0.715s] Level 1:colcon.colcon_core.environment:create_file_with_runtime_dependencies(/home/tanakon/fra501_ws/install/my_controller/share/colcon-core/packages/my_controller)
[0.715s] Level 1:colcon.colcon_core.environment:create_environment_scripts_only(turtlesim_interfaces)
[0.715s] DEBUG:colcon.colcon_core.event_handler.log_command:Invoked command in '/home/tanakon/fra501_ws/build/turtlesim_interfaces' returned '0': CMAKE_PREFIX_PATH=${CMAKE_PREFIX_PATH}:/opt/ros/humble /usr/bin/cmake --install /home/tanakon/fra501_ws/build/turtlesim_interfaces
[0.717s] Level 1:colcon.colcon_core.environment:checking '/home/tanakon/fra501_ws/install/turtlesim_interfaces' for CMake module files
[0.717s] Level 1:colcon.colcon_core.environment:checking '/home/tanakon/fra501_ws/install/turtlesim_interfaces' for CMake config files
[0.718s] Level 1:colcon.colcon_core.shell:create_environment_hook('turtlesim_interfaces', 'cmake_prefix_path')
[0.718s] INFO:colcon.colcon_core.shell:Creating environment hook '/home/tanakon/fra501_ws/install/turtlesim_interfaces/share/turtlesim_interfaces/hook/cmake_prefix_path.ps1'
[0.719s] INFO:colcon.colcon_core.shell:Creating environment descriptor '/home/tanakon/fra501_ws/install/turtlesim_interfaces/share/turtlesim_interfaces/hook/cmake_prefix_path.dsv'
[0.719s] INFO:colcon.colcon_core.shell:Creating environment hook '/home/tanakon/fra501_ws/install/turtlesim_interfaces/share/turtlesim_interfaces/hook/cmake_prefix_path.sh'
[0.719s] Level 1:colcon.colcon_core.environment:checking '/home/tanakon/fra501_ws/install/turtlesim_interfaces/lib'
[0.719s] Level 1:colcon.colcon_core.shell:create_environment_hook('turtlesim_interfaces', 'ld_library_path_lib')
[0.720s] INFO:colcon.colcon_core.shell:Creating environment hook '/home/tanakon/fra501_ws/install/turtlesim_interfaces/share/turtlesim_interfaces/hook/ld_library_path_lib.ps1'
[0.720s] INFO:colcon.colcon_core.shell:Creating environment descriptor '/home/tanakon/fra501_ws/install/turtlesim_interfaces/share/turtlesim_interfaces/hook/ld_library_path_lib.dsv'
[0.721s] INFO:colcon.colcon_core.shell:Creating environment hook '/home/tanakon/fra501_ws/install/turtlesim_interfaces/share/turtlesim_interfaces/hook/ld_library_path_lib.sh'
[0.721s] Level 1:colcon.colcon_core.environment:checking '/home/tanakon/fra501_ws/install/turtlesim_interfaces/bin'
[0.721s] Level 1:colcon.colcon_core.environment:checking '/home/tanakon/fra501_ws/install/turtlesim_interfaces/lib/pkgconfig/turtlesim_interfaces.pc'
[0.721s] Level 1:colcon.colcon_core.environment:checking '/home/tanakon/fra501_ws/install/turtlesim_interfaces/lib/python3.10/site-packages'
[0.721s] Level 1:colcon.colcon_core.environment:checking '/home/tanakon/fra501_ws/install/turtlesim_interfaces/bin'
[0.722s] INFO:colcon.colcon_core.shell:Creating package script '/home/tanakon/fra501_ws/install/turtlesim_interfaces/share/turtlesim_interfaces/package.ps1'
[0.723s] INFO:colcon.colcon_core.shell:Creating package descriptor '/home/tanakon/fra501_ws/install/turtlesim_interfaces/share/turtlesim_interfaces/package.dsv'
[0.723s] INFO:colcon.colcon_core.shell:Creating package script '/home/tanakon/fra501_ws/install/turtlesim_interfaces/share/turtlesim_interfaces/package.sh'
[0.723s] INFO:colcon.colcon_core.shell:Creating package script '/home/tanakon/fra501_ws/install/turtlesim_interfaces/share/turtlesim_interfaces/package.bash'
[0.724s] INFO:colcon.colcon_core.shell:Creating package script '/home/tanakon/fra501_ws/install/turtlesim_interfaces/share/turtlesim_interfaces/package.zsh'
[0.724s] Level 1:colcon.colcon_core.environment:create_file_with_runtime_dependencies(/home/tanakon/fra501_ws/install/turtlesim_interfaces/share/colcon-core/packages/turtlesim_interfaces)
[0.726s] Level 1:colcon.colcon_core.environment:create_environment_scripts_only(turtlesim_control)
[0.727s] Level 1:colcon.colcon_core.environment:checking '/home/tanakon/fra501_ws/install/turtlesim_control' for CMake module files
[0.731s] Level 1:colcon.colcon_core.environment:checking '/home/tanakon/fra501_ws/install/turtlesim_control' for CMake config files
[0.731s] Level 1:colcon.colcon_core.shell:create_environment_hook('turtlesim_control', 'cmake_prefix_path')
[0.732s] INFO:colcon.colcon_core.shell:Creating environment hook '/home/tanakon/fra501_ws/install/turtlesim_control/share/turtlesim_control/hook/cmake_prefix_path.ps1'
[0.732s] INFO:colcon.colcon_core.shell:Creating environment descriptor '/home/tanakon/fra501_ws/install/turtlesim_control/share/turtlesim_control/hook/cmake_prefix_path.dsv'
[0.733s] INFO:colcon.colcon_core.shell:Creating environment hook '/home/tanakon/fra501_ws/install/turtlesim_control/share/turtlesim_control/hook/cmake_prefix_path.sh'
[0.733s] Level 1:colcon.colcon_core.environment:checking '/home/tanakon/fra501_ws/install/turtlesim_control/lib'
[0.733s] Level 1:colcon.colcon_core.environment:checking '/home/tanakon/fra501_ws/install/turtlesim_control/bin'
[0.733s] Level 1:colcon.colcon_core.environment:checking '/home/tanakon/fra501_ws/install/turtlesim_control/lib/pkgconfig/turtlesim_control.pc'
[0.733s] Level 1:colcon.colcon_core.environment:checking '/home/tanakon/fra501_ws/install/turtlesim_control/lib/python3.10/site-packages'
[0.733s] Level 1:colcon.colcon_core.environment:checking '/home/tanakon/fra501_ws/install/turtlesim_control/bin'
[0.734s] INFO:colcon.colcon_core.shell:Creating package script '/home/tanakon/fra501_ws/install/turtlesim_control/share/turtlesim_control/package.ps1'
[0.734s] INFO:colcon.colcon_core.shell:Creating package descriptor '/home/tanakon/fra501_ws/install/turtlesim_control/share/turtlesim_control/package.dsv'
[0.735s] INFO:colcon.colcon_core.shell:Creating package script '/home/tanakon/fra501_ws/install/turtlesim_control/share/turtlesim_control/package.sh'
[0.735s] INFO:colcon.colcon_core.shell:Creating package script '/home/tanakon/fra501_ws/install/turtlesim_control/share/turtlesim_control/package.bash'
[0.735s] INFO:colcon.colcon_core.shell:Creating package script '/home/tanakon/fra501_ws/install/turtlesim_control/share/turtlesim_control/package.zsh'
[0.735s] Level 1:colcon.colcon_core.environment:create_file_with_runtime_dependencies(/home/tanakon/fra501_ws/install/turtlesim_control/share/colcon-core/packages/turtlesim_control)
[0.737s] Level 1:colcon.colcon_core.environment:create_environment_scripts_only(my_controller_interfaces)
[0.738s] Level 1:colcon.colcon_core.environment:checking '/home/tanakon/fra501_ws/install/my_controller_interfaces' for CMake module files
[0.738s] Level 1:colcon.colcon_core.environment:checking '/home/tanakon/fra501_ws/install/my_controller_interfaces' for CMake config files
[0.738s] Level 1:colcon.colcon_core.shell:create_environment_hook('my_controller_interfaces', 'cmake_prefix_path')
[0.739s] INFO:colcon.colcon_core.shell:Creating environment hook '/home/tanakon/fra501_ws/install/my_controller_interfaces/share/my_controller_interfaces/hook/cmake_prefix_path.ps1'
[0.740s] INFO:colcon.colcon_core.shell:Creating environment descriptor '/home/tanakon/fra501_ws/install/my_controller_interfaces/share/my_controller_interfaces/hook/cmake_prefix_path.dsv'
[0.740s] INFO:colcon.colcon_core.shell:Creating environment hook '/home/tanakon/fra501_ws/install/my_controller_interfaces/share/my_controller_interfaces/hook/cmake_prefix_path.sh'
[0.740s] Level 1:colcon.colcon_core.environment:checking '/home/tanakon/fra501_ws/install/my_controller_interfaces/lib'
[0.740s] Level 1:colcon.colcon_core.shell:create_environment_hook('my_controller_interfaces', 'ld_library_path_lib')
[0.741s] INFO:colcon.colcon_core.shell:Creating environment hook '/home/tanakon/fra501_ws/install/my_controller_interfaces/share/my_controller_interfaces/hook/ld_library_path_lib.ps1'
[0.741s] INFO:colcon.colcon_core.shell:Creating environment descriptor '/home/tanakon/fra501_ws/install/my_controller_interfaces/share/my_controller_interfaces/hook/ld_library_path_lib.dsv'
[0.741s] INFO:colcon.colcon_core.shell:Creating environment hook '/home/tanakon/fra501_ws/install/my_controller_interfaces/share/my_controller_interfaces/hook/ld_library_path_lib.sh'
[0.742s] Level 1:colcon.colcon_core.environment:checking '/home/tanakon/fra501_ws/install/my_controller_interfaces/bin'
[0.742s] Level 1:colcon.colcon_core.environment:checking '/home/tanakon/fra501_ws/install/my_controller_interfaces/lib/pkgconfig/my_controller_interfaces.pc'
[0.742s] Level 1:colcon.colcon_core.environment:checking '/home/tanakon/fra501_ws/install/my_controller_interfaces/lib/python3.10/site-packages'
[0.742s] Level 1:colcon.colcon_core.environment:checking '/home/tanakon/fra501_ws/install/my_controller_interfaces/bin'
[0.743s] INFO:colcon.colcon_core.shell:Creating package script '/home/tanakon/fra501_ws/install/my_controller_interfaces/share/my_controller_interfaces/package.ps1'
[0.743s] INFO:colcon.colcon_core.shell:Creating package descriptor '/home/tanakon/fra501_ws/install/my_controller_interfaces/share/my_controller_interfaces/package.dsv'
[0.743s] INFO:colcon.colcon_core.shell:Creating package script '/home/tanakon/fra501_ws/install/my_controller_interfaces/share/my_controller_interfaces/package.sh'
[0.744s] INFO:colcon.colcon_core.shell:Creating package script '/home/tanakon/fra501_ws/install/my_controller_interfaces/share/my_controller_interfaces/package.bash'
[0.744s] INFO:colcon.colcon_core.shell:Creating package script '/home/tanakon/fra501_ws/install/my_controller_interfaces/share/my_controller_interfaces/package.zsh'
[0.744s] Level 1:colcon.colcon_core.environment:create_file_with_runtime_dependencies(/home/tanakon/fra501_ws/install/my_controller_interfaces/share/colcon-core/packages/my_controller_interfaces)
[0.745s] Level 1:colcon.colcon_core.environment:create_environment_scripts_only(my_controller)
[0.747s] Level 1:colcon.colcon_core.environment:checking '/home/tanakon/fra501_ws/install/my_controller' for CMake module files
[0.747s] Level 1:colcon.colcon_core.environment:checking '/home/tanakon/fra501_ws/install/my_controller' for CMake config files
[0.747s] Level 1:colcon.colcon_core.shell:create_environment_hook('my_controller', 'cmake_prefix_path')
[0.748s] INFO:colcon.colcon_core.shell:Creating environment hook '/home/tanakon/fra501_ws/install/my_controller/share/my_controller/hook/cmake_prefix_path.ps1'
[0.748s] INFO:colcon.colcon_core.shell:Creating environment descriptor '/home/tanakon/fra501_ws/install/my_controller/share/my_controller/hook/cmake_prefix_path.dsv'
[0.748s] INFO:colcon.colcon_core.shell:Creating environment hook '/home/tanakon/fra501_ws/install/my_controller/share/my_controller/hook/cmake_prefix_path.sh'
[0.749s] Level 1:colcon.colcon_core.environment:checking '/home/tanakon/fra501_ws/install/my_controller/lib'
[0.749s] Level 1:colcon.colcon_core.environment:checking '/home/tanakon/fra501_ws/install/my_controller/bin'
[0.749s] Level 1:colcon.colcon_core.environment:checking '/home/tanakon/fra501_ws/install/my_controller/lib/pkgconfig/my_controller.pc'
[0.749s] Level 1:colcon.colcon_core.environment:checking '/home/tanakon/fra501_ws/install/my_controller/lib/python3.10/site-packages'
[0.749s] Level 1:colcon.colcon_core.environment:checking '/home/tanakon/fra501_ws/install/my_controller/bin'
[0.750s] INFO:colcon.colcon_core.shell:Creating package script '/home/tanakon/fra501_ws/install/my_controller/share/my_controller/package.ps1'
[0.750s] INFO:colcon.colcon_core.shell:Creating package descriptor '/home/tanakon/fra501_ws/install/my_controller/share/my_controller/package.dsv'
[0.750s] INFO:colcon.colcon_core.shell:Creating package script '/home/tanakon/fra501_ws/install/my_controller/share/my_controller/package.sh'
[0.751s] INFO:colcon.colcon_core.shell:Creating package script '/home/tanakon/fra501_ws/install/my_controller/share/my_controller/package.bash'
[0.751s] INFO:colcon.colcon_core.shell:Creating package script '/home/tanakon/fra501_ws/install/my_controller/share/my_controller/package.zsh'
[0.751s] Level 1:colcon.colcon_core.environment:create_file_with_runtime_dependencies(/home/tanakon/fra501_ws/install/my_controller/share/colcon-core/packages/my_controller)
[0.751s] Level 1:colcon.colcon_core.environment:create_environment_scripts_only(turtlesim_plus_interfaces)
[0.753s] Level 1:colcon.colcon_core.environment:checking '/home/tanakon/fra501_ws/install/turtlesim_plus_interfaces' for CMake module files
[0.754s] DEBUG:colcon.colcon_core.event_handler.log_command:Invoked command in '/home/tanakon/fra501_ws/build/turtlesim_plus_interfaces' returned '0': CMAKE_PREFIX_PATH=${CMAKE_PREFIX_PATH}:/opt/ros/humble /usr/bin/cmake --install /home/tanakon/fra501_ws/build/turtlesim_plus_interfaces
[0.754s] Level 1:colcon.colcon_core.environment:checking '/home/tanakon/fra501_ws/install/turtlesim_plus_interfaces' for CMake config files
[0.754s] Level 1:colcon.colcon_core.shell:create_environment_hook('turtlesim_plus_interfaces', 'cmake_prefix_path')
[0.755s] INFO:colcon.colcon_core.shell:Creating environment hook '/home/tanakon/fra501_ws/install/turtlesim_plus_interfaces/share/turtlesim_plus_interfaces/hook/cmake_prefix_path.ps1'
[0.755s] INFO:colcon.colcon_core.shell:Creating environment descriptor '/home/tanakon/fra501_ws/install/turtlesim_plus_interfaces/share/turtlesim_plus_interfaces/hook/cmake_prefix_path.dsv'
[0.756s] INFO:colcon.colcon_core.shell:Creating environment hook '/home/tanakon/fra501_ws/install/turtlesim_plus_interfaces/share/turtlesim_plus_interfaces/hook/cmake_prefix_path.sh'
[0.756s] Level 1:colcon.colcon_core.environment:checking '/home/tanakon/fra501_ws/install/turtlesim_plus_interfaces/lib'
[0.756s] Level 1:colcon.colcon_core.shell:create_environment_hook('turtlesim_plus_interfaces', 'ld_library_path_lib')
[0.757s] INFO:colcon.colcon_core.shell:Creating environment hook '/home/tanakon/fra501_ws/install/turtlesim_plus_interfaces/share/turtlesim_plus_interfaces/hook/ld_library_path_lib.ps1'
[0.757s] INFO:colcon.colcon_core.shell:Creating environment descriptor '/home/tanakon/fra501_ws/install/turtlesim_plus_interfaces/share/turtlesim_plus_interfaces/hook/ld_library_path_lib.dsv'
[0.757s] INFO:colcon.colcon_core.shell:Creating environment hook '/home/tanakon/fra501_ws/install/turtlesim_plus_interfaces/share/turtlesim_plus_interfaces/hook/ld_library_path_lib.sh'
[0.758s] Level 1:colcon.colcon_core.environment:checking '/home/tanakon/fra501_ws/install/turtlesim_plus_interfaces/bin'
[0.758s] Level 1:colcon.colcon_core.environment:checking '/home/tanakon/fra501_ws/install/turtlesim_plus_interfaces/lib/pkgconfig/turtlesim_plus_interfaces.pc'
[0.758s] Level 1:colcon.colcon_core.environment:checking '/home/tanakon/fra501_ws/install/turtlesim_plus_interfaces/lib/python3.10/site-packages'
[0.758s] Level 1:colcon.colcon_core.environment:checking '/home/tanakon/fra501_ws/install/turtlesim_plus_interfaces/bin'
[0.759s] INFO:colcon.colcon_core.shell:Creating package script '/home/tanakon/fra501_ws/install/turtlesim_plus_interfaces/share/turtlesim_plus_interfaces/package.ps1'
[0.759s] INFO:colcon.colcon_core.shell:Creating package descriptor '/home/tanakon/fra501_ws/install/turtlesim_plus_interfaces/share/turtlesim_plus_interfaces/package.dsv'
[0.759s] INFO:colcon.colcon_core.shell:Creating package script '/home/tanakon/fra501_ws/install/turtlesim_plus_interfaces/share/turtlesim_plus_interfaces/package.sh'
[0.759s] INFO:colcon.colcon_core.shell:Creating package script '/home/tanakon/fra501_ws/install/turtlesim_plus_interfaces/share/turtlesim_plus_interfaces/package.bash'
[0.760s] INFO:colcon.colcon_core.shell:Creating package script '/home/tanakon/fra501_ws/install/turtlesim_plus_interfaces/share/turtlesim_plus_interfaces/package.zsh'
[0.760s] Level 1:colcon.colcon_core.environment:create_file_with_runtime_dependencies(/home/tanakon/fra501_ws/install/turtlesim_plus_interfaces/share/colcon-core/packages/turtlesim_plus_interfaces)
[0.761s] Level 1:colcon.colcon_core.environment:create_environment_scripts_only(turtlesim_interfaces)
[0.763s] Level 1:colcon.colcon_core.environment:checking '/home/tanakon/fra501_ws/install/turtlesim_interfaces' for CMake module files
[0.763s] Level 1:colcon.colcon_core.environment:checking '/home/tanakon/fra501_ws/install/turtlesim_interfaces' for CMake config files
[0.763s] Level 1:colcon.colcon_core.shell:create_environment_hook('turtlesim_interfaces', 'cmake_prefix_path')
[0.764s] INFO:colcon.colcon_core.shell:Creating environment hook '/home/tanakon/fra501_ws/install/turtlesim_interfaces/share/turtlesim_interfaces/hook/cmake_prefix_path.ps1'
[0.764s] INFO:colcon.colcon_core.shell:Creating environment descriptor '/home/tanakon/fra501_ws/install/turtlesim_interfaces/share/turtlesim_interfaces/hook/cmake_prefix_path.dsv'
[0.764s] INFO:colcon.colcon_core.shell:Creating environment hook '/home/tanakon/fra501_ws/install/turtlesim_interfaces/share/turtlesim_interfaces/hook/cmake_prefix_path.sh'
[0.765s] Level 1:colcon.colcon_core.environment:checking '/home/tanakon/fra501_ws/install/turtlesim_interfaces/lib'
[0.765s] Level 1:colcon.colcon_core.shell:create_environment_hook('turtlesim_interfaces', 'ld_library_path_lib')
[0.766s] INFO:colcon.colcon_core.shell:Creating environment hook '/home/tanakon/fra501_ws/install/turtlesim_interfaces/share/turtlesim_interfaces/hook/ld_library_path_lib.ps1'
[0.766s] INFO:colcon.colcon_core.shell:Creating environment descriptor '/home/tanakon/fra501_ws/install/turtlesim_interfaces/share/turtlesim_interfaces/hook/ld_library_path_lib.dsv'
[0.766s] INFO:colcon.colcon_core.shell:Creating environment hook '/home/tanakon/fra501_ws/install/turtlesim_interfaces/share/turtlesim_interfaces/hook/ld_library_path_lib.sh'
[0.766s] Level 1:colcon.colcon_core.environment:checking '/home/tanakon/fra501_ws/install/turtlesim_interfaces/bin'
[0.766s] Level 1:colcon.colcon_core.environment:checking '/home/tanakon/fra501_ws/install/turtlesim_interfaces/lib/pkgconfig/turtlesim_interfaces.pc'
[0.766s] Level 1:colcon.colcon_core.environment:checking '/home/tanakon/fra501_ws/install/turtlesim_interfaces/lib/python3.10/site-packages'
[0.767s] Level 1:colcon.colcon_core.environment:checking '/home/tanakon/fra501_ws/install/turtlesim_interfaces/bin'
[0.768s] INFO:colcon.colcon_core.shell:Creating package script '/home/tanakon/fra501_ws/install/turtlesim_interfaces/share/turtlesim_interfaces/package.ps1'
[0.768s] INFO:colcon.colcon_core.shell:Creating package descriptor '/home/tanakon/fra501_ws/install/turtlesim_interfaces/share/turtlesim_interfaces/package.dsv'
[0.768s] INFO:colcon.colcon_core.shell:Creating package script '/home/tanakon/fra501_ws/install/turtlesim_interfaces/share/turtlesim_interfaces/package.sh'
[0.769s] INFO:colcon.colcon_core.shell:Creating package script '/home/tanakon/fra501_ws/install/turtlesim_interfaces/share/turtlesim_interfaces/package.bash'
[0.769s] INFO:colcon.colcon_core.shell:Creating package script '/home/tanakon/fra501_ws/install/turtlesim_interfaces/share/turtlesim_interfaces/package.zsh'
[0.769s] Level 1:colcon.colcon_core.environment:create_file_with_runtime_dependencies(/home/tanakon/fra501_ws/install/turtlesim_interfaces/share/colcon-core/packages/turtlesim_interfaces)
[0.824s] Level 1:colcon.colcon_core.environment:create_environment_scripts_only(turtlesim_plus_interfaces)
[0.825s] Level 1:colcon.colcon_core.environment:checking '/home/tanakon/fra501_ws/install/turtlesim_plus_interfaces' for CMake module files
[0.825s] Level 1:colcon.colcon_core.environment:checking '/home/tanakon/fra501_ws/install/turtlesim_plus_interfaces' for CMake config files
[0.826s] Level 1:colcon.colcon_core.shell:create_environment_hook('turtlesim_plus_interfaces', 'cmake_prefix_path')
[0.826s] INFO:colcon.colcon_core.shell:Creating environment hook '/home/tanakon/fra501_ws/install/turtlesim_plus_interfaces/share/turtlesim_plus_interfaces/hook/cmake_prefix_path.ps1'
[0.827s] INFO:colcon.colcon_core.shell:Creating environment descriptor '/home/tanakon/fra501_ws/install/turtlesim_plus_interfaces/share/turtlesim_plus_interfaces/hook/cmake_prefix_path.dsv'
[0.827s] INFO:colcon.colcon_core.shell:Creating environment hook '/home/tanakon/fra501_ws/install/turtlesim_plus_interfaces/share/turtlesim_plus_interfaces/hook/cmake_prefix_path.sh'
[0.827s] Level 1:colcon.colcon_core.environment:checking '/home/tanakon/fra501_ws/install/turtlesim_plus_interfaces/lib'
[0.827s] Level 1:colcon.colcon_core.shell:create_environment_hook('turtlesim_plus_interfaces', 'ld_library_path_lib')
[0.828s] INFO:colcon.colcon_core.shell:Creating environment hook '/home/tanakon/fra501_ws/install/turtlesim_plus_interfaces/share/turtlesim_plus_interfaces/hook/ld_library_path_lib.ps1'
[0.828s] INFO:colcon.colcon_core.shell:Creating environment descriptor '/home/tanakon/fra501_ws/install/turtlesim_plus_interfaces/share/turtlesim_plus_interfaces/hook/ld_library_path_lib.dsv'
[0.828s] INFO:colcon.colcon_core.shell:Creating environment hook '/home/tanakon/fra501_ws/install/turtlesim_plus_interfaces/share/turtlesim_plus_interfaces/hook/ld_library_path_lib.sh'
[0.829s] Level 1:colcon.colcon_core.environment:checking '/home/tanakon/fra501_ws/install/turtlesim_plus_interfaces/bin'
[0.829s] Level 1:colcon.colcon_core.environment:checking '/home/tanakon/fra501_ws/install/turtlesim_plus_interfaces/lib/pkgconfig/turtlesim_plus_interfaces.pc'
[0.829s] Level 1:colcon.colcon_core.environment:checking '/home/tanakon/fra501_ws/install/turtlesim_plus_interfaces/lib/python3.10/site-packages'
[0.829s] Level 1:colcon.colcon_core.environment:checking '/home/tanakon/fra501_ws/install/turtlesim_plus_interfaces/bin'
[0.830s] INFO:colcon.colcon_core.shell:Creating package script '/home/tanakon/fra501_ws/install/turtlesim_plus_interfaces/share/turtlesim_plus_interfaces/package.ps1'
[0.830s] INFO:colcon.colcon_core.shell:Creating package descriptor '/home/tanakon/fra501_ws/install/turtlesim_plus_interfaces/share/turtlesim_plus_interfaces/package.dsv'
[0.830s] INFO:colcon.colcon_core.shell:Creating package script '/home/tanakon/fra501_ws/install/turtlesim_plus_interfaces/share/turtlesim_plus_interfaces/package.sh'
[0.831s] INFO:colcon.colcon_core.shell:Creating package script '/home/tanakon/fra501_ws/install/turtlesim_plus_interfaces/share/turtlesim_plus_interfaces/package.bash'
[0.831s] INFO:colcon.colcon_core.shell:Creating package script '/home/tanakon/fra501_ws/install/turtlesim_plus_interfaces/share/turtlesim_plus_interfaces/package.zsh'
[0.831s] Level 1:colcon.colcon_core.environment:create_file_with_runtime_dependencies(/home/tanakon/fra501_ws/install/turtlesim_plus_interfaces/share/colcon-core/packages/turtlesim_plus_interfaces)
[0.831s] DEBUG:colcon.colcon_parallel_executor.executor.parallel:closing loop
[0.832s] DEBUG:colcon.colcon_parallel_executor.executor.parallel:loop closed
[0.832s] DEBUG:colcon.colcon_parallel_executor.executor.parallel:run_until_complete finished with '0'
[0.832s] DEBUG:colcon.colcon_core.event_reactor:joining thread
[0.835s] INFO:colcon.colcon_core.plugin_system:Skipping extension 'colcon_notification.desktop_notification.terminal_notifier': Not used on non-Darwin systems
[0.835s] INFO:colcon.colcon_core.plugin_system:Skipping extension 'colcon_notification.desktop_notification.win32': Not used on non-Windows systems
[0.836s] INFO:colcon.colcon_notification.desktop_notification:Sending desktop notification using 'notify2'
[0.843s] DEBUG:colcon.colcon_core.event_reactor:joined thread
[0.845s] INFO:colcon.colcon_core.shell:Creating prefix script '/home/tanakon/fra501_ws/install/local_setup.ps1'
[0.846s] INFO:colcon.colcon_core.shell:Creating prefix util module '/home/tanakon/fra501_ws/install/_local_setup_util_ps1.py'
[0.846s] INFO:colcon.colcon_core.shell:Creating prefix chain script '/home/tanakon/fra501_ws/install/setup.ps1'
[0.848s] INFO:colcon.colcon_core.shell:Creating prefix script '/home/tanakon/fra501_ws/install/local_setup.sh'
[0.848s] INFO:colcon.colcon_core.shell:Creating prefix util module '/home/tanakon/fra501_ws/install/_local_setup_util_sh.py'
[0.848s] INFO:colcon.colcon_core.shell:Creating prefix chain script '/home/tanakon/fra501_ws/install/setup.sh'
[0.849s] INFO:colcon.colcon_core.shell:Creating prefix script '/home/tanakon/fra501_ws/install/local_setup.bash'
[0.850s] INFO:colcon.colcon_core.shell:Creating prefix chain script '/home/tanakon/fra501_ws/install/setup.bash'
[0.850s] INFO:colcon.colcon_core.shell:Creating prefix script '/home/tanakon/fra501_ws/install/local_setup.zsh'
[0.851s] INFO:colcon.colcon_core.shell:Creating prefix chain script '/home/tanakon/fra501_ws/install/setup.zsh'
