[0.016s] Invoking command in '/home/tanakon/fra501_ws/src/build/my_controller': CMAKE_PREFIX_PATH=${CMAKE_PREFIX_PATH}:/opt/ros/humble /usr/bin/cmake /home/tanakon/fra501_ws/src/my_controller -DCMAKE_INSTALL_PREFIX=/home/tanakon/fra501_ws/src/install/my_controller
[0.048s] -- The C compiler identification is GNU 11.4.0
[0.080s] -- The CXX compiler identification is GNU 11.4.0
[0.084s] -- Detecting C compiler ABI info
[0.125s] -- Detecting C compiler ABI info - done
[0.130s] -- Check for working C compiler: /usr/bin/cc - skipped
[0.130s] -- Detecting C compile features
[0.130s] -- Detecting C compile features - done
[0.132s] -- Detecting CXX compiler ABI info
[0.177s] -- Detecting CXX compiler ABI info - done
[0.182s] -- Check for working CXX compiler: /usr/bin/c++ - skipped
[0.182s] -- Detecting CXX compile features
[0.183s] -- Detecting CXX compile features - done
[0.184s] -- Found ament_cmake: 1.3.5 (/opt/ros/humble/share/ament_cmake/cmake)
[0.291s] -- Found Python3: /usr/bin/python3.10 (found version "3.10.12") found components: Interpreter 
[0.345s] -- Found rclcpp: 16.0.5 (/opt/ros/humble/share/rclcpp/cmake)
[0.369s] -- Found rosidl_generator_c: 3.1.5 (/opt/ros/humble/share/rosidl_generator_c/cmake)
[0.372s] -- Found rosidl_adapter: 3.1.5 (/opt/ros/humble/share/rosidl_adapter/cmake)
[0.377s] -- Found rosidl_generator_cpp: 3.1.5 (/opt/ros/humble/share/rosidl_generator_cpp/cmake)
[0.385s] -- Using all available rosidl_typesupport_c: rosidl_typesupport_fastrtps_c;rosidl_typesupport_introspection_c
[0.397s] -- Using all available rosidl_typesupport_cpp: rosidl_typesupport_fastrtps_cpp;rosidl_typesupport_introspection_cpp
[0.440s] -- Found rmw_implementation_cmake: 6.1.1 (/opt/ros/humble/share/rmw_implementation_cmake/cmake)
[0.442s] -- Found rmw_fastrtps_cpp: 6.2.3 (/opt/ros/humble/share/rmw_fastrtps_cpp/cmake)
[0.497s] -- Found OpenSSL: /usr/lib/x86_64-linux-gnu/libcrypto.so (found version "3.0.2")  
[0.518s] -- Found FastRTPS: /opt/ros/humble/include  
[0.551s] -- Using RMW implementation 'rmw_fastrtps_cpp' as default
[0.557s] -- Looking for pthread.h
[0.597s] -- Looking for pthread.h - found
[0.598s] -- Performing Test CMAKE_HAVE_LIBC_PTHREAD
[0.643s] -- Performing Test CMAKE_HAVE_LIBC_PTHREAD - Success
[0.644s] -- Found Threads: TRUE  
[0.746s] -- Found rclpy: 3.3.9 (/opt/ros/humble/share/rclpy/cmake)
[0.841s] -- Configuring done
[0.846s] -- Generating done
[0.847s] -- Build files have been written to: /home/tanakon/fra501_ws/src/build/my_controller
[0.854s] Invoked command in '/home/tanakon/fra501_ws/src/build/my_controller' returned '0': CMAKE_PREFIX_PATH=${CMAKE_PREFIX_PATH}:/opt/ros/humble /usr/bin/cmake /home/tanakon/fra501_ws/src/my_controller -DCMAKE_INSTALL_PREFIX=/home/tanakon/fra501_ws/src/install/my_controller
[0.855s] Invoking command in '/home/tanakon/fra501_ws/src/build/my_controller': CMAKE_PREFIX_PATH=${CMAKE_PREFIX_PATH}:/opt/ros/humble /usr/bin/cmake --build /home/tanakon/fra501_ws/src/build/my_controller -- -j16 -l16
[0.883s] [ 50%] [32mBuilding CXX object CMakeFiles/cpp_node_test.dir/src/cpp_node.cpp.o[0m
[0.888s] [ 50%] Built target ament_cmake_python_copy_my_controller
[1.044s] running egg_info
[1.044s] creating my_controller.egg-info
[1.044s] writing my_controller.egg-info/PKG-INFO
[1.044s] writing dependency_links to my_controller.egg-info/dependency_links.txt
[1.044s] writing top-level names to my_controller.egg-info/top_level.txt
[1.045s] writing manifest file 'my_controller.egg-info/SOURCES.txt'
[1.046s] reading manifest file 'my_controller.egg-info/SOURCES.txt'
[1.046s] writing manifest file 'my_controller.egg-info/SOURCES.txt'
[1.049s] [100%] [32m[1mLinking CXX executable cpp_node_test[0m
[1.073s] [100%] Built target ament_cmake_python_build_my_controller_egg
[1.117s] [100%] Built target cpp_node_test
[1.123s] Invoked command in '/home/tanakon/fra501_ws/src/build/my_controller' returned '0': CMAKE_PREFIX_PATH=${CMAKE_PREFIX_PATH}:/opt/ros/humble /usr/bin/cmake --build /home/tanakon/fra501_ws/src/build/my_controller -- -j16 -l16
[1.139s] Invoking command in '/home/tanakon/fra501_ws/src/build/my_controller': CMAKE_PREFIX_PATH=${CMAKE_PREFIX_PATH}:/opt/ros/humble /usr/bin/cmake --install /home/tanakon/fra501_ws/src/build/my_controller
[1.144s] -- Install configuration: ""
[1.144s] -- Installing: /home/tanakon/fra501_ws/src/install/my_controller/share/my_controller/environment/pythonpath.sh
[1.144s] -- Installing: /home/tanakon/fra501_ws/src/install/my_controller/share/my_controller/environment/pythonpath.dsv
[1.144s] -- Installing: /home/tanakon/fra501_ws/src/install/my_controller/local/lib/python3.10/dist-packages/my_controller-0.0.0-py3.10.egg-info
[1.144s] -- Installing: /home/tanakon/fra501_ws/src/install/my_controller/local/lib/python3.10/dist-packages/my_controller-0.0.0-py3.10.egg-info/dependency_links.txt
[1.144s] -- Installing: /home/tanakon/fra501_ws/src/install/my_controller/local/lib/python3.10/dist-packages/my_controller-0.0.0-py3.10.egg-info/top_level.txt
[1.145s] -- Installing: /home/tanakon/fra501_ws/src/install/my_controller/local/lib/python3.10/dist-packages/my_controller-0.0.0-py3.10.egg-info/SOURCES.txt
[1.145s] -- Installing: /home/tanakon/fra501_ws/src/install/my_controller/local/lib/python3.10/dist-packages/my_controller-0.0.0-py3.10.egg-info/PKG-INFO
[1.145s] -- Installing: /home/tanakon/fra501_ws/src/install/my_controller/local/lib/python3.10/dist-packages/my_controller
[1.145s] -- Installing: /home/tanakon/fra501_ws/src/install/my_controller/local/lib/python3.10/dist-packages/my_controller/dummy_module.py
[1.145s] -- Installing: /home/tanakon/fra501_ws/src/install/my_controller/local/lib/python3.10/dist-packages/my_controller/__init__.py
[1.167s] Listing '/home/tanakon/fra501_ws/src/install/my_controller/local/lib/python3.10/dist-packages/my_controller'...
[1.167s] Compiling '/home/tanakon/fra501_ws/src/install/my_controller/local/lib/python3.10/dist-packages/my_controller/__init__.py'...
[1.168s] Compiling '/home/tanakon/fra501_ws/src/install/my_controller/local/lib/python3.10/dist-packages/my_controller/dummy_module.py'...
[1.169s] -- Installing: /home/tanakon/fra501_ws/src/install/my_controller/lib/my_controller/dummy_script.py
[1.169s] -- Installing: /home/tanakon/fra501_ws/src/install/my_controller/lib/my_controller/cpp_node_test
[1.169s] -- Set runtime path of "/home/tanakon/fra501_ws/src/install/my_controller/lib/my_controller/cpp_node_test" to ""
[1.169s] -- Up-to-date: /home/tanakon/fra501_ws/src/install/my_controller/share/my_controller
[1.169s] -- Installing: /home/tanakon/fra501_ws/src/install/my_controller/share/ament_index/resource_index/package_run_dependencies/my_controller
[1.169s] -- Installing: /home/tanakon/fra501_ws/src/install/my_controller/share/ament_index/resource_index/parent_prefix_path/my_controller
[1.169s] -- Installing: /home/tanakon/fra501_ws/src/install/my_controller/share/my_controller/environment/ament_prefix_path.sh
[1.169s] -- Installing: /home/tanakon/fra501_ws/src/install/my_controller/share/my_controller/environment/ament_prefix_path.dsv
[1.169s] -- Installing: /home/tanakon/fra501_ws/src/install/my_controller/share/my_controller/environment/path.sh
[1.169s] -- Installing: /home/tanakon/fra501_ws/src/install/my_controller/share/my_controller/environment/path.dsv
[1.169s] -- Installing: /home/tanakon/fra501_ws/src/install/my_controller/share/my_controller/local_setup.bash
[1.169s] -- Installing: /home/tanakon/fra501_ws/src/install/my_controller/share/my_controller/local_setup.sh
[1.169s] -- Installing: /home/tanakon/fra501_ws/src/install/my_controller/share/my_controller/local_setup.zsh
[1.169s] -- Installing: /home/tanakon/fra501_ws/src/install/my_controller/share/my_controller/local_setup.dsv
[1.169s] -- Installing: /home/tanakon/fra501_ws/src/install/my_controller/share/my_controller/package.dsv
[1.170s] -- Installing: /home/tanakon/fra501_ws/src/install/my_controller/share/ament_index/resource_index/packages/my_controller
[1.170s] -- Installing: /home/tanakon/fra501_ws/src/install/my_controller/share/my_controller/cmake/my_controllerConfig.cmake
[1.170s] -- Installing: /home/tanakon/fra501_ws/src/install/my_controller/share/my_controller/cmake/my_controllerConfig-version.cmake
[1.170s] -- Installing: /home/tanakon/fra501_ws/src/install/my_controller/share/my_controller/package.xml
[1.175s] Invoked command in '/home/tanakon/fra501_ws/src/build/my_controller' returned '0': CMAKE_PREFIX_PATH=${CMAKE_PREFIX_PATH}:/opt/ros/humble /usr/bin/cmake --install /home/tanakon/fra501_ws/src/build/my_controller
