[  1%] Built target turtlesim_plus_interfaces__cpp
[ 12%] Built target turtlesim_plus_interfaces__rosidl_generator_c
[ 12%] Built target ament_cmake_python_copy_turtlesim_plus_interfaces
[ 23%] Built target turtlesim_plus_interfaces__rosidl_typesupport_introspection_cpp
[ 34%] Built target turtlesim_plus_interfaces__rosidl_typesupport_cpp
[ 45%] Built target turtlesim_plus_interfaces__rosidl_typesupport_fastrtps_cpp
[ 78%] Built target turtlesim_plus_interfaces__rosidl_typesupport_c
[ 78%] Built target turtlesim_plus_interfaces__rosidl_typesupport_fastrtps_c
[ 78%] Built target turtlesim_plus_interfaces__rosidl_typesupport_introspection_c
[ 78%] Built target turtlesim_plus_interfaces
[ 80%] Built target turtlesim_plus_interfaces__py
[ 89%] Built target turtlesim_plus_interfaces__rosidl_generator_py
[ 92%] Built target turtlesim_plus_interfaces__rosidl_typesupport_introspection_c__pyext
[ 96%] Built target turtlesim_plus_interfaces__rosidl_typesupport_c__pyext
[100%] Built target turtlesim_plus_interfaces__rosidl_typesupport_fastrtps_c__pyext
running egg_info
writing turtlesim_plus_interfaces.egg-info/PKG-INFO
writing dependency_links to turtlesim_plus_interfaces.egg-info/dependency_links.txt
writing top-level names to turtlesim_plus_interfaces.egg-info/top_level.txt
reading manifest file 'turtlesim_plus_interfaces.egg-info/SOURCES.txt'
writing manifest file 'turtlesim_plus_interfaces.egg-info/SOURCES.txt'
[100%] Built target ament_cmake_python_build_turtlesim_plus_interfaces_egg
-- Install configuration: ""
-- Up-to-date: /home/tanakon/fra501_ws/install/turtlesim_plus_interfaces/share/ament_index/resource_index/rosidl_interfaces/turtlesim_plus_interfaces
-- Up-to-date: /home/tanakon/fra501_ws/install/turtlesim_plus_interfaces/include/turtlesim_plus_interfaces/turtlesim_plus_interfaces
-- Up-to-date: /home/tanakon/fra501_ws/install/turtlesim_plus_interfaces/include/turtlesim_plus_interfaces/turtlesim_plus_interfaces/msg
-- Up-to-date: /home/tanakon/fra501_ws/install/turtlesim_plus_interfaces/include/turtlesim_plus_interfaces/turtlesim_plus_interfaces/msg/scanner_data_array.h
-- Up-to-date: /home/tanakon/fra501_ws/install/turtlesim_plus_interfaces/include/turtlesim_plus_interfaces/turtlesim_plus_interfaces/msg/detail
-- Up-to-date: /home/tanakon/fra501_ws/install/turtlesim_plus_interfaces/include/turtlesim_plus_interfaces/turtlesim_plus_interfaces/msg/detail/scanner_data__struct.h
-- Up-to-date: /home/tanakon/fra501_ws/install/turtlesim_plus_interfaces/include/turtlesim_plus_interfaces/turtlesim_plus_interfaces/msg/detail/scanner_data_array__type_support.h
-- Up-to-date: /home/tanakon/fra501_ws/install/turtlesim_plus_interfaces/include/turtlesim_plus_interfaces/turtlesim_plus_interfaces/msg/detail/scanner_data__functions.h
-- Up-to-date: /home/tanakon/fra501_ws/install/turtlesim_plus_interfaces/include/turtlesim_plus_interfaces/turtlesim_plus_interfaces/msg/detail/scanner_data_array__functions.h
-- Up-to-date: /home/tanakon/fra501_ws/install/turtlesim_plus_interfaces/include/turtlesim_plus_interfaces/turtlesim_plus_interfaces/msg/detail/scanner_data_array__struct.h
-- Up-to-date: /home/tanakon/fra501_ws/install/turtlesim_plus_interfaces/include/turtlesim_plus_interfaces/turtlesim_plus_interfaces/msg/detail/scanner_data__type_support.h
-- Up-to-date: /home/tanakon/fra501_ws/install/turtlesim_plus_interfaces/include/turtlesim_plus_interfaces/turtlesim_plus_interfaces/msg/detail/scanner_data__functions.c
-- Up-to-date: /home/tanakon/fra501_ws/install/turtlesim_plus_interfaces/include/turtlesim_plus_interfaces/turtlesim_plus_interfaces/msg/detail/scanner_data_array__functions.c
-- Up-to-date: /home/tanakon/fra501_ws/install/turtlesim_plus_interfaces/include/turtlesim_plus_interfaces/turtlesim_plus_interfaces/msg/scanner_data.h
-- Up-to-date: /home/tanakon/fra501_ws/install/turtlesim_plus_interfaces/include/turtlesim_plus_interfaces/turtlesim_plus_interfaces/msg/rosidl_generator_c__visibility_control.h
-- Up-to-date: /home/tanakon/fra501_ws/install/turtlesim_plus_interfaces/include/turtlesim_plus_interfaces/turtlesim_plus_interfaces/action
-- Up-to-date: /home/tanakon/fra501_ws/install/turtlesim_plus_interfaces/include/turtlesim_plus_interfaces/turtlesim_plus_interfaces/action/detail
-- Up-to-date: /home/tanakon/fra501_ws/install/turtlesim_plus_interfaces/include/turtlesim_plus_interfaces/turtlesim_plus_interfaces/action/detail/get_data__struct.h
-- Up-to-date: /home/tanakon/fra501_ws/install/turtlesim_plus_interfaces/include/turtlesim_plus_interfaces/turtlesim_plus_interfaces/action/detail/get_data__functions.h
-- Up-to-date: /home/tanakon/fra501_ws/install/turtlesim_plus_interfaces/include/turtlesim_plus_interfaces/turtlesim_plus_interfaces/action/detail/get_data__type_support.h
-- Up-to-date: /home/tanakon/fra501_ws/install/turtlesim_plus_interfaces/include/turtlesim_plus_interfaces/turtlesim_plus_interfaces/action/detail/get_data__functions.c
-- Up-to-date: /home/tanakon/fra501_ws/install/turtlesim_plus_interfaces/include/turtlesim_plus_interfaces/turtlesim_plus_interfaces/action/get_data.h
-- Up-to-date: /home/tanakon/fra501_ws/install/turtlesim_plus_interfaces/include/turtlesim_plus_interfaces/turtlesim_plus_interfaces/srv
-- Up-to-date: /home/tanakon/fra501_ws/install/turtlesim_plus_interfaces/include/turtlesim_plus_interfaces/turtlesim_plus_interfaces/srv/give_position.h
-- Up-to-date: /home/tanakon/fra501_ws/install/turtlesim_plus_interfaces/include/turtlesim_plus_interfaces/turtlesim_plus_interfaces/srv/detail
-- Up-to-date: /home/tanakon/fra501_ws/install/turtlesim_plus_interfaces/include/turtlesim_plus_interfaces/turtlesim_plus_interfaces/srv/detail/give_position__functions.c
-- Up-to-date: /home/tanakon/fra501_ws/install/turtlesim_plus_interfaces/include/turtlesim_plus_interfaces/turtlesim_plus_interfaces/srv/detail/give_position__type_support.h
-- Up-to-date: /home/tanakon/fra501_ws/install/turtlesim_plus_interfaces/include/turtlesim_plus_interfaces/turtlesim_plus_interfaces/srv/detail/give_position__functions.h
-- Up-to-date: /home/tanakon/fra501_ws/install/turtlesim_plus_interfaces/include/turtlesim_plus_interfaces/turtlesim_plus_interfaces/srv/detail/give_position__struct.h
-- Up-to-date: /home/tanakon/fra501_ws/install/turtlesim_plus_interfaces/share/turtlesim_plus_interfaces/environment/library_path.sh
-- Up-to-date: /home/tanakon/fra501_ws/install/turtlesim_plus_interfaces/share/turtlesim_plus_interfaces/environment/library_path.dsv
-- Up-to-date: /home/tanakon/fra501_ws/install/turtlesim_plus_interfaces/lib/libturtlesim_plus_interfaces__rosidl_generator_c.so
-- Up-to-date: /home/tanakon/fra501_ws/install/turtlesim_plus_interfaces/include/turtlesim_plus_interfaces/turtlesim_plus_interfaces
-- Up-to-date: /home/tanakon/fra501_ws/install/turtlesim_plus_interfaces/include/turtlesim_plus_interfaces/turtlesim_plus_interfaces/msg
-- Up-to-date: /home/tanakon/fra501_ws/install/turtlesim_plus_interfaces/include/turtlesim_plus_interfaces/turtlesim_plus_interfaces/msg/rosidl_typesupport_fastrtps_c__visibility_control.h
-- Up-to-date: /home/tanakon/fra501_ws/install/turtlesim_plus_interfaces/include/turtlesim_plus_interfaces/turtlesim_plus_interfaces/msg/detail
-- Up-to-date: /home/tanakon/fra501_ws/install/turtlesim_plus_interfaces/include/turtlesim_plus_interfaces/turtlesim_plus_interfaces/msg/detail/scanner_data__rosidl_typesupport_fastrtps_c.h
-- Up-to-date: /home/tanakon/fra501_ws/install/turtlesim_plus_interfaces/include/turtlesim_plus_interfaces/turtlesim_plus_interfaces/msg/detail/scanner_data_array__rosidl_typesupport_fastrtps_c.h
-- Up-to-date: /home/tanakon/fra501_ws/install/turtlesim_plus_interfaces/include/turtlesim_plus_interfaces/turtlesim_plus_interfaces/action
-- Up-to-date: /home/tanakon/fra501_ws/install/turtlesim_plus_interfaces/include/turtlesim_plus_interfaces/turtlesim_plus_interfaces/action/detail
-- Up-to-date: /home/tanakon/fra501_ws/install/turtlesim_plus_interfaces/include/turtlesim_plus_interfaces/turtlesim_plus_interfaces/action/detail/get_data__rosidl_typesupport_fastrtps_c.h
-- Up-to-date: /home/tanakon/fra501_ws/install/turtlesim_plus_interfaces/include/turtlesim_plus_interfaces/turtlesim_plus_interfaces/srv
-- Up-to-date: /home/tanakon/fra501_ws/install/turtlesim_plus_interfaces/include/turtlesim_plus_interfaces/turtlesim_plus_interfaces/srv/detail
-- Up-to-date: /home/tanakon/fra501_ws/install/turtlesim_plus_interfaces/include/turtlesim_plus_interfaces/turtlesim_plus_interfaces/srv/detail/give_position__rosidl_typesupport_fastrtps_c.h
-- Up-to-date: /home/tanakon/fra501_ws/install/turtlesim_plus_interfaces/lib/libturtlesim_plus_interfaces__rosidl_typesupport_fastrtps_c.so
-- Up-to-date: /home/tanakon/fra501_ws/install/turtlesim_plus_interfaces/include/turtlesim_plus_interfaces/turtlesim_plus_interfaces
-- Up-to-date: /home/tanakon/fra501_ws/install/turtlesim_plus_interfaces/include/turtlesim_plus_interfaces/turtlesim_plus_interfaces/msg
-- Up-to-date: /home/tanakon/fra501_ws/install/turtlesim_plus_interfaces/include/turtlesim_plus_interfaces/turtlesim_plus_interfaces/msg/rosidl_typesupport_introspection_c__visibility_control.h
-- Up-to-date: /home/tanakon/fra501_ws/install/turtlesim_plus_interfaces/include/turtlesim_plus_interfaces/turtlesim_plus_interfaces/msg/detail
-- Up-to-date: /home/tanakon/fra501_ws/install/turtlesim_plus_interfaces/include/turtlesim_plus_interfaces/turtlesim_plus_interfaces/msg/detail/scanner_data__type_support.c
-- Up-to-date: /home/tanakon/fra501_ws/install/turtlesim_plus_interfaces/include/turtlesim_plus_interfaces/turtlesim_plus_interfaces/msg/detail/scanner_data__rosidl_typesupport_introspection_c.h
-- Up-to-date: /home/tanakon/fra501_ws/install/turtlesim_plus_interfaces/include/turtlesim_plus_interfaces/turtlesim_plus_interfaces/msg/detail/scanner_data_array__type_support.c
-- Up-to-date: /home/tanakon/fra501_ws/install/turtlesim_plus_interfaces/include/turtlesim_plus_interfaces/turtlesim_plus_interfaces/msg/detail/scanner_data_array__rosidl_typesupport_introspection_c.h
-- Up-to-date: /home/tanakon/fra501_ws/install/turtlesim_plus_interfaces/include/turtlesim_plus_interfaces/turtlesim_plus_interfaces/action
-- Up-to-date: /home/tanakon/fra501_ws/install/turtlesim_plus_interfaces/include/turtlesim_plus_interfaces/turtlesim_plus_interfaces/action/detail
-- Up-to-date: /home/tanakon/fra501_ws/install/turtlesim_plus_interfaces/include/turtlesim_plus_interfaces/turtlesim_plus_interfaces/action/detail/get_data__rosidl_typesupport_introspection_c.h
-- Up-to-date: /home/tanakon/fra501_ws/install/turtlesim_plus_interfaces/include/turtlesim_plus_interfaces/turtlesim_plus_interfaces/action/detail/get_data__type_support.c
-- Up-to-date: /home/tanakon/fra501_ws/install/turtlesim_plus_interfaces/include/turtlesim_plus_interfaces/turtlesim_plus_interfaces/srv
-- Up-to-date: /home/tanakon/fra501_ws/install/turtlesim_plus_interfaces/include/turtlesim_plus_interfaces/turtlesim_plus_interfaces/srv/detail
-- Up-to-date: /home/tanakon/fra501_ws/install/turtlesim_plus_interfaces/include/turtlesim_plus_interfaces/turtlesim_plus_interfaces/srv/detail/give_position__type_support.c
-- Up-to-date: /home/tanakon/fra501_ws/install/turtlesim_plus_interfaces/include/turtlesim_plus_interfaces/turtlesim_plus_interfaces/srv/detail/give_position__rosidl_typesupport_introspection_c.h
-- Up-to-date: /home/tanakon/fra501_ws/install/turtlesim_plus_interfaces/lib/libturtlesim_plus_interfaces__rosidl_typesupport_introspection_c.so
-- Up-to-date: /home/tanakon/fra501_ws/install/turtlesim_plus_interfaces/lib/libturtlesim_plus_interfaces__rosidl_typesupport_c.so
-- Up-to-date: /home/tanakon/fra501_ws/install/turtlesim_plus_interfaces/include/turtlesim_plus_interfaces/turtlesim_plus_interfaces
-- Up-to-date: /home/tanakon/fra501_ws/install/turtlesim_plus_interfaces/include/turtlesim_plus_interfaces/turtlesim_plus_interfaces/msg
-- Up-to-date: /home/tanakon/fra501_ws/install/turtlesim_plus_interfaces/include/turtlesim_plus_interfaces/turtlesim_plus_interfaces/msg/scanner_data.hpp
-- Up-to-date: /home/tanakon/fra501_ws/install/turtlesim_plus_interfaces/include/turtlesim_plus_interfaces/turtlesim_plus_interfaces/msg/detail
-- Up-to-date: /home/tanakon/fra501_ws/install/turtlesim_plus_interfaces/include/turtlesim_plus_interfaces/turtlesim_plus_interfaces/msg/detail/scanner_data_array__builder.hpp
-- Up-to-date: /home/tanakon/fra501_ws/install/turtlesim_plus_interfaces/include/turtlesim_plus_interfaces/turtlesim_plus_interfaces/msg/detail/scanner_data__struct.hpp
-- Up-to-date: /home/tanakon/fra501_ws/install/turtlesim_plus_interfaces/include/turtlesim_plus_interfaces/turtlesim_plus_interfaces/msg/detail/scanner_data__builder.hpp
-- Up-to-date: /home/tanakon/fra501_ws/install/turtlesim_plus_interfaces/include/turtlesim_plus_interfaces/turtlesim_plus_interfaces/msg/detail/scanner_data_array__traits.hpp
-- Up-to-date: /home/tanakon/fra501_ws/install/turtlesim_plus_interfaces/include/turtlesim_plus_interfaces/turtlesim_plus_interfaces/msg/detail/scanner_data__traits.hpp
-- Up-to-date: /home/tanakon/fra501_ws/install/turtlesim_plus_interfaces/include/turtlesim_plus_interfaces/turtlesim_plus_interfaces/msg/detail/scanner_data_array__struct.hpp
-- Up-to-date: /home/tanakon/fra501_ws/install/turtlesim_plus_interfaces/include/turtlesim_plus_interfaces/turtlesim_plus_interfaces/msg/scanner_data_array.hpp
-- Up-to-date: /home/tanakon/fra501_ws/install/turtlesim_plus_interfaces/include/turtlesim_plus_interfaces/turtlesim_plus_interfaces/action
-- Up-to-date: /home/tanakon/fra501_ws/install/turtlesim_plus_interfaces/include/turtlesim_plus_interfaces/turtlesim_plus_interfaces/action/get_data.hpp
-- Up-to-date: /home/tanakon/fra501_ws/install/turtlesim_plus_interfaces/include/turtlesim_plus_interfaces/turtlesim_plus_interfaces/action/detail
-- Up-to-date: /home/tanakon/fra501_ws/install/turtlesim_plus_interfaces/include/turtlesim_plus_interfaces/turtlesim_plus_interfaces/action/detail/get_data__builder.hpp
-- Up-to-date: /home/tanakon/fra501_ws/install/turtlesim_plus_interfaces/include/turtlesim_plus_interfaces/turtlesim_plus_interfaces/action/detail/get_data__traits.hpp
-- Up-to-date: /home/tanakon/fra501_ws/install/turtlesim_plus_interfaces/include/turtlesim_plus_interfaces/turtlesim_plus_interfaces/action/detail/get_data__struct.hpp
-- Up-to-date: /home/tanakon/fra501_ws/install/turtlesim_plus_interfaces/include/turtlesim_plus_interfaces/turtlesim_plus_interfaces/srv
-- Up-to-date: /home/tanakon/fra501_ws/install/turtlesim_plus_interfaces/include/turtlesim_plus_interfaces/turtlesim_plus_interfaces/srv/give_position.hpp
-- Up-to-date: /home/tanakon/fra501_ws/install/turtlesim_plus_interfaces/include/turtlesim_plus_interfaces/turtlesim_plus_interfaces/srv/detail
-- Up-to-date: /home/tanakon/fra501_ws/install/turtlesim_plus_interfaces/include/turtlesim_plus_interfaces/turtlesim_plus_interfaces/srv/detail/give_position__builder.hpp
-- Up-to-date: /home/tanakon/fra501_ws/install/turtlesim_plus_interfaces/include/turtlesim_plus_interfaces/turtlesim_plus_interfaces/srv/detail/give_position__traits.hpp
-- Up-to-date: /home/tanakon/fra501_ws/install/turtlesim_plus_interfaces/include/turtlesim_plus_interfaces/turtlesim_plus_interfaces/srv/detail/give_position__struct.hpp
-- Up-to-date: /home/tanakon/fra501_ws/install/turtlesim_plus_interfaces/include/turtlesim_plus_interfaces/turtlesim_plus_interfaces
-- Up-to-date: /home/tanakon/fra501_ws/install/turtlesim_plus_interfaces/include/turtlesim_plus_interfaces/turtlesim_plus_interfaces/msg
-- Up-to-date: /home/tanakon/fra501_ws/install/turtlesim_plus_interfaces/include/turtlesim_plus_interfaces/turtlesim_plus_interfaces/msg/detail
-- Up-to-date: /home/tanakon/fra501_ws/install/turtlesim_plus_interfaces/include/turtlesim_plus_interfaces/turtlesim_plus_interfaces/msg/detail/scanner_data_array__rosidl_typesupport_fastrtps_cpp.hpp
-- Up-to-date: /home/tanakon/fra501_ws/install/turtlesim_plus_interfaces/include/turtlesim_plus_interfaces/turtlesim_plus_interfaces/msg/detail/scanner_data__rosidl_typesupport_fastrtps_cpp.hpp
-- Up-to-date: /home/tanakon/fra501_ws/install/turtlesim_plus_interfaces/include/turtlesim_plus_interfaces/turtlesim_plus_interfaces/msg/detail/dds_fastrtps
-- Up-to-date: /home/tanakon/fra501_ws/install/turtlesim_plus_interfaces/include/turtlesim_plus_interfaces/turtlesim_plus_interfaces/msg/rosidl_typesupport_fastrtps_cpp__visibility_control.h
-- Up-to-date: /home/tanakon/fra501_ws/install/turtlesim_plus_interfaces/include/turtlesim_plus_interfaces/turtlesim_plus_interfaces/action
-- Up-to-date: /home/tanakon/fra501_ws/install/turtlesim_plus_interfaces/include/turtlesim_plus_interfaces/turtlesim_plus_interfaces/action/detail
-- Up-to-date: /home/tanakon/fra501_ws/install/turtlesim_plus_interfaces/include/turtlesim_plus_interfaces/turtlesim_plus_interfaces/action/detail/get_data__rosidl_typesupport_fastrtps_cpp.hpp
-- Up-to-date: /home/tanakon/fra501_ws/install/turtlesim_plus_interfaces/include/turtlesim_plus_interfaces/turtlesim_plus_interfaces/action/detail/dds_fastrtps
-- Up-to-date: /home/tanakon/fra501_ws/install/turtlesim_plus_interfaces/include/turtlesim_plus_interfaces/turtlesim_plus_interfaces/srv
-- Up-to-date: /home/tanakon/fra501_ws/install/turtlesim_plus_interfaces/include/turtlesim_plus_interfaces/turtlesim_plus_interfaces/srv/detail
-- Up-to-date: /home/tanakon/fra501_ws/install/turtlesim_plus_interfaces/include/turtlesim_plus_interfaces/turtlesim_plus_interfaces/srv/detail/dds_fastrtps
-- Up-to-date: /home/tanakon/fra501_ws/install/turtlesim_plus_interfaces/include/turtlesim_plus_interfaces/turtlesim_plus_interfaces/srv/detail/give_position__rosidl_typesupport_fastrtps_cpp.hpp
-- Up-to-date: /home/tanakon/fra501_ws/install/turtlesim_plus_interfaces/lib/libturtlesim_plus_interfaces__rosidl_typesupport_fastrtps_cpp.so
-- Up-to-date: /home/tanakon/fra501_ws/install/turtlesim_plus_interfaces/include/turtlesim_plus_interfaces/turtlesim_plus_interfaces
-- Up-to-date: /home/tanakon/fra501_ws/install/turtlesim_plus_interfaces/include/turtlesim_plus_interfaces/turtlesim_plus_interfaces/msg
-- Up-to-date: /home/tanakon/fra501_ws/install/turtlesim_plus_interfaces/include/turtlesim_plus_interfaces/turtlesim_plus_interfaces/msg/detail
-- Up-to-date: /home/tanakon/fra501_ws/install/turtlesim_plus_interfaces/include/turtlesim_plus_interfaces/turtlesim_plus_interfaces/msg/detail/scanner_data__rosidl_typesupport_introspection_cpp.hpp
-- Up-to-date: /home/tanakon/fra501_ws/install/turtlesim_plus_interfaces/include/turtlesim_plus_interfaces/turtlesim_plus_interfaces/msg/detail/scanner_data__type_support.cpp
-- Up-to-date: /home/tanakon/fra501_ws/install/turtlesim_plus_interfaces/include/turtlesim_plus_interfaces/turtlesim_plus_interfaces/msg/detail/scanner_data_array__type_support.cpp
-- Up-to-date: /home/tanakon/fra501_ws/install/turtlesim_plus_interfaces/include/turtlesim_plus_interfaces/turtlesim_plus_interfaces/msg/detail/scanner_data_array__rosidl_typesupport_introspection_cpp.hpp
-- Up-to-date: /home/tanakon/fra501_ws/install/turtlesim_plus_interfaces/include/turtlesim_plus_interfaces/turtlesim_plus_interfaces/action
-- Up-to-date: /home/tanakon/fra501_ws/install/turtlesim_plus_interfaces/include/turtlesim_plus_interfaces/turtlesim_plus_interfaces/action/detail
-- Up-to-date: /home/tanakon/fra501_ws/install/turtlesim_plus_interfaces/include/turtlesim_plus_interfaces/turtlesim_plus_interfaces/action/detail/get_data__rosidl_typesupport_introspection_cpp.hpp
-- Up-to-date: /home/tanakon/fra501_ws/install/turtlesim_plus_interfaces/include/turtlesim_plus_interfaces/turtlesim_plus_interfaces/action/detail/get_data__type_support.cpp
-- Up-to-date: /home/tanakon/fra501_ws/install/turtlesim_plus_interfaces/include/turtlesim_plus_interfaces/turtlesim_plus_interfaces/srv
-- Up-to-date: /home/tanakon/fra501_ws/install/turtlesim_plus_interfaces/include/turtlesim_plus_interfaces/turtlesim_plus_interfaces/srv/detail
-- Up-to-date: /home/tanakon/fra501_ws/install/turtlesim_plus_interfaces/include/turtlesim_plus_interfaces/turtlesim_plus_interfaces/srv/detail/give_position__rosidl_typesupport_introspection_cpp.hpp
-- Up-to-date: /home/tanakon/fra501_ws/install/turtlesim_plus_interfaces/include/turtlesim_plus_interfaces/turtlesim_plus_interfaces/srv/detail/give_position__type_support.cpp
-- Up-to-date: /home/tanakon/fra501_ws/install/turtlesim_plus_interfaces/lib/libturtlesim_plus_interfaces__rosidl_typesupport_introspection_cpp.so
-- Up-to-date: /home/tanakon/fra501_ws/install/turtlesim_plus_interfaces/lib/libturtlesim_plus_interfaces__rosidl_typesupport_cpp.so
-- Up-to-date: /home/tanakon/fra501_ws/install/turtlesim_plus_interfaces/share/turtlesim_plus_interfaces/environment/pythonpath.sh
-- Up-to-date: /home/tanakon/fra501_ws/install/turtlesim_plus_interfaces/share/turtlesim_plus_interfaces/environment/pythonpath.dsv
-- Up-to-date: /home/tanakon/fra501_ws/install/turtlesim_plus_interfaces/local/lib/python3.10/dist-packages/turtlesim_plus_interfaces-0.0.0-py3.10.egg-info
-- Installing: /home/tanakon/fra501_ws/install/turtlesim_plus_interfaces/local/lib/python3.10/dist-packages/turtlesim_plus_interfaces-0.0.0-py3.10.egg-info/dependency_links.txt
-- Installing: /home/tanakon/fra501_ws/install/turtlesim_plus_interfaces/local/lib/python3.10/dist-packages/turtlesim_plus_interfaces-0.0.0-py3.10.egg-info/top_level.txt
-- Installing: /home/tanakon/fra501_ws/install/turtlesim_plus_interfaces/local/lib/python3.10/dist-packages/turtlesim_plus_interfaces-0.0.0-py3.10.egg-info/SOURCES.txt
-- Installing: /home/tanakon/fra501_ws/install/turtlesim_plus_interfaces/local/lib/python3.10/dist-packages/turtlesim_plus_interfaces-0.0.0-py3.10.egg-info/PKG-INFO
-- Up-to-date: /home/tanakon/fra501_ws/install/turtlesim_plus_interfaces/local/lib/python3.10/dist-packages/turtlesim_plus_interfaces
-- Up-to-date: /home/tanakon/fra501_ws/install/turtlesim_plus_interfaces/local/lib/python3.10/dist-packages/turtlesim_plus_interfaces/_turtlesim_plus_interfaces_s.ep.rosidl_typesupport_introspection_c.c
-- Up-to-date: /home/tanakon/fra501_ws/install/turtlesim_plus_interfaces/local/lib/python3.10/dist-packages/turtlesim_plus_interfaces/msg
-- Up-to-date: /home/tanakon/fra501_ws/install/turtlesim_plus_interfaces/local/lib/python3.10/dist-packages/turtlesim_plus_interfaces/msg/_scanner_data_array_s.c
-- Up-to-date: /home/tanakon/fra501_ws/install/turtlesim_plus_interfaces/local/lib/python3.10/dist-packages/turtlesim_plus_interfaces/msg/_scanner_data.py
-- Up-to-date: /home/tanakon/fra501_ws/install/turtlesim_plus_interfaces/local/lib/python3.10/dist-packages/turtlesim_plus_interfaces/msg/__init__.py
-- Up-to-date: /home/tanakon/fra501_ws/install/turtlesim_plus_interfaces/local/lib/python3.10/dist-packages/turtlesim_plus_interfaces/msg/_scanner_data_array.py
-- Up-to-date: /home/tanakon/fra501_ws/install/turtlesim_plus_interfaces/local/lib/python3.10/dist-packages/turtlesim_plus_interfaces/msg/_scanner_data_s.c
-- Up-to-date: /home/tanakon/fra501_ws/install/turtlesim_plus_interfaces/local/lib/python3.10/dist-packages/turtlesim_plus_interfaces/turtlesim_plus_interfaces_s__rosidl_typesupport_fastrtps_c.cpython-310-x86_64-linux-gnu.so
-- Up-to-date: /home/tanakon/fra501_ws/install/turtlesim_plus_interfaces/local/lib/python3.10/dist-packages/turtlesim_plus_interfaces/_turtlesim_plus_interfaces_s.ep.rosidl_typesupport_c.c
-- Up-to-date: /home/tanakon/fra501_ws/install/turtlesim_plus_interfaces/local/lib/python3.10/dist-packages/turtlesim_plus_interfaces/action
-- Up-to-date: /home/tanakon/fra501_ws/install/turtlesim_plus_interfaces/local/lib/python3.10/dist-packages/turtlesim_plus_interfaces/action/_get_data_s.c
-- Up-to-date: /home/tanakon/fra501_ws/install/turtlesim_plus_interfaces/local/lib/python3.10/dist-packages/turtlesim_plus_interfaces/action/_get_data.py
-- Up-to-date: /home/tanakon/fra501_ws/install/turtlesim_plus_interfaces/local/lib/python3.10/dist-packages/turtlesim_plus_interfaces/action/__init__.py
-- Up-to-date: /home/tanakon/fra501_ws/install/turtlesim_plus_interfaces/local/lib/python3.10/dist-packages/turtlesim_plus_interfaces/_turtlesim_plus_interfaces_s.ep.rosidl_typesupport_fastrtps_c.c
-- Up-to-date: /home/tanakon/fra501_ws/install/turtlesim_plus_interfaces/local/lib/python3.10/dist-packages/turtlesim_plus_interfaces/libturtlesim_plus_interfaces__rosidl_generator_py.so
-- Up-to-date: /home/tanakon/fra501_ws/install/turtlesim_plus_interfaces/local/lib/python3.10/dist-packages/turtlesim_plus_interfaces/__init__.py
-- Up-to-date: /home/tanakon/fra501_ws/install/turtlesim_plus_interfaces/local/lib/python3.10/dist-packages/turtlesim_plus_interfaces/turtlesim_plus_interfaces_s__rosidl_typesupport_introspection_c.cpython-310-x86_64-linux-gnu.so
-- Up-to-date: /home/tanakon/fra501_ws/install/turtlesim_plus_interfaces/local/lib/python3.10/dist-packages/turtlesim_plus_interfaces/srv
-- Up-to-date: /home/tanakon/fra501_ws/install/turtlesim_plus_interfaces/local/lib/python3.10/dist-packages/turtlesim_plus_interfaces/srv/_give_position_s.c
-- Up-to-date: /home/tanakon/fra501_ws/install/turtlesim_plus_interfaces/local/lib/python3.10/dist-packages/turtlesim_plus_interfaces/srv/_give_position.py
-- Up-to-date: /home/tanakon/fra501_ws/install/turtlesim_plus_interfaces/local/lib/python3.10/dist-packages/turtlesim_plus_interfaces/srv/__init__.py
-- Up-to-date: /home/tanakon/fra501_ws/install/turtlesim_plus_interfaces/local/lib/python3.10/dist-packages/turtlesim_plus_interfaces/turtlesim_plus_interfaces_s__rosidl_typesupport_c.cpython-310-x86_64-linux-gnu.so
Listing '/home/tanakon/fra501_ws/install/turtlesim_plus_interfaces/local/lib/python3.10/dist-packages/turtlesim_plus_interfaces'...
Listing '/home/tanakon/fra501_ws/install/turtlesim_plus_interfaces/local/lib/python3.10/dist-packages/turtlesim_plus_interfaces/action'...
Listing '/home/tanakon/fra501_ws/install/turtlesim_plus_interfaces/local/lib/python3.10/dist-packages/turtlesim_plus_interfaces/msg'...
Listing '/home/tanakon/fra501_ws/install/turtlesim_plus_interfaces/local/lib/python3.10/dist-packages/turtlesim_plus_interfaces/srv'...
-- Up-to-date: /home/tanakon/fra501_ws/install/turtlesim_plus_interfaces/local/lib/python3.10/dist-packages/turtlesim_plus_interfaces/turtlesim_plus_interfaces_s__rosidl_typesupport_fastrtps_c.cpython-310-x86_64-linux-gnu.so
-- Up-to-date: /home/tanakon/fra501_ws/install/turtlesim_plus_interfaces/local/lib/python3.10/dist-packages/turtlesim_plus_interfaces/turtlesim_plus_interfaces_s__rosidl_typesupport_introspection_c.cpython-310-x86_64-linux-gnu.so
-- Up-to-date: /home/tanakon/fra501_ws/install/turtlesim_plus_interfaces/local/lib/python3.10/dist-packages/turtlesim_plus_interfaces/turtlesim_plus_interfaces_s__rosidl_typesupport_c.cpython-310-x86_64-linux-gnu.so
-- Up-to-date: /home/tanakon/fra501_ws/install/turtlesim_plus_interfaces/lib/libturtlesim_plus_interfaces__rosidl_generator_py.so
-- Up-to-date: /home/tanakon/fra501_ws/install/turtlesim_plus_interfaces/share/turtlesim_plus_interfaces/msg/ScannerData.idl
-- Up-to-date: /home/tanakon/fra501_ws/install/turtlesim_plus_interfaces/share/turtlesim_plus_interfaces/msg/ScannerDataArray.idl
-- Up-to-date: /home/tanakon/fra501_ws/install/turtlesim_plus_interfaces/share/turtlesim_plus_interfaces/srv/GivePosition.idl
-- Up-to-date: /home/tanakon/fra501_ws/install/turtlesim_plus_interfaces/share/turtlesim_plus_interfaces/action/GetData.idl
-- Up-to-date: /home/tanakon/fra501_ws/install/turtlesim_plus_interfaces/share/turtlesim_plus_interfaces/msg/ScannerData.msg
-- Up-to-date: /home/tanakon/fra501_ws/install/turtlesim_plus_interfaces/share/turtlesim_plus_interfaces/msg/ScannerDataArray.msg
-- Up-to-date: /home/tanakon/fra501_ws/install/turtlesim_plus_interfaces/share/turtlesim_plus_interfaces/srv/GivePosition.srv
-- Up-to-date: /home/tanakon/fra501_ws/install/turtlesim_plus_interfaces/share/turtlesim_plus_interfaces/srv/GivePosition_Request.msg
-- Up-to-date: /home/tanakon/fra501_ws/install/turtlesim_plus_interfaces/share/turtlesim_plus_interfaces/srv/GivePosition_Response.msg
-- Up-to-date: /home/tanakon/fra501_ws/install/turtlesim_plus_interfaces/share/turtlesim_plus_interfaces/action/GetData.action
-- Up-to-date: /home/tanakon/fra501_ws/install/turtlesim_plus_interfaces/share/ament_index/resource_index/package_run_dependencies/turtlesim_plus_interfaces
-- Up-to-date: /home/tanakon/fra501_ws/install/turtlesim_plus_interfaces/share/ament_index/resource_index/parent_prefix_path/turtlesim_plus_interfaces
-- Up-to-date: /home/tanakon/fra501_ws/install/turtlesim_plus_interfaces/share/turtlesim_plus_interfaces/environment/ament_prefix_path.sh
-- Up-to-date: /home/tanakon/fra501_ws/install/turtlesim_plus_interfaces/share/turtlesim_plus_interfaces/environment/ament_prefix_path.dsv
-- Up-to-date: /home/tanakon/fra501_ws/install/turtlesim_plus_interfaces/share/turtlesim_plus_interfaces/environment/path.sh
-- Up-to-date: /home/tanakon/fra501_ws/install/turtlesim_plus_interfaces/share/turtlesim_plus_interfaces/environment/path.dsv
-- Up-to-date: /home/tanakon/fra501_ws/install/turtlesim_plus_interfaces/share/turtlesim_plus_interfaces/local_setup.bash
-- Up-to-date: /home/tanakon/fra501_ws/install/turtlesim_plus_interfaces/share/turtlesim_plus_interfaces/local_setup.sh
-- Up-to-date: /home/tanakon/fra501_ws/install/turtlesim_plus_interfaces/share/turtlesim_plus_interfaces/local_setup.zsh
-- Up-to-date: /home/tanakon/fra501_ws/install/turtlesim_plus_interfaces/share/turtlesim_plus_interfaces/local_setup.dsv
-- Installing: /home/tanakon/fra501_ws/install/turtlesim_plus_interfaces/share/turtlesim_plus_interfaces/package.dsv
-- Up-to-date: /home/tanakon/fra501_ws/install/turtlesim_plus_interfaces/share/ament_index/resource_index/packages/turtlesim_plus_interfaces
-- Up-to-date: /home/tanakon/fra501_ws/install/turtlesim_plus_interfaces/share/turtlesim_plus_interfaces/cmake/export_turtlesim_plus_interfaces__rosidl_generator_cExport.cmake
-- Up-to-date: /home/tanakon/fra501_ws/install/turtlesim_plus_interfaces/share/turtlesim_plus_interfaces/cmake/export_turtlesim_plus_interfaces__rosidl_generator_cExport-noconfig.cmake
-- Up-to-date: /home/tanakon/fra501_ws/install/turtlesim_plus_interfaces/share/turtlesim_plus_interfaces/cmake/export_turtlesim_plus_interfaces__rosidl_typesupport_fastrtps_cExport.cmake
-- Up-to-date: /home/tanakon/fra501_ws/install/turtlesim_plus_interfaces/share/turtlesim_plus_interfaces/cmake/export_turtlesim_plus_interfaces__rosidl_typesupport_fastrtps_cExport-noconfig.cmake
-- Up-to-date: /home/tanakon/fra501_ws/install/turtlesim_plus_interfaces/share/turtlesim_plus_interfaces/cmake/turtlesim_plus_interfaces__rosidl_typesupport_introspection_cExport.cmake
-- Up-to-date: /home/tanakon/fra501_ws/install/turtlesim_plus_interfaces/share/turtlesim_plus_interfaces/cmake/turtlesim_plus_interfaces__rosidl_typesupport_introspection_cExport-noconfig.cmake
-- Up-to-date: /home/tanakon/fra501_ws/install/turtlesim_plus_interfaces/share/turtlesim_plus_interfaces/cmake/turtlesim_plus_interfaces__rosidl_typesupport_cExport.cmake
-- Up-to-date: /home/tanakon/fra501_ws/install/turtlesim_plus_interfaces/share/turtlesim_plus_interfaces/cmake/turtlesim_plus_interfaces__rosidl_typesupport_cExport-noconfig.cmake
-- Up-to-date: /home/tanakon/fra501_ws/install/turtlesim_plus_interfaces/share/turtlesim_plus_interfaces/cmake/export_turtlesim_plus_interfaces__rosidl_generator_cppExport.cmake
-- Up-to-date: /home/tanakon/fra501_ws/install/turtlesim_plus_interfaces/share/turtlesim_plus_interfaces/cmake/export_turtlesim_plus_interfaces__rosidl_typesupport_fastrtps_cppExport.cmake
-- Up-to-date: /home/tanakon/fra501_ws/install/turtlesim_plus_interfaces/share/turtlesim_plus_interfaces/cmake/export_turtlesim_plus_interfaces__rosidl_typesupport_fastrtps_cppExport-noconfig.cmake
-- Up-to-date: /home/tanakon/fra501_ws/install/turtlesim_plus_interfaces/share/turtlesim_plus_interfaces/cmake/turtlesim_plus_interfaces__rosidl_typesupport_introspection_cppExport.cmake
-- Up-to-date: /home/tanakon/fra501_ws/install/turtlesim_plus_interfaces/share/turtlesim_plus_interfaces/cmake/turtlesim_plus_interfaces__rosidl_typesupport_introspection_cppExport-noconfig.cmake
-- Up-to-date: /home/tanakon/fra501_ws/install/turtlesim_plus_interfaces/share/turtlesim_plus_interfaces/cmake/turtlesim_plus_interfaces__rosidl_typesupport_cppExport.cmake
-- Up-to-date: /home/tanakon/fra501_ws/install/turtlesim_plus_interfaces/share/turtlesim_plus_interfaces/cmake/turtlesim_plus_interfaces__rosidl_typesupport_cppExport-noconfig.cmake
-- Up-to-date: /home/tanakon/fra501_ws/install/turtlesim_plus_interfaces/share/turtlesim_plus_interfaces/cmake/export_turtlesim_plus_interfaces__rosidl_generator_pyExport.cmake
-- Up-to-date: /home/tanakon/fra501_ws/install/turtlesim_plus_interfaces/share/turtlesim_plus_interfaces/cmake/export_turtlesim_plus_interfaces__rosidl_generator_pyExport-noconfig.cmake
-- Up-to-date: /home/tanakon/fra501_ws/install/turtlesim_plus_interfaces/share/turtlesim_plus_interfaces/cmake/rosidl_cmake-extras.cmake
-- Up-to-date: /home/tanakon/fra501_ws/install/turtlesim_plus_interfaces/share/turtlesim_plus_interfaces/cmake/ament_cmake_export_dependencies-extras.cmake
-- Up-to-date: /home/tanakon/fra501_ws/install/turtlesim_plus_interfaces/share/turtlesim_plus_interfaces/cmake/ament_cmake_export_include_directories-extras.cmake
-- Up-to-date: /home/tanakon/fra501_ws/install/turtlesim_plus_interfaces/share/turtlesim_plus_interfaces/cmake/ament_cmake_export_libraries-extras.cmake
-- Up-to-date: /home/tanakon/fra501_ws/install/turtlesim_plus_interfaces/share/turtlesim_plus_interfaces/cmake/ament_cmake_export_targets-extras.cmake
-- Up-to-date: /home/tanakon/fra501_ws/install/turtlesim_plus_interfaces/share/turtlesim_plus_interfaces/cmake/rosidl_cmake_export_typesupport_targets-extras.cmake
-- Up-to-date: /home/tanakon/fra501_ws/install/turtlesim_plus_interfaces/share/turtlesim_plus_interfaces/cmake/rosidl_cmake_export_typesupport_libraries-extras.cmake
-- Up-to-date: /home/tanakon/fra501_ws/install/turtlesim_plus_interfaces/share/turtlesim_plus_interfaces/cmake/turtlesim_plus_interfacesConfig.cmake
-- Up-to-date: /home/tanakon/fra501_ws/install/turtlesim_plus_interfaces/share/turtlesim_plus_interfaces/cmake/turtlesim_plus_interfacesConfig-version.cmake
-- Up-to-date: /home/tanakon/fra501_ws/install/turtlesim_plus_interfaces/share/turtlesim_plus_interfaces/package.xml
