[0.018s] Invoking command in '/home/tanakon/fra501_ws/build/turtlesim_interfaces': CMAKE_PREFIX_PATH=${CMAKE_PREFIX_PATH}:/opt/ros/humble /usr/bin/cmake --build /home/tanakon/fra501_ws/build/turtlesim_interfaces -- -j16 -l16
[0.047s] [35m[1mConsolidate compiler generated dependencies of target turtlesim_interfaces__rosidl_generator_c[0m
[0.052s] [  3%] Built target turtlesim_interfaces__cpp
[0.058s] [ 12%] Built target turtlesim_interfaces__rosidl_generator_c
[0.062s] [ 12%] Built target ament_cmake_python_copy_turtlesim_interfaces
[0.063s] [35m[1mConsolidate compiler generated dependencies of target turtlesim_interfaces__rosidl_typesupport_introspection_cpp[0m
[0.064s] [35m[1mConsolidate compiler generated dependencies of target turtlesim_interfaces__rosidl_typesupport_fastrtps_cpp[0m
[0.067s] [35m[1mConsolidate compiler generated dependencies of target turtlesim_interfaces__rosidl_typesupport_cpp[0m
[0.068s] [35m[1mConsolidate compiler generated dependencies of target turtlesim_interfaces__rosidl_typesupport_introspection_c[0m
[0.068s] [35m[1mConsolidate compiler generated dependencies of target turtlesim_interfaces__rosidl_typesupport_fastrtps_c[0m
[0.069s] [35m[1mConsolidate compiler generated dependencies of target turtlesim_interfaces__rosidl_typesupport_c[0m
[0.089s] [ 22%] Built target turtlesim_interfaces__rosidl_typesupport_introspection_cpp
[0.090s] [ 51%] Built target turtlesim_interfaces__rosidl_typesupport_fastrtps_cpp
[0.090s] [ 61%] Built target turtlesim_interfaces__rosidl_typesupport_c
[0.090s] [ 51%] Built target turtlesim_interfaces__rosidl_typesupport_cpp
[0.090s] [ 51%] Built target turtlesim_interfaces__rosidl_typesupport_fastrtps_c
[0.093s] [ 70%] Built target turtlesim_interfaces__rosidl_typesupport_introspection_c
[0.107s] [ 70%] Built target turtlesim_interfaces
[0.125s] [ 74%] Built target turtlesim_interfaces__py
[0.132s] [35m[1mConsolidate compiler generated dependencies of target turtlesim_interfaces__rosidl_generator_py[0m
[0.141s] [ 80%] Built target turtlesim_interfaces__rosidl_generator_py
[0.148s] [35m[1mConsolidate compiler generated dependencies of target turtlesim_interfaces__rosidl_typesupport_introspection_c__pyext[0m
[0.149s] [35m[1mConsolidate compiler generated dependencies of target turtlesim_interfaces__rosidl_typesupport_fastrtps_c__pyext[0m
[0.149s] [35m[1mConsolidate compiler generated dependencies of target turtlesim_interfaces__rosidl_typesupport_c__pyext[0m
[0.160s] [ 87%] Built target turtlesim_interfaces__rosidl_typesupport_introspection_c__pyext
[0.161s] [ 93%] Built target turtlesim_interfaces__rosidl_typesupport_fastrtps_c__pyext
[0.161s] [100%] Built target turtlesim_interfaces__rosidl_typesupport_c__pyext
[0.295s] running egg_info
[0.296s] writing turtlesim_interfaces.egg-info/PKG-INFO
[0.296s] writing dependency_links to turtlesim_interfaces.egg-info/dependency_links.txt
[0.296s] writing top-level names to turtlesim_interfaces.egg-info/top_level.txt
[0.298s] reading manifest file 'turtlesim_interfaces.egg-info/SOURCES.txt'
[0.299s] writing manifest file 'turtlesim_interfaces.egg-info/SOURCES.txt'
[0.333s] [100%] Built target ament_cmake_python_build_turtlesim_interfaces_egg
[0.346s] Invoked command in '/home/tanakon/fra501_ws/build/turtlesim_interfaces' returned '0': CMAKE_PREFIX_PATH=${CMAKE_PREFIX_PATH}:/opt/ros/humble /usr/bin/cmake --build /home/tanakon/fra501_ws/build/turtlesim_interfaces -- -j16 -l16
[0.389s] Invoking command in '/home/tanakon/fra501_ws/build/turtlesim_interfaces': CMAKE_PREFIX_PATH=${CMAKE_PREFIX_PATH}:/opt/ros/humble /usr/bin/cmake --install /home/tanakon/fra501_ws/build/turtlesim_interfaces
[0.413s] -- Install configuration: ""
[0.414s] -- Up-to-date: /home/tanakon/fra501_ws/install/turtlesim_interfaces/share/ament_index/resource_index/rosidl_interfaces/turtlesim_interfaces
[0.414s] -- Up-to-date: /home/tanakon/fra501_ws/install/turtlesim_interfaces/include/turtlesim_interfaces/turtlesim_interfaces
[0.414s] -- Up-to-date: /home/tanakon/fra501_ws/install/turtlesim_interfaces/include/turtlesim_interfaces/turtlesim_interfaces/msg
[0.414s] -- Up-to-date: /home/tanakon/fra501_ws/install/turtlesim_interfaces/include/turtlesim_interfaces/turtlesim_interfaces/msg/rosidl_generator_c__visibility_control.h
[0.415s] -- Up-to-date: /home/tanakon/fra501_ws/install/turtlesim_interfaces/include/turtlesim_interfaces/turtlesim_interfaces/srv
[0.416s] -- Up-to-date: /home/tanakon/fra501_ws/install/turtlesim_interfaces/include/turtlesim_interfaces/turtlesim_interfaces/srv/send_position.h
[0.416s] -- Up-to-date: /home/tanakon/fra501_ws/install/turtlesim_interfaces/include/turtlesim_interfaces/turtlesim_interfaces/srv/detail
[0.416s] -- Up-to-date: /home/tanakon/fra501_ws/install/turtlesim_interfaces/include/turtlesim_interfaces/turtlesim_interfaces/srv/detail/send_position__functions.h
[0.416s] -- Up-to-date: /home/tanakon/fra501_ws/install/turtlesim_interfaces/include/turtlesim_interfaces/turtlesim_interfaces/srv/detail/send_position__struct.h
[0.416s] -- Up-to-date: /home/tanakon/fra501_ws/install/turtlesim_interfaces/include/turtlesim_interfaces/turtlesim_interfaces/srv/detail/send_position__functions.c
[0.416s] -- Up-to-date: /home/tanakon/fra501_ws/install/turtlesim_interfaces/include/turtlesim_interfaces/turtlesim_interfaces/srv/detail/send_position__type_support.h
[0.416s] -- Up-to-date: /home/tanakon/fra501_ws/install/turtlesim_interfaces/share/turtlesim_interfaces/environment/library_path.sh
[0.416s] -- Up-to-date: /home/tanakon/fra501_ws/install/turtlesim_interfaces/share/turtlesim_interfaces/environment/library_path.dsv
[0.417s] -- Up-to-date: /home/tanakon/fra501_ws/install/turtlesim_interfaces/lib/libturtlesim_interfaces__rosidl_generator_c.so
[0.417s] -- Up-to-date: /home/tanakon/fra501_ws/install/turtlesim_interfaces/include/turtlesim_interfaces/turtlesim_interfaces
[0.417s] -- Up-to-date: /home/tanakon/fra501_ws/install/turtlesim_interfaces/include/turtlesim_interfaces/turtlesim_interfaces/msg
[0.417s] -- Up-to-date: /home/tanakon/fra501_ws/install/turtlesim_interfaces/include/turtlesim_interfaces/turtlesim_interfaces/msg/rosidl_typesupport_fastrtps_c__visibility_control.h
[0.417s] -- Up-to-date: /home/tanakon/fra501_ws/install/turtlesim_interfaces/include/turtlesim_interfaces/turtlesim_interfaces/srv
[0.417s] -- Up-to-date: /home/tanakon/fra501_ws/install/turtlesim_interfaces/include/turtlesim_interfaces/turtlesim_interfaces/srv/detail
[0.417s] -- Up-to-date: /home/tanakon/fra501_ws/install/turtlesim_interfaces/include/turtlesim_interfaces/turtlesim_interfaces/srv/detail/send_position__rosidl_typesupport_fastrtps_c.h
[0.417s] -- Up-to-date: /home/tanakon/fra501_ws/install/turtlesim_interfaces/lib/libturtlesim_interfaces__rosidl_typesupport_fastrtps_c.so
[0.417s] -- Up-to-date: /home/tanakon/fra501_ws/install/turtlesim_interfaces/include/turtlesim_interfaces/turtlesim_interfaces
[0.417s] -- Up-to-date: /home/tanakon/fra501_ws/install/turtlesim_interfaces/include/turtlesim_interfaces/turtlesim_interfaces/srv
[0.417s] -- Up-to-date: /home/tanakon/fra501_ws/install/turtlesim_interfaces/include/turtlesim_interfaces/turtlesim_interfaces/srv/send_position.hpp
[0.417s] -- Up-to-date: /home/tanakon/fra501_ws/install/turtlesim_interfaces/include/turtlesim_interfaces/turtlesim_interfaces/srv/detail
[0.418s] -- Up-to-date: /home/tanakon/fra501_ws/install/turtlesim_interfaces/include/turtlesim_interfaces/turtlesim_interfaces/srv/detail/send_position__builder.hpp
[0.418s] -- Up-to-date: /home/tanakon/fra501_ws/install/turtlesim_interfaces/include/turtlesim_interfaces/turtlesim_interfaces/srv/detail/send_position__traits.hpp
[0.418s] -- Up-to-date: /home/tanakon/fra501_ws/install/turtlesim_interfaces/include/turtlesim_interfaces/turtlesim_interfaces/srv/detail/send_position__struct.hpp
[0.418s] -- Up-to-date: /home/tanakon/fra501_ws/install/turtlesim_interfaces/include/turtlesim_interfaces/turtlesim_interfaces
[0.418s] -- Up-to-date: /home/tanakon/fra501_ws/install/turtlesim_interfaces/include/turtlesim_interfaces/turtlesim_interfaces/msg
[0.418s] -- Up-to-date: /home/tanakon/fra501_ws/install/turtlesim_interfaces/include/turtlesim_interfaces/turtlesim_interfaces/msg/rosidl_typesupport_fastrtps_cpp__visibility_control.h
[0.419s] -- Up-to-date: /home/tanakon/fra501_ws/install/turtlesim_interfaces/include/turtlesim_interfaces/turtlesim_interfaces/srv
[0.419s] -- Up-to-date: /home/tanakon/fra501_ws/install/turtlesim_interfaces/include/turtlesim_interfaces/turtlesim_interfaces/srv/detail
[0.419s] -- Up-to-date: /home/tanakon/fra501_ws/install/turtlesim_interfaces/include/turtlesim_interfaces/turtlesim_interfaces/srv/detail/dds_fastrtps
[0.419s] -- Up-to-date: /home/tanakon/fra501_ws/install/turtlesim_interfaces/include/turtlesim_interfaces/turtlesim_interfaces/srv/detail/send_position__rosidl_typesupport_fastrtps_cpp.hpp
[0.420s] -- Up-to-date: /home/tanakon/fra501_ws/install/turtlesim_interfaces/lib/libturtlesim_interfaces__rosidl_typesupport_fastrtps_cpp.so
[0.420s] -- Up-to-date: /home/tanakon/fra501_ws/install/turtlesim_interfaces/include/turtlesim_interfaces/turtlesim_interfaces
[0.420s] -- Up-to-date: /home/tanakon/fra501_ws/install/turtlesim_interfaces/include/turtlesim_interfaces/turtlesim_interfaces/msg
[0.420s] -- Up-to-date: /home/tanakon/fra501_ws/install/turtlesim_interfaces/include/turtlesim_interfaces/turtlesim_interfaces/msg/rosidl_typesupport_introspection_c__visibility_control.h
[0.420s] -- Up-to-date: /home/tanakon/fra501_ws/install/turtlesim_interfaces/include/turtlesim_interfaces/turtlesim_interfaces/srv
[0.420s] -- Up-to-date: /home/tanakon/fra501_ws/install/turtlesim_interfaces/include/turtlesim_interfaces/turtlesim_interfaces/srv/detail
[0.420s] -- Up-to-date: /home/tanakon/fra501_ws/install/turtlesim_interfaces/include/turtlesim_interfaces/turtlesim_interfaces/srv/detail/send_position__rosidl_typesupport_introspection_c.h
[0.420s] -- Up-to-date: /home/tanakon/fra501_ws/install/turtlesim_interfaces/include/turtlesim_interfaces/turtlesim_interfaces/srv/detail/send_position__type_support.c
[0.420s] -- Up-to-date: /home/tanakon/fra501_ws/install/turtlesim_interfaces/lib/libturtlesim_interfaces__rosidl_typesupport_introspection_c.so
[0.420s] -- Up-to-date: /home/tanakon/fra501_ws/install/turtlesim_interfaces/lib/libturtlesim_interfaces__rosidl_typesupport_c.so
[0.420s] -- Up-to-date: /home/tanakon/fra501_ws/install/turtlesim_interfaces/include/turtlesim_interfaces/turtlesim_interfaces
[0.420s] -- Up-to-date: /home/tanakon/fra501_ws/install/turtlesim_interfaces/include/turtlesim_interfaces/turtlesim_interfaces/srv
[0.420s] -- Up-to-date: /home/tanakon/fra501_ws/install/turtlesim_interfaces/include/turtlesim_interfaces/turtlesim_interfaces/srv/detail
[0.421s] -- Up-to-date: /home/tanakon/fra501_ws/install/turtlesim_interfaces/include/turtlesim_interfaces/turtlesim_interfaces/srv/detail/send_position__rosidl_typesupport_introspection_cpp.hpp
[0.421s] -- Up-to-date: /home/tanakon/fra501_ws/install/turtlesim_interfaces/include/turtlesim_interfaces/turtlesim_interfaces/srv/detail/send_position__type_support.cpp
[0.421s] -- Up-to-date: /home/tanakon/fra501_ws/install/turtlesim_interfaces/lib/libturtlesim_interfaces__rosidl_typesupport_introspection_cpp.so
[0.421s] -- Up-to-date: /home/tanakon/fra501_ws/install/turtlesim_interfaces/lib/libturtlesim_interfaces__rosidl_typesupport_cpp.so
[0.421s] -- Up-to-date: /home/tanakon/fra501_ws/install/turtlesim_interfaces/share/turtlesim_interfaces/environment/pythonpath.sh
[0.421s] -- Up-to-date: /home/tanakon/fra501_ws/install/turtlesim_interfaces/share/turtlesim_interfaces/environment/pythonpath.dsv
[0.421s] -- Up-to-date: /home/tanakon/fra501_ws/install/turtlesim_interfaces/local/lib/python3.10/dist-packages/turtlesim_interfaces-0.0.0-py3.10.egg-info
[0.421s] -- Installing: /home/tanakon/fra501_ws/install/turtlesim_interfaces/local/lib/python3.10/dist-packages/turtlesim_interfaces-0.0.0-py3.10.egg-info/dependency_links.txt
[0.421s] -- Installing: /home/tanakon/fra501_ws/install/turtlesim_interfaces/local/lib/python3.10/dist-packages/turtlesim_interfaces-0.0.0-py3.10.egg-info/top_level.txt
[0.421s] -- Installing: /home/tanakon/fra501_ws/install/turtlesim_interfaces/local/lib/python3.10/dist-packages/turtlesim_interfaces-0.0.0-py3.10.egg-info/SOURCES.txt
[0.421s] -- Installing: /home/tanakon/fra501_ws/install/turtlesim_interfaces/local/lib/python3.10/dist-packages/turtlesim_interfaces-0.0.0-py3.10.egg-info/PKG-INFO
[0.421s] -- Up-to-date: /home/tanakon/fra501_ws/install/turtlesim_interfaces/local/lib/python3.10/dist-packages/turtlesim_interfaces
[0.422s] -- Up-to-date: /home/tanakon/fra501_ws/install/turtlesim_interfaces/local/lib/python3.10/dist-packages/turtlesim_interfaces/turtlesim_interfaces_s__rosidl_typesupport_fastrtps_c.cpython-310-x86_64-linux-gnu.so
[0.422s] -- Up-to-date: /home/tanakon/fra501_ws/install/turtlesim_interfaces/local/lib/python3.10/dist-packages/turtlesim_interfaces/_turtlesim_interfaces_s.ep.rosidl_typesupport_fastrtps_c.c
[0.422s] -- Up-to-date: /home/tanakon/fra501_ws/install/turtlesim_interfaces/local/lib/python3.10/dist-packages/turtlesim_interfaces/_turtlesim_interfaces_s.ep.rosidl_typesupport_c.c
[0.422s] -- Up-to-date: /home/tanakon/fra501_ws/install/turtlesim_interfaces/local/lib/python3.10/dist-packages/turtlesim_interfaces/_turtlesim_interfaces_s.ep.rosidl_typesupport_introspection_c.c
[0.422s] -- Up-to-date: /home/tanakon/fra501_ws/install/turtlesim_interfaces/local/lib/python3.10/dist-packages/turtlesim_interfaces/libturtlesim_interfaces__rosidl_generator_py.so
[0.422s] -- Up-to-date: /home/tanakon/fra501_ws/install/turtlesim_interfaces/local/lib/python3.10/dist-packages/turtlesim_interfaces/__init__.py
[0.422s] -- Up-to-date: /home/tanakon/fra501_ws/install/turtlesim_interfaces/local/lib/python3.10/dist-packages/turtlesim_interfaces/srv
[0.422s] -- Up-to-date: /home/tanakon/fra501_ws/install/turtlesim_interfaces/local/lib/python3.10/dist-packages/turtlesim_interfaces/srv/_send_position.py
[0.422s] -- Up-to-date: /home/tanakon/fra501_ws/install/turtlesim_interfaces/local/lib/python3.10/dist-packages/turtlesim_interfaces/srv/_send_position_s.c
[0.422s] -- Up-to-date: /home/tanakon/fra501_ws/install/turtlesim_interfaces/local/lib/python3.10/dist-packages/turtlesim_interfaces/srv/__init__.py
[0.422s] -- Up-to-date: /home/tanakon/fra501_ws/install/turtlesim_interfaces/local/lib/python3.10/dist-packages/turtlesim_interfaces/turtlesim_interfaces_s__rosidl_typesupport_c.cpython-310-x86_64-linux-gnu.so
[0.422s] -- Up-to-date: /home/tanakon/fra501_ws/install/turtlesim_interfaces/local/lib/python3.10/dist-packages/turtlesim_interfaces/turtlesim_interfaces_s__rosidl_typesupport_introspection_c.cpython-310-x86_64-linux-gnu.so
[0.423s] Listing '/home/tanakon/fra501_ws/install/turtlesim_interfaces/local/lib/python3.10/dist-packages/turtlesim_interfaces'...
[0.423s] Listing '/home/tanakon/fra501_ws/install/turtlesim_interfaces/local/lib/python3.10/dist-packages/turtlesim_interfaces/srv'...
[0.426s] -- Up-to-date: /home/tanakon/fra501_ws/install/turtlesim_interfaces/local/lib/python3.10/dist-packages/turtlesim_interfaces/turtlesim_interfaces_s__rosidl_typesupport_fastrtps_c.cpython-310-x86_64-linux-gnu.so
[0.427s] -- Up-to-date: /home/tanakon/fra501_ws/install/turtlesim_interfaces/local/lib/python3.10/dist-packages/turtlesim_interfaces/turtlesim_interfaces_s__rosidl_typesupport_introspection_c.cpython-310-x86_64-linux-gnu.so
[0.427s] -- Up-to-date: /home/tanakon/fra501_ws/install/turtlesim_interfaces/local/lib/python3.10/dist-packages/turtlesim_interfaces/turtlesim_interfaces_s__rosidl_typesupport_c.cpython-310-x86_64-linux-gnu.so
[0.427s] -- Up-to-date: /home/tanakon/fra501_ws/install/turtlesim_interfaces/lib/libturtlesim_interfaces__rosidl_generator_py.so
[0.427s] -- Up-to-date: /home/tanakon/fra501_ws/install/turtlesim_interfaces/share/turtlesim_interfaces/srv/SendPosition.idl
[0.427s] -- Up-to-date: /home/tanakon/fra501_ws/install/turtlesim_interfaces/share/turtlesim_interfaces/srv/SendPosition.srv
[0.427s] -- Up-to-date: /home/tanakon/fra501_ws/install/turtlesim_interfaces/share/turtlesim_interfaces/srv/SendPosition_Request.msg
[0.427s] -- Up-to-date: /home/tanakon/fra501_ws/install/turtlesim_interfaces/share/turtlesim_interfaces/srv/SendPosition_Response.msg
[0.427s] -- Up-to-date: /home/tanakon/fra501_ws/install/turtlesim_interfaces/share/ament_index/resource_index/package_run_dependencies/turtlesim_interfaces
[0.427s] -- Up-to-date: /home/tanakon/fra501_ws/install/turtlesim_interfaces/share/ament_index/resource_index/parent_prefix_path/turtlesim_interfaces
[0.427s] -- Up-to-date: /home/tanakon/fra501_ws/install/turtlesim_interfaces/share/turtlesim_interfaces/environment/ament_prefix_path.sh
[0.427s] -- Up-to-date: /home/tanakon/fra501_ws/install/turtlesim_interfaces/share/turtlesim_interfaces/environment/ament_prefix_path.dsv
[0.427s] -- Up-to-date: /home/tanakon/fra501_ws/install/turtlesim_interfaces/share/turtlesim_interfaces/environment/path.sh
[0.427s] -- Up-to-date: /home/tanakon/fra501_ws/install/turtlesim_interfaces/share/turtlesim_interfaces/environment/path.dsv
[0.427s] -- Up-to-date: /home/tanakon/fra501_ws/install/turtlesim_interfaces/share/turtlesim_interfaces/local_setup.bash
[0.427s] -- Up-to-date: /home/tanakon/fra501_ws/install/turtlesim_interfaces/share/turtlesim_interfaces/local_setup.sh
[0.428s] -- Up-to-date: /home/tanakon/fra501_ws/install/turtlesim_interfaces/share/turtlesim_interfaces/local_setup.zsh
[0.428s] -- Up-to-date: /home/tanakon/fra501_ws/install/turtlesim_interfaces/share/turtlesim_interfaces/local_setup.dsv
[0.428s] -- Installing: /home/tanakon/fra501_ws/install/turtlesim_interfaces/share/turtlesim_interfaces/package.dsv
[0.428s] -- Up-to-date: /home/tanakon/fra501_ws/install/turtlesim_interfaces/share/ament_index/resource_index/packages/turtlesim_interfaces
[0.429s] -- Up-to-date: /home/tanakon/fra501_ws/install/turtlesim_interfaces/share/turtlesim_interfaces/cmake/export_turtlesim_interfaces__rosidl_generator_cExport.cmake
[0.429s] -- Up-to-date: /home/tanakon/fra501_ws/install/turtlesim_interfaces/share/turtlesim_interfaces/cmake/export_turtlesim_interfaces__rosidl_generator_cExport-noconfig.cmake
[0.429s] -- Up-to-date: /home/tanakon/fra501_ws/install/turtlesim_interfaces/share/turtlesim_interfaces/cmake/export_turtlesim_interfaces__rosidl_typesupport_fastrtps_cExport.cmake
[0.429s] -- Up-to-date: /home/tanakon/fra501_ws/install/turtlesim_interfaces/share/turtlesim_interfaces/cmake/export_turtlesim_interfaces__rosidl_typesupport_fastrtps_cExport-noconfig.cmake
[0.429s] -- Up-to-date: /home/tanakon/fra501_ws/install/turtlesim_interfaces/share/turtlesim_interfaces/cmake/export_turtlesim_interfaces__rosidl_generator_cppExport.cmake
[0.429s] -- Up-to-date: /home/tanakon/fra501_ws/install/turtlesim_interfaces/share/turtlesim_interfaces/cmake/export_turtlesim_interfaces__rosidl_typesupport_fastrtps_cppExport.cmake
[0.429s] -- Up-to-date: /home/tanakon/fra501_ws/install/turtlesim_interfaces/share/turtlesim_interfaces/cmake/export_turtlesim_interfaces__rosidl_typesupport_fastrtps_cppExport-noconfig.cmake
[0.429s] -- Up-to-date: /home/tanakon/fra501_ws/install/turtlesim_interfaces/share/turtlesim_interfaces/cmake/turtlesim_interfaces__rosidl_typesupport_introspection_cExport.cmake
[0.429s] -- Up-to-date: /home/tanakon/fra501_ws/install/turtlesim_interfaces/share/turtlesim_interfaces/cmake/turtlesim_interfaces__rosidl_typesupport_introspection_cExport-noconfig.cmake
[0.430s] -- Up-to-date: /home/tanakon/fra501_ws/install/turtlesim_interfaces/share/turtlesim_interfaces/cmake/turtlesim_interfaces__rosidl_typesupport_cExport.cmake
[0.430s] -- Up-to-date: /home/tanakon/fra501_ws/install/turtlesim_interfaces/share/turtlesim_interfaces/cmake/turtlesim_interfaces__rosidl_typesupport_cExport-noconfig.cmake
[0.430s] -- Up-to-date: /home/tanakon/fra501_ws/install/turtlesim_interfaces/share/turtlesim_interfaces/cmake/turtlesim_interfaces__rosidl_typesupport_introspection_cppExport.cmake
[0.430s] -- Up-to-date: /home/tanakon/fra501_ws/install/turtlesim_interfaces/share/turtlesim_interfaces/cmake/turtlesim_interfaces__rosidl_typesupport_introspection_cppExport-noconfig.cmake
[0.430s] -- Up-to-date: /home/tanakon/fra501_ws/install/turtlesim_interfaces/share/turtlesim_interfaces/cmake/turtlesim_interfaces__rosidl_typesupport_cppExport.cmake
[0.430s] -- Up-to-date: /home/tanakon/fra501_ws/install/turtlesim_interfaces/share/turtlesim_interfaces/cmake/turtlesim_interfaces__rosidl_typesupport_cppExport-noconfig.cmake
[0.430s] -- Up-to-date: /home/tanakon/fra501_ws/install/turtlesim_interfaces/share/turtlesim_interfaces/cmake/export_turtlesim_interfaces__rosidl_generator_pyExport.cmake
[0.430s] -- Up-to-date: /home/tanakon/fra501_ws/install/turtlesim_interfaces/share/turtlesim_interfaces/cmake/export_turtlesim_interfaces__rosidl_generator_pyExport-noconfig.cmake
[0.430s] -- Up-to-date: /home/tanakon/fra501_ws/install/turtlesim_interfaces/share/turtlesim_interfaces/cmake/rosidl_cmake-extras.cmake
[0.430s] -- Up-to-date: /home/tanakon/fra501_ws/install/turtlesim_interfaces/share/turtlesim_interfaces/cmake/ament_cmake_export_dependencies-extras.cmake
[0.430s] -- Up-to-date: /home/tanakon/fra501_ws/install/turtlesim_interfaces/share/turtlesim_interfaces/cmake/ament_cmake_export_include_directories-extras.cmake
[0.430s] -- Up-to-date: /home/tanakon/fra501_ws/install/turtlesim_interfaces/share/turtlesim_interfaces/cmake/ament_cmake_export_libraries-extras.cmake
[0.431s] -- Up-to-date: /home/tanakon/fra501_ws/install/turtlesim_interfaces/share/turtlesim_interfaces/cmake/ament_cmake_export_targets-extras.cmake
[0.431s] -- Up-to-date: /home/tanakon/fra501_ws/install/turtlesim_interfaces/share/turtlesim_interfaces/cmake/rosidl_cmake_export_typesupport_targets-extras.cmake
[0.431s] -- Up-to-date: /home/tanakon/fra501_ws/install/turtlesim_interfaces/share/turtlesim_interfaces/cmake/rosidl_cmake_export_typesupport_libraries-extras.cmake
[0.431s] -- Up-to-date: /home/tanakon/fra501_ws/install/turtlesim_interfaces/share/turtlesim_interfaces/cmake/turtlesim_interfacesConfig.cmake
[0.431s] -- Up-to-date: /home/tanakon/fra501_ws/install/turtlesim_interfaces/share/turtlesim_interfaces/cmake/turtlesim_interfacesConfig-version.cmake
[0.431s] -- Up-to-date: /home/tanakon/fra501_ws/install/turtlesim_interfaces/share/turtlesim_interfaces/package.xml
[0.439s] Invoked command in '/home/tanakon/fra501_ws/build/turtlesim_interfaces' returned '0': CMAKE_PREFIX_PATH=${CMAKE_PREFIX_PATH}:/opt/ros/humble /usr/bin/cmake --install /home/tanakon/fra501_ws/build/turtlesim_interfaces
