[0.022s] Invoking command in '/home/tanakon/fra501_ws/build/turtlesim_control': CMAKE_PREFIX_PATH=${CMAKE_PREFIX_PATH}:/opt/ros/humble /usr/bin/cmake --build /home/tanakon/fra501_ws/build/turtlesim_control -- -j16 -l16
[0.057s] Built target ament_cmake_python_copy_turtlesim_control
[0.290s] running egg_info
[0.290s] writing turtlesim_control.egg-info/PKG-INFO
[0.290s] writing dependency_links to turtlesim_control.egg-info/dependency_links.txt
[0.291s] writing top-level names to turtlesim_control.egg-info/top_level.txt
[0.292s] reading manifest file 'turtlesim_control.egg-info/SOURCES.txt'
[0.293s] writing manifest file 'turtlesim_control.egg-info/SOURCES.txt'
[0.323s] Built target ament_cmake_python_build_turtlesim_control_egg
[0.332s] Invoked command in '/home/tanakon/fra501_ws/build/turtlesim_control' returned '0': CMAKE_PREFIX_PATH=${CMAKE_PREFIX_PATH}:/opt/ros/humble /usr/bin/cmake --build /home/tanakon/fra501_ws/build/turtlesim_control -- -j16 -l16
[0.362s] Invoking command in '/home/tanakon/fra501_ws/build/turtlesim_control': CMAKE_PREFIX_PATH=${CMAKE_PREFIX_PATH}:/opt/ros/humble /usr/bin/cmake --install /home/tanakon/fra501_ws/build/turtlesim_control
[0.372s] -- Install configuration: ""
[0.372s] -- Up-to-date: /home/tanakon/fra501_ws/install/turtlesim_control/share/turtlesim_control/environment/pythonpath.sh
[0.372s] -- Up-to-date: /home/tanakon/fra501_ws/install/turtlesim_control/share/turtlesim_control/environment/pythonpath.dsv
[0.372s] -- Up-to-date: /home/tanakon/fra501_ws/install/turtlesim_control/local/lib/python3.10/dist-packages/turtlesim_control-0.0.0-py3.10.egg-info
[0.372s] -- Installing: /home/tanakon/fra501_ws/install/turtlesim_control/local/lib/python3.10/dist-packages/turtlesim_control-0.0.0-py3.10.egg-info/dependency_links.txt
[0.373s] -- Installing: /home/tanakon/fra501_ws/install/turtlesim_control/local/lib/python3.10/dist-packages/turtlesim_control-0.0.0-py3.10.egg-info/top_level.txt
[0.373s] -- Installing: /home/tanakon/fra501_ws/install/turtlesim_control/local/lib/python3.10/dist-packages/turtlesim_control-0.0.0-py3.10.egg-info/SOURCES.txt
[0.373s] -- Installing: /home/tanakon/fra501_ws/install/turtlesim_control/local/lib/python3.10/dist-packages/turtlesim_control-0.0.0-py3.10.egg-info/PKG-INFO
[0.373s] -- Up-to-date: /home/tanakon/fra501_ws/install/turtlesim_control/local/lib/python3.10/dist-packages/turtlesim_control
[0.373s] -- Up-to-date: /home/tanakon/fra501_ws/install/turtlesim_control/local/lib/python3.10/dist-packages/turtlesim_control/ros2_interface.py
[0.373s] -- Up-to-date: /home/tanakon/fra501_ws/install/turtlesim_control/local/lib/python3.10/dist-packages/turtlesim_control/algorithm.py
[0.373s] -- Up-to-date: /home/tanakon/fra501_ws/install/turtlesim_control/local/lib/python3.10/dist-packages/turtlesim_control/__init__.py
[0.405s] Listing '/home/tanakon/fra501_ws/install/turtlesim_control/local/lib/python3.10/dist-packages/turtlesim_control'...
[0.407s] -- Up-to-date: /home/tanakon/fra501_ws/install/turtlesim_control/lib/turtlesim_control/controller.py
[0.407s] -- Up-to-date: /home/tanakon/fra501_ws/install/turtlesim_control/lib/turtlesim_control/scheduler.py
[0.407s] -- Up-to-date: /home/tanakon/fra501_ws/install/turtlesim_control/share/turtlesim_control/via_point
[0.407s] -- Up-to-date: /home/tanakon/fra501_ws/install/turtlesim_control/share/turtlesim_control/via_point/via_point_01.yaml
[0.407s] -- Up-to-date: /home/tanakon/fra501_ws/install/turtlesim_control/share/turtlesim_control/launch
[0.407s] -- Installing: /home/tanakon/fra501_ws/install/turtlesim_control/share/turtlesim_control/launch/controller_scheduler.launch.py
[0.408s] -- Up-to-date: /home/tanakon/fra501_ws/install/turtlesim_control/share/ament_index/resource_index/package_run_dependencies/turtlesim_control
[0.408s] -- Up-to-date: /home/tanakon/fra501_ws/install/turtlesim_control/share/ament_index/resource_index/parent_prefix_path/turtlesim_control
[0.409s] -- Up-to-date: /home/tanakon/fra501_ws/install/turtlesim_control/share/turtlesim_control/environment/ament_prefix_path.sh
[0.409s] -- Up-to-date: /home/tanakon/fra501_ws/install/turtlesim_control/share/turtlesim_control/environment/ament_prefix_path.dsv
[0.410s] -- Up-to-date: /home/tanakon/fra501_ws/install/turtlesim_control/share/turtlesim_control/environment/path.sh
[0.411s] -- Up-to-date: /home/tanakon/fra501_ws/install/turtlesim_control/share/turtlesim_control/environment/path.dsv
[0.411s] -- Up-to-date: /home/tanakon/fra501_ws/install/turtlesim_control/share/turtlesim_control/local_setup.bash
[0.411s] -- Up-to-date: /home/tanakon/fra501_ws/install/turtlesim_control/share/turtlesim_control/local_setup.sh
[0.412s] -- Up-to-date: /home/tanakon/fra501_ws/install/turtlesim_control/share/turtlesim_control/local_setup.zsh
[0.414s] -- Up-to-date: /home/tanakon/fra501_ws/install/turtlesim_control/share/turtlesim_control/local_setup.dsv
[0.415s] -- Installing: /home/tanakon/fra501_ws/install/turtlesim_control/share/turtlesim_control/package.dsv
[0.415s] -- Up-to-date: /home/tanakon/fra501_ws/install/turtlesim_control/share/ament_index/resource_index/packages/turtlesim_control
[0.415s] -- Up-to-date: /home/tanakon/fra501_ws/install/turtlesim_control/share/turtlesim_control/cmake/turtlesim_controlConfig.cmake
[0.415s] -- Up-to-date: /home/tanakon/fra501_ws/install/turtlesim_control/share/turtlesim_control/cmake/turtlesim_controlConfig-version.cmake
[0.416s] -- Up-to-date: /home/tanakon/fra501_ws/install/turtlesim_control/share/turtlesim_control/package.xml
[0.417s] Invoked command in '/home/tanakon/fra501_ws/build/turtlesim_control' returned '0': CMAKE_PREFIX_PATH=${CMAKE_PREFIX_PATH}:/opt/ros/humble /usr/bin/cmake --install /home/tanakon/fra501_ws/build/turtlesim_control
