Built target ament_cmake_python_copy_turtlesim_control
running egg_info
writing turtlesim_control.egg-info/PKG-INFO
writing dependency_links to turtlesim_control.egg-info/dependency_links.txt
writing top-level names to turtlesim_control.egg-info/top_level.txt
reading manifest file 'turtlesim_control.egg-info/SOURCES.txt'
writing manifest file 'turtlesim_control.egg-info/SOURCES.txt'
Built target ament_cmake_python_build_turtlesim_control_egg
-- Install configuration: ""
-- Up-to-date: /home/tanakon/fra501_ws/install/turtlesim_control/share/turtlesim_control/environment/pythonpath.sh
-- Up-to-date: /home/tanakon/fra501_ws/install/turtlesim_control/share/turtlesim_control/environment/pythonpath.dsv
-- Up-to-date: /home/tanakon/fra501_ws/install/turtlesim_control/local/lib/python3.10/dist-packages/turtlesim_control-0.0.0-py3.10.egg-info
-- Installing: /home/tanakon/fra501_ws/install/turtlesim_control/local/lib/python3.10/dist-packages/turtlesim_control-0.0.0-py3.10.egg-info/dependency_links.txt
-- Installing: /home/tanakon/fra501_ws/install/turtlesim_control/local/lib/python3.10/dist-packages/turtlesim_control-0.0.0-py3.10.egg-info/top_level.txt
-- Installing: /home/tanakon/fra501_ws/install/turtlesim_control/local/lib/python3.10/dist-packages/turtlesim_control-0.0.0-py3.10.egg-info/SOURCES.txt
-- Installing: /home/tanakon/fra501_ws/install/turtlesim_control/local/lib/python3.10/dist-packages/turtlesim_control-0.0.0-py3.10.egg-info/PKG-INFO
-- Up-to-date: /home/tanakon/fra501_ws/install/turtlesim_control/local/lib/python3.10/dist-packages/turtlesim_control
-- Up-to-date: /home/tanakon/fra501_ws/install/turtlesim_control/local/lib/python3.10/dist-packages/turtlesim_control/ros2_interface.py
-- Up-to-date: /home/tanakon/fra501_ws/install/turtlesim_control/local/lib/python3.10/dist-packages/turtlesim_control/algorithm.py
-- Up-to-date: /home/tanakon/fra501_ws/install/turtlesim_control/local/lib/python3.10/dist-packages/turtlesim_control/__init__.py
Listing '/home/tanakon/fra501_ws/install/turtlesim_control/local/lib/python3.10/dist-packages/turtlesim_control'...
-- Up-to-date: /home/tanakon/fra501_ws/install/turtlesim_control/lib/turtlesim_control/controller.py
-- Up-to-date: /home/tanakon/fra501_ws/install/turtlesim_control/lib/turtlesim_control/scheduler.py
-- Up-to-date: /home/tanakon/fra501_ws/install/turtlesim_control/share/turtlesim_control/via_point
-- Up-to-date: /home/tanakon/fra501_ws/install/turtlesim_control/share/turtlesim_control/via_point/via_point_01.yaml
-- Up-to-date: /home/tanakon/fra501_ws/install/turtlesim_control/share/turtlesim_control/launch
-- Up-to-date: /home/tanakon/fra501_ws/install/turtlesim_control/share/turtlesim_control/launch/controller_scheduler.launch.py
-- Up-to-date: /home/tanakon/fra501_ws/install/turtlesim_control/share/ament_index/resource_index/package_run_dependencies/turtlesim_control
-- Up-to-date: /home/tanakon/fra501_ws/install/turtlesim_control/share/ament_index/resource_index/parent_prefix_path/turtlesim_control
-- Up-to-date: /home/tanakon/fra501_ws/install/turtlesim_control/share/turtlesim_control/environment/ament_prefix_path.sh
-- Up-to-date: /home/tanakon/fra501_ws/install/turtlesim_control/share/turtlesim_control/environment/ament_prefix_path.dsv
-- Up-to-date: /home/tanakon/fra501_ws/install/turtlesim_control/share/turtlesim_control/environment/path.sh
-- Up-to-date: /home/tanakon/fra501_ws/install/turtlesim_control/share/turtlesim_control/environment/path.dsv
-- Up-to-date: /home/tanakon/fra501_ws/install/turtlesim_control/share/turtlesim_control/local_setup.bash
-- Up-to-date: /home/tanakon/fra501_ws/install/turtlesim_control/share/turtlesim_control/local_setup.sh
-- Up-to-date: /home/tanakon/fra501_ws/install/turtlesim_control/share/turtlesim_control/local_setup.zsh
-- Up-to-date: /home/tanakon/fra501_ws/install/turtlesim_control/share/turtlesim_control/local_setup.dsv
-- Installing: /home/tanakon/fra501_ws/install/turtlesim_control/share/turtlesim_control/package.dsv
-- Up-to-date: /home/tanakon/fra501_ws/install/turtlesim_control/share/ament_index/resource_index/packages/turtlesim_control
-- Up-to-date: /home/tanakon/fra501_ws/install/turtlesim_control/share/turtlesim_control/cmake/turtlesim_controlConfig.cmake
-- Up-to-date: /home/tanakon/fra501_ws/install/turtlesim_control/share/turtlesim_control/cmake/turtlesim_controlConfig-version.cmake
-- Up-to-date: /home/tanakon/fra501_ws/install/turtlesim_control/share/turtlesim_control/package.xml
