[0.186s] DEBUG:colcon:Command line arguments: ['/usr/bin/colcon', 'build']
[0.186s] DEBUG:colcon:Parsed command line arguments: Namespace(log_base=None, log_level=None, verb_name='build', build_base='build', install_base='install', merge_install=False, symlink_install=False, test_result_base=None, continue_on_error=False, executor='parallel', parallel_workers=16, event_handlers=None, ignore_user_meta=False, metas=['./colcon.meta'], base_paths=['.'], packages_ignore=None, packages_ignore_regex=None, paths=None, packages_up_to=None, packages_up_to_regex=None, packages_above=None, packages_above_and_dependencies=None, packages_above_depth=None, packages_select_by_dep=None, packages_skip_by_dep=None, packages_skip_up_to=None, packages_select_build_failed=False, packages_skip_build_finished=False, packages_select_test_failures=False, packages_skip_test_passed=False, packages_select=None, packages_skip=None, packages_select_regex=None, packages_skip_regex=None, packages_start=None, packages_end=None, allow_overriding=[], cmake_args=None, cmake_target=None, cmake_target_skip_unavailable=False, cmake_clean_cache=False, cmake_clean_first=False, cmake_force_configure=False, ament_cmake_args=None, catkin_cmake_args=None, catkin_skip_building_tests=False, verb_parser=<colcon_defaults.argument_parser.defaults.DefaultArgumentsDecorator object at 0x7fabec1adb40>, verb_extension=<colcon_core.verb.build.BuildVerb object at 0x7fabec9a8ac0>, main=<bound method BuildVerb.main of <colcon_core.verb.build.BuildVerb object at 0x7fabec9a8ac0>>)
[0.206s] Level 1:colcon.colcon_core.package_discovery:discover_packages(colcon_meta) check parameters
[0.206s] Level 1:colcon.colcon_core.package_discovery:discover_packages(recursive) check parameters
[0.206s] Level 1:colcon.colcon_core.package_discovery:discover_packages(ignore) check parameters
[0.206s] Level 1:colcon.colcon_core.package_discovery:discover_packages(path) check parameters
[0.206s] Level 1:colcon.colcon_core.package_discovery:discover_packages(colcon_meta) discover
[0.206s] Level 1:colcon.colcon_core.package_discovery:discover_packages(recursive) discover
[0.206s] INFO:colcon.colcon_core.package_discovery:Crawling recursively for packages in '/home/tanakon/fra501_ws/src'
[0.206s] Level 1:colcon.colcon_core.package_identification:_identify(.) by extensions ['ignore', 'ignore_ament_install']
[0.206s] Level 1:colcon.colcon_core.package_identification:_identify(.) by extension 'ignore'
[0.206s] Level 1:colcon.colcon_core.package_identification:_identify(.) by extension 'ignore_ament_install'
[0.207s] Level 1:colcon.colcon_core.package_identification:_identify(.) by extensions ['colcon_pkg']
[0.207s] Level 1:colcon.colcon_core.package_identification:_identify(.) by extension 'colcon_pkg'
[0.207s] Level 1:colcon.colcon_core.package_identification:_identify(.) by extensions ['colcon_meta']
[0.207s] Level 1:colcon.colcon_core.package_identification:_identify(.) by extension 'colcon_meta'
[0.207s] Level 1:colcon.colcon_core.package_identification:_identify(.) by extensions ['ros']
[0.207s] Level 1:colcon.colcon_core.package_identification:_identify(.) by extension 'ros'
[0.214s] Level 1:colcon.colcon_core.package_identification:_identify(.) by extensions ['cmake', 'python']
[0.214s] Level 1:colcon.colcon_core.package_identification:_identify(.) by extension 'cmake'
[0.214s] Level 1:colcon.colcon_core.package_identification:_identify(.) by extension 'python'
[0.214s] Level 1:colcon.colcon_core.package_identification:_identify(.) by extensions ['python_setup_py']
[0.214s] Level 1:colcon.colcon_core.package_identification:_identify(.) by extension 'python_setup_py'
[0.214s] Level 1:colcon.colcon_core.package_identification:_identify(build) by extensions ['ignore', 'ignore_ament_install']
[0.214s] Level 1:colcon.colcon_core.package_identification:_identify(build) by extension 'ignore'
[0.214s] Level 1:colcon.colcon_core.package_identification:_identify(build) ignored
[0.214s] Level 1:colcon.colcon_core.package_identification:_identify(install) by extensions ['ignore', 'ignore_ament_install']
[0.214s] Level 1:colcon.colcon_core.package_identification:_identify(install) by extension 'ignore'
[0.214s] Level 1:colcon.colcon_core.package_identification:_identify(install) ignored
[0.214s] Level 1:colcon.colcon_core.package_identification:_identify(log) by extensions ['ignore', 'ignore_ament_install']
[0.214s] Level 1:colcon.colcon_core.package_identification:_identify(log) by extension 'ignore'
[0.214s] Level 1:colcon.colcon_core.package_identification:_identify(log) ignored
[0.214s] Level 1:colcon.colcon_core.package_identification:_identify(my_controller) by extensions ['ignore', 'ignore_ament_install']
[0.214s] Level 1:colcon.colcon_core.package_identification:_identify(my_controller) by extension 'ignore'
[0.214s] Level 1:colcon.colcon_core.package_identification:_identify(my_controller) by extension 'ignore_ament_install'
[0.214s] Level 1:colcon.colcon_core.package_identification:_identify(my_controller) by extensions ['colcon_pkg']
[0.214s] Level 1:colcon.colcon_core.package_identification:_identify(my_controller) by extension 'colcon_pkg'
[0.214s] Level 1:colcon.colcon_core.package_identification:_identify(my_controller) by extensions ['colcon_meta']
[0.214s] Level 1:colcon.colcon_core.package_identification:_identify(my_controller) by extension 'colcon_meta'
[0.214s] Level 1:colcon.colcon_core.package_identification:_identify(my_controller) by extensions ['ros']
[0.214s] Level 1:colcon.colcon_core.package_identification:_identify(my_controller) by extension 'ros'
[0.216s] DEBUG:colcon.colcon_core.package_identification:Package 'my_controller' with type 'ros.ament_cmake' and name 'my_controller'
[0.216s] Level 1:colcon.colcon_core.package_identification:_identify(turtlesim_plus) by extensions ['ignore', 'ignore_ament_install']
[0.216s] Level 1:colcon.colcon_core.package_identification:_identify(turtlesim_plus) by extension 'ignore'
[0.216s] Level 1:colcon.colcon_core.package_identification:_identify(turtlesim_plus) by extension 'ignore_ament_install'
[0.216s] Level 1:colcon.colcon_core.package_identification:_identify(turtlesim_plus) by extensions ['colcon_pkg']
[0.216s] Level 1:colcon.colcon_core.package_identification:_identify(turtlesim_plus) by extension 'colcon_pkg'
[0.216s] Level 1:colcon.colcon_core.package_identification:_identify(turtlesim_plus) by extensions ['colcon_meta']
[0.216s] Level 1:colcon.colcon_core.package_identification:_identify(turtlesim_plus) by extension 'colcon_meta'
[0.216s] Level 1:colcon.colcon_core.package_identification:_identify(turtlesim_plus) by extensions ['ros']
[0.216s] Level 1:colcon.colcon_core.package_identification:_identify(turtlesim_plus) by extension 'ros'
[0.216s] Level 1:colcon.colcon_core.package_identification:_identify(turtlesim_plus) by extensions ['cmake', 'python']
[0.216s] Level 1:colcon.colcon_core.package_identification:_identify(turtlesim_plus) by extension 'cmake'
[0.216s] Level 1:colcon.colcon_core.package_identification:_identify(turtlesim_plus) by extension 'python'
[0.216s] Level 1:colcon.colcon_core.package_identification:_identify(turtlesim_plus) by extensions ['python_setup_py']
[0.216s] Level 1:colcon.colcon_core.package_identification:_identify(turtlesim_plus) by extension 'python_setup_py'
[0.216s] Level 1:colcon.colcon_core.package_identification:_identify(turtlesim_plus/turtlesim_plus) by extensions ['ignore', 'ignore_ament_install']
[0.217s] Level 1:colcon.colcon_core.package_identification:_identify(turtlesim_plus/turtlesim_plus) by extension 'ignore'
[0.217s] Level 1:colcon.colcon_core.package_identification:_identify(turtlesim_plus/turtlesim_plus) by extension 'ignore_ament_install'
[0.217s] Level 1:colcon.colcon_core.package_identification:_identify(turtlesim_plus/turtlesim_plus) by extensions ['colcon_pkg']
[0.217s] Level 1:colcon.colcon_core.package_identification:_identify(turtlesim_plus/turtlesim_plus) by extension 'colcon_pkg'
[0.217s] Level 1:colcon.colcon_core.package_identification:_identify(turtlesim_plus/turtlesim_plus) by extensions ['colcon_meta']
[0.217s] Level 1:colcon.colcon_core.package_identification:_identify(turtlesim_plus/turtlesim_plus) by extension 'colcon_meta'
[0.217s] Level 1:colcon.colcon_core.package_identification:_identify(turtlesim_plus/turtlesim_plus) by extensions ['ros']
[0.217s] Level 1:colcon.colcon_core.package_identification:_identify(turtlesim_plus/turtlesim_plus) by extension 'ros'
[0.217s] DEBUG:colcon.colcon_core.package_identification:Package 'turtlesim_plus/turtlesim_plus' with type 'ros.ament_cmake' and name 'turtlesim_plus'
[0.217s] Level 1:colcon.colcon_core.package_identification:_identify(turtlesim_plus/turtlesim_plus_interfaces) by extensions ['ignore', 'ignore_ament_install']
[0.218s] Level 1:colcon.colcon_core.package_identification:_identify(turtlesim_plus/turtlesim_plus_interfaces) by extension 'ignore'
[0.218s] Level 1:colcon.colcon_core.package_identification:_identify(turtlesim_plus/turtlesim_plus_interfaces) by extension 'ignore_ament_install'
[0.218s] Level 1:colcon.colcon_core.package_identification:_identify(turtlesim_plus/turtlesim_plus_interfaces) by extensions ['colcon_pkg']
[0.218s] Level 1:colcon.colcon_core.package_identification:_identify(turtlesim_plus/turtlesim_plus_interfaces) by extension 'colcon_pkg'
[0.218s] Level 1:colcon.colcon_core.package_identification:_identify(turtlesim_plus/turtlesim_plus_interfaces) by extensions ['colcon_meta']
[0.218s] Level 1:colcon.colcon_core.package_identification:_identify(turtlesim_plus/turtlesim_plus_interfaces) by extension 'colcon_meta'
[0.218s] Level 1:colcon.colcon_core.package_identification:_identify(turtlesim_plus/turtlesim_plus_interfaces) by extensions ['ros']
[0.218s] Level 1:colcon.colcon_core.package_identification:_identify(turtlesim_plus/turtlesim_plus_interfaces) by extension 'ros'
[0.218s] DEBUG:colcon.colcon_core.package_identification:Package 'turtlesim_plus/turtlesim_plus_interfaces' with type 'ros.ament_cmake' and name 'turtlesim_plus_interfaces'
[0.218s] Level 1:colcon.colcon_core.package_discovery:discover_packages(recursive) using defaults
[0.218s] Level 1:colcon.colcon_core.package_discovery:discover_packages(ignore) discover
[0.218s] Level 1:colcon.colcon_core.package_discovery:discover_packages(ignore) using defaults
[0.218s] Level 1:colcon.colcon_core.package_discovery:discover_packages(path) discover
[0.218s] Level 1:colcon.colcon_core.package_discovery:discover_packages(path) using defaults
[0.232s] Level 1:colcon.colcon_core.package_discovery:discover_packages(prefix_path) check parameters
[0.232s] Level 1:colcon.colcon_core.package_discovery:discover_packages(prefix_path) discover
[0.234s] DEBUG:colcon.colcon_installed_package_information.package_discovery:Found 3 installed packages in /home/tanakon/fra501_ws/install
[0.234s] DEBUG:colcon.colcon_installed_package_information.package_discovery:Found 0 installed packages in /home/tanakon/install
[0.235s] DEBUG:colcon.colcon_installed_package_information.package_discovery:Found 270 installed packages in /opt/ros/humble
[0.236s] Level 1:colcon.colcon_core.package_discovery:discover_packages(prefix_path) using defaults
[0.272s] Level 5:colcon.colcon_core.verb:set package 'my_controller' build argument 'cmake_args' from command line to 'None'
[0.272s] Level 5:colcon.colcon_core.verb:set package 'my_controller' build argument 'cmake_target' from command line to 'None'
[0.272s] Level 5:colcon.colcon_core.verb:set package 'my_controller' build argument 'cmake_target_skip_unavailable' from command line to 'False'
[0.272s] Level 5:colcon.colcon_core.verb:set package 'my_controller' build argument 'cmake_clean_cache' from command line to 'False'
[0.272s] Level 5:colcon.colcon_core.verb:set package 'my_controller' build argument 'cmake_clean_first' from command line to 'False'
[0.272s] Level 5:colcon.colcon_core.verb:set package 'my_controller' build argument 'cmake_force_configure' from command line to 'False'
[0.272s] Level 5:colcon.colcon_core.verb:set package 'my_controller' build argument 'ament_cmake_args' from command line to 'None'
[0.272s] Level 5:colcon.colcon_core.verb:set package 'my_controller' build argument 'catkin_cmake_args' from command line to 'None'
[0.272s] Level 5:colcon.colcon_core.verb:set package 'my_controller' build argument 'catkin_skip_building_tests' from command line to 'False'
[0.272s] DEBUG:colcon.colcon_core.verb:Building package 'my_controller' with the following arguments: {'ament_cmake_args': None, 'build_base': '/home/tanakon/fra501_ws/src/build/my_controller', 'catkin_cmake_args': None, 'catkin_skip_building_tests': False, 'cmake_args': None, 'cmake_clean_cache': False, 'cmake_clean_first': False, 'cmake_force_configure': False, 'cmake_target': None, 'cmake_target_skip_unavailable': False, 'install_base': '/home/tanakon/fra501_ws/src/install/my_controller', 'merge_install': False, 'path': '/home/tanakon/fra501_ws/src/my_controller', 'symlink_install': False, 'test_result_base': None}
[0.273s] Level 5:colcon.colcon_core.verb:set package 'turtlesim_plus' build argument 'cmake_args' from command line to 'None'
[0.273s] Level 5:colcon.colcon_core.verb:set package 'turtlesim_plus' build argument 'cmake_target' from command line to 'None'
[0.273s] Level 5:colcon.colcon_core.verb:set package 'turtlesim_plus' build argument 'cmake_target_skip_unavailable' from command line to 'False'
[0.273s] Level 5:colcon.colcon_core.verb:set package 'turtlesim_plus' build argument 'cmake_clean_cache' from command line to 'False'
[0.273s] Level 5:colcon.colcon_core.verb:set package 'turtlesim_plus' build argument 'cmake_clean_first' from command line to 'False'
[0.273s] Level 5:colcon.colcon_core.verb:set package 'turtlesim_plus' build argument 'cmake_force_configure' from command line to 'False'
[0.273s] Level 5:colcon.colcon_core.verb:set package 'turtlesim_plus' build argument 'ament_cmake_args' from command line to 'None'
[0.273s] Level 5:colcon.colcon_core.verb:set package 'turtlesim_plus' build argument 'catkin_cmake_args' from command line to 'None'
[0.273s] Level 5:colcon.colcon_core.verb:set package 'turtlesim_plus' build argument 'catkin_skip_building_tests' from command line to 'False'
[0.273s] DEBUG:colcon.colcon_core.verb:Building package 'turtlesim_plus' with the following arguments: {'ament_cmake_args': None, 'build_base': '/home/tanakon/fra501_ws/src/build/turtlesim_plus', 'catkin_cmake_args': None, 'catkin_skip_building_tests': False, 'cmake_args': None, 'cmake_clean_cache': False, 'cmake_clean_first': False, 'cmake_force_configure': False, 'cmake_target': None, 'cmake_target_skip_unavailable': False, 'install_base': '/home/tanakon/fra501_ws/src/install/turtlesim_plus', 'merge_install': False, 'path': '/home/tanakon/fra501_ws/src/turtlesim_plus/turtlesim_plus', 'symlink_install': False, 'test_result_base': None}
[0.273s] Level 5:colcon.colcon_core.verb:set package 'turtlesim_plus_interfaces' build argument 'cmake_args' from command line to 'None'
[0.273s] Level 5:colcon.colcon_core.verb:set package 'turtlesim_plus_interfaces' build argument 'cmake_target' from command line to 'None'
[0.273s] Level 5:colcon.colcon_core.verb:set package 'turtlesim_plus_interfaces' build argument 'cmake_target_skip_unavailable' from command line to 'False'
[0.273s] Level 5:colcon.colcon_core.verb:set package 'turtlesim_plus_interfaces' build argument 'cmake_clean_cache' from command line to 'False'
[0.273s] Level 5:colcon.colcon_core.verb:set package 'turtlesim_plus_interfaces' build argument 'cmake_clean_first' from command line to 'False'
[0.273s] Level 5:colcon.colcon_core.verb:set package 'turtlesim_plus_interfaces' build argument 'cmake_force_configure' from command line to 'False'
[0.273s] Level 5:colcon.colcon_core.verb:set package 'turtlesim_plus_interfaces' build argument 'ament_cmake_args' from command line to 'None'
[0.273s] Level 5:colcon.colcon_core.verb:set package 'turtlesim_plus_interfaces' build argument 'catkin_cmake_args' from command line to 'None'
[0.273s] Level 5:colcon.colcon_core.verb:set package 'turtlesim_plus_interfaces' build argument 'catkin_skip_building_tests' from command line to 'False'
[0.273s] DEBUG:colcon.colcon_core.verb:Building package 'turtlesim_plus_interfaces' with the following arguments: {'ament_cmake_args': None, 'build_base': '/home/tanakon/fra501_ws/src/build/turtlesim_plus_interfaces', 'catkin_cmake_args': None, 'catkin_skip_building_tests': False, 'cmake_args': None, 'cmake_clean_cache': False, 'cmake_clean_first': False, 'cmake_force_configure': False, 'cmake_target': None, 'cmake_target_skip_unavailable': False, 'install_base': '/home/tanakon/fra501_ws/src/install/turtlesim_plus_interfaces', 'merge_install': False, 'path': '/home/tanakon/fra501_ws/src/turtlesim_plus/turtlesim_plus_interfaces', 'symlink_install': False, 'test_result_base': None}
[0.274s] INFO:colcon.colcon_core.executor:Executing jobs using 'parallel' executor
[0.276s] DEBUG:colcon.colcon_parallel_executor.executor.parallel:run_until_complete
[0.276s] INFO:colcon.colcon_ros.task.ament_cmake.build:Building ROS package in '/home/tanakon/fra501_ws/src/my_controller' with build type 'ament_cmake'
[0.276s] INFO:colcon.colcon_cmake.task.cmake.build:Building CMake package in '/home/tanakon/fra501_ws/src/my_controller'
[0.279s] INFO:colcon.colcon_core.plugin_system:Skipping extension 'colcon_core.shell.bat': Not used on non-Windows systems
[0.279s] INFO:colcon.colcon_core.shell:Skip shell extension 'powershell' for command environment: Not usable outside of PowerShell
[0.279s] DEBUG:colcon.colcon_core.shell:Skip shell extension 'dsv' for command environment
[0.282s] INFO:colcon.colcon_ros.task.ament_cmake.build:Building ROS package in '/home/tanakon/fra501_ws/src/turtlesim_plus/turtlesim_plus' with build type 'ament_cmake'
[0.282s] INFO:colcon.colcon_cmake.task.cmake.build:Building CMake package in '/home/tanakon/fra501_ws/src/turtlesim_plus/turtlesim_plus'
[0.283s] INFO:colcon.colcon_core.shell:Skip shell extension 'powershell' for command environment: Not usable outside of PowerShell
[0.283s] DEBUG:colcon.colcon_core.shell:Skip shell extension 'dsv' for command environment
[0.286s] INFO:colcon.colcon_ros.task.ament_cmake.build:Building ROS package in '/home/tanakon/fra501_ws/src/turtlesim_plus/turtlesim_plus_interfaces' with build type 'ament_cmake'
[0.286s] INFO:colcon.colcon_cmake.task.cmake.build:Building CMake package in '/home/tanakon/fra501_ws/src/turtlesim_plus/turtlesim_plus_interfaces'
[0.287s] INFO:colcon.colcon_core.shell:Skip shell extension 'powershell' for command environment: Not usable outside of PowerShell
[0.287s] DEBUG:colcon.colcon_core.shell:Skip shell extension 'dsv' for command environment
[0.293s] DEBUG:colcon.colcon_core.event_handler.log_command:Invoking command in '/home/tanakon/fra501_ws/src/build/my_controller': CMAKE_PREFIX_PATH=${CMAKE_PREFIX_PATH}:/opt/ros/humble /usr/bin/cmake /home/tanakon/fra501_ws/src/my_controller -DCMAKE_INSTALL_PREFIX=/home/tanakon/fra501_ws/src/install/my_controller
[0.294s] DEBUG:colcon.colcon_core.event_handler.log_command:Invoking command in '/home/tanakon/fra501_ws/src/build/turtlesim_plus': CMAKE_PREFIX_PATH=${CMAKE_PREFIX_PATH}:/opt/ros/humble /usr/bin/cmake /home/tanakon/fra501_ws/src/turtlesim_plus/turtlesim_plus -DCMAKE_INSTALL_PREFIX=/home/tanakon/fra501_ws/src/install/turtlesim_plus
[0.296s] DEBUG:colcon.colcon_core.event_handler.log_command:Invoking command in '/home/tanakon/fra501_ws/src/build/turtlesim_plus_interfaces': CMAKE_PREFIX_PATH=${CMAKE_PREFIX_PATH}:/opt/ros/humble /usr/bin/cmake /home/tanakon/fra501_ws/src/turtlesim_plus/turtlesim_plus_interfaces -DCMAKE_INSTALL_PREFIX=/home/tanakon/fra501_ws/src/install/turtlesim_plus_interfaces
[1.130s] DEBUG:colcon.colcon_core.event_handler.log_command:Invoked command in '/home/tanakon/fra501_ws/src/build/my_controller' returned '0': CMAKE_PREFIX_PATH=${CMAKE_PREFIX_PATH}:/opt/ros/humble /usr/bin/cmake /home/tanakon/fra501_ws/src/my_controller -DCMAKE_INSTALL_PREFIX=/home/tanakon/fra501_ws/src/install/my_controller
[1.131s] DEBUG:colcon.colcon_core.event_handler.log_command:Invoking command in '/home/tanakon/fra501_ws/src/build/my_controller': CMAKE_PREFIX_PATH=${CMAKE_PREFIX_PATH}:/opt/ros/humble /usr/bin/cmake --build /home/tanakon/fra501_ws/src/build/my_controller -- -j16 -l16
[1.135s] DEBUG:colcon.colcon_core.event_handler.log_command:Invoked command in '/home/tanakon/fra501_ws/src/build/turtlesim_plus' returned '0': CMAKE_PREFIX_PATH=${CMAKE_PREFIX_PATH}:/opt/ros/humble /usr/bin/cmake /home/tanakon/fra501_ws/src/turtlesim_plus/turtlesim_plus -DCMAKE_INSTALL_PREFIX=/home/tanakon/fra501_ws/src/install/turtlesim_plus
[1.136s] DEBUG:colcon.colcon_core.event_handler.log_command:Invoking command in '/home/tanakon/fra501_ws/src/build/turtlesim_plus': CMAKE_PREFIX_PATH=${CMAKE_PREFIX_PATH}:/opt/ros/humble /usr/bin/cmake --build /home/tanakon/fra501_ws/src/build/turtlesim_plus -- -j16 -l16
[1.298s] DEBUG:colcon.colcon_core.event_handler.log_command:Invoked command in '/home/tanakon/fra501_ws/src/build/turtlesim_plus_interfaces' returned '0': CMAKE_PREFIX_PATH=${CMAKE_PREFIX_PATH}:/opt/ros/humble /usr/bin/cmake /home/tanakon/fra501_ws/src/turtlesim_plus/turtlesim_plus_interfaces -DCMAKE_INSTALL_PREFIX=/home/tanakon/fra501_ws/src/install/turtlesim_plus_interfaces
[1.299s] DEBUG:colcon.colcon_core.event_handler.log_command:Invoking command in '/home/tanakon/fra501_ws/src/build/turtlesim_plus_interfaces': CMAKE_PREFIX_PATH=${CMAKE_PREFIX_PATH}:/opt/ros/humble /usr/bin/cmake --build /home/tanakon/fra501_ws/src/build/turtlesim_plus_interfaces -- -j16 -l16
[1.362s] DEBUG:colcon.colcon_core.event_handler.log_command:Invoked command in '/home/tanakon/fra501_ws/src/build/turtlesim_plus' returned '0': CMAKE_PREFIX_PATH=${CMAKE_PREFIX_PATH}:/opt/ros/humble /usr/bin/cmake --build /home/tanakon/fra501_ws/src/build/turtlesim_plus -- -j16 -l16
[1.382s] DEBUG:colcon.colcon_core.event_handler.log_command:Invoking command in '/home/tanakon/fra501_ws/src/build/turtlesim_plus': CMAKE_PREFIX_PATH=${CMAKE_PREFIX_PATH}:/opt/ros/humble /usr/bin/cmake --install /home/tanakon/fra501_ws/src/build/turtlesim_plus
[1.400s] DEBUG:colcon.colcon_core.event_handler.log_command:Invoked command in '/home/tanakon/fra501_ws/src/build/my_controller' returned '0': CMAKE_PREFIX_PATH=${CMAKE_PREFIX_PATH}:/opt/ros/humble /usr/bin/cmake --build /home/tanakon/fra501_ws/src/build/my_controller -- -j16 -l16
[1.416s] DEBUG:colcon.colcon_core.event_handler.log_command:Invoking command in '/home/tanakon/fra501_ws/src/build/my_controller': CMAKE_PREFIX_PATH=${CMAKE_PREFIX_PATH}:/opt/ros/humble /usr/bin/cmake --install /home/tanakon/fra501_ws/src/build/my_controller
[1.418s] Level 1:colcon.colcon_core.environment:create_environment_scripts_only(turtlesim_plus)
[1.419s] DEBUG:colcon.colcon_core.event_handler.log_command:Invoked command in '/home/tanakon/fra501_ws/src/build/turtlesim_plus' returned '0': CMAKE_PREFIX_PATH=${CMAKE_PREFIX_PATH}:/opt/ros/humble /usr/bin/cmake --install /home/tanakon/fra501_ws/src/build/turtlesim_plus
[1.423s] Level 1:colcon.colcon_core.environment:checking '/home/tanakon/fra501_ws/src/install/turtlesim_plus' for CMake module files
[1.423s] Level 1:colcon.colcon_core.environment:checking '/home/tanakon/fra501_ws/src/install/turtlesim_plus' for CMake config files
[1.423s] Level 1:colcon.colcon_core.shell:create_environment_hook('turtlesim_plus', 'cmake_prefix_path')
[1.424s] INFO:colcon.colcon_core.shell:Creating environment hook '/home/tanakon/fra501_ws/src/install/turtlesim_plus/share/turtlesim_plus/hook/cmake_prefix_path.ps1'
[1.424s] INFO:colcon.colcon_core.shell:Creating environment descriptor '/home/tanakon/fra501_ws/src/install/turtlesim_plus/share/turtlesim_plus/hook/cmake_prefix_path.dsv'
[1.425s] INFO:colcon.colcon_core.shell:Creating environment hook '/home/tanakon/fra501_ws/src/install/turtlesim_plus/share/turtlesim_plus/hook/cmake_prefix_path.sh'
[1.425s] Level 1:colcon.colcon_core.environment:checking '/home/tanakon/fra501_ws/src/install/turtlesim_plus/lib'
[1.425s] Level 1:colcon.colcon_core.environment:checking '/home/tanakon/fra501_ws/src/install/turtlesim_plus/bin'
[1.425s] Level 1:colcon.colcon_core.environment:checking '/home/tanakon/fra501_ws/src/install/turtlesim_plus/lib/pkgconfig/turtlesim_plus.pc'
[1.425s] Level 1:colcon.colcon_core.environment:checking '/home/tanakon/fra501_ws/src/install/turtlesim_plus/lib/python3.10/site-packages'
[1.426s] Level 1:colcon.colcon_core.environment:checking '/home/tanakon/fra501_ws/src/install/turtlesim_plus/bin'
[1.426s] INFO:colcon.colcon_core.shell:Creating package script '/home/tanakon/fra501_ws/src/install/turtlesim_plus/share/turtlesim_plus/package.ps1'
[1.427s] INFO:colcon.colcon_core.shell:Creating package descriptor '/home/tanakon/fra501_ws/src/install/turtlesim_plus/share/turtlesim_plus/package.dsv'
[1.427s] INFO:colcon.colcon_core.shell:Creating package script '/home/tanakon/fra501_ws/src/install/turtlesim_plus/share/turtlesim_plus/package.sh'
[1.428s] INFO:colcon.colcon_core.shell:Creating package script '/home/tanakon/fra501_ws/src/install/turtlesim_plus/share/turtlesim_plus/package.bash'
[1.428s] INFO:colcon.colcon_core.shell:Creating package script '/home/tanakon/fra501_ws/src/install/turtlesim_plus/share/turtlesim_plus/package.zsh'
[1.428s] Level 1:colcon.colcon_core.environment:create_file_with_runtime_dependencies(/home/tanakon/fra501_ws/src/install/turtlesim_plus/share/colcon-core/packages/turtlesim_plus)
[1.442s] Level 1:colcon.colcon_core.environment:create_environment_scripts_only(turtlesim_plus)
[1.443s] Level 1:colcon.colcon_core.environment:checking '/home/tanakon/fra501_ws/src/install/turtlesim_plus' for CMake module files
[1.444s] Level 1:colcon.colcon_core.environment:checking '/home/tanakon/fra501_ws/src/install/turtlesim_plus' for CMake config files
[1.444s] Level 1:colcon.colcon_core.shell:create_environment_hook('turtlesim_plus', 'cmake_prefix_path')
[1.445s] INFO:colcon.colcon_core.shell:Creating environment hook '/home/tanakon/fra501_ws/src/install/turtlesim_plus/share/turtlesim_plus/hook/cmake_prefix_path.ps1'
[1.446s] INFO:colcon.colcon_core.shell:Creating environment descriptor '/home/tanakon/fra501_ws/src/install/turtlesim_plus/share/turtlesim_plus/hook/cmake_prefix_path.dsv'
[1.447s] INFO:colcon.colcon_core.shell:Creating environment hook '/home/tanakon/fra501_ws/src/install/turtlesim_plus/share/turtlesim_plus/hook/cmake_prefix_path.sh'
[1.447s] Level 1:colcon.colcon_core.environment:checking '/home/tanakon/fra501_ws/src/install/turtlesim_plus/lib'
[1.447s] Level 1:colcon.colcon_core.environment:checking '/home/tanakon/fra501_ws/src/install/turtlesim_plus/bin'
[1.447s] Level 1:colcon.colcon_core.environment:checking '/home/tanakon/fra501_ws/src/install/turtlesim_plus/lib/pkgconfig/turtlesim_plus.pc'
[1.447s] Level 1:colcon.colcon_core.environment:checking '/home/tanakon/fra501_ws/src/install/turtlesim_plus/lib/python3.10/site-packages'
[1.447s] Level 1:colcon.colcon_core.environment:checking '/home/tanakon/fra501_ws/src/install/turtlesim_plus/bin'
[1.448s] INFO:colcon.colcon_core.shell:Creating package script '/home/tanakon/fra501_ws/src/install/turtlesim_plus/share/turtlesim_plus/package.ps1'
[1.449s] INFO:colcon.colcon_core.shell:Creating package descriptor '/home/tanakon/fra501_ws/src/install/turtlesim_plus/share/turtlesim_plus/package.dsv'
[1.449s] INFO:colcon.colcon_core.shell:Creating package script '/home/tanakon/fra501_ws/src/install/turtlesim_plus/share/turtlesim_plus/package.sh'
[1.449s] INFO:colcon.colcon_core.shell:Creating package script '/home/tanakon/fra501_ws/src/install/turtlesim_plus/share/turtlesim_plus/package.bash'
[1.449s] INFO:colcon.colcon_core.shell:Creating package script '/home/tanakon/fra501_ws/src/install/turtlesim_plus/share/turtlesim_plus/package.zsh'
[1.450s] Level 1:colcon.colcon_core.environment:create_file_with_runtime_dependencies(/home/tanakon/fra501_ws/src/install/turtlesim_plus/share/colcon-core/packages/turtlesim_plus)
[1.450s] Level 1:colcon.colcon_core.environment:create_environment_scripts_only(my_controller)
[1.451s] Level 1:colcon.colcon_core.environment:checking '/home/tanakon/fra501_ws/src/install/my_controller' for CMake module files
[1.452s] DEBUG:colcon.colcon_core.event_handler.log_command:Invoked command in '/home/tanakon/fra501_ws/src/build/my_controller' returned '0': CMAKE_PREFIX_PATH=${CMAKE_PREFIX_PATH}:/opt/ros/humble /usr/bin/cmake --install /home/tanakon/fra501_ws/src/build/my_controller
[1.452s] Level 1:colcon.colcon_core.environment:checking '/home/tanakon/fra501_ws/src/install/my_controller' for CMake config files
[1.452s] Level 1:colcon.colcon_core.shell:create_environment_hook('my_controller', 'cmake_prefix_path')
[1.453s] INFO:colcon.colcon_core.shell:Creating environment hook '/home/tanakon/fra501_ws/src/install/my_controller/share/my_controller/hook/cmake_prefix_path.ps1'
[1.453s] INFO:colcon.colcon_core.shell:Creating environment descriptor '/home/tanakon/fra501_ws/src/install/my_controller/share/my_controller/hook/cmake_prefix_path.dsv'
[1.453s] INFO:colcon.colcon_core.shell:Creating environment hook '/home/tanakon/fra501_ws/src/install/my_controller/share/my_controller/hook/cmake_prefix_path.sh'
[1.454s] Level 1:colcon.colcon_core.environment:checking '/home/tanakon/fra501_ws/src/install/my_controller/lib'
[1.454s] Level 1:colcon.colcon_core.environment:checking '/home/tanakon/fra501_ws/src/install/my_controller/bin'
[1.454s] Level 1:colcon.colcon_core.environment:checking '/home/tanakon/fra501_ws/src/install/my_controller/lib/pkgconfig/my_controller.pc'
[1.454s] Level 1:colcon.colcon_core.environment:checking '/home/tanakon/fra501_ws/src/install/my_controller/lib/python3.10/site-packages'
[1.454s] Level 1:colcon.colcon_core.environment:checking '/home/tanakon/fra501_ws/src/install/my_controller/bin'
[1.455s] INFO:colcon.colcon_core.shell:Creating package script '/home/tanakon/fra501_ws/src/install/my_controller/share/my_controller/package.ps1'
[1.455s] INFO:colcon.colcon_core.shell:Creating package descriptor '/home/tanakon/fra501_ws/src/install/my_controller/share/my_controller/package.dsv'
[1.455s] INFO:colcon.colcon_core.shell:Creating package script '/home/tanakon/fra501_ws/src/install/my_controller/share/my_controller/package.sh'
[1.455s] INFO:colcon.colcon_core.shell:Creating package script '/home/tanakon/fra501_ws/src/install/my_controller/share/my_controller/package.bash'
[1.455s] INFO:colcon.colcon_core.shell:Creating package script '/home/tanakon/fra501_ws/src/install/my_controller/share/my_controller/package.zsh'
[1.456s] Level 1:colcon.colcon_core.environment:create_file_with_runtime_dependencies(/home/tanakon/fra501_ws/src/install/my_controller/share/colcon-core/packages/my_controller)
[1.471s] Level 1:colcon.colcon_core.environment:create_environment_scripts_only(my_controller)
[1.472s] Level 1:colcon.colcon_core.environment:checking '/home/tanakon/fra501_ws/src/install/my_controller' for CMake module files
[1.472s] Level 1:colcon.colcon_core.environment:checking '/home/tanakon/fra501_ws/src/install/my_controller' for CMake config files
[1.472s] Level 1:colcon.colcon_core.shell:create_environment_hook('my_controller', 'cmake_prefix_path')
[1.473s] INFO:colcon.colcon_core.shell:Creating environment hook '/home/tanakon/fra501_ws/src/install/my_controller/share/my_controller/hook/cmake_prefix_path.ps1'
[1.473s] INFO:colcon.colcon_core.shell:Creating environment descriptor '/home/tanakon/fra501_ws/src/install/my_controller/share/my_controller/hook/cmake_prefix_path.dsv'
[1.474s] INFO:colcon.colcon_core.shell:Creating environment hook '/home/tanakon/fra501_ws/src/install/my_controller/share/my_controller/hook/cmake_prefix_path.sh'
[1.474s] Level 1:colcon.colcon_core.environment:checking '/home/tanakon/fra501_ws/src/install/my_controller/lib'
[1.474s] Level 1:colcon.colcon_core.environment:checking '/home/tanakon/fra501_ws/src/install/my_controller/bin'
[1.474s] Level 1:colcon.colcon_core.environment:checking '/home/tanakon/fra501_ws/src/install/my_controller/lib/pkgconfig/my_controller.pc'
[1.474s] Level 1:colcon.colcon_core.environment:checking '/home/tanakon/fra501_ws/src/install/my_controller/lib/python3.10/site-packages'
[1.474s] Level 1:colcon.colcon_core.environment:checking '/home/tanakon/fra501_ws/src/install/my_controller/bin'
[1.475s] INFO:colcon.colcon_core.shell:Creating package script '/home/tanakon/fra501_ws/src/install/my_controller/share/my_controller/package.ps1'
[1.476s] INFO:colcon.colcon_core.shell:Creating package descriptor '/home/tanakon/fra501_ws/src/install/my_controller/share/my_controller/package.dsv'
[1.476s] INFO:colcon.colcon_core.shell:Creating package script '/home/tanakon/fra501_ws/src/install/my_controller/share/my_controller/package.sh'
[1.476s] INFO:colcon.colcon_core.shell:Creating package script '/home/tanakon/fra501_ws/src/install/my_controller/share/my_controller/package.bash'
[1.476s] INFO:colcon.colcon_core.shell:Creating package script '/home/tanakon/fra501_ws/src/install/my_controller/share/my_controller/package.zsh'
[1.477s] Level 1:colcon.colcon_core.environment:create_file_with_runtime_dependencies(/home/tanakon/fra501_ws/src/install/my_controller/share/colcon-core/packages/my_controller)
[3.568s] DEBUG:colcon.colcon_core.event_handler.log_command:Invoked command in '/home/tanakon/fra501_ws/src/build/turtlesim_plus_interfaces' returned '0': CMAKE_PREFIX_PATH=${CMAKE_PREFIX_PATH}:/opt/ros/humble /usr/bin/cmake --build /home/tanakon/fra501_ws/src/build/turtlesim_plus_interfaces -- -j16 -l16
[3.625s] DEBUG:colcon.colcon_core.event_handler.log_command:Invoking command in '/home/tanakon/fra501_ws/src/build/turtlesim_plus_interfaces': CMAKE_PREFIX_PATH=${CMAKE_PREFIX_PATH}:/opt/ros/humble /usr/bin/cmake --install /home/tanakon/fra501_ws/src/build/turtlesim_plus_interfaces
[3.673s] Level 1:colcon.colcon_core.environment:create_environment_scripts_only(turtlesim_plus_interfaces)
[3.673s] DEBUG:colcon.colcon_core.event_handler.log_command:Invoked command in '/home/tanakon/fra501_ws/src/build/turtlesim_plus_interfaces' returned '0': CMAKE_PREFIX_PATH=${CMAKE_PREFIX_PATH}:/opt/ros/humble /usr/bin/cmake --install /home/tanakon/fra501_ws/src/build/turtlesim_plus_interfaces
[3.674s] Level 1:colcon.colcon_core.environment:checking '/home/tanakon/fra501_ws/src/install/turtlesim_plus_interfaces' for CMake module files
[3.675s] Level 1:colcon.colcon_core.environment:checking '/home/tanakon/fra501_ws/src/install/turtlesim_plus_interfaces' for CMake config files
[3.675s] Level 1:colcon.colcon_core.shell:create_environment_hook('turtlesim_plus_interfaces', 'cmake_prefix_path')
[3.676s] INFO:colcon.colcon_core.shell:Creating environment hook '/home/tanakon/fra501_ws/src/install/turtlesim_plus_interfaces/share/turtlesim_plus_interfaces/hook/cmake_prefix_path.ps1'
[3.676s] INFO:colcon.colcon_core.shell:Creating environment descriptor '/home/tanakon/fra501_ws/src/install/turtlesim_plus_interfaces/share/turtlesim_plus_interfaces/hook/cmake_prefix_path.dsv'
[3.676s] INFO:colcon.colcon_core.shell:Creating environment hook '/home/tanakon/fra501_ws/src/install/turtlesim_plus_interfaces/share/turtlesim_plus_interfaces/hook/cmake_prefix_path.sh'
[3.676s] Level 1:colcon.colcon_core.environment:checking '/home/tanakon/fra501_ws/src/install/turtlesim_plus_interfaces/lib'
[3.676s] Level 1:colcon.colcon_core.shell:create_environment_hook('turtlesim_plus_interfaces', 'ld_library_path_lib')
[3.677s] INFO:colcon.colcon_core.shell:Creating environment hook '/home/tanakon/fra501_ws/src/install/turtlesim_plus_interfaces/share/turtlesim_plus_interfaces/hook/ld_library_path_lib.ps1'
[3.677s] INFO:colcon.colcon_core.shell:Creating environment descriptor '/home/tanakon/fra501_ws/src/install/turtlesim_plus_interfaces/share/turtlesim_plus_interfaces/hook/ld_library_path_lib.dsv'
[3.677s] INFO:colcon.colcon_core.shell:Creating environment hook '/home/tanakon/fra501_ws/src/install/turtlesim_plus_interfaces/share/turtlesim_plus_interfaces/hook/ld_library_path_lib.sh'
[3.678s] Level 1:colcon.colcon_core.environment:checking '/home/tanakon/fra501_ws/src/install/turtlesim_plus_interfaces/bin'
[3.678s] Level 1:colcon.colcon_core.environment:checking '/home/tanakon/fra501_ws/src/install/turtlesim_plus_interfaces/lib/pkgconfig/turtlesim_plus_interfaces.pc'
[3.678s] Level 1:colcon.colcon_core.environment:checking '/home/tanakon/fra501_ws/src/install/turtlesim_plus_interfaces/lib/python3.10/site-packages'
[3.678s] Level 1:colcon.colcon_core.environment:checking '/home/tanakon/fra501_ws/src/install/turtlesim_plus_interfaces/bin'
[3.679s] INFO:colcon.colcon_core.shell:Creating package script '/home/tanakon/fra501_ws/src/install/turtlesim_plus_interfaces/share/turtlesim_plus_interfaces/package.ps1'
[3.679s] INFO:colcon.colcon_core.shell:Creating package descriptor '/home/tanakon/fra501_ws/src/install/turtlesim_plus_interfaces/share/turtlesim_plus_interfaces/package.dsv'
[3.679s] INFO:colcon.colcon_core.shell:Creating package script '/home/tanakon/fra501_ws/src/install/turtlesim_plus_interfaces/share/turtlesim_plus_interfaces/package.sh'
[3.679s] INFO:colcon.colcon_core.shell:Creating package script '/home/tanakon/fra501_ws/src/install/turtlesim_plus_interfaces/share/turtlesim_plus_interfaces/package.bash'
[3.680s] INFO:colcon.colcon_core.shell:Creating package script '/home/tanakon/fra501_ws/src/install/turtlesim_plus_interfaces/share/turtlesim_plus_interfaces/package.zsh'
[3.680s] Level 1:colcon.colcon_core.environment:create_file_with_runtime_dependencies(/home/tanakon/fra501_ws/src/install/turtlesim_plus_interfaces/share/colcon-core/packages/turtlesim_plus_interfaces)
[3.735s] Level 1:colcon.colcon_core.environment:create_environment_scripts_only(turtlesim_plus_interfaces)
[3.736s] Level 1:colcon.colcon_core.environment:checking '/home/tanakon/fra501_ws/src/install/turtlesim_plus_interfaces' for CMake module files
[3.737s] Level 1:colcon.colcon_core.environment:checking '/home/tanakon/fra501_ws/src/install/turtlesim_plus_interfaces' for CMake config files
[3.737s] Level 1:colcon.colcon_core.shell:create_environment_hook('turtlesim_plus_interfaces', 'cmake_prefix_path')
[3.738s] INFO:colcon.colcon_core.shell:Creating environment hook '/home/tanakon/fra501_ws/src/install/turtlesim_plus_interfaces/share/turtlesim_plus_interfaces/hook/cmake_prefix_path.ps1'
[3.738s] INFO:colcon.colcon_core.shell:Creating environment descriptor '/home/tanakon/fra501_ws/src/install/turtlesim_plus_interfaces/share/turtlesim_plus_interfaces/hook/cmake_prefix_path.dsv'
[3.738s] INFO:colcon.colcon_core.shell:Creating environment hook '/home/tanakon/fra501_ws/src/install/turtlesim_plus_interfaces/share/turtlesim_plus_interfaces/hook/cmake_prefix_path.sh'
[3.738s] Level 1:colcon.colcon_core.environment:checking '/home/tanakon/fra501_ws/src/install/turtlesim_plus_interfaces/lib'
[3.739s] Level 1:colcon.colcon_core.shell:create_environment_hook('turtlesim_plus_interfaces', 'ld_library_path_lib')
[3.739s] INFO:colcon.colcon_core.shell:Creating environment hook '/home/tanakon/fra501_ws/src/install/turtlesim_plus_interfaces/share/turtlesim_plus_interfaces/hook/ld_library_path_lib.ps1'
[3.740s] INFO:colcon.colcon_core.shell:Creating environment descriptor '/home/tanakon/fra501_ws/src/install/turtlesim_plus_interfaces/share/turtlesim_plus_interfaces/hook/ld_library_path_lib.dsv'
[3.740s] INFO:colcon.colcon_core.shell:Creating environment hook '/home/tanakon/fra501_ws/src/install/turtlesim_plus_interfaces/share/turtlesim_plus_interfaces/hook/ld_library_path_lib.sh'
[3.740s] Level 1:colcon.colcon_core.environment:checking '/home/tanakon/fra501_ws/src/install/turtlesim_plus_interfaces/bin'
[3.740s] Level 1:colcon.colcon_core.environment:checking '/home/tanakon/fra501_ws/src/install/turtlesim_plus_interfaces/lib/pkgconfig/turtlesim_plus_interfaces.pc'
[3.740s] Level 1:colcon.colcon_core.environment:checking '/home/tanakon/fra501_ws/src/install/turtlesim_plus_interfaces/lib/python3.10/site-packages'
[3.740s] Level 1:colcon.colcon_core.environment:checking '/home/tanakon/fra501_ws/src/install/turtlesim_plus_interfaces/bin'
[3.741s] INFO:colcon.colcon_core.shell:Creating package script '/home/tanakon/fra501_ws/src/install/turtlesim_plus_interfaces/share/turtlesim_plus_interfaces/package.ps1'
[3.741s] INFO:colcon.colcon_core.shell:Creating package descriptor '/home/tanakon/fra501_ws/src/install/turtlesim_plus_interfaces/share/turtlesim_plus_interfaces/package.dsv'
[3.742s] INFO:colcon.colcon_core.shell:Creating package script '/home/tanakon/fra501_ws/src/install/turtlesim_plus_interfaces/share/turtlesim_plus_interfaces/package.sh'
[3.742s] INFO:colcon.colcon_core.shell:Creating package script '/home/tanakon/fra501_ws/src/install/turtlesim_plus_interfaces/share/turtlesim_plus_interfaces/package.bash'
[3.742s] INFO:colcon.colcon_core.shell:Creating package script '/home/tanakon/fra501_ws/src/install/turtlesim_plus_interfaces/share/turtlesim_plus_interfaces/package.zsh'
[3.742s] Level 1:colcon.colcon_core.environment:create_file_with_runtime_dependencies(/home/tanakon/fra501_ws/src/install/turtlesim_plus_interfaces/share/colcon-core/packages/turtlesim_plus_interfaces)
[3.742s] DEBUG:colcon.colcon_parallel_executor.executor.parallel:closing loop
[3.743s] DEBUG:colcon.colcon_parallel_executor.executor.parallel:loop closed
[3.743s] DEBUG:colcon.colcon_parallel_executor.executor.parallel:run_until_complete finished with '0'
[3.743s] DEBUG:colcon.colcon_core.event_reactor:joining thread
[3.746s] INFO:colcon.colcon_core.plugin_system:Skipping extension 'colcon_notification.desktop_notification.terminal_notifier': Not used on non-Darwin systems
[3.746s] INFO:colcon.colcon_core.plugin_system:Skipping extension 'colcon_notification.desktop_notification.win32': Not used on non-Windows systems
[3.746s] INFO:colcon.colcon_notification.desktop_notification:Sending desktop notification using 'notify2'
[3.757s] DEBUG:colcon.colcon_core.event_reactor:joined thread
[3.758s] INFO:colcon.colcon_core.shell:Creating prefix script '/home/tanakon/fra501_ws/src/install/local_setup.ps1'
[3.759s] INFO:colcon.colcon_core.shell:Creating prefix util module '/home/tanakon/fra501_ws/src/install/_local_setup_util_ps1.py'
[3.759s] INFO:colcon.colcon_core.shell:Creating prefix chain script '/home/tanakon/fra501_ws/src/install/setup.ps1'
[3.760s] INFO:colcon.colcon_core.shell:Creating prefix script '/home/tanakon/fra501_ws/src/install/local_setup.sh'
[3.760s] INFO:colcon.colcon_core.shell:Creating prefix util module '/home/tanakon/fra501_ws/src/install/_local_setup_util_sh.py'
[3.761s] INFO:colcon.colcon_core.shell:Creating prefix chain script '/home/tanakon/fra501_ws/src/install/setup.sh'
[3.762s] INFO:colcon.colcon_core.shell:Creating prefix script '/home/tanakon/fra501_ws/src/install/local_setup.bash'
[3.762s] INFO:colcon.colcon_core.shell:Creating prefix chain script '/home/tanakon/fra501_ws/src/install/setup.bash'
[3.763s] INFO:colcon.colcon_core.shell:Creating prefix script '/home/tanakon/fra501_ws/src/install/local_setup.zsh'
[3.763s] INFO:colcon.colcon_core.shell:Creating prefix chain script '/home/tanakon/fra501_ws/src/install/setup.zsh'
