[0.030s] Invoking command in '/home/tanakon/fra501_ws/build/my_controller': CMAKE_PREFIX_PATH=${CMAKE_PREFIX_PATH}:/opt/ros/humble /usr/bin/cmake --build /home/tanakon/fra501_ws/build/my_controller -- -j16 -l16
[0.061s] [100%] Built target cpp_node_test
[0.065s] [100%] Built target ament_cmake_python_copy_my_controller
[0.255s] running egg_info
[0.256s] writing my_controller.egg-info/PKG-INFO
[0.256s] writing dependency_links to my_controller.egg-info/dependency_links.txt
[0.256s] writing top-level names to my_controller.egg-info/top_level.txt
[0.257s] reading manifest file 'my_controller.egg-info/SOURCES.txt'
[0.257s] writing manifest file 'my_controller.egg-info/SOURCES.txt'
[0.283s] [100%] Built target ament_cmake_python_build_my_controller_egg
[0.292s] Invoked command in '/home/tanakon/fra501_ws/build/my_controller' returned '0': CMAKE_PREFIX_PATH=${CMAKE_PREFIX_PATH}:/opt/ros/humble /usr/bin/cmake --build /home/tanakon/fra501_ws/build/my_controller -- -j16 -l16
[0.315s] Invoking command in '/home/tanakon/fra501_ws/build/my_controller': CMAKE_PREFIX_PATH=${CMAKE_PREFIX_PATH}:/opt/ros/humble /usr/bin/cmake --install /home/tanakon/fra501_ws/build/my_controller
[0.319s] -- Install configuration: ""
[0.319s] -- Up-to-date: /home/tanakon/fra501_ws/install/my_controller/share/my_controller/environment/pythonpath.sh
[0.319s] -- Up-to-date: /home/tanakon/fra501_ws/install/my_controller/share/my_controller/environment/pythonpath.dsv
[0.319s] -- Up-to-date: /home/tanakon/fra501_ws/install/my_controller/local/lib/python3.10/dist-packages/my_controller-0.0.0-py3.10.egg-info
[0.319s] -- Installing: /home/tanakon/fra501_ws/install/my_controller/local/lib/python3.10/dist-packages/my_controller-0.0.0-py3.10.egg-info/dependency_links.txt
[0.319s] -- Installing: /home/tanakon/fra501_ws/install/my_controller/local/lib/python3.10/dist-packages/my_controller-0.0.0-py3.10.egg-info/top_level.txt
[0.319s] -- Installing: /home/tanakon/fra501_ws/install/my_controller/local/lib/python3.10/dist-packages/my_controller-0.0.0-py3.10.egg-info/SOURCES.txt
[0.319s] -- Installing: /home/tanakon/fra501_ws/install/my_controller/local/lib/python3.10/dist-packages/my_controller-0.0.0-py3.10.egg-info/PKG-INFO
[0.319s] -- Up-to-date: /home/tanakon/fra501_ws/install/my_controller/local/lib/python3.10/dist-packages/my_controller
[0.319s] -- Up-to-date: /home/tanakon/fra501_ws/install/my_controller/local/lib/python3.10/dist-packages/my_controller/dummy_module.py
[0.320s] -- Up-to-date: /home/tanakon/fra501_ws/install/my_controller/local/lib/python3.10/dist-packages/my_controller/__init__.py
[0.342s] Listing '/home/tanakon/fra501_ws/install/my_controller/local/lib/python3.10/dist-packages/my_controller'...
[0.345s] -- Up-to-date: /home/tanakon/fra501_ws/install/my_controller/lib/my_controller/dummy_script.py
[0.345s] -- Up-to-date: /home/tanakon/fra501_ws/install/my_controller/lib/my_controller/my_controller.py
[0.345s] -- Up-to-date: /home/tanakon/fra501_ws/install/my_controller/lib/my_controller/cpp_node_test
[0.345s] -- Up-to-date: /home/tanakon/fra501_ws/install/my_controller/share/my_controller
[0.345s] -- Up-to-date: /home/tanakon/fra501_ws/install/my_controller/share/ament_index/resource_index/package_run_dependencies/my_controller
[0.346s] -- Up-to-date: /home/tanakon/fra501_ws/install/my_controller/share/ament_index/resource_index/parent_prefix_path/my_controller
[0.346s] -- Up-to-date: /home/tanakon/fra501_ws/install/my_controller/share/my_controller/environment/ament_prefix_path.sh
[0.346s] -- Up-to-date: /home/tanakon/fra501_ws/install/my_controller/share/my_controller/environment/ament_prefix_path.dsv
[0.346s] -- Up-to-date: /home/tanakon/fra501_ws/install/my_controller/share/my_controller/environment/path.sh
[0.346s] -- Up-to-date: /home/tanakon/fra501_ws/install/my_controller/share/my_controller/environment/path.dsv
[0.346s] -- Up-to-date: /home/tanakon/fra501_ws/install/my_controller/share/my_controller/local_setup.bash
[0.346s] -- Up-to-date: /home/tanakon/fra501_ws/install/my_controller/share/my_controller/local_setup.sh
[0.346s] -- Up-to-date: /home/tanakon/fra501_ws/install/my_controller/share/my_controller/local_setup.zsh
[0.346s] -- Up-to-date: /home/tanakon/fra501_ws/install/my_controller/share/my_controller/local_setup.dsv
[0.347s] -- Installing: /home/tanakon/fra501_ws/install/my_controller/share/my_controller/package.dsv
[0.347s] -- Up-to-date: /home/tanakon/fra501_ws/install/my_controller/share/ament_index/resource_index/packages/my_controller
[0.347s] -- Up-to-date: /home/tanakon/fra501_ws/install/my_controller/share/my_controller/cmake/my_controllerConfig.cmake
[0.347s] -- Up-to-date: /home/tanakon/fra501_ws/install/my_controller/share/my_controller/cmake/my_controllerConfig-version.cmake
[0.347s] -- Up-to-date: /home/tanakon/fra501_ws/install/my_controller/share/my_controller/package.xml
[0.373s] Invoked command in '/home/tanakon/fra501_ws/build/my_controller' returned '0': CMAKE_PREFIX_PATH=${CMAKE_PREFIX_PATH}:/opt/ros/humble /usr/bin/cmake --install /home/tanakon/fra501_ws/build/my_controller
