[0.312s] DEBUG:colcon:Command line arguments: ['/usr/bin/colcon', 'list', '-p', '--base-paths', '/home/tanakon/fra501_ws']
[0.313s] DEBUG:colcon:Parsed command line arguments: Namespace(log_base=None, log_level=None, verb_name='list', build_base='build', ignore_user_meta=False, metas=['./colcon.meta'], base_paths=['/home/tanakon/fra501_ws'], packages_ignore=None, packages_ignore_regex=None, paths=None, packages_up_to=None, packages_up_to_regex=None, packages_above=None, packages_above_and_dependencies=None, packages_above_depth=None, packages_select_by_dep=None, packages_skip_by_dep=None, packages_skip_up_to=None, packages_select_build_failed=False, packages_skip_build_finished=False, packages_select_test_failures=False, packages_skip_test_passed=False, packages_select=None, packages_skip=None, packages_select_regex=None, packages_skip_regex=None, packages_start=None, packages_end=None, allow_overriding=[], topological_order=False, names_only=False, paths_only=True, topological_graph=False, topological_graph_dot=False, topological_graph_density=False, topological_graph_legend=False, topological_graph_dot_cluster=False, topological_graph_dot_include_skipped=False, verb_parser=<colcon_defaults.argument_parser.defaults.DefaultArgumentsDecorator object at 0x7f4b0248fac0>, verb_extension=<colcon_package_information.verb.list.ListVerb object at 0x7f4b024522f0>, main=<bound method ListVerb.main of <colcon_package_information.verb.list.ListVerb object at 0x7f4b024522f0>>)
[0.341s] Level 1:colcon.colcon_core.package_discovery:discover_packages(colcon_meta) check parameters
[0.342s] Level 1:colcon.colcon_core.package_discovery:discover_packages(recursive) check parameters
[0.342s] Level 1:colcon.colcon_core.package_discovery:discover_packages(ignore) check parameters
[0.342s] Level 1:colcon.colcon_core.package_discovery:discover_packages(path) check parameters
[0.342s] Level 1:colcon.colcon_core.package_discovery:discover_packages(recursive) discover
[0.342s] INFO:colcon.colcon_core.package_discovery:Crawling recursively for packages in '/home/tanakon/fra501_ws'
[0.342s] Level 1:colcon.colcon_core.package_identification:_identify(/home/tanakon/fra501_ws) by extensions ['ignore', 'ignore_ament_install']
[0.342s] Level 1:colcon.colcon_core.package_identification:_identify(/home/tanakon/fra501_ws) by extension 'ignore'
[0.342s] Level 1:colcon.colcon_core.package_identification:_identify(/home/tanakon/fra501_ws) by extension 'ignore_ament_install'
[0.342s] Level 1:colcon.colcon_core.package_identification:_identify(/home/tanakon/fra501_ws) by extensions ['colcon_pkg']
[0.342s] Level 1:colcon.colcon_core.package_identification:_identify(/home/tanakon/fra501_ws) by extension 'colcon_pkg'
[0.342s] Level 1:colcon.colcon_core.package_identification:_identify(/home/tanakon/fra501_ws) by extensions ['colcon_meta']
[0.342s] Level 1:colcon.colcon_core.package_identification:_identify(/home/tanakon/fra501_ws) by extension 'colcon_meta'
[0.342s] Level 1:colcon.colcon_core.package_identification:_identify(/home/tanakon/fra501_ws) by extensions ['ros']
[0.342s] Level 1:colcon.colcon_core.package_identification:_identify(/home/tanakon/fra501_ws) by extension 'ros'
[0.377s] Level 1:colcon.colcon_core.package_identification:_identify(/home/tanakon/fra501_ws) by extensions ['cmake', 'python']
[0.377s] Level 1:colcon.colcon_core.package_identification:_identify(/home/tanakon/fra501_ws) by extension 'cmake'
[0.377s] Level 1:colcon.colcon_core.package_identification:_identify(/home/tanakon/fra501_ws) by extension 'python'
[0.377s] Level 1:colcon.colcon_core.package_identification:_identify(/home/tanakon/fra501_ws) by extensions ['python_setup_py']
[0.377s] Level 1:colcon.colcon_core.package_identification:_identify(/home/tanakon/fra501_ws) by extension 'python_setup_py'
[0.377s] Level 1:colcon.colcon_core.package_identification:_identify(/home/tanakon/fra501_ws/build) by extensions ['ignore', 'ignore_ament_install']
[0.378s] Level 1:colcon.colcon_core.package_identification:_identify(/home/tanakon/fra501_ws/build) by extension 'ignore'
[0.378s] Level 1:colcon.colcon_core.package_identification:_identify(/home/tanakon/fra501_ws/build) ignored
[0.378s] Level 1:colcon.colcon_core.package_identification:_identify(/home/tanakon/fra501_ws/install) by extensions ['ignore', 'ignore_ament_install']
[0.378s] Level 1:colcon.colcon_core.package_identification:_identify(/home/tanakon/fra501_ws/install) by extension 'ignore'
[0.378s] Level 1:colcon.colcon_core.package_identification:_identify(/home/tanakon/fra501_ws/install) ignored
[0.378s] Level 1:colcon.colcon_core.package_identification:_identify(/home/tanakon/fra501_ws/log) by extensions ['ignore', 'ignore_ament_install']
[0.378s] Level 1:colcon.colcon_core.package_identification:_identify(/home/tanakon/fra501_ws/log) by extension 'ignore'
[0.378s] Level 1:colcon.colcon_core.package_identification:_identify(/home/tanakon/fra501_ws/log) ignored
[0.378s] Level 1:colcon.colcon_core.package_identification:_identify(/home/tanakon/fra501_ws/src) by extensions ['ignore', 'ignore_ament_install']
[0.378s] Level 1:colcon.colcon_core.package_identification:_identify(/home/tanakon/fra501_ws/src) by extension 'ignore'
[0.378s] Level 1:colcon.colcon_core.package_identification:_identify(/home/tanakon/fra501_ws/src) by extension 'ignore_ament_install'
[0.378s] Level 1:colcon.colcon_core.package_identification:_identify(/home/tanakon/fra501_ws/src) by extensions ['colcon_pkg']
[0.378s] Level 1:colcon.colcon_core.package_identification:_identify(/home/tanakon/fra501_ws/src) by extension 'colcon_pkg'
[0.378s] Level 1:colcon.colcon_core.package_identification:_identify(/home/tanakon/fra501_ws/src) by extensions ['colcon_meta']
[0.378s] Level 1:colcon.colcon_core.package_identification:_identify(/home/tanakon/fra501_ws/src) by extension 'colcon_meta'
[0.379s] Level 1:colcon.colcon_core.package_identification:_identify(/home/tanakon/fra501_ws/src) by extensions ['ros']
[0.379s] Level 1:colcon.colcon_core.package_identification:_identify(/home/tanakon/fra501_ws/src) by extension 'ros'
[0.379s] Level 1:colcon.colcon_core.package_identification:_identify(/home/tanakon/fra501_ws/src) by extensions ['cmake', 'python']
[0.379s] Level 1:colcon.colcon_core.package_identification:_identify(/home/tanakon/fra501_ws/src) by extension 'cmake'
[0.379s] Level 1:colcon.colcon_core.package_identification:_identify(/home/tanakon/fra501_ws/src) by extension 'python'
[0.379s] Level 1:colcon.colcon_core.package_identification:_identify(/home/tanakon/fra501_ws/src) by extensions ['python_setup_py']
[0.379s] Level 1:colcon.colcon_core.package_identification:_identify(/home/tanakon/fra501_ws/src) by extension 'python_setup_py'
[0.379s] Level 1:colcon.colcon_core.package_identification:_identify(/home/tanakon/fra501_ws/src/build) by extensions ['ignore', 'ignore_ament_install']
[0.379s] Level 1:colcon.colcon_core.package_identification:_identify(/home/tanakon/fra501_ws/src/build) by extension 'ignore'
[0.379s] Level 1:colcon.colcon_core.package_identification:_identify(/home/tanakon/fra501_ws/src/build) ignored
[0.379s] Level 1:colcon.colcon_core.package_identification:_identify(/home/tanakon/fra501_ws/src/doc) by extensions ['ignore', 'ignore_ament_install']
[0.379s] Level 1:colcon.colcon_core.package_identification:_identify(/home/tanakon/fra501_ws/src/doc) by extension 'ignore'
[0.379s] Level 1:colcon.colcon_core.package_identification:_identify(/home/tanakon/fra501_ws/src/doc) by extension 'ignore_ament_install'
[0.379s] Level 1:colcon.colcon_core.package_identification:_identify(/home/tanakon/fra501_ws/src/doc) by extensions ['colcon_pkg']
[0.379s] Level 1:colcon.colcon_core.package_identification:_identify(/home/tanakon/fra501_ws/src/doc) by extension 'colcon_pkg'
[0.379s] Level 1:colcon.colcon_core.package_identification:_identify(/home/tanakon/fra501_ws/src/doc) by extensions ['colcon_meta']
[0.379s] Level 1:colcon.colcon_core.package_identification:_identify(/home/tanakon/fra501_ws/src/doc) by extension 'colcon_meta'
[0.379s] Level 1:colcon.colcon_core.package_identification:_identify(/home/tanakon/fra501_ws/src/doc) by extensions ['ros']
[0.379s] Level 1:colcon.colcon_core.package_identification:_identify(/home/tanakon/fra501_ws/src/doc) by extension 'ros'
[0.380s] Level 1:colcon.colcon_core.package_identification:_identify(/home/tanakon/fra501_ws/src/doc) by extensions ['cmake', 'python']
[0.380s] Level 1:colcon.colcon_core.package_identification:_identify(/home/tanakon/fra501_ws/src/doc) by extension 'cmake'
[0.380s] Level 1:colcon.colcon_core.package_identification:_identify(/home/tanakon/fra501_ws/src/doc) by extension 'python'
[0.380s] Level 1:colcon.colcon_core.package_identification:_identify(/home/tanakon/fra501_ws/src/doc) by extensions ['python_setup_py']
[0.380s] Level 1:colcon.colcon_core.package_identification:_identify(/home/tanakon/fra501_ws/src/doc) by extension 'python_setup_py'
[0.380s] Level 1:colcon.colcon_core.package_identification:_identify(/home/tanakon/fra501_ws/src/install) by extensions ['ignore', 'ignore_ament_install']
[0.380s] Level 1:colcon.colcon_core.package_identification:_identify(/home/tanakon/fra501_ws/src/install) by extension 'ignore'
[0.380s] Level 1:colcon.colcon_core.package_identification:_identify(/home/tanakon/fra501_ws/src/install) ignored
[0.380s] Level 1:colcon.colcon_core.package_identification:_identify(/home/tanakon/fra501_ws/src/log) by extensions ['ignore', 'ignore_ament_install']
[0.380s] Level 1:colcon.colcon_core.package_identification:_identify(/home/tanakon/fra501_ws/src/log) by extension 'ignore'
[0.380s] Level 1:colcon.colcon_core.package_identification:_identify(/home/tanakon/fra501_ws/src/log) ignored
[0.380s] Level 1:colcon.colcon_core.package_identification:_identify(/home/tanakon/fra501_ws/src/my_controller) by extensions ['ignore', 'ignore_ament_install']
[0.380s] Level 1:colcon.colcon_core.package_identification:_identify(/home/tanakon/fra501_ws/src/my_controller) by extension 'ignore'
[0.380s] Level 1:colcon.colcon_core.package_identification:_identify(/home/tanakon/fra501_ws/src/my_controller) by extension 'ignore_ament_install'
[0.380s] Level 1:colcon.colcon_core.package_identification:_identify(/home/tanakon/fra501_ws/src/my_controller) by extensions ['colcon_pkg']
[0.380s] Level 1:colcon.colcon_core.package_identification:_identify(/home/tanakon/fra501_ws/src/my_controller) by extension 'colcon_pkg'
[0.380s] Level 1:colcon.colcon_core.package_identification:_identify(/home/tanakon/fra501_ws/src/my_controller) by extensions ['colcon_meta']
[0.380s] Level 1:colcon.colcon_core.package_identification:_identify(/home/tanakon/fra501_ws/src/my_controller) by extension 'colcon_meta'
[0.380s] Level 1:colcon.colcon_core.package_identification:_identify(/home/tanakon/fra501_ws/src/my_controller) by extensions ['ros']
[0.380s] Level 1:colcon.colcon_core.package_identification:_identify(/home/tanakon/fra501_ws/src/my_controller) by extension 'ros'
[0.383s] DEBUG:colcon.colcon_core.package_identification:Package '/home/tanakon/fra501_ws/src/my_controller' with type 'ros.ament_cmake' and name 'my_controller'
[0.383s] Level 1:colcon.colcon_core.package_identification:_identify(/home/tanakon/fra501_ws/src/my_controller_interfaces) by extensions ['ignore', 'ignore_ament_install']
[0.383s] Level 1:colcon.colcon_core.package_identification:_identify(/home/tanakon/fra501_ws/src/my_controller_interfaces) by extension 'ignore'
[0.384s] Level 1:colcon.colcon_core.package_identification:_identify(/home/tanakon/fra501_ws/src/my_controller_interfaces) by extension 'ignore_ament_install'
[0.384s] Level 1:colcon.colcon_core.package_identification:_identify(/home/tanakon/fra501_ws/src/my_controller_interfaces) by extensions ['colcon_pkg']
[0.384s] Level 1:colcon.colcon_core.package_identification:_identify(/home/tanakon/fra501_ws/src/my_controller_interfaces) by extension 'colcon_pkg'
[0.384s] Level 1:colcon.colcon_core.package_identification:_identify(/home/tanakon/fra501_ws/src/my_controller_interfaces) by extensions ['colcon_meta']
[0.384s] Level 1:colcon.colcon_core.package_identification:_identify(/home/tanakon/fra501_ws/src/my_controller_interfaces) by extension 'colcon_meta'
[0.384s] Level 1:colcon.colcon_core.package_identification:_identify(/home/tanakon/fra501_ws/src/my_controller_interfaces) by extensions ['ros']
[0.384s] Level 1:colcon.colcon_core.package_identification:_identify(/home/tanakon/fra501_ws/src/my_controller_interfaces) by extension 'ros'
[0.385s] DEBUG:colcon.colcon_core.package_identification:Package '/home/tanakon/fra501_ws/src/my_controller_interfaces' with type 'ros.ament_cmake' and name 'my_controller_interfaces'
[0.385s] Level 1:colcon.colcon_core.package_identification:_identify(/home/tanakon/fra501_ws/src/turtlesim_control) by extensions ['ignore', 'ignore_ament_install']
[0.385s] Level 1:colcon.colcon_core.package_identification:_identify(/home/tanakon/fra501_ws/src/turtlesim_control) by extension 'ignore'
[0.385s] Level 1:colcon.colcon_core.package_identification:_identify(/home/tanakon/fra501_ws/src/turtlesim_control) by extension 'ignore_ament_install'
[0.385s] Level 1:colcon.colcon_core.package_identification:_identify(/home/tanakon/fra501_ws/src/turtlesim_control) by extensions ['colcon_pkg']
[0.385s] Level 1:colcon.colcon_core.package_identification:_identify(/home/tanakon/fra501_ws/src/turtlesim_control) by extension 'colcon_pkg'
[0.385s] Level 1:colcon.colcon_core.package_identification:_identify(/home/tanakon/fra501_ws/src/turtlesim_control) by extensions ['colcon_meta']
[0.385s] Level 1:colcon.colcon_core.package_identification:_identify(/home/tanakon/fra501_ws/src/turtlesim_control) by extension 'colcon_meta'
[0.385s] Level 1:colcon.colcon_core.package_identification:_identify(/home/tanakon/fra501_ws/src/turtlesim_control) by extensions ['ros']
[0.385s] Level 1:colcon.colcon_core.package_identification:_identify(/home/tanakon/fra501_ws/src/turtlesim_control) by extension 'ros'
[0.386s] DEBUG:colcon.colcon_core.package_identification:Package '/home/tanakon/fra501_ws/src/turtlesim_control' with type 'ros.ament_cmake' and name 'turtlesim_control'
[0.386s] Level 1:colcon.colcon_core.package_identification:_identify(/home/tanakon/fra501_ws/src/turtlesim_interfaces) by extensions ['ignore', 'ignore_ament_install']
[0.386s] Level 1:colcon.colcon_core.package_identification:_identify(/home/tanakon/fra501_ws/src/turtlesim_interfaces) by extension 'ignore'
[0.386s] Level 1:colcon.colcon_core.package_identification:_identify(/home/tanakon/fra501_ws/src/turtlesim_interfaces) by extension 'ignore_ament_install'
[0.386s] Level 1:colcon.colcon_core.package_identification:_identify(/home/tanakon/fra501_ws/src/turtlesim_interfaces) by extensions ['colcon_pkg']
[0.386s] Level 1:colcon.colcon_core.package_identification:_identify(/home/tanakon/fra501_ws/src/turtlesim_interfaces) by extension 'colcon_pkg'
[0.386s] Level 1:colcon.colcon_core.package_identification:_identify(/home/tanakon/fra501_ws/src/turtlesim_interfaces) by extensions ['colcon_meta']
[0.386s] Level 1:colcon.colcon_core.package_identification:_identify(/home/tanakon/fra501_ws/src/turtlesim_interfaces) by extension 'colcon_meta'
[0.386s] Level 1:colcon.colcon_core.package_identification:_identify(/home/tanakon/fra501_ws/src/turtlesim_interfaces) by extensions ['ros']
[0.386s] Level 1:colcon.colcon_core.package_identification:_identify(/home/tanakon/fra501_ws/src/turtlesim_interfaces) by extension 'ros'
[0.387s] DEBUG:colcon.colcon_core.package_identification:Package '/home/tanakon/fra501_ws/src/turtlesim_interfaces' with type 'ros.ament_cmake' and name 'turtlesim_interfaces'
[0.387s] Level 1:colcon.colcon_core.package_identification:_identify(/home/tanakon/fra501_ws/src/turtlesim_plus) by extensions ['ignore', 'ignore_ament_install']
[0.387s] Level 1:colcon.colcon_core.package_identification:_identify(/home/tanakon/fra501_ws/src/turtlesim_plus) by extension 'ignore'
[0.387s] Level 1:colcon.colcon_core.package_identification:_identify(/home/tanakon/fra501_ws/src/turtlesim_plus) by extension 'ignore_ament_install'
[0.387s] Level 1:colcon.colcon_core.package_identification:_identify(/home/tanakon/fra501_ws/src/turtlesim_plus) by extensions ['colcon_pkg']
[0.387s] Level 1:colcon.colcon_core.package_identification:_identify(/home/tanakon/fra501_ws/src/turtlesim_plus) by extension 'colcon_pkg'
[0.387s] Level 1:colcon.colcon_core.package_identification:_identify(/home/tanakon/fra501_ws/src/turtlesim_plus) by extensions ['colcon_meta']
[0.387s] Level 1:colcon.colcon_core.package_identification:_identify(/home/tanakon/fra501_ws/src/turtlesim_plus) by extension 'colcon_meta'
[0.387s] Level 1:colcon.colcon_core.package_identification:_identify(/home/tanakon/fra501_ws/src/turtlesim_plus) by extensions ['ros']
[0.387s] Level 1:colcon.colcon_core.package_identification:_identify(/home/tanakon/fra501_ws/src/turtlesim_plus) by extension 'ros'
[0.387s] Level 1:colcon.colcon_core.package_identification:_identify(/home/tanakon/fra501_ws/src/turtlesim_plus) by extensions ['cmake', 'python']
[0.387s] Level 1:colcon.colcon_core.package_identification:_identify(/home/tanakon/fra501_ws/src/turtlesim_plus) by extension 'cmake'
[0.387s] Level 1:colcon.colcon_core.package_identification:_identify(/home/tanakon/fra501_ws/src/turtlesim_plus) by extension 'python'
[0.388s] Level 1:colcon.colcon_core.package_identification:_identify(/home/tanakon/fra501_ws/src/turtlesim_plus) by extensions ['python_setup_py']
[0.388s] Level 1:colcon.colcon_core.package_identification:_identify(/home/tanakon/fra501_ws/src/turtlesim_plus) by extension 'python_setup_py'
[0.388s] Level 1:colcon.colcon_core.package_identification:_identify(/home/tanakon/fra501_ws/src/turtlesim_plus/turtlesim_plus) by extensions ['ignore', 'ignore_ament_install']
[0.388s] Level 1:colcon.colcon_core.package_identification:_identify(/home/tanakon/fra501_ws/src/turtlesim_plus/turtlesim_plus) by extension 'ignore'
[0.388s] Level 1:colcon.colcon_core.package_identification:_identify(/home/tanakon/fra501_ws/src/turtlesim_plus/turtlesim_plus) by extension 'ignore_ament_install'
[0.388s] Level 1:colcon.colcon_core.package_identification:_identify(/home/tanakon/fra501_ws/src/turtlesim_plus/turtlesim_plus) by extensions ['colcon_pkg']
[0.388s] Level 1:colcon.colcon_core.package_identification:_identify(/home/tanakon/fra501_ws/src/turtlesim_plus/turtlesim_plus) by extension 'colcon_pkg'
[0.388s] Level 1:colcon.colcon_core.package_identification:_identify(/home/tanakon/fra501_ws/src/turtlesim_plus/turtlesim_plus) by extensions ['colcon_meta']
[0.388s] Level 1:colcon.colcon_core.package_identification:_identify(/home/tanakon/fra501_ws/src/turtlesim_plus/turtlesim_plus) by extension 'colcon_meta'
[0.388s] Level 1:colcon.colcon_core.package_identification:_identify(/home/tanakon/fra501_ws/src/turtlesim_plus/turtlesim_plus) by extensions ['ros']
[0.388s] Level 1:colcon.colcon_core.package_identification:_identify(/home/tanakon/fra501_ws/src/turtlesim_plus/turtlesim_plus) by extension 'ros'
[0.390s] DEBUG:colcon.colcon_core.package_identification:Package '/home/tanakon/fra501_ws/src/turtlesim_plus/turtlesim_plus' with type 'ros.ament_cmake' and name 'turtlesim_plus'
[0.390s] Level 1:colcon.colcon_core.package_identification:_identify(/home/tanakon/fra501_ws/src/turtlesim_plus/turtlesim_plus_interfaces) by extensions ['ignore', 'ignore_ament_install']
[0.390s] Level 1:colcon.colcon_core.package_identification:_identify(/home/tanakon/fra501_ws/src/turtlesim_plus/turtlesim_plus_interfaces) by extension 'ignore'
[0.390s] Level 1:colcon.colcon_core.package_identification:_identify(/home/tanakon/fra501_ws/src/turtlesim_plus/turtlesim_plus_interfaces) by extension 'ignore_ament_install'
[0.391s] Level 1:colcon.colcon_core.package_identification:_identify(/home/tanakon/fra501_ws/src/turtlesim_plus/turtlesim_plus_interfaces) by extensions ['colcon_pkg']
[0.391s] Level 1:colcon.colcon_core.package_identification:_identify(/home/tanakon/fra501_ws/src/turtlesim_plus/turtlesim_plus_interfaces) by extension 'colcon_pkg'
[0.391s] Level 1:colcon.colcon_core.package_identification:_identify(/home/tanakon/fra501_ws/src/turtlesim_plus/turtlesim_plus_interfaces) by extensions ['colcon_meta']
[0.391s] Level 1:colcon.colcon_core.package_identification:_identify(/home/tanakon/fra501_ws/src/turtlesim_plus/turtlesim_plus_interfaces) by extension 'colcon_meta'
[0.391s] Level 1:colcon.colcon_core.package_identification:_identify(/home/tanakon/fra501_ws/src/turtlesim_plus/turtlesim_plus_interfaces) by extensions ['ros']
[0.391s] Level 1:colcon.colcon_core.package_identification:_identify(/home/tanakon/fra501_ws/src/turtlesim_plus/turtlesim_plus_interfaces) by extension 'ros'
[0.392s] DEBUG:colcon.colcon_core.package_identification:Package '/home/tanakon/fra501_ws/src/turtlesim_plus/turtlesim_plus_interfaces' with type 'ros.ament_cmake' and name 'turtlesim_plus_interfaces'
[0.392s] Level 1:colcon.colcon_core.package_discovery:discover_packages(recursive) using defaults
