[0.276s] DEBUG:colcon:Command line arguments: ['/usr/bin/colcon', 'list', '-p', '--base-paths', '/home/tanakon/fra501_ws']
[0.276s] DEBUG:colcon:Parsed command line arguments: Namespace(log_base=None, log_level=None, verb_name='list', build_base='build', ignore_user_meta=False, metas=['./colcon.meta'], base_paths=['/home/tanakon/fra501_ws'], packages_ignore=None, packages_ignore_regex=None, paths=None, packages_up_to=None, packages_up_to_regex=None, packages_above=None, packages_above_and_dependencies=None, packages_above_depth=None, packages_select_by_dep=None, packages_skip_by_dep=None, packages_skip_up_to=None, packages_select_build_failed=False, packages_skip_build_finished=False, packages_select_test_failures=False, packages_skip_test_passed=False, packages_select=None, packages_skip=None, packages_select_regex=None, packages_skip_regex=None, packages_start=None, packages_end=None, allow_overriding=[], topological_order=False, names_only=False, paths_only=True, topological_graph=False, topological_graph_dot=False, topological_graph_density=False, topological_graph_legend=False, topological_graph_dot_cluster=False, topological_graph_dot_include_skipped=False, verb_parser=<colcon_defaults.argument_parser.defaults.DefaultArgumentsDecorator object at 0x7f256e473640>, verb_extension=<colcon_package_information.verb.list.ListVerb object at 0x7f256e43a050>, main=<bound method ListVerb.main of <colcon_package_information.verb.list.ListVerb object at 0x7f256e43a050>>)
[0.304s] Level 1:colcon.colcon_core.package_discovery:discover_packages(colcon_meta) check parameters
[0.304s] Level 1:colcon.colcon_core.package_discovery:discover_packages(recursive) check parameters
[0.304s] Level 1:colcon.colcon_core.package_discovery:discover_packages(ignore) check parameters
[0.304s] Level 1:colcon.colcon_core.package_discovery:discover_packages(path) check parameters
[0.304s] Level 1:colcon.colcon_core.package_discovery:discover_packages(recursive) discover
[0.304s] INFO:colcon.colcon_core.package_discovery:Crawling recursively for packages in '/home/tanakon/fra501_ws'
[0.304s] Level 1:colcon.colcon_core.package_identification:_identify(/home/tanakon/fra501_ws) by extensions ['ignore', 'ignore_ament_install']
[0.304s] Level 1:colcon.colcon_core.package_identification:_identify(/home/tanakon/fra501_ws) by extension 'ignore'
[0.305s] Level 1:colcon.colcon_core.package_identification:_identify(/home/tanakon/fra501_ws) by extension 'ignore_ament_install'
[0.305s] Level 1:colcon.colcon_core.package_identification:_identify(/home/tanakon/fra501_ws) by extensions ['colcon_pkg']
[0.305s] Level 1:colcon.colcon_core.package_identification:_identify(/home/tanakon/fra501_ws) by extension 'colcon_pkg'
[0.305s] Level 1:colcon.colcon_core.package_identification:_identify(/home/tanakon/fra501_ws) by extensions ['colcon_meta']
[0.305s] Level 1:colcon.colcon_core.package_identification:_identify(/home/tanakon/fra501_ws) by extension 'colcon_meta'
[0.305s] Level 1:colcon.colcon_core.package_identification:_identify(/home/tanakon/fra501_ws) by extensions ['ros']
[0.305s] Level 1:colcon.colcon_core.package_identification:_identify(/home/tanakon/fra501_ws) by extension 'ros'
[0.330s] Level 1:colcon.colcon_core.package_identification:_identify(/home/tanakon/fra501_ws) by extensions ['cmake', 'python']
[0.330s] Level 1:colcon.colcon_core.package_identification:_identify(/home/tanakon/fra501_ws) by extension 'cmake'
[0.330s] Level 1:colcon.colcon_core.package_identification:_identify(/home/tanakon/fra501_ws) by extension 'python'
[0.330s] Level 1:colcon.colcon_core.package_identification:_identify(/home/tanakon/fra501_ws) by extensions ['python_setup_py']
[0.330s] Level 1:colcon.colcon_core.package_identification:_identify(/home/tanakon/fra501_ws) by extension 'python_setup_py'
[0.330s] Level 1:colcon.colcon_core.package_identification:_identify(/home/tanakon/fra501_ws/build) by extensions ['ignore', 'ignore_ament_install']
[0.330s] Level 1:colcon.colcon_core.package_identification:_identify(/home/tanakon/fra501_ws/build) by extension 'ignore'
[0.330s] Level 1:colcon.colcon_core.package_identification:_identify(/home/tanakon/fra501_ws/build) ignored
[0.330s] Level 1:colcon.colcon_core.package_identification:_identify(/home/tanakon/fra501_ws/install) by extensions ['ignore', 'ignore_ament_install']
[0.330s] Level 1:colcon.colcon_core.package_identification:_identify(/home/tanakon/fra501_ws/install) by extension 'ignore'
[0.330s] Level 1:colcon.colcon_core.package_identification:_identify(/home/tanakon/fra501_ws/install) ignored
[0.330s] Level 1:colcon.colcon_core.package_identification:_identify(/home/tanakon/fra501_ws/log) by extensions ['ignore', 'ignore_ament_install']
[0.331s] Level 1:colcon.colcon_core.package_identification:_identify(/home/tanakon/fra501_ws/log) by extension 'ignore'
[0.331s] Level 1:colcon.colcon_core.package_identification:_identify(/home/tanakon/fra501_ws/log) ignored
[0.331s] Level 1:colcon.colcon_core.package_identification:_identify(/home/tanakon/fra501_ws/src) by extensions ['ignore', 'ignore_ament_install']
[0.331s] Level 1:colcon.colcon_core.package_identification:_identify(/home/tanakon/fra501_ws/src) by extension 'ignore'
[0.331s] Level 1:colcon.colcon_core.package_identification:_identify(/home/tanakon/fra501_ws/src) by extension 'ignore_ament_install'
[0.331s] Level 1:colcon.colcon_core.package_identification:_identify(/home/tanakon/fra501_ws/src) by extensions ['colcon_pkg']
[0.331s] Level 1:colcon.colcon_core.package_identification:_identify(/home/tanakon/fra501_ws/src) by extension 'colcon_pkg'
[0.331s] Level 1:colcon.colcon_core.package_identification:_identify(/home/tanakon/fra501_ws/src) by extensions ['colcon_meta']
[0.331s] Level 1:colcon.colcon_core.package_identification:_identify(/home/tanakon/fra501_ws/src) by extension 'colcon_meta'
[0.331s] Level 1:colcon.colcon_core.package_identification:_identify(/home/tanakon/fra501_ws/src) by extensions ['ros']
[0.331s] Level 1:colcon.colcon_core.package_identification:_identify(/home/tanakon/fra501_ws/src) by extension 'ros'
[0.331s] Level 1:colcon.colcon_core.package_identification:_identify(/home/tanakon/fra501_ws/src) by extensions ['cmake', 'python']
[0.331s] Level 1:colcon.colcon_core.package_identification:_identify(/home/tanakon/fra501_ws/src) by extension 'cmake'
[0.331s] Level 1:colcon.colcon_core.package_identification:_identify(/home/tanakon/fra501_ws/src) by extension 'python'
[0.331s] Level 1:colcon.colcon_core.package_identification:_identify(/home/tanakon/fra501_ws/src) by extensions ['python_setup_py']
[0.331s] Level 1:colcon.colcon_core.package_identification:_identify(/home/tanakon/fra501_ws/src) by extension 'python_setup_py'
[0.331s] Level 1:colcon.colcon_core.package_identification:_identify(/home/tanakon/fra501_ws/src/build) by extensions ['ignore', 'ignore_ament_install']
[0.331s] Level 1:colcon.colcon_core.package_identification:_identify(/home/tanakon/fra501_ws/src/build) by extension 'ignore'
[0.331s] Level 1:colcon.colcon_core.package_identification:_identify(/home/tanakon/fra501_ws/src/build) ignored
[0.331s] Level 1:colcon.colcon_core.package_identification:_identify(/home/tanakon/fra501_ws/src/doc) by extensions ['ignore', 'ignore_ament_install']
[0.331s] Level 1:colcon.colcon_core.package_identification:_identify(/home/tanakon/fra501_ws/src/doc) by extension 'ignore'
[0.331s] Level 1:colcon.colcon_core.package_identification:_identify(/home/tanakon/fra501_ws/src/doc) by extension 'ignore_ament_install'
[0.331s] Level 1:colcon.colcon_core.package_identification:_identify(/home/tanakon/fra501_ws/src/doc) by extensions ['colcon_pkg']
[0.332s] Level 1:colcon.colcon_core.package_identification:_identify(/home/tanakon/fra501_ws/src/doc) by extension 'colcon_pkg'
[0.332s] Level 1:colcon.colcon_core.package_identification:_identify(/home/tanakon/fra501_ws/src/doc) by extensions ['colcon_meta']
[0.332s] Level 1:colcon.colcon_core.package_identification:_identify(/home/tanakon/fra501_ws/src/doc) by extension 'colcon_meta'
[0.332s] Level 1:colcon.colcon_core.package_identification:_identify(/home/tanakon/fra501_ws/src/doc) by extensions ['ros']
[0.332s] Level 1:colcon.colcon_core.package_identification:_identify(/home/tanakon/fra501_ws/src/doc) by extension 'ros'
[0.332s] Level 1:colcon.colcon_core.package_identification:_identify(/home/tanakon/fra501_ws/src/doc) by extensions ['cmake', 'python']
[0.332s] Level 1:colcon.colcon_core.package_identification:_identify(/home/tanakon/fra501_ws/src/doc) by extension 'cmake'
[0.332s] Level 1:colcon.colcon_core.package_identification:_identify(/home/tanakon/fra501_ws/src/doc) by extension 'python'
[0.332s] Level 1:colcon.colcon_core.package_identification:_identify(/home/tanakon/fra501_ws/src/doc) by extensions ['python_setup_py']
[0.332s] Level 1:colcon.colcon_core.package_identification:_identify(/home/tanakon/fra501_ws/src/doc) by extension 'python_setup_py'
[0.332s] Level 1:colcon.colcon_core.package_identification:_identify(/home/tanakon/fra501_ws/src/install) by extensions ['ignore', 'ignore_ament_install']
[0.332s] Level 1:colcon.colcon_core.package_identification:_identify(/home/tanakon/fra501_ws/src/install) by extension 'ignore'
[0.332s] Level 1:colcon.colcon_core.package_identification:_identify(/home/tanakon/fra501_ws/src/install) ignored
[0.332s] Level 1:colcon.colcon_core.package_identification:_identify(/home/tanakon/fra501_ws/src/log) by extensions ['ignore', 'ignore_ament_install']
[0.332s] Level 1:colcon.colcon_core.package_identification:_identify(/home/tanakon/fra501_ws/src/log) by extension 'ignore'
[0.332s] Level 1:colcon.colcon_core.package_identification:_identify(/home/tanakon/fra501_ws/src/log) ignored
[0.332s] Level 1:colcon.colcon_core.package_identification:_identify(/home/tanakon/fra501_ws/src/my_controller) by extensions ['ignore', 'ignore_ament_install']
[0.332s] Level 1:colcon.colcon_core.package_identification:_identify(/home/tanakon/fra501_ws/src/my_controller) by extension 'ignore'
[0.332s] Level 1:colcon.colcon_core.package_identification:_identify(/home/tanakon/fra501_ws/src/my_controller) by extension 'ignore_ament_install'
[0.332s] Level 1:colcon.colcon_core.package_identification:_identify(/home/tanakon/fra501_ws/src/my_controller) by extensions ['colcon_pkg']
[0.333s] Level 1:colcon.colcon_core.package_identification:_identify(/home/tanakon/fra501_ws/src/my_controller) by extension 'colcon_pkg'
[0.333s] Level 1:colcon.colcon_core.package_identification:_identify(/home/tanakon/fra501_ws/src/my_controller) by extensions ['colcon_meta']
[0.333s] Level 1:colcon.colcon_core.package_identification:_identify(/home/tanakon/fra501_ws/src/my_controller) by extension 'colcon_meta'
[0.333s] Level 1:colcon.colcon_core.package_identification:_identify(/home/tanakon/fra501_ws/src/my_controller) by extensions ['ros']
[0.333s] Level 1:colcon.colcon_core.package_identification:_identify(/home/tanakon/fra501_ws/src/my_controller) by extension 'ros'
[0.335s] DEBUG:colcon.colcon_core.package_identification:Package '/home/tanakon/fra501_ws/src/my_controller' with type 'ros.ament_cmake' and name 'my_controller'
[0.335s] Level 1:colcon.colcon_core.package_identification:_identify(/home/tanakon/fra501_ws/src/my_controller_interfaces) by extensions ['ignore', 'ignore_ament_install']
[0.335s] Level 1:colcon.colcon_core.package_identification:_identify(/home/tanakon/fra501_ws/src/my_controller_interfaces) by extension 'ignore'
[0.335s] Level 1:colcon.colcon_core.package_identification:_identify(/home/tanakon/fra501_ws/src/my_controller_interfaces) by extension 'ignore_ament_install'
[0.335s] Level 1:colcon.colcon_core.package_identification:_identify(/home/tanakon/fra501_ws/src/my_controller_interfaces) by extensions ['colcon_pkg']
[0.335s] Level 1:colcon.colcon_core.package_identification:_identify(/home/tanakon/fra501_ws/src/my_controller_interfaces) by extension 'colcon_pkg'
[0.335s] Level 1:colcon.colcon_core.package_identification:_identify(/home/tanakon/fra501_ws/src/my_controller_interfaces) by extensions ['colcon_meta']
[0.335s] Level 1:colcon.colcon_core.package_identification:_identify(/home/tanakon/fra501_ws/src/my_controller_interfaces) by extension 'colcon_meta'
[0.335s] Level 1:colcon.colcon_core.package_identification:_identify(/home/tanakon/fra501_ws/src/my_controller_interfaces) by extensions ['ros']
[0.335s] Level 1:colcon.colcon_core.package_identification:_identify(/home/tanakon/fra501_ws/src/my_controller_interfaces) by extension 'ros'
[0.336s] DEBUG:colcon.colcon_core.package_identification:Package '/home/tanakon/fra501_ws/src/my_controller_interfaces' with type 'ros.ament_cmake' and name 'my_controller_interfaces'
[0.336s] Level 1:colcon.colcon_core.package_identification:_identify(/home/tanakon/fra501_ws/src/turtlesim_control) by extensions ['ignore', 'ignore_ament_install']
[0.336s] Level 1:colcon.colcon_core.package_identification:_identify(/home/tanakon/fra501_ws/src/turtlesim_control) by extension 'ignore'
[0.336s] Level 1:colcon.colcon_core.package_identification:_identify(/home/tanakon/fra501_ws/src/turtlesim_control) by extension 'ignore_ament_install'
[0.336s] Level 1:colcon.colcon_core.package_identification:_identify(/home/tanakon/fra501_ws/src/turtlesim_control) by extensions ['colcon_pkg']
[0.336s] Level 1:colcon.colcon_core.package_identification:_identify(/home/tanakon/fra501_ws/src/turtlesim_control) by extension 'colcon_pkg'
[0.336s] Level 1:colcon.colcon_core.package_identification:_identify(/home/tanakon/fra501_ws/src/turtlesim_control) by extensions ['colcon_meta']
[0.336s] Level 1:colcon.colcon_core.package_identification:_identify(/home/tanakon/fra501_ws/src/turtlesim_control) by extension 'colcon_meta'
[0.336s] Level 1:colcon.colcon_core.package_identification:_identify(/home/tanakon/fra501_ws/src/turtlesim_control) by extensions ['ros']
[0.336s] Level 1:colcon.colcon_core.package_identification:_identify(/home/tanakon/fra501_ws/src/turtlesim_control) by extension 'ros'
[0.337s] DEBUG:colcon.colcon_core.package_identification:Package '/home/tanakon/fra501_ws/src/turtlesim_control' with type 'ros.ament_cmake' and name 'turtlesim_control'
[0.337s] Level 1:colcon.colcon_core.package_identification:_identify(/home/tanakon/fra501_ws/src/turtlesim_interfaces) by extensions ['ignore', 'ignore_ament_install']
[0.337s] Level 1:colcon.colcon_core.package_identification:_identify(/home/tanakon/fra501_ws/src/turtlesim_interfaces) by extension 'ignore'
[0.337s] Level 1:colcon.colcon_core.package_identification:_identify(/home/tanakon/fra501_ws/src/turtlesim_interfaces) by extension 'ignore_ament_install'
[0.337s] Level 1:colcon.colcon_core.package_identification:_identify(/home/tanakon/fra501_ws/src/turtlesim_interfaces) by extensions ['colcon_pkg']
[0.337s] Level 1:colcon.colcon_core.package_identification:_identify(/home/tanakon/fra501_ws/src/turtlesim_interfaces) by extension 'colcon_pkg'
[0.337s] Level 1:colcon.colcon_core.package_identification:_identify(/home/tanakon/fra501_ws/src/turtlesim_interfaces) by extensions ['colcon_meta']
[0.337s] Level 1:colcon.colcon_core.package_identification:_identify(/home/tanakon/fra501_ws/src/turtlesim_interfaces) by extension 'colcon_meta'
[0.337s] Level 1:colcon.colcon_core.package_identification:_identify(/home/tanakon/fra501_ws/src/turtlesim_interfaces) by extensions ['ros']
[0.337s] Level 1:colcon.colcon_core.package_identification:_identify(/home/tanakon/fra501_ws/src/turtlesim_interfaces) by extension 'ros'
[0.338s] DEBUG:colcon.colcon_core.package_identification:Package '/home/tanakon/fra501_ws/src/turtlesim_interfaces' with type 'ros.ament_cmake' and name 'turtlesim_interfaces'
[0.338s] Level 1:colcon.colcon_core.package_identification:_identify(/home/tanakon/fra501_ws/src/turtlesim_plus) by extensions ['ignore', 'ignore_ament_install']
[0.338s] Level 1:colcon.colcon_core.package_identification:_identify(/home/tanakon/fra501_ws/src/turtlesim_plus) by extension 'ignore'
[0.338s] Level 1:colcon.colcon_core.package_identification:_identify(/home/tanakon/fra501_ws/src/turtlesim_plus) by extension 'ignore_ament_install'
[0.338s] Level 1:colcon.colcon_core.package_identification:_identify(/home/tanakon/fra501_ws/src/turtlesim_plus) by extensions ['colcon_pkg']
[0.338s] Level 1:colcon.colcon_core.package_identification:_identify(/home/tanakon/fra501_ws/src/turtlesim_plus) by extension 'colcon_pkg'
[0.338s] Level 1:colcon.colcon_core.package_identification:_identify(/home/tanakon/fra501_ws/src/turtlesim_plus) by extensions ['colcon_meta']
[0.338s] Level 1:colcon.colcon_core.package_identification:_identify(/home/tanakon/fra501_ws/src/turtlesim_plus) by extension 'colcon_meta'
[0.338s] Level 1:colcon.colcon_core.package_identification:_identify(/home/tanakon/fra501_ws/src/turtlesim_plus) by extensions ['ros']
[0.338s] Level 1:colcon.colcon_core.package_identification:_identify(/home/tanakon/fra501_ws/src/turtlesim_plus) by extension 'ros'
[0.338s] Level 1:colcon.colcon_core.package_identification:_identify(/home/tanakon/fra501_ws/src/turtlesim_plus) by extensions ['cmake', 'python']
[0.338s] Level 1:colcon.colcon_core.package_identification:_identify(/home/tanakon/fra501_ws/src/turtlesim_plus) by extension 'cmake'
[0.338s] Level 1:colcon.colcon_core.package_identification:_identify(/home/tanakon/fra501_ws/src/turtlesim_plus) by extension 'python'
[0.338s] Level 1:colcon.colcon_core.package_identification:_identify(/home/tanakon/fra501_ws/src/turtlesim_plus) by extensions ['python_setup_py']
[0.338s] Level 1:colcon.colcon_core.package_identification:_identify(/home/tanakon/fra501_ws/src/turtlesim_plus) by extension 'python_setup_py'
[0.338s] Level 1:colcon.colcon_core.package_identification:_identify(/home/tanakon/fra501_ws/src/turtlesim_plus/turtlesim_plus) by extensions ['ignore', 'ignore_ament_install']
[0.338s] Level 1:colcon.colcon_core.package_identification:_identify(/home/tanakon/fra501_ws/src/turtlesim_plus/turtlesim_plus) by extension 'ignore'
[0.339s] Level 1:colcon.colcon_core.package_identification:_identify(/home/tanakon/fra501_ws/src/turtlesim_plus/turtlesim_plus) by extension 'ignore_ament_install'
[0.339s] Level 1:colcon.colcon_core.package_identification:_identify(/home/tanakon/fra501_ws/src/turtlesim_plus/turtlesim_plus) by extensions ['colcon_pkg']
[0.339s] Level 1:colcon.colcon_core.package_identification:_identify(/home/tanakon/fra501_ws/src/turtlesim_plus/turtlesim_plus) by extension 'colcon_pkg'
[0.339s] Level 1:colcon.colcon_core.package_identification:_identify(/home/tanakon/fra501_ws/src/turtlesim_plus/turtlesim_plus) by extensions ['colcon_meta']
[0.339s] Level 1:colcon.colcon_core.package_identification:_identify(/home/tanakon/fra501_ws/src/turtlesim_plus/turtlesim_plus) by extension 'colcon_meta'
[0.339s] Level 1:colcon.colcon_core.package_identification:_identify(/home/tanakon/fra501_ws/src/turtlesim_plus/turtlesim_plus) by extensions ['ros']
[0.339s] Level 1:colcon.colcon_core.package_identification:_identify(/home/tanakon/fra501_ws/src/turtlesim_plus/turtlesim_plus) by extension 'ros'
[0.340s] DEBUG:colcon.colcon_core.package_identification:Package '/home/tanakon/fra501_ws/src/turtlesim_plus/turtlesim_plus' with type 'ros.ament_cmake' and name 'turtlesim_plus'
[0.340s] Level 1:colcon.colcon_core.package_identification:_identify(/home/tanakon/fra501_ws/src/turtlesim_plus/turtlesim_plus_interfaces) by extensions ['ignore', 'ignore_ament_install']
[0.340s] Level 1:colcon.colcon_core.package_identification:_identify(/home/tanakon/fra501_ws/src/turtlesim_plus/turtlesim_plus_interfaces) by extension 'ignore'
[0.340s] Level 1:colcon.colcon_core.package_identification:_identify(/home/tanakon/fra501_ws/src/turtlesim_plus/turtlesim_plus_interfaces) by extension 'ignore_ament_install'
[0.340s] Level 1:colcon.colcon_core.package_identification:_identify(/home/tanakon/fra501_ws/src/turtlesim_plus/turtlesim_plus_interfaces) by extensions ['colcon_pkg']
[0.340s] Level 1:colcon.colcon_core.package_identification:_identify(/home/tanakon/fra501_ws/src/turtlesim_plus/turtlesim_plus_interfaces) by extension 'colcon_pkg'
[0.341s] Level 1:colcon.colcon_core.package_identification:_identify(/home/tanakon/fra501_ws/src/turtlesim_plus/turtlesim_plus_interfaces) by extensions ['colcon_meta']
[0.341s] Level 1:colcon.colcon_core.package_identification:_identify(/home/tanakon/fra501_ws/src/turtlesim_plus/turtlesim_plus_interfaces) by extension 'colcon_meta'
[0.341s] Level 1:colcon.colcon_core.package_identification:_identify(/home/tanakon/fra501_ws/src/turtlesim_plus/turtlesim_plus_interfaces) by extensions ['ros']
[0.341s] Level 1:colcon.colcon_core.package_identification:_identify(/home/tanakon/fra501_ws/src/turtlesim_plus/turtlesim_plus_interfaces) by extension 'ros'
[0.341s] DEBUG:colcon.colcon_core.package_identification:Package '/home/tanakon/fra501_ws/src/turtlesim_plus/turtlesim_plus_interfaces' with type 'ros.ament_cmake' and name 'turtlesim_plus_interfaces'
[0.341s] Level 1:colcon.colcon_core.package_discovery:discover_packages(recursive) using defaults
