[0.013s] Invoking command in '/home/tanakon/fra501_ws/build/turtlesim_plus_interfaces': CMAKE_PREFIX_PATH=${CMAKE_PREFIX_PATH}:/opt/ros/humble /usr/bin/cmake /home/tanakon/fra501_ws/src/turtlesim_plus/turtlesim_plus_interfaces -DCMAKE_INSTALL_PREFIX=/home/tanakon/fra501_ws/install/turtlesim_plus_interfaces
[0.047s] -- The C compiler identification is GNU 11.4.0
[0.085s] -- The CXX compiler identification is GNU 11.4.0
[0.089s] -- Detecting C compiler ABI info
[0.132s] -- Detecting C compiler ABI info - done
[0.136s] -- Check for working C compiler: /usr/bin/cc - skipped
[0.137s] -- Detecting C compile features
[0.137s] -- Detecting C compile features - done
[0.139s] -- Detecting CXX compiler ABI info
[0.187s] -- Detecting CXX compiler ABI info - done
[0.192s] -- Check for working CXX compiler: /usr/bin/c++ - skipped
[0.192s] -- Detecting CXX compile features
[0.192s] -- Detecting CXX compile features - done
[0.193s] -- Found ament_cmake: 1.3.5 (/opt/ros/humble/share/ament_cmake/cmake)
[0.310s] -- Found Python3: /usr/bin/python3.10 (found version "3.10.12") found components: Interpreter 
[0.367s] -- Found ament_lint_auto: 0.12.7 (/opt/ros/humble/share/ament_lint_auto/cmake)
[0.420s] -- Found rosidl_default_generators: 1.2.0 (/opt/ros/humble/share/rosidl_default_generators/cmake)
[0.422s] -- Using all available rosidl_typesupport_c: rosidl_typesupport_fastrtps_c;rosidl_typesupport_introspection_c
[0.425s] -- Found rosidl_adapter: 3.1.5 (/opt/ros/humble/share/rosidl_adapter/cmake)
[0.449s] -- Using all available rosidl_typesupport_cpp: rosidl_typesupport_fastrtps_cpp;rosidl_typesupport_introspection_cpp
[0.663s] -- Found ament_cmake_ros: 0.10.0 (/opt/ros/humble/share/ament_cmake_ros/cmake)
[0.788s] -- Using all available rosidl_typesupport_c: rosidl_typesupport_fastrtps_c;rosidl_typesupport_introspection_c
[0.963s] -- Using all available rosidl_typesupport_cpp: rosidl_typesupport_fastrtps_cpp;rosidl_typesupport_introspection_cpp
[0.979s] -- Found PythonInterp: /usr/bin/python3 (found suitable version "3.10.12", minimum required is "3.6") 
[0.980s] -- Found python_cmake_module: 0.10.0 (/opt/ros/humble/share/python_cmake_module/cmake)
[0.999s] -- Found PythonLibs: /usr/lib/x86_64-linux-gnu/libpython3.10.so (found suitable version "3.10.12", minimum required is "3.5") 
[0.999s] -- Using PYTHON_EXECUTABLE: /usr/bin/python3
[0.999s] -- Using PYTHON_INCLUDE_DIRS: /usr/include/python3.10
[0.999s] -- Using PYTHON_LIBRARIES: /usr/lib/x86_64-linux-gnu/libpython3.10.so
[1.015s] -- Found PythonExtra: .so  
[1.057s] -- Added test 'lint_cmake' to check CMake code style
[1.058s] -- Added test 'xmllint' to check XML markup files
[1.063s] -- Configuring done
[1.106s] -- Generating done
[1.110s] -- Build files have been written to: /home/tanakon/fra501_ws/build/turtlesim_plus_interfaces
[1.126s] Invoked command in '/home/tanakon/fra501_ws/build/turtlesim_plus_interfaces' returned '0': CMAKE_PREFIX_PATH=${CMAKE_PREFIX_PATH}:/opt/ros/humble /usr/bin/cmake /home/tanakon/fra501_ws/src/turtlesim_plus/turtlesim_plus_interfaces -DCMAKE_INSTALL_PREFIX=/home/tanakon/fra501_ws/install/turtlesim_plus_interfaces
[1.128s] Invoking command in '/home/tanakon/fra501_ws/build/turtlesim_plus_interfaces': CMAKE_PREFIX_PATH=${CMAKE_PREFIX_PATH}:/opt/ros/humble /usr/bin/cmake --build /home/tanakon/fra501_ws/build/turtlesim_plus_interfaces -- -j16 -l16
[1.155s] [  1%] [34m[1mGenerating C code for ROS interfaces[0m
[1.163s] [  3%] [34m[1mGenerating C++ code for ROS interfaces[0m
[1.171s] [  3%] Built target ament_cmake_python_copy_turtlesim_plus_interfaces
[1.340s] running egg_info
[1.341s] creating turtlesim_plus_interfaces.egg-info
[1.341s] writing turtlesim_plus_interfaces.egg-info/PKG-INFO
[1.341s] writing dependency_links to turtlesim_plus_interfaces.egg-info/dependency_links.txt
[1.341s] writing top-level names to turtlesim_plus_interfaces.egg-info/top_level.txt
[1.341s] writing manifest file 'turtlesim_plus_interfaces.egg-info/SOURCES.txt'
[1.343s] reading manifest file 'turtlesim_plus_interfaces.egg-info/SOURCES.txt'
[1.343s] writing manifest file 'turtlesim_plus_interfaces.egg-info/SOURCES.txt'
[1.375s] [  3%] Built target ament_cmake_python_build_turtlesim_plus_interfaces_egg
[1.659s] [  3%] Built target turtlesim_plus_interfaces__cpp
[1.671s] [  5%] [34m[1mGenerating C++ type support dispatch for ROS interfaces[0m
[1.671s] [  7%] [34m[1mGenerating C++ type support for eProsima Fast-RTPS[0m
[1.673s] [  9%] [34m[1mGenerating C++ introspection for ROS interfaces[0m
[1.692s] [ 10%] [32mBuilding C object CMakeFiles/turtlesim_plus_interfaces__rosidl_generator_c.dir/rosidl_generator_c/turtlesim_plus_interfaces/msg/detail/scanner_data__functions.c.o[0m
[1.692s] [ 12%] [32mBuilding C object CMakeFiles/turtlesim_plus_interfaces__rosidl_generator_c.dir/rosidl_generator_c/turtlesim_plus_interfaces/msg/detail/scanner_data_array__functions.c.o[0m
[1.697s] [ 14%] [32mBuilding C object CMakeFiles/turtlesim_plus_interfaces__rosidl_generator_c.dir/rosidl_generator_c/turtlesim_plus_interfaces/srv/detail/give_position__functions.c.o[0m
[1.701s] [ 16%] [32mBuilding C object CMakeFiles/turtlesim_plus_interfaces__rosidl_generator_c.dir/rosidl_generator_c/turtlesim_plus_interfaces/action/detail/get_data__functions.c.o[0m
[1.849s] [ 18%] [32m[1mLinking C shared library libturtlesim_plus_interfaces__rosidl_generator_c.so[0m
[1.894s] [ 18%] Built target turtlesim_plus_interfaces__rosidl_generator_c
[1.905s] [ 20%] [34m[1mGenerating C type support for eProsima Fast-RTPS[0m
[1.915s] [ 21%] [34m[1mGenerating C introspection for ROS interfaces[0m
[1.939s] [ 23%] [34m[1mGenerating C type support dispatch for ROS interfaces[0m
[2.162s] [ 25%] [32mBuilding CXX object CMakeFiles/turtlesim_plus_interfaces__rosidl_typesupport_cpp.dir/rosidl_typesupport_cpp/turtlesim_plus_interfaces/msg/scanner_data_array__type_support.cpp.o[0m
[2.162s] [ 27%] [32mBuilding CXX object CMakeFiles/turtlesim_plus_interfaces__rosidl_typesupport_cpp.dir/rosidl_typesupport_cpp/turtlesim_plus_interfaces/srv/give_position__type_support.cpp.o[0m
[2.170s] [ 29%] [32mBuilding CXX object CMakeFiles/turtlesim_plus_interfaces__rosidl_typesupport_cpp.dir/rosidl_typesupport_cpp/turtlesim_plus_interfaces/msg/scanner_data__type_support.cpp.o[0m
[2.179s] [ 30%] [32mBuilding CXX object CMakeFiles/turtlesim_plus_interfaces__rosidl_typesupport_cpp.dir/rosidl_typesupport_cpp/turtlesim_plus_interfaces/action/get_data__type_support.cpp.o[0m
[2.265s] [ 32%] [32mBuilding CXX object CMakeFiles/turtlesim_plus_interfaces__rosidl_typesupport_introspection_cpp.dir/rosidl_typesupport_introspection_cpp/turtlesim_plus_interfaces/action/detail/get_data__type_support.cpp.o[0m
[2.278s] [ 34%] [32mBuilding CXX object CMakeFiles/turtlesim_plus_interfaces__rosidl_typesupport_introspection_cpp.dir/rosidl_typesupport_introspection_cpp/turtlesim_plus_interfaces/msg/detail/scanner_data__type_support.cpp.o[0m
[2.283s] [ 36%] [32mBuilding CXX object CMakeFiles/turtlesim_plus_interfaces__rosidl_typesupport_introspection_cpp.dir/rosidl_typesupport_introspection_cpp/turtlesim_plus_interfaces/srv/detail/give_position__type_support.cpp.o[0m
[2.286s] [ 38%] [32mBuilding CXX object CMakeFiles/turtlesim_plus_interfaces__rosidl_typesupport_introspection_cpp.dir/rosidl_typesupport_introspection_cpp/turtlesim_plus_interfaces/msg/detail/scanner_data_array__type_support.cpp.o[0m
[2.369s] [ 40%] [32mBuilding CXX object CMakeFiles/turtlesim_plus_interfaces__rosidl_typesupport_fastrtps_cpp.dir/rosidl_typesupport_fastrtps_cpp/turtlesim_plus_interfaces/msg/detail/dds_fastrtps/scanner_data__type_support.cpp.o[0m
[2.388s] [ 41%] [32mBuilding CXX object CMakeFiles/turtlesim_plus_interfaces__rosidl_typesupport_fastrtps_cpp.dir/rosidl_typesupport_fastrtps_cpp/turtlesim_plus_interfaces/msg/detail/dds_fastrtps/scanner_data_array__type_support.cpp.o[0m
[2.397s] [ 43%] [32mBuilding CXX object CMakeFiles/turtlesim_plus_interfaces__rosidl_typesupport_fastrtps_cpp.dir/rosidl_typesupport_fastrtps_cpp/turtlesim_plus_interfaces/srv/detail/dds_fastrtps/give_position__type_support.cpp.o[0m
[2.422s] [ 45%] [32mBuilding CXX object CMakeFiles/turtlesim_plus_interfaces__rosidl_typesupport_fastrtps_cpp.dir/rosidl_typesupport_fastrtps_cpp/turtlesim_plus_interfaces/action/detail/dds_fastrtps/get_data__type_support.cpp.o[0m
[2.522s] [ 47%] [32mBuilding CXX object CMakeFiles/turtlesim_plus_interfaces__rosidl_typesupport_c.dir/rosidl_typesupport_c/turtlesim_plus_interfaces/msg/scanner_data__type_support.cpp.o[0m
[2.542s] [ 49%] [32mBuilding CXX object CMakeFiles/turtlesim_plus_interfaces__rosidl_typesupport_c.dir/rosidl_typesupport_c/turtlesim_plus_interfaces/msg/scanner_data_array__type_support.cpp.o[0m
[2.570s] [ 50%] [32mBuilding CXX object CMakeFiles/turtlesim_plus_interfaces__rosidl_typesupport_c.dir/rosidl_typesupport_c/turtlesim_plus_interfaces/srv/give_position__type_support.cpp.o[0m
[2.589s] [ 54%] [32mBuilding CXX object CMakeFiles/turtlesim_plus_interfaces__rosidl_typesupport_fastrtps_c.dir/rosidl_typesupport_fastrtps_c/turtlesim_plus_interfaces/msg/detail/scanner_data__type_support_c.cpp.o[0m
[2.589s] [ 54%] [32mBuilding CXX object CMakeFiles/turtlesim_plus_interfaces__rosidl_typesupport_c.dir/rosidl_typesupport_c/turtlesim_plus_interfaces/action/get_data__type_support.cpp.o[0m
[2.591s] [ 56%] [32mBuilding CXX object CMakeFiles/turtlesim_plus_interfaces__rosidl_typesupport_fastrtps_c.dir/rosidl_typesupport_fastrtps_c/turtlesim_plus_interfaces/msg/detail/scanner_data_array__type_support_c.cpp.o[0m
[2.604s] [ 58%] [32mBuilding CXX object CMakeFiles/turtlesim_plus_interfaces__rosidl_typesupport_fastrtps_c.dir/rosidl_typesupport_fastrtps_c/turtlesim_plus_interfaces/srv/detail/give_position__type_support_c.cpp.o[0m
[2.614s] [ 60%] [32mBuilding C object CMakeFiles/turtlesim_plus_interfaces__rosidl_typesupport_introspection_c.dir/rosidl_typesupport_introspection_c/turtlesim_plus_interfaces/msg/detail/scanner_data_array__type_support.c.o[0m
[2.633s] [ 61%] [32mBuilding C object CMakeFiles/turtlesim_plus_interfaces__rosidl_typesupport_introspection_c.dir/rosidl_typesupport_introspection_c/turtlesim_plus_interfaces/msg/detail/scanner_data__type_support.c.o[0m
[2.658s] [ 63%] [32mBuilding C object CMakeFiles/turtlesim_plus_interfaces__rosidl_typesupport_introspection_c.dir/rosidl_typesupport_introspection_c/turtlesim_plus_interfaces/srv/detail/give_position__type_support.c.o[0m
[2.659s] [ 65%] [32mBuilding C object CMakeFiles/turtlesim_plus_interfaces__rosidl_typesupport_introspection_c.dir/rosidl_typesupport_introspection_c/turtlesim_plus_interfaces/action/detail/get_data__type_support.c.o[0m
[2.668s] [ 67%] [32m[1mLinking CXX shared library libturtlesim_plus_interfaces__rosidl_typesupport_c.so[0m
[2.741s] [ 69%] [32mBuilding CXX object CMakeFiles/turtlesim_plus_interfaces__rosidl_typesupport_fastrtps_c.dir/rosidl_typesupport_fastrtps_c/turtlesim_plus_interfaces/action/detail/get_data__type_support_c.cpp.o[0m
[2.750s] [ 70%] [32m[1mLinking C shared library libturtlesim_plus_interfaces__rosidl_typesupport_introspection_c.so[0m
[2.767s] [ 70%] Built target turtlesim_plus_interfaces__rosidl_typesupport_c
[2.785s] [ 70%] Built target turtlesim_plus_interfaces__rosidl_typesupport_introspection_c
[2.789s] [ 72%] [32m[1mLinking CXX shared library libturtlesim_plus_interfaces__rosidl_typesupport_cpp.so[0m
[2.834s] [ 72%] Built target turtlesim_plus_interfaces__rosidl_typesupport_cpp
[3.014s] [ 74%] [32m[1mLinking CXX shared library libturtlesim_plus_interfaces__rosidl_typesupport_fastrtps_cpp.so[0m
[3.068s] [ 76%] [32m[1mLinking CXX shared library libturtlesim_plus_interfaces__rosidl_typesupport_introspection_cpp.so[0m
[3.073s] [ 76%] Built target turtlesim_plus_interfaces__rosidl_typesupport_fastrtps_cpp
[3.092s] [ 78%] [32m[1mLinking CXX shared library libturtlesim_plus_interfaces__rosidl_typesupport_fastrtps_c.so[0m
[3.132s] [ 78%] Built target turtlesim_plus_interfaces__rosidl_typesupport_introspection_cpp
[3.151s] [ 78%] Built target turtlesim_plus_interfaces__rosidl_typesupport_fastrtps_c
[3.163s] [ 78%] Built target turtlesim_plus_interfaces
[3.175s] [ 80%] [34m[1mGenerating Python code for ROS interfaces[0m
[3.840s] [ 80%] Built target turtlesim_plus_interfaces__py
[3.852s] [ 87%] [32mBuilding C object CMakeFiles/turtlesim_plus_interfaces__rosidl_generator_py.dir/rosidl_generator_py/turtlesim_plus_interfaces/msg/_scanner_data_array_s.c.o[0m
[3.852s] [ 87%] [32mBuilding C object CMakeFiles/turtlesim_plus_interfaces__rosidl_generator_py.dir/rosidl_generator_py/turtlesim_plus_interfaces/srv/_give_position_s.c.o[0m
[3.852s] [ 87%] [32mBuilding C object CMakeFiles/turtlesim_plus_interfaces__rosidl_generator_py.dir/rosidl_generator_py/turtlesim_plus_interfaces/msg/_scanner_data_s.c.o[0m
[3.852s] [ 87%] [32mBuilding C object CMakeFiles/turtlesim_plus_interfaces__rosidl_generator_py.dir/rosidl_generator_py/turtlesim_plus_interfaces/action/_get_data_s.c.o[0m
[3.937s] [ 89%] [32m[1mLinking C shared library rosidl_generator_py/turtlesim_plus_interfaces/libturtlesim_plus_interfaces__rosidl_generator_py.so[0m
[3.963s] [ 89%] Built target turtlesim_plus_interfaces__rosidl_generator_py
[3.975s] [ 94%] [32mBuilding C object CMakeFiles/turtlesim_plus_interfaces__rosidl_typesupport_fastrtps_c__pyext.dir/rosidl_generator_py/turtlesim_plus_interfaces/_turtlesim_plus_interfaces_s.ep.rosidl_typesupport_fastrtps_c.c.o[0m
[3.975s] [ 94%] [32mBuilding C object CMakeFiles/turtlesim_plus_interfaces__rosidl_typesupport_introspection_c__pyext.dir/rosidl_generator_py/turtlesim_plus_interfaces/_turtlesim_plus_interfaces_s.ep.rosidl_typesupport_introspection_c.c.o[0m
[3.976s] [ 94%] [32mBuilding C object CMakeFiles/turtlesim_plus_interfaces__rosidl_typesupport_c__pyext.dir/rosidl_generator_py/turtlesim_plus_interfaces/_turtlesim_plus_interfaces_s.ep.rosidl_typesupport_c.c.o[0m
[4.056s] [100%] [32m[1mLinking C shared library rosidl_generator_py/turtlesim_plus_interfaces/turtlesim_plus_interfaces_s__rosidl_typesupport_introspection_c.cpython-310-x86_64-linux-gnu.so[0m
[4.056s] [100%] [32m[1mLinking C shared library rosidl_generator_py/turtlesim_plus_interfaces/turtlesim_plus_interfaces_s__rosidl_typesupport_c.cpython-310-x86_64-linux-gnu.so[0m
[4.056s] [100%] [32m[1mLinking C shared library rosidl_generator_py/turtlesim_plus_interfaces/turtlesim_plus_interfaces_s__rosidl_typesupport_fastrtps_c.cpython-310-x86_64-linux-gnu.so[0m
[4.081s] [100%] Built target turtlesim_plus_interfaces__rosidl_typesupport_introspection_c__pyext
[4.082s] [100%] Built target turtlesim_plus_interfaces__rosidl_typesupport_c__pyext
[4.082s] [100%] Built target turtlesim_plus_interfaces__rosidl_typesupport_fastrtps_c__pyext
[4.088s] Invoked command in '/home/tanakon/fra501_ws/build/turtlesim_plus_interfaces' returned '0': CMAKE_PREFIX_PATH=${CMAKE_PREFIX_PATH}:/opt/ros/humble /usr/bin/cmake --build /home/tanakon/fra501_ws/build/turtlesim_plus_interfaces -- -j16 -l16
[4.145s] Invoking command in '/home/tanakon/fra501_ws/build/turtlesim_plus_interfaces': CMAKE_PREFIX_PATH=${CMAKE_PREFIX_PATH}:/opt/ros/humble /usr/bin/cmake --install /home/tanakon/fra501_ws/build/turtlesim_plus_interfaces
[4.150s] -- Install configuration: ""
[4.150s] -- Installing: /home/tanakon/fra501_ws/install/turtlesim_plus_interfaces/share/ament_index/resource_index/rosidl_interfaces/turtlesim_plus_interfaces
[4.150s] -- Installing: /home/tanakon/fra501_ws/install/turtlesim_plus_interfaces/include/turtlesim_plus_interfaces/turtlesim_plus_interfaces
[4.150s] -- Installing: /home/tanakon/fra501_ws/install/turtlesim_plus_interfaces/include/turtlesim_plus_interfaces/turtlesim_plus_interfaces/msg
[4.150s] -- Installing: /home/tanakon/fra501_ws/install/turtlesim_plus_interfaces/include/turtlesim_plus_interfaces/turtlesim_plus_interfaces/msg/scanner_data_array.h
[4.151s] -- Installing: /home/tanakon/fra501_ws/install/turtlesim_plus_interfaces/include/turtlesim_plus_interfaces/turtlesim_plus_interfaces/msg/detail
[4.151s] -- Installing: /home/tanakon/fra501_ws/install/turtlesim_plus_interfaces/include/turtlesim_plus_interfaces/turtlesim_plus_interfaces/msg/detail/scanner_data__struct.h
[4.151s] -- Installing: /home/tanakon/fra501_ws/install/turtlesim_plus_interfaces/include/turtlesim_plus_interfaces/turtlesim_plus_interfaces/msg/detail/scanner_data_array__type_support.h
[4.151s] -- Installing: /home/tanakon/fra501_ws/install/turtlesim_plus_interfaces/include/turtlesim_plus_interfaces/turtlesim_plus_interfaces/msg/detail/scanner_data__functions.h
[4.151s] -- Installing: /home/tanakon/fra501_ws/install/turtlesim_plus_interfaces/include/turtlesim_plus_interfaces/turtlesim_plus_interfaces/msg/detail/scanner_data_array__functions.h
[4.151s] -- Installing: /home/tanakon/fra501_ws/install/turtlesim_plus_interfaces/include/turtlesim_plus_interfaces/turtlesim_plus_interfaces/msg/detail/scanner_data_array__struct.h
[4.151s] -- Installing: /home/tanakon/fra501_ws/install/turtlesim_plus_interfaces/include/turtlesim_plus_interfaces/turtlesim_plus_interfaces/msg/detail/scanner_data__type_support.h
[4.151s] -- Installing: /home/tanakon/fra501_ws/install/turtlesim_plus_interfaces/include/turtlesim_plus_interfaces/turtlesim_plus_interfaces/msg/detail/scanner_data__functions.c
[4.151s] -- Installing: /home/tanakon/fra501_ws/install/turtlesim_plus_interfaces/include/turtlesim_plus_interfaces/turtlesim_plus_interfaces/msg/detail/scanner_data_array__functions.c
[4.151s] -- Installing: /home/tanakon/fra501_ws/install/turtlesim_plus_interfaces/include/turtlesim_plus_interfaces/turtlesim_plus_interfaces/msg/scanner_data.h
[4.151s] -- Installing: /home/tanakon/fra501_ws/install/turtlesim_plus_interfaces/include/turtlesim_plus_interfaces/turtlesim_plus_interfaces/msg/rosidl_generator_c__visibility_control.h
[4.151s] -- Installing: /home/tanakon/fra501_ws/install/turtlesim_plus_interfaces/include/turtlesim_plus_interfaces/turtlesim_plus_interfaces/action
[4.151s] -- Installing: /home/tanakon/fra501_ws/install/turtlesim_plus_interfaces/include/turtlesim_plus_interfaces/turtlesim_plus_interfaces/action/detail
[4.151s] -- Installing: /home/tanakon/fra501_ws/install/turtlesim_plus_interfaces/include/turtlesim_plus_interfaces/turtlesim_plus_interfaces/action/detail/get_data__struct.h
[4.152s] -- Installing: /home/tanakon/fra501_ws/install/turtlesim_plus_interfaces/include/turtlesim_plus_interfaces/turtlesim_plus_interfaces/action/detail/get_data__functions.h
[4.152s] -- Installing: /home/tanakon/fra501_ws/install/turtlesim_plus_interfaces/include/turtlesim_plus_interfaces/turtlesim_plus_interfaces/action/detail/get_data__type_support.h
[4.152s] -- Installing: /home/tanakon/fra501_ws/install/turtlesim_plus_interfaces/include/turtlesim_plus_interfaces/turtlesim_plus_interfaces/action/detail/get_data__functions.c
[4.152s] -- Installing: /home/tanakon/fra501_ws/install/turtlesim_plus_interfaces/include/turtlesim_plus_interfaces/turtlesim_plus_interfaces/action/get_data.h
[4.152s] -- Installing: /home/tanakon/fra501_ws/install/turtlesim_plus_interfaces/include/turtlesim_plus_interfaces/turtlesim_plus_interfaces/srv
[4.152s] -- Installing: /home/tanakon/fra501_ws/install/turtlesim_plus_interfaces/include/turtlesim_plus_interfaces/turtlesim_plus_interfaces/srv/give_position.h
[4.152s] -- Installing: /home/tanakon/fra501_ws/install/turtlesim_plus_interfaces/include/turtlesim_plus_interfaces/turtlesim_plus_interfaces/srv/detail
[4.152s] -- Installing: /home/tanakon/fra501_ws/install/turtlesim_plus_interfaces/include/turtlesim_plus_interfaces/turtlesim_plus_interfaces/srv/detail/give_position__functions.c
[4.152s] -- Installing: /home/tanakon/fra501_ws/install/turtlesim_plus_interfaces/include/turtlesim_plus_interfaces/turtlesim_plus_interfaces/srv/detail/give_position__type_support.h
[4.152s] -- Installing: /home/tanakon/fra501_ws/install/turtlesim_plus_interfaces/include/turtlesim_plus_interfaces/turtlesim_plus_interfaces/srv/detail/give_position__functions.h
[4.152s] -- Installing: /home/tanakon/fra501_ws/install/turtlesim_plus_interfaces/include/turtlesim_plus_interfaces/turtlesim_plus_interfaces/srv/detail/give_position__struct.h
[4.152s] -- Installing: /home/tanakon/fra501_ws/install/turtlesim_plus_interfaces/share/turtlesim_plus_interfaces/environment/library_path.sh
[4.152s] -- Installing: /home/tanakon/fra501_ws/install/turtlesim_plus_interfaces/share/turtlesim_plus_interfaces/environment/library_path.dsv
[4.152s] -- Installing: /home/tanakon/fra501_ws/install/turtlesim_plus_interfaces/lib/libturtlesim_plus_interfaces__rosidl_generator_c.so
[4.152s] -- Set runtime path of "/home/tanakon/fra501_ws/install/turtlesim_plus_interfaces/lib/libturtlesim_plus_interfaces__rosidl_generator_c.so" to ""
[4.152s] -- Up-to-date: /home/tanakon/fra501_ws/install/turtlesim_plus_interfaces/include/turtlesim_plus_interfaces/turtlesim_plus_interfaces
[4.152s] -- Up-to-date: /home/tanakon/fra501_ws/install/turtlesim_plus_interfaces/include/turtlesim_plus_interfaces/turtlesim_plus_interfaces/msg
[4.152s] -- Installing: /home/tanakon/fra501_ws/install/turtlesim_plus_interfaces/include/turtlesim_plus_interfaces/turtlesim_plus_interfaces/msg/rosidl_typesupport_fastrtps_c__visibility_control.h
[4.152s] -- Up-to-date: /home/tanakon/fra501_ws/install/turtlesim_plus_interfaces/include/turtlesim_plus_interfaces/turtlesim_plus_interfaces/msg/detail
[4.152s] -- Installing: /home/tanakon/fra501_ws/install/turtlesim_plus_interfaces/include/turtlesim_plus_interfaces/turtlesim_plus_interfaces/msg/detail/scanner_data__rosidl_typesupport_fastrtps_c.h
[4.153s] -- Installing: /home/tanakon/fra501_ws/install/turtlesim_plus_interfaces/include/turtlesim_plus_interfaces/turtlesim_plus_interfaces/msg/detail/scanner_data_array__rosidl_typesupport_fastrtps_c.h
[4.153s] -- Up-to-date: /home/tanakon/fra501_ws/install/turtlesim_plus_interfaces/include/turtlesim_plus_interfaces/turtlesim_plus_interfaces/action
[4.153s] -- Up-to-date: /home/tanakon/fra501_ws/install/turtlesim_plus_interfaces/include/turtlesim_plus_interfaces/turtlesim_plus_interfaces/action/detail
[4.153s] -- Installing: /home/tanakon/fra501_ws/install/turtlesim_plus_interfaces/include/turtlesim_plus_interfaces/turtlesim_plus_interfaces/action/detail/get_data__rosidl_typesupport_fastrtps_c.h
[4.153s] -- Up-to-date: /home/tanakon/fra501_ws/install/turtlesim_plus_interfaces/include/turtlesim_plus_interfaces/turtlesim_plus_interfaces/srv
[4.153s] -- Up-to-date: /home/tanakon/fra501_ws/install/turtlesim_plus_interfaces/include/turtlesim_plus_interfaces/turtlesim_plus_interfaces/srv/detail
[4.153s] -- Installing: /home/tanakon/fra501_ws/install/turtlesim_plus_interfaces/include/turtlesim_plus_interfaces/turtlesim_plus_interfaces/srv/detail/give_position__rosidl_typesupport_fastrtps_c.h
[4.153s] -- Installing: /home/tanakon/fra501_ws/install/turtlesim_plus_interfaces/lib/libturtlesim_plus_interfaces__rosidl_typesupport_fastrtps_c.so
[4.153s] -- Set runtime path of "/home/tanakon/fra501_ws/install/turtlesim_plus_interfaces/lib/libturtlesim_plus_interfaces__rosidl_typesupport_fastrtps_c.so" to ""
[4.153s] -- Up-to-date: /home/tanakon/fra501_ws/install/turtlesim_plus_interfaces/include/turtlesim_plus_interfaces/turtlesim_plus_interfaces
[4.153s] -- Up-to-date: /home/tanakon/fra501_ws/install/turtlesim_plus_interfaces/include/turtlesim_plus_interfaces/turtlesim_plus_interfaces/msg
[4.153s] -- Installing: /home/tanakon/fra501_ws/install/turtlesim_plus_interfaces/include/turtlesim_plus_interfaces/turtlesim_plus_interfaces/msg/rosidl_typesupport_introspection_c__visibility_control.h
[4.153s] -- Up-to-date: /home/tanakon/fra501_ws/install/turtlesim_plus_interfaces/include/turtlesim_plus_interfaces/turtlesim_plus_interfaces/msg/detail
[4.153s] -- Installing: /home/tanakon/fra501_ws/install/turtlesim_plus_interfaces/include/turtlesim_plus_interfaces/turtlesim_plus_interfaces/msg/detail/scanner_data__type_support.c
[4.153s] -- Installing: /home/tanakon/fra501_ws/install/turtlesim_plus_interfaces/include/turtlesim_plus_interfaces/turtlesim_plus_interfaces/msg/detail/scanner_data__rosidl_typesupport_introspection_c.h
[4.153s] -- Installing: /home/tanakon/fra501_ws/install/turtlesim_plus_interfaces/include/turtlesim_plus_interfaces/turtlesim_plus_interfaces/msg/detail/scanner_data_array__type_support.c
[4.153s] -- Installing: /home/tanakon/fra501_ws/install/turtlesim_plus_interfaces/include/turtlesim_plus_interfaces/turtlesim_plus_interfaces/msg/detail/scanner_data_array__rosidl_typesupport_introspection_c.h
[4.153s] -- Up-to-date: /home/tanakon/fra501_ws/install/turtlesim_plus_interfaces/include/turtlesim_plus_interfaces/turtlesim_plus_interfaces/action
[4.154s] -- Up-to-date: /home/tanakon/fra501_ws/install/turtlesim_plus_interfaces/include/turtlesim_plus_interfaces/turtlesim_plus_interfaces/action/detail
[4.154s] -- Installing: /home/tanakon/fra501_ws/install/turtlesim_plus_interfaces/include/turtlesim_plus_interfaces/turtlesim_plus_interfaces/action/detail/get_data__rosidl_typesupport_introspection_c.h
[4.154s] -- Installing: /home/tanakon/fra501_ws/install/turtlesim_plus_interfaces/include/turtlesim_plus_interfaces/turtlesim_plus_interfaces/action/detail/get_data__type_support.c
[4.154s] -- Up-to-date: /home/tanakon/fra501_ws/install/turtlesim_plus_interfaces/include/turtlesim_plus_interfaces/turtlesim_plus_interfaces/srv
[4.154s] -- Up-to-date: /home/tanakon/fra501_ws/install/turtlesim_plus_interfaces/include/turtlesim_plus_interfaces/turtlesim_plus_interfaces/srv/detail
[4.154s] -- Installing: /home/tanakon/fra501_ws/install/turtlesim_plus_interfaces/include/turtlesim_plus_interfaces/turtlesim_plus_interfaces/srv/detail/give_position__type_support.c
[4.154s] -- Installing: /home/tanakon/fra501_ws/install/turtlesim_plus_interfaces/include/turtlesim_plus_interfaces/turtlesim_plus_interfaces/srv/detail/give_position__rosidl_typesupport_introspection_c.h
[4.154s] -- Installing: /home/tanakon/fra501_ws/install/turtlesim_plus_interfaces/lib/libturtlesim_plus_interfaces__rosidl_typesupport_introspection_c.so
[4.154s] -- Set runtime path of "/home/tanakon/fra501_ws/install/turtlesim_plus_interfaces/lib/libturtlesim_plus_interfaces__rosidl_typesupport_introspection_c.so" to ""
[4.154s] -- Installing: /home/tanakon/fra501_ws/install/turtlesim_plus_interfaces/lib/libturtlesim_plus_interfaces__rosidl_typesupport_c.so
[4.154s] -- Set runtime path of "/home/tanakon/fra501_ws/install/turtlesim_plus_interfaces/lib/libturtlesim_plus_interfaces__rosidl_typesupport_c.so" to ""
[4.154s] -- Up-to-date: /home/tanakon/fra501_ws/install/turtlesim_plus_interfaces/include/turtlesim_plus_interfaces/turtlesim_plus_interfaces
[4.154s] -- Up-to-date: /home/tanakon/fra501_ws/install/turtlesim_plus_interfaces/include/turtlesim_plus_interfaces/turtlesim_plus_interfaces/msg
[4.154s] -- Installing: /home/tanakon/fra501_ws/install/turtlesim_plus_interfaces/include/turtlesim_plus_interfaces/turtlesim_plus_interfaces/msg/scanner_data.hpp
[4.154s] -- Up-to-date: /home/tanakon/fra501_ws/install/turtlesim_plus_interfaces/include/turtlesim_plus_interfaces/turtlesim_plus_interfaces/msg/detail
[4.154s] -- Installing: /home/tanakon/fra501_ws/install/turtlesim_plus_interfaces/include/turtlesim_plus_interfaces/turtlesim_plus_interfaces/msg/detail/scanner_data_array__builder.hpp
[4.154s] -- Installing: /home/tanakon/fra501_ws/install/turtlesim_plus_interfaces/include/turtlesim_plus_interfaces/turtlesim_plus_interfaces/msg/detail/scanner_data__struct.hpp
[4.154s] -- Installing: /home/tanakon/fra501_ws/install/turtlesim_plus_interfaces/include/turtlesim_plus_interfaces/turtlesim_plus_interfaces/msg/detail/scanner_data__builder.hpp
[4.154s] -- Installing: /home/tanakon/fra501_ws/install/turtlesim_plus_interfaces/include/turtlesim_plus_interfaces/turtlesim_plus_interfaces/msg/detail/scanner_data_array__traits.hpp
[4.154s] -- Installing: /home/tanakon/fra501_ws/install/turtlesim_plus_interfaces/include/turtlesim_plus_interfaces/turtlesim_plus_interfaces/msg/detail/scanner_data__traits.hpp
[4.155s] -- Installing: /home/tanakon/fra501_ws/install/turtlesim_plus_interfaces/include/turtlesim_plus_interfaces/turtlesim_plus_interfaces/msg/detail/scanner_data_array__struct.hpp
[4.155s] -- Installing: /home/tanakon/fra501_ws/install/turtlesim_plus_interfaces/include/turtlesim_plus_interfaces/turtlesim_plus_interfaces/msg/scanner_data_array.hpp
[4.155s] -- Up-to-date: /home/tanakon/fra501_ws/install/turtlesim_plus_interfaces/include/turtlesim_plus_interfaces/turtlesim_plus_interfaces/action
[4.155s] -- Installing: /home/tanakon/fra501_ws/install/turtlesim_plus_interfaces/include/turtlesim_plus_interfaces/turtlesim_plus_interfaces/action/get_data.hpp
[4.155s] -- Up-to-date: /home/tanakon/fra501_ws/install/turtlesim_plus_interfaces/include/turtlesim_plus_interfaces/turtlesim_plus_interfaces/action/detail
[4.155s] -- Installing: /home/tanakon/fra501_ws/install/turtlesim_plus_interfaces/include/turtlesim_plus_interfaces/turtlesim_plus_interfaces/action/detail/get_data__builder.hpp
[4.155s] -- Installing: /home/tanakon/fra501_ws/install/turtlesim_plus_interfaces/include/turtlesim_plus_interfaces/turtlesim_plus_interfaces/action/detail/get_data__traits.hpp
[4.155s] -- Installing: /home/tanakon/fra501_ws/install/turtlesim_plus_interfaces/include/turtlesim_plus_interfaces/turtlesim_plus_interfaces/action/detail/get_data__struct.hpp
[4.155s] -- Up-to-date: /home/tanakon/fra501_ws/install/turtlesim_plus_interfaces/include/turtlesim_plus_interfaces/turtlesim_plus_interfaces/srv
[4.155s] -- Installing: /home/tanakon/fra501_ws/install/turtlesim_plus_interfaces/include/turtlesim_plus_interfaces/turtlesim_plus_interfaces/srv/give_position.hpp
[4.155s] -- Up-to-date: /home/tanakon/fra501_ws/install/turtlesim_plus_interfaces/include/turtlesim_plus_interfaces/turtlesim_plus_interfaces/srv/detail
[4.155s] -- Installing: /home/tanakon/fra501_ws/install/turtlesim_plus_interfaces/include/turtlesim_plus_interfaces/turtlesim_plus_interfaces/srv/detail/give_position__builder.hpp
[4.155s] -- Installing: /home/tanakon/fra501_ws/install/turtlesim_plus_interfaces/include/turtlesim_plus_interfaces/turtlesim_plus_interfaces/srv/detail/give_position__traits.hpp
[4.155s] -- Installing: /home/tanakon/fra501_ws/install/turtlesim_plus_interfaces/include/turtlesim_plus_interfaces/turtlesim_plus_interfaces/srv/detail/give_position__struct.hpp
[4.155s] -- Up-to-date: /home/tanakon/fra501_ws/install/turtlesim_plus_interfaces/include/turtlesim_plus_interfaces/turtlesim_plus_interfaces
[4.155s] -- Up-to-date: /home/tanakon/fra501_ws/install/turtlesim_plus_interfaces/include/turtlesim_plus_interfaces/turtlesim_plus_interfaces/msg
[4.155s] -- Up-to-date: /home/tanakon/fra501_ws/install/turtlesim_plus_interfaces/include/turtlesim_plus_interfaces/turtlesim_plus_interfaces/msg/detail
[4.155s] -- Installing: /home/tanakon/fra501_ws/install/turtlesim_plus_interfaces/include/turtlesim_plus_interfaces/turtlesim_plus_interfaces/msg/detail/scanner_data_array__rosidl_typesupport_fastrtps_cpp.hpp
[4.155s] -- Installing: /home/tanakon/fra501_ws/install/turtlesim_plus_interfaces/include/turtlesim_plus_interfaces/turtlesim_plus_interfaces/msg/detail/scanner_data__rosidl_typesupport_fastrtps_cpp.hpp
[4.155s] -- Installing: /home/tanakon/fra501_ws/install/turtlesim_plus_interfaces/include/turtlesim_plus_interfaces/turtlesim_plus_interfaces/msg/detail/dds_fastrtps
[4.155s] -- Installing: /home/tanakon/fra501_ws/install/turtlesim_plus_interfaces/include/turtlesim_plus_interfaces/turtlesim_plus_interfaces/msg/rosidl_typesupport_fastrtps_cpp__visibility_control.h
[4.155s] -- Up-to-date: /home/tanakon/fra501_ws/install/turtlesim_plus_interfaces/include/turtlesim_plus_interfaces/turtlesim_plus_interfaces/action
[4.155s] -- Up-to-date: /home/tanakon/fra501_ws/install/turtlesim_plus_interfaces/include/turtlesim_plus_interfaces/turtlesim_plus_interfaces/action/detail
[4.156s] -- Installing: /home/tanakon/fra501_ws/install/turtlesim_plus_interfaces/include/turtlesim_plus_interfaces/turtlesim_plus_interfaces/action/detail/get_data__rosidl_typesupport_fastrtps_cpp.hpp
[4.156s] -- Installing: /home/tanakon/fra501_ws/install/turtlesim_plus_interfaces/include/turtlesim_plus_interfaces/turtlesim_plus_interfaces/action/detail/dds_fastrtps
[4.156s] -- Up-to-date: /home/tanakon/fra501_ws/install/turtlesim_plus_interfaces/include/turtlesim_plus_interfaces/turtlesim_plus_interfaces/srv
[4.156s] -- Up-to-date: /home/tanakon/fra501_ws/install/turtlesim_plus_interfaces/include/turtlesim_plus_interfaces/turtlesim_plus_interfaces/srv/detail
[4.156s] -- Installing: /home/tanakon/fra501_ws/install/turtlesim_plus_interfaces/include/turtlesim_plus_interfaces/turtlesim_plus_interfaces/srv/detail/dds_fastrtps
[4.156s] -- Installing: /home/tanakon/fra501_ws/install/turtlesim_plus_interfaces/include/turtlesim_plus_interfaces/turtlesim_plus_interfaces/srv/detail/give_position__rosidl_typesupport_fastrtps_cpp.hpp
[4.156s] -- Installing: /home/tanakon/fra501_ws/install/turtlesim_plus_interfaces/lib/libturtlesim_plus_interfaces__rosidl_typesupport_fastrtps_cpp.so
[4.156s] -- Set runtime path of "/home/tanakon/fra501_ws/install/turtlesim_plus_interfaces/lib/libturtlesim_plus_interfaces__rosidl_typesupport_fastrtps_cpp.so" to ""
[4.156s] -- Up-to-date: /home/tanakon/fra501_ws/install/turtlesim_plus_interfaces/include/turtlesim_plus_interfaces/turtlesim_plus_interfaces
[4.156s] -- Up-to-date: /home/tanakon/fra501_ws/install/turtlesim_plus_interfaces/include/turtlesim_plus_interfaces/turtlesim_plus_interfaces/msg
[4.156s] -- Up-to-date: /home/tanakon/fra501_ws/install/turtlesim_plus_interfaces/include/turtlesim_plus_interfaces/turtlesim_plus_interfaces/msg/detail
[4.156s] -- Installing: /home/tanakon/fra501_ws/install/turtlesim_plus_interfaces/include/turtlesim_plus_interfaces/turtlesim_plus_interfaces/msg/detail/scanner_data__rosidl_typesupport_introspection_cpp.hpp
[4.156s] -- Installing: /home/tanakon/fra501_ws/install/turtlesim_plus_interfaces/include/turtlesim_plus_interfaces/turtlesim_plus_interfaces/msg/detail/scanner_data__type_support.cpp
[4.156s] -- Installing: /home/tanakon/fra501_ws/install/turtlesim_plus_interfaces/include/turtlesim_plus_interfaces/turtlesim_plus_interfaces/msg/detail/scanner_data_array__type_support.cpp
[4.156s] -- Installing: /home/tanakon/fra501_ws/install/turtlesim_plus_interfaces/include/turtlesim_plus_interfaces/turtlesim_plus_interfaces/msg/detail/scanner_data_array__rosidl_typesupport_introspection_cpp.hpp
[4.156s] -- Up-to-date: /home/tanakon/fra501_ws/install/turtlesim_plus_interfaces/include/turtlesim_plus_interfaces/turtlesim_plus_interfaces/action
[4.156s] -- Up-to-date: /home/tanakon/fra501_ws/install/turtlesim_plus_interfaces/include/turtlesim_plus_interfaces/turtlesim_plus_interfaces/action/detail
[4.156s] -- Installing: /home/tanakon/fra501_ws/install/turtlesim_plus_interfaces/include/turtlesim_plus_interfaces/turtlesim_plus_interfaces/action/detail/get_data__rosidl_typesupport_introspection_cpp.hpp
[4.156s] -- Installing: /home/tanakon/fra501_ws/install/turtlesim_plus_interfaces/include/turtlesim_plus_interfaces/turtlesim_plus_interfaces/action/detail/get_data__type_support.cpp
[4.156s] -- Up-to-date: /home/tanakon/fra501_ws/install/turtlesim_plus_interfaces/include/turtlesim_plus_interfaces/turtlesim_plus_interfaces/srv
[4.156s] -- Up-to-date: /home/tanakon/fra501_ws/install/turtlesim_plus_interfaces/include/turtlesim_plus_interfaces/turtlesim_plus_interfaces/srv/detail
[4.156s] -- Installing: /home/tanakon/fra501_ws/install/turtlesim_plus_interfaces/include/turtlesim_plus_interfaces/turtlesim_plus_interfaces/srv/detail/give_position__rosidl_typesupport_introspection_cpp.hpp
[4.156s] -- Installing: /home/tanakon/fra501_ws/install/turtlesim_plus_interfaces/include/turtlesim_plus_interfaces/turtlesim_plus_interfaces/srv/detail/give_position__type_support.cpp
[4.156s] -- Installing: /home/tanakon/fra501_ws/install/turtlesim_plus_interfaces/lib/libturtlesim_plus_interfaces__rosidl_typesupport_introspection_cpp.so
[4.157s] -- Set runtime path of "/home/tanakon/fra501_ws/install/turtlesim_plus_interfaces/lib/libturtlesim_plus_interfaces__rosidl_typesupport_introspection_cpp.so" to ""
[4.157s] -- Installing: /home/tanakon/fra501_ws/install/turtlesim_plus_interfaces/lib/libturtlesim_plus_interfaces__rosidl_typesupport_cpp.so
[4.157s] -- Set runtime path of "/home/tanakon/fra501_ws/install/turtlesim_plus_interfaces/lib/libturtlesim_plus_interfaces__rosidl_typesupport_cpp.so" to ""
[4.157s] -- Installing: /home/tanakon/fra501_ws/install/turtlesim_plus_interfaces/share/turtlesim_plus_interfaces/environment/pythonpath.sh
[4.157s] -- Installing: /home/tanakon/fra501_ws/install/turtlesim_plus_interfaces/share/turtlesim_plus_interfaces/environment/pythonpath.dsv
[4.157s] -- Installing: /home/tanakon/fra501_ws/install/turtlesim_plus_interfaces/local/lib/python3.10/dist-packages/turtlesim_plus_interfaces-0.0.0-py3.10.egg-info
[4.157s] -- Installing: /home/tanakon/fra501_ws/install/turtlesim_plus_interfaces/local/lib/python3.10/dist-packages/turtlesim_plus_interfaces-0.0.0-py3.10.egg-info/dependency_links.txt
[4.157s] -- Installing: /home/tanakon/fra501_ws/install/turtlesim_plus_interfaces/local/lib/python3.10/dist-packages/turtlesim_plus_interfaces-0.0.0-py3.10.egg-info/top_level.txt
[4.157s] -- Installing: /home/tanakon/fra501_ws/install/turtlesim_plus_interfaces/local/lib/python3.10/dist-packages/turtlesim_plus_interfaces-0.0.0-py3.10.egg-info/SOURCES.txt
[4.157s] -- Installing: /home/tanakon/fra501_ws/install/turtlesim_plus_interfaces/local/lib/python3.10/dist-packages/turtlesim_plus_interfaces-0.0.0-py3.10.egg-info/PKG-INFO
[4.157s] -- Installing: /home/tanakon/fra501_ws/install/turtlesim_plus_interfaces/local/lib/python3.10/dist-packages/turtlesim_plus_interfaces
[4.157s] -- Installing: /home/tanakon/fra501_ws/install/turtlesim_plus_interfaces/local/lib/python3.10/dist-packages/turtlesim_plus_interfaces/_turtlesim_plus_interfaces_s.ep.rosidl_typesupport_introspection_c.c
[4.157s] -- Installing: /home/tanakon/fra501_ws/install/turtlesim_plus_interfaces/local/lib/python3.10/dist-packages/turtlesim_plus_interfaces/msg
[4.157s] -- Installing: /home/tanakon/fra501_ws/install/turtlesim_plus_interfaces/local/lib/python3.10/dist-packages/turtlesim_plus_interfaces/msg/_scanner_data_array_s.c
[4.157s] -- Installing: /home/tanakon/fra501_ws/install/turtlesim_plus_interfaces/local/lib/python3.10/dist-packages/turtlesim_plus_interfaces/msg/_scanner_data.py
[4.158s] -- Installing: /home/tanakon/fra501_ws/install/turtlesim_plus_interfaces/local/lib/python3.10/dist-packages/turtlesim_plus_interfaces/msg/__init__.py
[4.158s] -- Installing: /home/tanakon/fra501_ws/install/turtlesim_plus_interfaces/local/lib/python3.10/dist-packages/turtlesim_plus_interfaces/msg/_scanner_data_array.py
[4.158s] -- Installing: /home/tanakon/fra501_ws/install/turtlesim_plus_interfaces/local/lib/python3.10/dist-packages/turtlesim_plus_interfaces/msg/_scanner_data_s.c
[4.158s] -- Installing: /home/tanakon/fra501_ws/install/turtlesim_plus_interfaces/local/lib/python3.10/dist-packages/turtlesim_plus_interfaces/turtlesim_plus_interfaces_s__rosidl_typesupport_fastrtps_c.cpython-310-x86_64-linux-gnu.so
[4.158s] -- Installing: /home/tanakon/fra501_ws/install/turtlesim_plus_interfaces/local/lib/python3.10/dist-packages/turtlesim_plus_interfaces/_turtlesim_plus_interfaces_s.ep.rosidl_typesupport_c.c
[4.158s] -- Installing: /home/tanakon/fra501_ws/install/turtlesim_plus_interfaces/local/lib/python3.10/dist-packages/turtlesim_plus_interfaces/action
[4.158s] -- Installing: /home/tanakon/fra501_ws/install/turtlesim_plus_interfaces/local/lib/python3.10/dist-packages/turtlesim_plus_interfaces/action/_get_data_s.c
[4.158s] -- Installing: /home/tanakon/fra501_ws/install/turtlesim_plus_interfaces/local/lib/python3.10/dist-packages/turtlesim_plus_interfaces/action/_get_data.py
[4.158s] -- Installing: /home/tanakon/fra501_ws/install/turtlesim_plus_interfaces/local/lib/python3.10/dist-packages/turtlesim_plus_interfaces/action/__init__.py
[4.158s] -- Installing: /home/tanakon/fra501_ws/install/turtlesim_plus_interfaces/local/lib/python3.10/dist-packages/turtlesim_plus_interfaces/_turtlesim_plus_interfaces_s.ep.rosidl_typesupport_fastrtps_c.c
[4.158s] -- Installing: /home/tanakon/fra501_ws/install/turtlesim_plus_interfaces/local/lib/python3.10/dist-packages/turtlesim_plus_interfaces/libturtlesim_plus_interfaces__rosidl_generator_py.so
[4.158s] -- Installing: /home/tanakon/fra501_ws/install/turtlesim_plus_interfaces/local/lib/python3.10/dist-packages/turtlesim_plus_interfaces/__init__.py
[4.158s] -- Installing: /home/tanakon/fra501_ws/install/turtlesim_plus_interfaces/local/lib/python3.10/dist-packages/turtlesim_plus_interfaces/turtlesim_plus_interfaces_s__rosidl_typesupport_introspection_c.cpython-310-x86_64-linux-gnu.so
[4.158s] -- Installing: /home/tanakon/fra501_ws/install/turtlesim_plus_interfaces/local/lib/python3.10/dist-packages/turtlesim_plus_interfaces/srv
[4.158s] -- Installing: /home/tanakon/fra501_ws/install/turtlesim_plus_interfaces/local/lib/python3.10/dist-packages/turtlesim_plus_interfaces/srv/_give_position_s.c
[4.158s] -- Installing: /home/tanakon/fra501_ws/install/turtlesim_plus_interfaces/local/lib/python3.10/dist-packages/turtlesim_plus_interfaces/srv/_give_position.py
[4.158s] -- Installing: /home/tanakon/fra501_ws/install/turtlesim_plus_interfaces/local/lib/python3.10/dist-packages/turtlesim_plus_interfaces/srv/__init__.py
[4.159s] -- Installing: /home/tanakon/fra501_ws/install/turtlesim_plus_interfaces/local/lib/python3.10/dist-packages/turtlesim_plus_interfaces/turtlesim_plus_interfaces_s__rosidl_typesupport_c.cpython-310-x86_64-linux-gnu.so
[4.186s] Listing '/home/tanakon/fra501_ws/install/turtlesim_plus_interfaces/local/lib/python3.10/dist-packages/turtlesim_plus_interfaces'...
[4.186s] Compiling '/home/tanakon/fra501_ws/install/turtlesim_plus_interfaces/local/lib/python3.10/dist-packages/turtlesim_plus_interfaces/__init__.py'...
[4.186s] Listing '/home/tanakon/fra501_ws/install/turtlesim_plus_interfaces/local/lib/python3.10/dist-packages/turtlesim_plus_interfaces/action'...
[4.186s] Compiling '/home/tanakon/fra501_ws/install/turtlesim_plus_interfaces/local/lib/python3.10/dist-packages/turtlesim_plus_interfaces/action/__init__.py'...
[4.186s] Compiling '/home/tanakon/fra501_ws/install/turtlesim_plus_interfaces/local/lib/python3.10/dist-packages/turtlesim_plus_interfaces/action/_get_data.py'...
[4.186s] Listing '/home/tanakon/fra501_ws/install/turtlesim_plus_interfaces/local/lib/python3.10/dist-packages/turtlesim_plus_interfaces/msg'...
[4.186s] Compiling '/home/tanakon/fra501_ws/install/turtlesim_plus_interfaces/local/lib/python3.10/dist-packages/turtlesim_plus_interfaces/msg/__init__.py'...
[4.186s] Compiling '/home/tanakon/fra501_ws/install/turtlesim_plus_interfaces/local/lib/python3.10/dist-packages/turtlesim_plus_interfaces/msg/_scanner_data.py'...
[4.186s] Compiling '/home/tanakon/fra501_ws/install/turtlesim_plus_interfaces/local/lib/python3.10/dist-packages/turtlesim_plus_interfaces/msg/_scanner_data_array.py'...
[4.186s] Listing '/home/tanakon/fra501_ws/install/turtlesim_plus_interfaces/local/lib/python3.10/dist-packages/turtlesim_plus_interfaces/srv'...
[4.186s] Compiling '/home/tanakon/fra501_ws/install/turtlesim_plus_interfaces/local/lib/python3.10/dist-packages/turtlesim_plus_interfaces/srv/__init__.py'...
[4.186s] Compiling '/home/tanakon/fra501_ws/install/turtlesim_plus_interfaces/local/lib/python3.10/dist-packages/turtlesim_plus_interfaces/srv/_give_position.py'...
[4.189s] -- Installing: /home/tanakon/fra501_ws/install/turtlesim_plus_interfaces/local/lib/python3.10/dist-packages/turtlesim_plus_interfaces/turtlesim_plus_interfaces_s__rosidl_typesupport_fastrtps_c.cpython-310-x86_64-linux-gnu.so
[4.189s] -- Set runtime path of "/home/tanakon/fra501_ws/install/turtlesim_plus_interfaces/local/lib/python3.10/dist-packages/turtlesim_plus_interfaces/turtlesim_plus_interfaces_s__rosidl_typesupport_fastrtps_c.cpython-310-x86_64-linux-gnu.so" to ""
[4.189s] -- Installing: /home/tanakon/fra501_ws/install/turtlesim_plus_interfaces/local/lib/python3.10/dist-packages/turtlesim_plus_interfaces/turtlesim_plus_interfaces_s__rosidl_typesupport_introspection_c.cpython-310-x86_64-linux-gnu.so
[4.190s] -- Set runtime path of "/home/tanakon/fra501_ws/install/turtlesim_plus_interfaces/local/lib/python3.10/dist-packages/turtlesim_plus_interfaces/turtlesim_plus_interfaces_s__rosidl_typesupport_introspection_c.cpython-310-x86_64-linux-gnu.so" to ""
[4.190s] -- Installing: /home/tanakon/fra501_ws/install/turtlesim_plus_interfaces/local/lib/python3.10/dist-packages/turtlesim_plus_interfaces/turtlesim_plus_interfaces_s__rosidl_typesupport_c.cpython-310-x86_64-linux-gnu.so
[4.190s] -- Set runtime path of "/home/tanakon/fra501_ws/install/turtlesim_plus_interfaces/local/lib/python3.10/dist-packages/turtlesim_plus_interfaces/turtlesim_plus_interfaces_s__rosidl_typesupport_c.cpython-310-x86_64-linux-gnu.so" to ""
[4.190s] -- Installing: /home/tanakon/fra501_ws/install/turtlesim_plus_interfaces/lib/libturtlesim_plus_interfaces__rosidl_generator_py.so
[4.190s] -- Set runtime path of "/home/tanakon/fra501_ws/install/turtlesim_plus_interfaces/lib/libturtlesim_plus_interfaces__rosidl_generator_py.so" to ""
[4.190s] -- Installing: /home/tanakon/fra501_ws/install/turtlesim_plus_interfaces/share/turtlesim_plus_interfaces/msg/ScannerData.idl
[4.190s] -- Installing: /home/tanakon/fra501_ws/install/turtlesim_plus_interfaces/share/turtlesim_plus_interfaces/msg/ScannerDataArray.idl
[4.191s] -- Installing: /home/tanakon/fra501_ws/install/turtlesim_plus_interfaces/share/turtlesim_plus_interfaces/srv/GivePosition.idl
[4.191s] -- Installing: /home/tanakon/fra501_ws/install/turtlesim_plus_interfaces/share/turtlesim_plus_interfaces/action/GetData.idl
[4.191s] -- Installing: /home/tanakon/fra501_ws/install/turtlesim_plus_interfaces/share/turtlesim_plus_interfaces/msg/ScannerData.msg
[4.191s] -- Installing: /home/tanakon/fra501_ws/install/turtlesim_plus_interfaces/share/turtlesim_plus_interfaces/msg/ScannerDataArray.msg
[4.191s] -- Installing: /home/tanakon/fra501_ws/install/turtlesim_plus_interfaces/share/turtlesim_plus_interfaces/srv/GivePosition.srv
[4.191s] -- Installing: /home/tanakon/fra501_ws/install/turtlesim_plus_interfaces/share/turtlesim_plus_interfaces/srv/GivePosition_Request.msg
[4.191s] -- Installing: /home/tanakon/fra501_ws/install/turtlesim_plus_interfaces/share/turtlesim_plus_interfaces/srv/GivePosition_Response.msg
[4.191s] -- Installing: /home/tanakon/fra501_ws/install/turtlesim_plus_interfaces/share/turtlesim_plus_interfaces/action/GetData.action
[4.191s] -- Installing: /home/tanakon/fra501_ws/install/turtlesim_plus_interfaces/share/ament_index/resource_index/package_run_dependencies/turtlesim_plus_interfaces
[4.191s] -- Installing: /home/tanakon/fra501_ws/install/turtlesim_plus_interfaces/share/ament_index/resource_index/parent_prefix_path/turtlesim_plus_interfaces
[4.191s] -- Installing: /home/tanakon/fra501_ws/install/turtlesim_plus_interfaces/share/turtlesim_plus_interfaces/environment/ament_prefix_path.sh
[4.191s] -- Installing: /home/tanakon/fra501_ws/install/turtlesim_plus_interfaces/share/turtlesim_plus_interfaces/environment/ament_prefix_path.dsv
[4.191s] -- Installing: /home/tanakon/fra501_ws/install/turtlesim_plus_interfaces/share/turtlesim_plus_interfaces/environment/path.sh
[4.191s] -- Installing: /home/tanakon/fra501_ws/install/turtlesim_plus_interfaces/share/turtlesim_plus_interfaces/environment/path.dsv
[4.192s] -- Installing: /home/tanakon/fra501_ws/install/turtlesim_plus_interfaces/share/turtlesim_plus_interfaces/local_setup.bash
[4.192s] -- Installing: /home/tanakon/fra501_ws/install/turtlesim_plus_interfaces/share/turtlesim_plus_interfaces/local_setup.sh
[4.192s] -- Installing: /home/tanakon/fra501_ws/install/turtlesim_plus_interfaces/share/turtlesim_plus_interfaces/local_setup.zsh
[4.192s] -- Installing: /home/tanakon/fra501_ws/install/turtlesim_plus_interfaces/share/turtlesim_plus_interfaces/local_setup.dsv
[4.192s] -- Installing: /home/tanakon/fra501_ws/install/turtlesim_plus_interfaces/share/turtlesim_plus_interfaces/package.dsv
[4.192s] -- Installing: /home/tanakon/fra501_ws/install/turtlesim_plus_interfaces/share/ament_index/resource_index/packages/turtlesim_plus_interfaces
[4.192s] -- Installing: /home/tanakon/fra501_ws/install/turtlesim_plus_interfaces/share/turtlesim_plus_interfaces/cmake/export_turtlesim_plus_interfaces__rosidl_generator_cExport.cmake
[4.192s] -- Installing: /home/tanakon/fra501_ws/install/turtlesim_plus_interfaces/share/turtlesim_plus_interfaces/cmake/export_turtlesim_plus_interfaces__rosidl_generator_cExport-noconfig.cmake
[4.192s] -- Installing: /home/tanakon/fra501_ws/install/turtlesim_plus_interfaces/share/turtlesim_plus_interfaces/cmake/export_turtlesim_plus_interfaces__rosidl_typesupport_fastrtps_cExport.cmake
[4.192s] -- Installing: /home/tanakon/fra501_ws/install/turtlesim_plus_interfaces/share/turtlesim_plus_interfaces/cmake/export_turtlesim_plus_interfaces__rosidl_typesupport_fastrtps_cExport-noconfig.cmake
[4.192s] -- Installing: /home/tanakon/fra501_ws/install/turtlesim_plus_interfaces/share/turtlesim_plus_interfaces/cmake/turtlesim_plus_interfaces__rosidl_typesupport_introspection_cExport.cmake
[4.192s] -- Installing: /home/tanakon/fra501_ws/install/turtlesim_plus_interfaces/share/turtlesim_plus_interfaces/cmake/turtlesim_plus_interfaces__rosidl_typesupport_introspection_cExport-noconfig.cmake
[4.192s] -- Installing: /home/tanakon/fra501_ws/install/turtlesim_plus_interfaces/share/turtlesim_plus_interfaces/cmake/turtlesim_plus_interfaces__rosidl_typesupport_cExport.cmake
[4.193s] -- Installing: /home/tanakon/fra501_ws/install/turtlesim_plus_interfaces/share/turtlesim_plus_interfaces/cmake/turtlesim_plus_interfaces__rosidl_typesupport_cExport-noconfig.cmake
[4.193s] -- Installing: /home/tanakon/fra501_ws/install/turtlesim_plus_interfaces/share/turtlesim_plus_interfaces/cmake/export_turtlesim_plus_interfaces__rosidl_generator_cppExport.cmake
[4.193s] -- Installing: /home/tanakon/fra501_ws/install/turtlesim_plus_interfaces/share/turtlesim_plus_interfaces/cmake/export_turtlesim_plus_interfaces__rosidl_typesupport_fastrtps_cppExport.cmake
[4.193s] -- Installing: /home/tanakon/fra501_ws/install/turtlesim_plus_interfaces/share/turtlesim_plus_interfaces/cmake/export_turtlesim_plus_interfaces__rosidl_typesupport_fastrtps_cppExport-noconfig.cmake
[4.193s] -- Installing: /home/tanakon/fra501_ws/install/turtlesim_plus_interfaces/share/turtlesim_plus_interfaces/cmake/turtlesim_plus_interfaces__rosidl_typesupport_introspection_cppExport.cmake
[4.193s] -- Installing: /home/tanakon/fra501_ws/install/turtlesim_plus_interfaces/share/turtlesim_plus_interfaces/cmake/turtlesim_plus_interfaces__rosidl_typesupport_introspection_cppExport-noconfig.cmake
[4.193s] -- Installing: /home/tanakon/fra501_ws/install/turtlesim_plus_interfaces/share/turtlesim_plus_interfaces/cmake/turtlesim_plus_interfaces__rosidl_typesupport_cppExport.cmake
[4.193s] -- Installing: /home/tanakon/fra501_ws/install/turtlesim_plus_interfaces/share/turtlesim_plus_interfaces/cmake/turtlesim_plus_interfaces__rosidl_typesupport_cppExport-noconfig.cmake
[4.193s] -- Installing: /home/tanakon/fra501_ws/install/turtlesim_plus_interfaces/share/turtlesim_plus_interfaces/cmake/export_turtlesim_plus_interfaces__rosidl_generator_pyExport.cmake
[4.193s] -- Installing: /home/tanakon/fra501_ws/install/turtlesim_plus_interfaces/share/turtlesim_plus_interfaces/cmake/export_turtlesim_plus_interfaces__rosidl_generator_pyExport-noconfig.cmake
[4.193s] -- Installing: /home/tanakon/fra501_ws/install/turtlesim_plus_interfaces/share/turtlesim_plus_interfaces/cmake/rosidl_cmake-extras.cmake
[4.193s] -- Installing: /home/tanakon/fra501_ws/install/turtlesim_plus_interfaces/share/turtlesim_plus_interfaces/cmake/ament_cmake_export_dependencies-extras.cmake
[4.193s] -- Installing: /home/tanakon/fra501_ws/install/turtlesim_plus_interfaces/share/turtlesim_plus_interfaces/cmake/ament_cmake_export_include_directories-extras.cmake
[4.194s] -- Installing: /home/tanakon/fra501_ws/install/turtlesim_plus_interfaces/share/turtlesim_plus_interfaces/cmake/ament_cmake_export_libraries-extras.cmake
[4.194s] -- Installing: /home/tanakon/fra501_ws/install/turtlesim_plus_interfaces/share/turtlesim_plus_interfaces/cmake/ament_cmake_export_targets-extras.cmake
[4.194s] -- Installing: /home/tanakon/fra501_ws/install/turtlesim_plus_interfaces/share/turtlesim_plus_interfaces/cmake/rosidl_cmake_export_typesupport_targets-extras.cmake
[4.194s] -- Installing: /home/tanakon/fra501_ws/install/turtlesim_plus_interfaces/share/turtlesim_plus_interfaces/cmake/rosidl_cmake_export_typesupport_libraries-extras.cmake
[4.194s] -- Installing: /home/tanakon/fra501_ws/install/turtlesim_plus_interfaces/share/turtlesim_plus_interfaces/cmake/turtlesim_plus_interfacesConfig.cmake
[4.194s] -- Installing: /home/tanakon/fra501_ws/install/turtlesim_plus_interfaces/share/turtlesim_plus_interfaces/cmake/turtlesim_plus_interfacesConfig-version.cmake
[4.194s] -- Installing: /home/tanakon/fra501_ws/install/turtlesim_plus_interfaces/share/turtlesim_plus_interfaces/package.xml
[4.195s] Invoked command in '/home/tanakon/fra501_ws/build/turtlesim_plus_interfaces' returned '0': CMAKE_PREFIX_PATH=${CMAKE_PREFIX_PATH}:/opt/ros/humble /usr/bin/cmake --install /home/tanakon/fra501_ws/build/turtlesim_plus_interfaces
