-- The C compiler identification is GNU 11.4.0
-- The CXX compiler identification is GNU 11.4.0
-- Detecting C compiler ABI info
-- Detecting C compiler ABI info - done
-- Check for working C compiler: /usr/bin/cc - skipped
-- Detecting C compile features
-- Detecting C compile features - done
-- Detecting CXX compiler ABI info
-- Detecting CXX compiler ABI info - done
-- Check for working CXX compiler: /usr/bin/c++ - skipped
-- Detecting CXX compile features
-- Detecting CXX compile features - done
-- Found ament_cmake: 1.3.5 (/opt/ros/humble/share/ament_cmake/cmake)
-- Found Python3: /usr/bin/python3.10 (found version "3.10.12") found components: Interpreter 
-- Found rclcpp: 16.0.5 (/opt/ros/humble/share/rclcpp/cmake)
-- Found rosidl_generator_c: 3.1.5 (/opt/ros/humble/share/rosidl_generator_c/cmake)
-- Found rosidl_adapter: 3.1.5 (/opt/ros/humble/share/rosidl_adapter/cmake)
-- Found rosidl_generator_cpp: 3.1.5 (/opt/ros/humble/share/rosidl_generator_cpp/cmake)
-- Using all available rosidl_typesupport_c: rosidl_typesupport_fastrtps_c;rosidl_typesupport_introspection_c
-- Using all available rosidl_typesupport_cpp: rosidl_typesupport_fastrtps_cpp;rosidl_typesupport_introspection_cpp
-- Found rmw_implementation_cmake: 6.1.1 (/opt/ros/humble/share/rmw_implementation_cmake/cmake)
-- Found rmw_fastrtps_cpp: 6.2.3 (/opt/ros/humble/share/rmw_fastrtps_cpp/cmake)
-- Found OpenSSL: /usr/lib/x86_64-linux-gnu/libcrypto.so (found version "3.0.2")  
-- Found FastRTPS: /opt/ros/humble/include  
-- Using RMW implementation 'rmw_fastrtps_cpp' as default
-- Looking for pthread.h
-- Looking for pthread.h - found
-- Performing Test CMAKE_HAVE_LIBC_PTHREAD
-- Performing Test CMAKE_HAVE_LIBC_PTHREAD - Success
-- Found Threads: TRUE  
-- Found rclpy: 3.3.9 (/opt/ros/humble/share/rclpy/cmake)
-- Configuring done
-- Generating done
-- Build files have been written to: /home/tanakon/fra501_ws/build/my_controller
[ 50%] [32mBuilding CXX object CMakeFiles/cpp_node_test.dir/src/cpp_node.cpp.o[0m
[ 50%] Built target ament_cmake_python_copy_my_controller
[100%] [32m[1mLinking CXX executable cpp_node_test[0m
running egg_info
creating my_controller.egg-info
writing my_controller.egg-info/PKG-INFO
writing dependency_links to my_controller.egg-info/dependency_links.txt
writing top-level names to my_controller.egg-info/top_level.txt
writing manifest file 'my_controller.egg-info/SOURCES.txt'
reading manifest file 'my_controller.egg-info/SOURCES.txt'
writing manifest file 'my_controller.egg-info/SOURCES.txt'
[100%] Built target ament_cmake_python_build_my_controller_egg
[100%] Built target cpp_node_test
-- Install configuration: ""
-- Installing: /home/tanakon/fra501_ws/install/my_controller/share/my_controller/environment/pythonpath.sh
-- Installing: /home/tanakon/fra501_ws/install/my_controller/share/my_controller/environment/pythonpath.dsv
-- Installing: /home/tanakon/fra501_ws/install/my_controller/local/lib/python3.10/dist-packages/my_controller-0.0.0-py3.10.egg-info
-- Installing: /home/tanakon/fra501_ws/install/my_controller/local/lib/python3.10/dist-packages/my_controller-0.0.0-py3.10.egg-info/dependency_links.txt
-- Installing: /home/tanakon/fra501_ws/install/my_controller/local/lib/python3.10/dist-packages/my_controller-0.0.0-py3.10.egg-info/top_level.txt
-- Installing: /home/tanakon/fra501_ws/install/my_controller/local/lib/python3.10/dist-packages/my_controller-0.0.0-py3.10.egg-info/SOURCES.txt
-- Installing: /home/tanakon/fra501_ws/install/my_controller/local/lib/python3.10/dist-packages/my_controller-0.0.0-py3.10.egg-info/PKG-INFO
-- Installing: /home/tanakon/fra501_ws/install/my_controller/local/lib/python3.10/dist-packages/my_controller
-- Installing: /home/tanakon/fra501_ws/install/my_controller/local/lib/python3.10/dist-packages/my_controller/dummy_module.py
-- Installing: /home/tanakon/fra501_ws/install/my_controller/local/lib/python3.10/dist-packages/my_controller/__init__.py
Listing '/home/tanakon/fra501_ws/install/my_controller/local/lib/python3.10/dist-packages/my_controller'...
Compiling '/home/tanakon/fra501_ws/install/my_controller/local/lib/python3.10/dist-packages/my_controller/__init__.py'...
Compiling '/home/tanakon/fra501_ws/install/my_controller/local/lib/python3.10/dist-packages/my_controller/dummy_module.py'...
-- Installing: /home/tanakon/fra501_ws/install/my_controller/lib/my_controller/dummy_script.py
-- Installing: /home/tanakon/fra501_ws/install/my_controller/lib/my_controller/my_controller.py
-- Installing: /home/tanakon/fra501_ws/install/my_controller/lib/my_controller/cpp_node_test
-- Set runtime path of "/home/tanakon/fra501_ws/install/my_controller/lib/my_controller/cpp_node_test" to ""
-- Up-to-date: /home/tanakon/fra501_ws/install/my_controller/share/my_controller
-- Installing: /home/tanakon/fra501_ws/install/my_controller/share/ament_index/resource_index/package_run_dependencies/my_controller
-- Installing: /home/tanakon/fra501_ws/install/my_controller/share/ament_index/resource_index/parent_prefix_path/my_controller
-- Installing: /home/tanakon/fra501_ws/install/my_controller/share/my_controller/environment/ament_prefix_path.sh
-- Installing: /home/tanakon/fra501_ws/install/my_controller/share/my_controller/environment/ament_prefix_path.dsv
-- Installing: /home/tanakon/fra501_ws/install/my_controller/share/my_controller/environment/path.sh
-- Installing: /home/tanakon/fra501_ws/install/my_controller/share/my_controller/environment/path.dsv
-- Installing: /home/tanakon/fra501_ws/install/my_controller/share/my_controller/local_setup.bash
-- Installing: /home/tanakon/fra501_ws/install/my_controller/share/my_controller/local_setup.sh
-- Installing: /home/tanakon/fra501_ws/install/my_controller/share/my_controller/local_setup.zsh
-- Installing: /home/tanakon/fra501_ws/install/my_controller/share/my_controller/local_setup.dsv
-- Installing: /home/tanakon/fra501_ws/install/my_controller/share/my_controller/package.dsv
-- Installing: /home/tanakon/fra501_ws/install/my_controller/share/ament_index/resource_index/packages/my_controller
-- Installing: /home/tanakon/fra501_ws/install/my_controller/share/my_controller/cmake/my_controllerConfig.cmake
-- Installing: /home/tanakon/fra501_ws/install/my_controller/share/my_controller/cmake/my_controllerConfig-version.cmake
-- Installing: /home/tanakon/fra501_ws/install/my_controller/share/my_controller/package.xml
