[0.027s] Invoking command in '/home/tanakon/fra501_ws/build/my_controller': CMAKE_PREFIX_PATH=${CMAKE_PREFIX_PATH}:/opt/ros/humble /usr/bin/cmake /home/tanakon/fra501_ws/src/my_controller -DCMAKE_INSTALL_PREFIX=/home/tanakon/fra501_ws/install/my_controller
[0.060s] -- The C compiler identification is GNU 11.4.0
[0.096s] -- The CXX compiler identification is GNU 11.4.0
[0.100s] -- Detecting C compiler ABI info
[0.146s] -- Detecting C compiler ABI info - done
[0.151s] -- Check for working C compiler: /usr/bin/cc - skipped
[0.151s] -- Detecting C compile features
[0.151s] -- Detecting C compile features - done
[0.153s] -- Detecting CXX compiler ABI info
[0.204s] -- Detecting CXX compiler ABI info - done
[0.209s] -- Check for working CXX compiler: /usr/bin/c++ - skipped
[0.210s] -- Detecting CXX compile features
[0.210s] -- Detecting CXX compile features - done
[0.211s] -- Found ament_cmake: 1.3.5 (/opt/ros/humble/share/ament_cmake/cmake)
[0.330s] -- Found Python3: /usr/bin/python3.10 (found version "3.10.12") found components: Interpreter 
[0.386s] -- Found rclcpp: 16.0.5 (/opt/ros/humble/share/rclcpp/cmake)
[0.410s] -- Found rosidl_generator_c: 3.1.5 (/opt/ros/humble/share/rosidl_generator_c/cmake)
[0.413s] -- Found rosidl_adapter: 3.1.5 (/opt/ros/humble/share/rosidl_adapter/cmake)
[0.418s] -- Found rosidl_generator_cpp: 3.1.5 (/opt/ros/humble/share/rosidl_generator_cpp/cmake)
[0.426s] -- Using all available rosidl_typesupport_c: rosidl_typesupport_fastrtps_c;rosidl_typesupport_introspection_c
[0.442s] -- Using all available rosidl_typesupport_cpp: rosidl_typesupport_fastrtps_cpp;rosidl_typesupport_introspection_cpp
[0.516s] -- Found rmw_implementation_cmake: 6.1.1 (/opt/ros/humble/share/rmw_implementation_cmake/cmake)
[0.518s] -- Found rmw_fastrtps_cpp: 6.2.3 (/opt/ros/humble/share/rmw_fastrtps_cpp/cmake)
[0.590s] -- Found OpenSSL: /usr/lib/x86_64-linux-gnu/libcrypto.so (found version "3.0.2")  
[0.608s] -- Found FastRTPS: /opt/ros/humble/include  
[0.639s] -- Using RMW implementation 'rmw_fastrtps_cpp' as default
[0.644s] -- Looking for pthread.h
[0.686s] -- Looking for pthread.h - found
[0.687s] -- Performing Test CMAKE_HAVE_LIBC_PTHREAD
[0.731s] -- Performing Test CMAKE_HAVE_LIBC_PTHREAD - Success
[0.732s] -- Found Threads: TRUE  
[0.837s] -- Found rclpy: 3.3.9 (/opt/ros/humble/share/rclpy/cmake)
[0.946s] -- Configuring done
[0.953s] -- Generating done
[0.954s] -- Build files have been written to: /home/tanakon/fra501_ws/build/my_controller
[0.963s] Invoked command in '/home/tanakon/fra501_ws/build/my_controller' returned '0': CMAKE_PREFIX_PATH=${CMAKE_PREFIX_PATH}:/opt/ros/humble /usr/bin/cmake /home/tanakon/fra501_ws/src/my_controller -DCMAKE_INSTALL_PREFIX=/home/tanakon/fra501_ws/install/my_controller
[0.964s] Invoking command in '/home/tanakon/fra501_ws/build/my_controller': CMAKE_PREFIX_PATH=${CMAKE_PREFIX_PATH}:/opt/ros/humble /usr/bin/cmake --build /home/tanakon/fra501_ws/build/my_controller -- -j16 -l16
[0.993s] [ 50%] [32mBuilding CXX object CMakeFiles/cpp_node_test.dir/src/cpp_node.cpp.o[0m
[0.999s] [ 50%] Built target ament_cmake_python_copy_my_controller
[1.197s] [100%] [32m[1mLinking CXX executable cpp_node_test[0m
[1.201s] running egg_info
[1.202s] creating my_controller.egg-info
[1.202s] writing my_controller.egg-info/PKG-INFO
[1.202s] writing dependency_links to my_controller.egg-info/dependency_links.txt
[1.203s] writing top-level names to my_controller.egg-info/top_level.txt
[1.203s] writing manifest file 'my_controller.egg-info/SOURCES.txt'
[1.203s] reading manifest file 'my_controller.egg-info/SOURCES.txt'
[1.204s] writing manifest file 'my_controller.egg-info/SOURCES.txt'
[1.236s] [100%] Built target ament_cmake_python_build_my_controller_egg
[1.275s] [100%] Built target cpp_node_test
[1.298s] Invoked command in '/home/tanakon/fra501_ws/build/my_controller' returned '0': CMAKE_PREFIX_PATH=${CMAKE_PREFIX_PATH}:/opt/ros/humble /usr/bin/cmake --build /home/tanakon/fra501_ws/build/my_controller -- -j16 -l16
[1.324s] Invoking command in '/home/tanakon/fra501_ws/build/my_controller': CMAKE_PREFIX_PATH=${CMAKE_PREFIX_PATH}:/opt/ros/humble /usr/bin/cmake --install /home/tanakon/fra501_ws/build/my_controller
[1.331s] -- Install configuration: ""
[1.331s] -- Installing: /home/tanakon/fra501_ws/install/my_controller/share/my_controller/environment/pythonpath.sh
[1.331s] -- Installing: /home/tanakon/fra501_ws/install/my_controller/share/my_controller/environment/pythonpath.dsv
[1.331s] -- Installing: /home/tanakon/fra501_ws/install/my_controller/local/lib/python3.10/dist-packages/my_controller-0.0.0-py3.10.egg-info
[1.331s] -- Installing: /home/tanakon/fra501_ws/install/my_controller/local/lib/python3.10/dist-packages/my_controller-0.0.0-py3.10.egg-info/dependency_links.txt
[1.331s] -- Installing: /home/tanakon/fra501_ws/install/my_controller/local/lib/python3.10/dist-packages/my_controller-0.0.0-py3.10.egg-info/top_level.txt
[1.331s] -- Installing: /home/tanakon/fra501_ws/install/my_controller/local/lib/python3.10/dist-packages/my_controller-0.0.0-py3.10.egg-info/SOURCES.txt
[1.332s] -- Installing: /home/tanakon/fra501_ws/install/my_controller/local/lib/python3.10/dist-packages/my_controller-0.0.0-py3.10.egg-info/PKG-INFO
[1.332s] -- Installing: /home/tanakon/fra501_ws/install/my_controller/local/lib/python3.10/dist-packages/my_controller
[1.332s] -- Installing: /home/tanakon/fra501_ws/install/my_controller/local/lib/python3.10/dist-packages/my_controller/dummy_module.py
[1.332s] -- Installing: /home/tanakon/fra501_ws/install/my_controller/local/lib/python3.10/dist-packages/my_controller/__init__.py
[1.366s] Listing '/home/tanakon/fra501_ws/install/my_controller/local/lib/python3.10/dist-packages/my_controller'...
[1.366s] Compiling '/home/tanakon/fra501_ws/install/my_controller/local/lib/python3.10/dist-packages/my_controller/__init__.py'...
[1.366s] Compiling '/home/tanakon/fra501_ws/install/my_controller/local/lib/python3.10/dist-packages/my_controller/dummy_module.py'...
[1.374s] -- Installing: /home/tanakon/fra501_ws/install/my_controller/lib/my_controller/dummy_script.py
[1.374s] -- Installing: /home/tanakon/fra501_ws/install/my_controller/lib/my_controller/my_controller.py
[1.374s] -- Installing: /home/tanakon/fra501_ws/install/my_controller/lib/my_controller/cpp_node_test
[1.374s] -- Set runtime path of "/home/tanakon/fra501_ws/install/my_controller/lib/my_controller/cpp_node_test" to ""
[1.374s] -- Up-to-date: /home/tanakon/fra501_ws/install/my_controller/share/my_controller
[1.374s] -- Installing: /home/tanakon/fra501_ws/install/my_controller/share/ament_index/resource_index/package_run_dependencies/my_controller
[1.374s] -- Installing: /home/tanakon/fra501_ws/install/my_controller/share/ament_index/resource_index/parent_prefix_path/my_controller
[1.375s] -- Installing: /home/tanakon/fra501_ws/install/my_controller/share/my_controller/environment/ament_prefix_path.sh
[1.375s] -- Installing: /home/tanakon/fra501_ws/install/my_controller/share/my_controller/environment/ament_prefix_path.dsv
[1.375s] -- Installing: /home/tanakon/fra501_ws/install/my_controller/share/my_controller/environment/path.sh
[1.375s] -- Installing: /home/tanakon/fra501_ws/install/my_controller/share/my_controller/environment/path.dsv
[1.375s] -- Installing: /home/tanakon/fra501_ws/install/my_controller/share/my_controller/local_setup.bash
[1.375s] -- Installing: /home/tanakon/fra501_ws/install/my_controller/share/my_controller/local_setup.sh
[1.375s] -- Installing: /home/tanakon/fra501_ws/install/my_controller/share/my_controller/local_setup.zsh
[1.375s] -- Installing: /home/tanakon/fra501_ws/install/my_controller/share/my_controller/local_setup.dsv
[1.376s] -- Installing: /home/tanakon/fra501_ws/install/my_controller/share/my_controller/package.dsv
[1.376s] -- Installing: /home/tanakon/fra501_ws/install/my_controller/share/ament_index/resource_index/packages/my_controller
[1.376s] -- Installing: /home/tanakon/fra501_ws/install/my_controller/share/my_controller/cmake/my_controllerConfig.cmake
[1.376s] -- Installing: /home/tanakon/fra501_ws/install/my_controller/share/my_controller/cmake/my_controllerConfig-version.cmake
[1.376s] -- Installing: /home/tanakon/fra501_ws/install/my_controller/share/my_controller/package.xml
[1.381s] Invoked command in '/home/tanakon/fra501_ws/build/my_controller' returned '0': CMAKE_PREFIX_PATH=${CMAKE_PREFIX_PATH}:/opt/ros/humble /usr/bin/cmake --install /home/tanakon/fra501_ws/build/my_controller
