[0.019s] Invoking command in '/home/tanakon/fra501_ws/build/turtlesim_interfaces': CMAKE_PREFIX_PATH=${CMAKE_PREFIX_PATH}:/opt/ros/humble /usr/bin/cmake --build /home/tanakon/fra501_ws/build/turtlesim_interfaces -- -j16 -l16
[0.049s] [  9%] Built target turtlesim_interfaces__cpp
[0.049s] [ 12%] Built target turtlesim_interfaces__rosidl_generator_c
[0.061s] [ 12%] Built target ament_cmake_python_copy_turtlesim_interfaces
[0.071s] [ 22%] Built target turtlesim_interfaces__rosidl_typesupport_introspection_c
[0.071s] [ 32%] Built target turtlesim_interfaces__rosidl_typesupport_fastrtps_c
[0.071s] [ 41%] Built target turtlesim_interfaces__rosidl_typesupport_c
[0.074s] [ 51%] Built target turtlesim_interfaces__rosidl_typesupport_introspection_cpp
[0.080s] [ 61%] Built target turtlesim_interfaces__rosidl_typesupport_cpp
[0.082s] [ 70%] Built target turtlesim_interfaces__rosidl_typesupport_fastrtps_cpp
[0.097s] [ 70%] Built target turtlesim_interfaces
[0.117s] [ 74%] Built target turtlesim_interfaces__py
[0.134s] [ 80%] Built target turtlesim_interfaces__rosidl_generator_py
[0.154s] [ 87%] Built target turtlesim_interfaces__rosidl_typesupport_introspection_c__pyext
[0.154s] [ 93%] Built target turtlesim_interfaces__rosidl_typesupport_c__pyext
[0.155s] [100%] Built target turtlesim_interfaces__rosidl_typesupport_fastrtps_c__pyext
[0.244s] running egg_info
[0.245s] writing turtlesim_interfaces.egg-info/PKG-INFO
[0.245s] writing dependency_links to turtlesim_interfaces.egg-info/dependency_links.txt
[0.245s] writing top-level names to turtlesim_interfaces.egg-info/top_level.txt
[0.247s] reading manifest file 'turtlesim_interfaces.egg-info/SOURCES.txt'
[0.247s] writing manifest file 'turtlesim_interfaces.egg-info/SOURCES.txt'
[0.280s] [100%] Built target ament_cmake_python_build_turtlesim_interfaces_egg
[0.288s] Invoked command in '/home/tanakon/fra501_ws/build/turtlesim_interfaces' returned '0': CMAKE_PREFIX_PATH=${CMAKE_PREFIX_PATH}:/opt/ros/humble /usr/bin/cmake --build /home/tanakon/fra501_ws/build/turtlesim_interfaces -- -j16 -l16
[0.318s] Invoking command in '/home/tanakon/fra501_ws/build/turtlesim_interfaces': CMAKE_PREFIX_PATH=${CMAKE_PREFIX_PATH}:/opt/ros/humble /usr/bin/cmake --install /home/tanakon/fra501_ws/build/turtlesim_interfaces
[0.324s] -- Install configuration: ""
[0.324s] -- Up-to-date: /home/tanakon/fra501_ws/install/turtlesim_interfaces/share/ament_index/resource_index/rosidl_interfaces/turtlesim_interfaces
[0.324s] -- Up-to-date: /home/tanakon/fra501_ws/install/turtlesim_interfaces/include/turtlesim_interfaces/turtlesim_interfaces
[0.325s] -- Up-to-date: /home/tanakon/fra501_ws/install/turtlesim_interfaces/include/turtlesim_interfaces/turtlesim_interfaces/msg
[0.325s] -- Up-to-date: /home/tanakon/fra501_ws/install/turtlesim_interfaces/include/turtlesim_interfaces/turtlesim_interfaces/msg/rosidl_generator_c__visibility_control.h
[0.325s] -- Up-to-date: /home/tanakon/fra501_ws/install/turtlesim_interfaces/include/turtlesim_interfaces/turtlesim_interfaces/srv
[0.325s] -- Up-to-date: /home/tanakon/fra501_ws/install/turtlesim_interfaces/include/turtlesim_interfaces/turtlesim_interfaces/srv/send_position.h
[0.325s] -- Up-to-date: /home/tanakon/fra501_ws/install/turtlesim_interfaces/include/turtlesim_interfaces/turtlesim_interfaces/srv/detail
[0.325s] -- Up-to-date: /home/tanakon/fra501_ws/install/turtlesim_interfaces/include/turtlesim_interfaces/turtlesim_interfaces/srv/detail/send_position__functions.h
[0.325s] -- Up-to-date: /home/tanakon/fra501_ws/install/turtlesim_interfaces/include/turtlesim_interfaces/turtlesim_interfaces/srv/detail/send_position__struct.h
[0.325s] -- Up-to-date: /home/tanakon/fra501_ws/install/turtlesim_interfaces/include/turtlesim_interfaces/turtlesim_interfaces/srv/detail/send_position__functions.c
[0.326s] -- Up-to-date: /home/tanakon/fra501_ws/install/turtlesim_interfaces/include/turtlesim_interfaces/turtlesim_interfaces/srv/detail/send_position__type_support.h
[0.326s] -- Up-to-date: /home/tanakon/fra501_ws/install/turtlesim_interfaces/share/turtlesim_interfaces/environment/library_path.sh
[0.326s] -- Up-to-date: /home/tanakon/fra501_ws/install/turtlesim_interfaces/share/turtlesim_interfaces/environment/library_path.dsv
[0.326s] -- Up-to-date: /home/tanakon/fra501_ws/install/turtlesim_interfaces/lib/libturtlesim_interfaces__rosidl_generator_c.so
[0.326s] -- Up-to-date: /home/tanakon/fra501_ws/install/turtlesim_interfaces/include/turtlesim_interfaces/turtlesim_interfaces
[0.326s] -- Up-to-date: /home/tanakon/fra501_ws/install/turtlesim_interfaces/include/turtlesim_interfaces/turtlesim_interfaces/msg
[0.326s] -- Up-to-date: /home/tanakon/fra501_ws/install/turtlesim_interfaces/include/turtlesim_interfaces/turtlesim_interfaces/msg/rosidl_typesupport_fastrtps_c__visibility_control.h
[0.326s] -- Up-to-date: /home/tanakon/fra501_ws/install/turtlesim_interfaces/include/turtlesim_interfaces/turtlesim_interfaces/srv
[0.326s] -- Up-to-date: /home/tanakon/fra501_ws/install/turtlesim_interfaces/include/turtlesim_interfaces/turtlesim_interfaces/srv/detail
[0.326s] -- Up-to-date: /home/tanakon/fra501_ws/install/turtlesim_interfaces/include/turtlesim_interfaces/turtlesim_interfaces/srv/detail/send_position__rosidl_typesupport_fastrtps_c.h
[0.326s] -- Up-to-date: /home/tanakon/fra501_ws/install/turtlesim_interfaces/lib/libturtlesim_interfaces__rosidl_typesupport_fastrtps_c.so
[0.327s] -- Up-to-date: /home/tanakon/fra501_ws/install/turtlesim_interfaces/include/turtlesim_interfaces/turtlesim_interfaces
[0.327s] -- Up-to-date: /home/tanakon/fra501_ws/install/turtlesim_interfaces/include/turtlesim_interfaces/turtlesim_interfaces/srv
[0.327s] -- Up-to-date: /home/tanakon/fra501_ws/install/turtlesim_interfaces/include/turtlesim_interfaces/turtlesim_interfaces/srv/send_position.hpp
[0.327s] -- Up-to-date: /home/tanakon/fra501_ws/install/turtlesim_interfaces/include/turtlesim_interfaces/turtlesim_interfaces/srv/detail
[0.327s] -- Up-to-date: /home/tanakon/fra501_ws/install/turtlesim_interfaces/include/turtlesim_interfaces/turtlesim_interfaces/srv/detail/send_position__builder.hpp
[0.327s] -- Up-to-date: /home/tanakon/fra501_ws/install/turtlesim_interfaces/include/turtlesim_interfaces/turtlesim_interfaces/srv/detail/send_position__traits.hpp
[0.327s] -- Up-to-date: /home/tanakon/fra501_ws/install/turtlesim_interfaces/include/turtlesim_interfaces/turtlesim_interfaces/srv/detail/send_position__struct.hpp
[0.327s] -- Up-to-date: /home/tanakon/fra501_ws/install/turtlesim_interfaces/include/turtlesim_interfaces/turtlesim_interfaces
[0.327s] -- Up-to-date: /home/tanakon/fra501_ws/install/turtlesim_interfaces/include/turtlesim_interfaces/turtlesim_interfaces/msg
[0.327s] -- Up-to-date: /home/tanakon/fra501_ws/install/turtlesim_interfaces/include/turtlesim_interfaces/turtlesim_interfaces/msg/rosidl_typesupport_fastrtps_cpp__visibility_control.h
[0.327s] -- Up-to-date: /home/tanakon/fra501_ws/install/turtlesim_interfaces/include/turtlesim_interfaces/turtlesim_interfaces/srv
[0.327s] -- Up-to-date: /home/tanakon/fra501_ws/install/turtlesim_interfaces/include/turtlesim_interfaces/turtlesim_interfaces/srv/detail
[0.327s] -- Up-to-date: /home/tanakon/fra501_ws/install/turtlesim_interfaces/include/turtlesim_interfaces/turtlesim_interfaces/srv/detail/dds_fastrtps
[0.327s] -- Up-to-date: /home/tanakon/fra501_ws/install/turtlesim_interfaces/include/turtlesim_interfaces/turtlesim_interfaces/srv/detail/send_position__rosidl_typesupport_fastrtps_cpp.hpp
[0.327s] -- Up-to-date: /home/tanakon/fra501_ws/install/turtlesim_interfaces/lib/libturtlesim_interfaces__rosidl_typesupport_fastrtps_cpp.so
[0.328s] -- Up-to-date: /home/tanakon/fra501_ws/install/turtlesim_interfaces/include/turtlesim_interfaces/turtlesim_interfaces
[0.328s] -- Up-to-date: /home/tanakon/fra501_ws/install/turtlesim_interfaces/include/turtlesim_interfaces/turtlesim_interfaces/msg
[0.328s] -- Up-to-date: /home/tanakon/fra501_ws/install/turtlesim_interfaces/include/turtlesim_interfaces/turtlesim_interfaces/msg/rosidl_typesupport_introspection_c__visibility_control.h
[0.328s] -- Up-to-date: /home/tanakon/fra501_ws/install/turtlesim_interfaces/include/turtlesim_interfaces/turtlesim_interfaces/srv
[0.328s] -- Up-to-date: /home/tanakon/fra501_ws/install/turtlesim_interfaces/include/turtlesim_interfaces/turtlesim_interfaces/srv/detail
[0.328s] -- Up-to-date: /home/tanakon/fra501_ws/install/turtlesim_interfaces/include/turtlesim_interfaces/turtlesim_interfaces/srv/detail/send_position__rosidl_typesupport_introspection_c.h
[0.328s] -- Up-to-date: /home/tanakon/fra501_ws/install/turtlesim_interfaces/include/turtlesim_interfaces/turtlesim_interfaces/srv/detail/send_position__type_support.c
[0.328s] -- Up-to-date: /home/tanakon/fra501_ws/install/turtlesim_interfaces/lib/libturtlesim_interfaces__rosidl_typesupport_introspection_c.so
[0.328s] -- Up-to-date: /home/tanakon/fra501_ws/install/turtlesim_interfaces/lib/libturtlesim_interfaces__rosidl_typesupport_c.so
[0.328s] -- Up-to-date: /home/tanakon/fra501_ws/install/turtlesim_interfaces/include/turtlesim_interfaces/turtlesim_interfaces
[0.328s] -- Up-to-date: /home/tanakon/fra501_ws/install/turtlesim_interfaces/include/turtlesim_interfaces/turtlesim_interfaces/srv
[0.328s] -- Up-to-date: /home/tanakon/fra501_ws/install/turtlesim_interfaces/include/turtlesim_interfaces/turtlesim_interfaces/srv/detail
[0.328s] -- Up-to-date: /home/tanakon/fra501_ws/install/turtlesim_interfaces/include/turtlesim_interfaces/turtlesim_interfaces/srv/detail/send_position__rosidl_typesupport_introspection_cpp.hpp
[0.328s] -- Up-to-date: /home/tanakon/fra501_ws/install/turtlesim_interfaces/include/turtlesim_interfaces/turtlesim_interfaces/srv/detail/send_position__type_support.cpp
[0.329s] -- Up-to-date: /home/tanakon/fra501_ws/install/turtlesim_interfaces/lib/libturtlesim_interfaces__rosidl_typesupport_introspection_cpp.so
[0.329s] -- Up-to-date: /home/tanakon/fra501_ws/install/turtlesim_interfaces/lib/libturtlesim_interfaces__rosidl_typesupport_cpp.so
[0.329s] -- Up-to-date: /home/tanakon/fra501_ws/install/turtlesim_interfaces/share/turtlesim_interfaces/environment/pythonpath.sh
[0.329s] -- Up-to-date: /home/tanakon/fra501_ws/install/turtlesim_interfaces/share/turtlesim_interfaces/environment/pythonpath.dsv
[0.329s] -- Up-to-date: /home/tanakon/fra501_ws/install/turtlesim_interfaces/local/lib/python3.10/dist-packages/turtlesim_interfaces-0.0.0-py3.10.egg-info
[0.329s] -- Installing: /home/tanakon/fra501_ws/install/turtlesim_interfaces/local/lib/python3.10/dist-packages/turtlesim_interfaces-0.0.0-py3.10.egg-info/dependency_links.txt
[0.329s] -- Installing: /home/tanakon/fra501_ws/install/turtlesim_interfaces/local/lib/python3.10/dist-packages/turtlesim_interfaces-0.0.0-py3.10.egg-info/top_level.txt
[0.329s] -- Installing: /home/tanakon/fra501_ws/install/turtlesim_interfaces/local/lib/python3.10/dist-packages/turtlesim_interfaces-0.0.0-py3.10.egg-info/SOURCES.txt
[0.329s] -- Installing: /home/tanakon/fra501_ws/install/turtlesim_interfaces/local/lib/python3.10/dist-packages/turtlesim_interfaces-0.0.0-py3.10.egg-info/PKG-INFO
[0.329s] -- Up-to-date: /home/tanakon/fra501_ws/install/turtlesim_interfaces/local/lib/python3.10/dist-packages/turtlesim_interfaces
[0.329s] -- Up-to-date: /home/tanakon/fra501_ws/install/turtlesim_interfaces/local/lib/python3.10/dist-packages/turtlesim_interfaces/turtlesim_interfaces_s__rosidl_typesupport_fastrtps_c.cpython-310-x86_64-linux-gnu.so
[0.329s] -- Up-to-date: /home/tanakon/fra501_ws/install/turtlesim_interfaces/local/lib/python3.10/dist-packages/turtlesim_interfaces/_turtlesim_interfaces_s.ep.rosidl_typesupport_fastrtps_c.c
[0.329s] -- Up-to-date: /home/tanakon/fra501_ws/install/turtlesim_interfaces/local/lib/python3.10/dist-packages/turtlesim_interfaces/_turtlesim_interfaces_s.ep.rosidl_typesupport_c.c
[0.329s] -- Up-to-date: /home/tanakon/fra501_ws/install/turtlesim_interfaces/local/lib/python3.10/dist-packages/turtlesim_interfaces/_turtlesim_interfaces_s.ep.rosidl_typesupport_introspection_c.c
[0.330s] -- Up-to-date: /home/tanakon/fra501_ws/install/turtlesim_interfaces/local/lib/python3.10/dist-packages/turtlesim_interfaces/libturtlesim_interfaces__rosidl_generator_py.so
[0.330s] -- Up-to-date: /home/tanakon/fra501_ws/install/turtlesim_interfaces/local/lib/python3.10/dist-packages/turtlesim_interfaces/__init__.py
[0.330s] -- Up-to-date: /home/tanakon/fra501_ws/install/turtlesim_interfaces/local/lib/python3.10/dist-packages/turtlesim_interfaces/srv
[0.330s] -- Up-to-date: /home/tanakon/fra501_ws/install/turtlesim_interfaces/local/lib/python3.10/dist-packages/turtlesim_interfaces/srv/_send_position.py
[0.330s] -- Up-to-date: /home/tanakon/fra501_ws/install/turtlesim_interfaces/local/lib/python3.10/dist-packages/turtlesim_interfaces/srv/_send_position_s.c
[0.330s] -- Up-to-date: /home/tanakon/fra501_ws/install/turtlesim_interfaces/local/lib/python3.10/dist-packages/turtlesim_interfaces/srv/__init__.py
[0.330s] -- Up-to-date: /home/tanakon/fra501_ws/install/turtlesim_interfaces/local/lib/python3.10/dist-packages/turtlesim_interfaces/turtlesim_interfaces_s__rosidl_typesupport_c.cpython-310-x86_64-linux-gnu.so
[0.330s] -- Up-to-date: /home/tanakon/fra501_ws/install/turtlesim_interfaces/local/lib/python3.10/dist-packages/turtlesim_interfaces/turtlesim_interfaces_s__rosidl_typesupport_introspection_c.cpython-310-x86_64-linux-gnu.so
[0.350s] Listing '/home/tanakon/fra501_ws/install/turtlesim_interfaces/local/lib/python3.10/dist-packages/turtlesim_interfaces'...
[0.350s] Listing '/home/tanakon/fra501_ws/install/turtlesim_interfaces/local/lib/python3.10/dist-packages/turtlesim_interfaces/srv'...
[0.353s] -- Up-to-date: /home/tanakon/fra501_ws/install/turtlesim_interfaces/local/lib/python3.10/dist-packages/turtlesim_interfaces/turtlesim_interfaces_s__rosidl_typesupport_fastrtps_c.cpython-310-x86_64-linux-gnu.so
[0.353s] -- Up-to-date: /home/tanakon/fra501_ws/install/turtlesim_interfaces/local/lib/python3.10/dist-packages/turtlesim_interfaces/turtlesim_interfaces_s__rosidl_typesupport_introspection_c.cpython-310-x86_64-linux-gnu.so
[0.354s] -- Up-to-date: /home/tanakon/fra501_ws/install/turtlesim_interfaces/local/lib/python3.10/dist-packages/turtlesim_interfaces/turtlesim_interfaces_s__rosidl_typesupport_c.cpython-310-x86_64-linux-gnu.so
[0.354s] -- Up-to-date: /home/tanakon/fra501_ws/install/turtlesim_interfaces/lib/libturtlesim_interfaces__rosidl_generator_py.so
[0.354s] -- Up-to-date: /home/tanakon/fra501_ws/install/turtlesim_interfaces/share/turtlesim_interfaces/srv/SendPosition.idl
[0.354s] -- Up-to-date: /home/tanakon/fra501_ws/install/turtlesim_interfaces/share/turtlesim_interfaces/srv/SendPosition.srv
[0.354s] -- Up-to-date: /home/tanakon/fra501_ws/install/turtlesim_interfaces/share/turtlesim_interfaces/srv/SendPosition_Request.msg
[0.354s] -- Up-to-date: /home/tanakon/fra501_ws/install/turtlesim_interfaces/share/turtlesim_interfaces/srv/SendPosition_Response.msg
[0.354s] -- Up-to-date: /home/tanakon/fra501_ws/install/turtlesim_interfaces/share/ament_index/resource_index/package_run_dependencies/turtlesim_interfaces
[0.354s] -- Up-to-date: /home/tanakon/fra501_ws/install/turtlesim_interfaces/share/ament_index/resource_index/parent_prefix_path/turtlesim_interfaces
[0.354s] -- Up-to-date: /home/tanakon/fra501_ws/install/turtlesim_interfaces/share/turtlesim_interfaces/environment/ament_prefix_path.sh
[0.354s] -- Up-to-date: /home/tanakon/fra501_ws/install/turtlesim_interfaces/share/turtlesim_interfaces/environment/ament_prefix_path.dsv
[0.354s] -- Up-to-date: /home/tanakon/fra501_ws/install/turtlesim_interfaces/share/turtlesim_interfaces/environment/path.sh
[0.355s] -- Up-to-date: /home/tanakon/fra501_ws/install/turtlesim_interfaces/share/turtlesim_interfaces/environment/path.dsv
[0.355s] -- Up-to-date: /home/tanakon/fra501_ws/install/turtlesim_interfaces/share/turtlesim_interfaces/local_setup.bash
[0.355s] -- Up-to-date: /home/tanakon/fra501_ws/install/turtlesim_interfaces/share/turtlesim_interfaces/local_setup.sh
[0.355s] -- Up-to-date: /home/tanakon/fra501_ws/install/turtlesim_interfaces/share/turtlesim_interfaces/local_setup.zsh
[0.355s] -- Up-to-date: /home/tanakon/fra501_ws/install/turtlesim_interfaces/share/turtlesim_interfaces/local_setup.dsv
[0.355s] -- Installing: /home/tanakon/fra501_ws/install/turtlesim_interfaces/share/turtlesim_interfaces/package.dsv
[0.355s] -- Up-to-date: /home/tanakon/fra501_ws/install/turtlesim_interfaces/share/ament_index/resource_index/packages/turtlesim_interfaces
[0.355s] -- Up-to-date: /home/tanakon/fra501_ws/install/turtlesim_interfaces/share/turtlesim_interfaces/cmake/export_turtlesim_interfaces__rosidl_generator_cExport.cmake
[0.356s] -- Up-to-date: /home/tanakon/fra501_ws/install/turtlesim_interfaces/share/turtlesim_interfaces/cmake/export_turtlesim_interfaces__rosidl_generator_cExport-noconfig.cmake
[0.356s] -- Up-to-date: /home/tanakon/fra501_ws/install/turtlesim_interfaces/share/turtlesim_interfaces/cmake/export_turtlesim_interfaces__rosidl_typesupport_fastrtps_cExport.cmake
[0.356s] -- Up-to-date: /home/tanakon/fra501_ws/install/turtlesim_interfaces/share/turtlesim_interfaces/cmake/export_turtlesim_interfaces__rosidl_typesupport_fastrtps_cExport-noconfig.cmake
[0.356s] -- Up-to-date: /home/tanakon/fra501_ws/install/turtlesim_interfaces/share/turtlesim_interfaces/cmake/export_turtlesim_interfaces__rosidl_generator_cppExport.cmake
[0.356s] -- Up-to-date: /home/tanakon/fra501_ws/install/turtlesim_interfaces/share/turtlesim_interfaces/cmake/export_turtlesim_interfaces__rosidl_typesupport_fastrtps_cppExport.cmake
[0.356s] -- Up-to-date: /home/tanakon/fra501_ws/install/turtlesim_interfaces/share/turtlesim_interfaces/cmake/export_turtlesim_interfaces__rosidl_typesupport_fastrtps_cppExport-noconfig.cmake
[0.356s] -- Up-to-date: /home/tanakon/fra501_ws/install/turtlesim_interfaces/share/turtlesim_interfaces/cmake/turtlesim_interfaces__rosidl_typesupport_introspection_cExport.cmake
[0.356s] -- Up-to-date: /home/tanakon/fra501_ws/install/turtlesim_interfaces/share/turtlesim_interfaces/cmake/turtlesim_interfaces__rosidl_typesupport_introspection_cExport-noconfig.cmake
[0.356s] -- Up-to-date: /home/tanakon/fra501_ws/install/turtlesim_interfaces/share/turtlesim_interfaces/cmake/turtlesim_interfaces__rosidl_typesupport_cExport.cmake
[0.357s] -- Up-to-date: /home/tanakon/fra501_ws/install/turtlesim_interfaces/share/turtlesim_interfaces/cmake/turtlesim_interfaces__rosidl_typesupport_cExport-noconfig.cmake
[0.357s] -- Up-to-date: /home/tanakon/fra501_ws/install/turtlesim_interfaces/share/turtlesim_interfaces/cmake/turtlesim_interfaces__rosidl_typesupport_introspection_cppExport.cmake
[0.357s] -- Up-to-date: /home/tanakon/fra501_ws/install/turtlesim_interfaces/share/turtlesim_interfaces/cmake/turtlesim_interfaces__rosidl_typesupport_introspection_cppExport-noconfig.cmake
[0.357s] -- Up-to-date: /home/tanakon/fra501_ws/install/turtlesim_interfaces/share/turtlesim_interfaces/cmake/turtlesim_interfaces__rosidl_typesupport_cppExport.cmake
[0.357s] -- Up-to-date: /home/tanakon/fra501_ws/install/turtlesim_interfaces/share/turtlesim_interfaces/cmake/turtlesim_interfaces__rosidl_typesupport_cppExport-noconfig.cmake
[0.357s] -- Up-to-date: /home/tanakon/fra501_ws/install/turtlesim_interfaces/share/turtlesim_interfaces/cmake/export_turtlesim_interfaces__rosidl_generator_pyExport.cmake
[0.357s] -- Up-to-date: /home/tanakon/fra501_ws/install/turtlesim_interfaces/share/turtlesim_interfaces/cmake/export_turtlesim_interfaces__rosidl_generator_pyExport-noconfig.cmake
[0.357s] -- Up-to-date: /home/tanakon/fra501_ws/install/turtlesim_interfaces/share/turtlesim_interfaces/cmake/rosidl_cmake-extras.cmake
[0.357s] -- Up-to-date: /home/tanakon/fra501_ws/install/turtlesim_interfaces/share/turtlesim_interfaces/cmake/ament_cmake_export_dependencies-extras.cmake
[0.357s] -- Up-to-date: /home/tanakon/fra501_ws/install/turtlesim_interfaces/share/turtlesim_interfaces/cmake/ament_cmake_export_include_directories-extras.cmake
[0.358s] -- Up-to-date: /home/tanakon/fra501_ws/install/turtlesim_interfaces/share/turtlesim_interfaces/cmake/ament_cmake_export_libraries-extras.cmake
[0.358s] -- Up-to-date: /home/tanakon/fra501_ws/install/turtlesim_interfaces/share/turtlesim_interfaces/cmake/ament_cmake_export_targets-extras.cmake
[0.358s] -- Up-to-date: /home/tanakon/fra501_ws/install/turtlesim_interfaces/share/turtlesim_interfaces/cmake/rosidl_cmake_export_typesupport_targets-extras.cmake
[0.358s] -- Up-to-date: /home/tanakon/fra501_ws/install/turtlesim_interfaces/share/turtlesim_interfaces/cmake/rosidl_cmake_export_typesupport_libraries-extras.cmake
[0.358s] -- Up-to-date: /home/tanakon/fra501_ws/install/turtlesim_interfaces/share/turtlesim_interfaces/cmake/turtlesim_interfacesConfig.cmake
[0.358s] -- Up-to-date: /home/tanakon/fra501_ws/install/turtlesim_interfaces/share/turtlesim_interfaces/cmake/turtlesim_interfacesConfig-version.cmake
[0.358s] -- Up-to-date: /home/tanakon/fra501_ws/install/turtlesim_interfaces/share/turtlesim_interfaces/package.xml
[0.375s] Invoked command in '/home/tanakon/fra501_ws/build/turtlesim_interfaces' returned '0': CMAKE_PREFIX_PATH=${CMAKE_PREFIX_PATH}:/opt/ros/humble /usr/bin/cmake --install /home/tanakon/fra501_ws/build/turtlesim_interfaces
