[0.019s] Invoking command in '/home/tanakon/fra501_ws/build/turtlesim_interfaces': CMAKE_PREFIX_PATH=${CMAKE_PREFIX_PATH}:/opt/ros/humble /usr/bin/cmake --build /home/tanakon/fra501_ws/build/turtlesim_interfaces -- -j16 -l16
[0.051s] [  3%] Built target turtlesim_interfaces__cpp
[0.051s] [ 12%] Built target turtlesim_interfaces__rosidl_generator_c
[0.062s] [ 12%] Built target ament_cmake_python_copy_turtlesim_interfaces
[0.075s] [ 22%] Built target turtlesim_interfaces__rosidl_typesupport_c
[0.076s] [ 32%] Built target turtlesim_interfaces__rosidl_typesupport_cpp
[0.077s] [ 41%] Built target turtlesim_interfaces__rosidl_typesupport_fastrtps_cpp
[0.080s] [ 51%] Built target turtlesim_interfaces__rosidl_typesupport_introspection_c
[0.084s] [ 61%] Built target turtlesim_interfaces__rosidl_typesupport_introspection_cpp
[0.085s] [ 70%] Built target turtlesim_interfaces__rosidl_typesupport_fastrtps_c
[0.102s] [ 70%] Built target turtlesim_interfaces
[0.117s] [ 74%] Built target turtlesim_interfaces__py
[0.134s] [ 80%] Built target turtlesim_interfaces__rosidl_generator_py
[0.151s] [ 96%] Built target turtlesim_interfaces__rosidl_typesupport_introspection_c__pyext
[0.151s] [ 96%] Built target turtlesim_interfaces__rosidl_typesupport_c__pyext
[0.151s] [100%] Built target turtlesim_interfaces__rosidl_typesupport_fastrtps_c__pyext
[0.247s] running egg_info
[0.247s] writing turtlesim_interfaces.egg-info/PKG-INFO
[0.248s] writing dependency_links to turtlesim_interfaces.egg-info/dependency_links.txt
[0.248s] writing top-level names to turtlesim_interfaces.egg-info/top_level.txt
[0.249s] reading manifest file 'turtlesim_interfaces.egg-info/SOURCES.txt'
[0.250s] writing manifest file 'turtlesim_interfaces.egg-info/SOURCES.txt'
[0.281s] [100%] Built target ament_cmake_python_build_turtlesim_interfaces_egg
[0.293s] Invoked command in '/home/tanakon/fra501_ws/build/turtlesim_interfaces' returned '0': CMAKE_PREFIX_PATH=${CMAKE_PREFIX_PATH}:/opt/ros/humble /usr/bin/cmake --build /home/tanakon/fra501_ws/build/turtlesim_interfaces -- -j16 -l16
[0.328s] Invoking command in '/home/tanakon/fra501_ws/build/turtlesim_interfaces': CMAKE_PREFIX_PATH=${CMAKE_PREFIX_PATH}:/opt/ros/humble /usr/bin/cmake --install /home/tanakon/fra501_ws/build/turtlesim_interfaces
[0.334s] -- Install configuration: ""
[0.334s] -- Up-to-date: /home/tanakon/fra501_ws/install/turtlesim_interfaces/share/ament_index/resource_index/rosidl_interfaces/turtlesim_interfaces
[0.334s] -- Up-to-date: /home/tanakon/fra501_ws/install/turtlesim_interfaces/include/turtlesim_interfaces/turtlesim_interfaces
[0.334s] -- Up-to-date: /home/tanakon/fra501_ws/install/turtlesim_interfaces/include/turtlesim_interfaces/turtlesim_interfaces/msg
[0.334s] -- Up-to-date: /home/tanakon/fra501_ws/install/turtlesim_interfaces/include/turtlesim_interfaces/turtlesim_interfaces/msg/rosidl_generator_c__visibility_control.h
[0.334s] -- Up-to-date: /home/tanakon/fra501_ws/install/turtlesim_interfaces/include/turtlesim_interfaces/turtlesim_interfaces/srv
[0.334s] -- Up-to-date: /home/tanakon/fra501_ws/install/turtlesim_interfaces/include/turtlesim_interfaces/turtlesim_interfaces/srv/send_position.h
[0.334s] -- Up-to-date: /home/tanakon/fra501_ws/install/turtlesim_interfaces/include/turtlesim_interfaces/turtlesim_interfaces/srv/detail
[0.334s] -- Up-to-date: /home/tanakon/fra501_ws/install/turtlesim_interfaces/include/turtlesim_interfaces/turtlesim_interfaces/srv/detail/send_position__functions.h
[0.335s] -- Up-to-date: /home/tanakon/fra501_ws/install/turtlesim_interfaces/include/turtlesim_interfaces/turtlesim_interfaces/srv/detail/send_position__struct.h
[0.335s] -- Up-to-date: /home/tanakon/fra501_ws/install/turtlesim_interfaces/include/turtlesim_interfaces/turtlesim_interfaces/srv/detail/send_position__functions.c
[0.335s] -- Up-to-date: /home/tanakon/fra501_ws/install/turtlesim_interfaces/include/turtlesim_interfaces/turtlesim_interfaces/srv/detail/send_position__type_support.h
[0.335s] -- Up-to-date: /home/tanakon/fra501_ws/install/turtlesim_interfaces/share/turtlesim_interfaces/environment/library_path.sh
[0.335s] -- Up-to-date: /home/tanakon/fra501_ws/install/turtlesim_interfaces/share/turtlesim_interfaces/environment/library_path.dsv
[0.335s] -- Up-to-date: /home/tanakon/fra501_ws/install/turtlesim_interfaces/lib/libturtlesim_interfaces__rosidl_generator_c.so
[0.335s] -- Up-to-date: /home/tanakon/fra501_ws/install/turtlesim_interfaces/include/turtlesim_interfaces/turtlesim_interfaces
[0.335s] -- Up-to-date: /home/tanakon/fra501_ws/install/turtlesim_interfaces/include/turtlesim_interfaces/turtlesim_interfaces/msg
[0.335s] -- Up-to-date: /home/tanakon/fra501_ws/install/turtlesim_interfaces/include/turtlesim_interfaces/turtlesim_interfaces/msg/rosidl_typesupport_fastrtps_c__visibility_control.h
[0.335s] -- Up-to-date: /home/tanakon/fra501_ws/install/turtlesim_interfaces/include/turtlesim_interfaces/turtlesim_interfaces/srv
[0.336s] -- Up-to-date: /home/tanakon/fra501_ws/install/turtlesim_interfaces/include/turtlesim_interfaces/turtlesim_interfaces/srv/detail
[0.336s] -- Up-to-date: /home/tanakon/fra501_ws/install/turtlesim_interfaces/include/turtlesim_interfaces/turtlesim_interfaces/srv/detail/send_position__rosidl_typesupport_fastrtps_c.h
[0.336s] -- Up-to-date: /home/tanakon/fra501_ws/install/turtlesim_interfaces/lib/libturtlesim_interfaces__rosidl_typesupport_fastrtps_c.so
[0.336s] -- Up-to-date: /home/tanakon/fra501_ws/install/turtlesim_interfaces/include/turtlesim_interfaces/turtlesim_interfaces
[0.336s] -- Up-to-date: /home/tanakon/fra501_ws/install/turtlesim_interfaces/include/turtlesim_interfaces/turtlesim_interfaces/srv
[0.336s] -- Up-to-date: /home/tanakon/fra501_ws/install/turtlesim_interfaces/include/turtlesim_interfaces/turtlesim_interfaces/srv/send_position.hpp
[0.336s] -- Up-to-date: /home/tanakon/fra501_ws/install/turtlesim_interfaces/include/turtlesim_interfaces/turtlesim_interfaces/srv/detail
[0.336s] -- Up-to-date: /home/tanakon/fra501_ws/install/turtlesim_interfaces/include/turtlesim_interfaces/turtlesim_interfaces/srv/detail/send_position__builder.hpp
[0.337s] -- Up-to-date: /home/tanakon/fra501_ws/install/turtlesim_interfaces/include/turtlesim_interfaces/turtlesim_interfaces/srv/detail/send_position__traits.hpp
[0.337s] -- Up-to-date: /home/tanakon/fra501_ws/install/turtlesim_interfaces/include/turtlesim_interfaces/turtlesim_interfaces/srv/detail/send_position__struct.hpp
[0.337s] -- Up-to-date: /home/tanakon/fra501_ws/install/turtlesim_interfaces/include/turtlesim_interfaces/turtlesim_interfaces
[0.337s] -- Up-to-date: /home/tanakon/fra501_ws/install/turtlesim_interfaces/include/turtlesim_interfaces/turtlesim_interfaces/msg
[0.337s] -- Up-to-date: /home/tanakon/fra501_ws/install/turtlesim_interfaces/include/turtlesim_interfaces/turtlesim_interfaces/msg/rosidl_typesupport_fastrtps_cpp__visibility_control.h
[0.337s] -- Up-to-date: /home/tanakon/fra501_ws/install/turtlesim_interfaces/include/turtlesim_interfaces/turtlesim_interfaces/srv
[0.337s] -- Up-to-date: /home/tanakon/fra501_ws/install/turtlesim_interfaces/include/turtlesim_interfaces/turtlesim_interfaces/srv/detail
[0.337s] -- Up-to-date: /home/tanakon/fra501_ws/install/turtlesim_interfaces/include/turtlesim_interfaces/turtlesim_interfaces/srv/detail/dds_fastrtps
[0.337s] -- Up-to-date: /home/tanakon/fra501_ws/install/turtlesim_interfaces/include/turtlesim_interfaces/turtlesim_interfaces/srv/detail/send_position__rosidl_typesupport_fastrtps_cpp.hpp
[0.337s] -- Up-to-date: /home/tanakon/fra501_ws/install/turtlesim_interfaces/lib/libturtlesim_interfaces__rosidl_typesupport_fastrtps_cpp.so
[0.337s] -- Up-to-date: /home/tanakon/fra501_ws/install/turtlesim_interfaces/include/turtlesim_interfaces/turtlesim_interfaces
[0.337s] -- Up-to-date: /home/tanakon/fra501_ws/install/turtlesim_interfaces/include/turtlesim_interfaces/turtlesim_interfaces/msg
[0.337s] -- Up-to-date: /home/tanakon/fra501_ws/install/turtlesim_interfaces/include/turtlesim_interfaces/turtlesim_interfaces/msg/rosidl_typesupport_introspection_c__visibility_control.h
[0.338s] -- Up-to-date: /home/tanakon/fra501_ws/install/turtlesim_interfaces/include/turtlesim_interfaces/turtlesim_interfaces/srv
[0.338s] -- Up-to-date: /home/tanakon/fra501_ws/install/turtlesim_interfaces/include/turtlesim_interfaces/turtlesim_interfaces/srv/detail
[0.338s] -- Up-to-date: /home/tanakon/fra501_ws/install/turtlesim_interfaces/include/turtlesim_interfaces/turtlesim_interfaces/srv/detail/send_position__rosidl_typesupport_introspection_c.h
[0.338s] -- Up-to-date: /home/tanakon/fra501_ws/install/turtlesim_interfaces/include/turtlesim_interfaces/turtlesim_interfaces/srv/detail/send_position__type_support.c
[0.338s] -- Up-to-date: /home/tanakon/fra501_ws/install/turtlesim_interfaces/lib/libturtlesim_interfaces__rosidl_typesupport_introspection_c.so
[0.338s] -- Up-to-date: /home/tanakon/fra501_ws/install/turtlesim_interfaces/lib/libturtlesim_interfaces__rosidl_typesupport_c.so
[0.338s] -- Up-to-date: /home/tanakon/fra501_ws/install/turtlesim_interfaces/include/turtlesim_interfaces/turtlesim_interfaces
[0.338s] -- Up-to-date: /home/tanakon/fra501_ws/install/turtlesim_interfaces/include/turtlesim_interfaces/turtlesim_interfaces/srv
[0.338s] -- Up-to-date: /home/tanakon/fra501_ws/install/turtlesim_interfaces/include/turtlesim_interfaces/turtlesim_interfaces/srv/detail
[0.338s] -- Up-to-date: /home/tanakon/fra501_ws/install/turtlesim_interfaces/include/turtlesim_interfaces/turtlesim_interfaces/srv/detail/send_position__rosidl_typesupport_introspection_cpp.hpp
[0.338s] -- Up-to-date: /home/tanakon/fra501_ws/install/turtlesim_interfaces/include/turtlesim_interfaces/turtlesim_interfaces/srv/detail/send_position__type_support.cpp
[0.338s] -- Up-to-date: /home/tanakon/fra501_ws/install/turtlesim_interfaces/lib/libturtlesim_interfaces__rosidl_typesupport_introspection_cpp.so
[0.339s] -- Up-to-date: /home/tanakon/fra501_ws/install/turtlesim_interfaces/lib/libturtlesim_interfaces__rosidl_typesupport_cpp.so
[0.339s] -- Up-to-date: /home/tanakon/fra501_ws/install/turtlesim_interfaces/share/turtlesim_interfaces/environment/pythonpath.sh
[0.339s] -- Up-to-date: /home/tanakon/fra501_ws/install/turtlesim_interfaces/share/turtlesim_interfaces/environment/pythonpath.dsv
[0.339s] -- Up-to-date: /home/tanakon/fra501_ws/install/turtlesim_interfaces/local/lib/python3.10/dist-packages/turtlesim_interfaces-0.0.0-py3.10.egg-info
[0.339s] -- Installing: /home/tanakon/fra501_ws/install/turtlesim_interfaces/local/lib/python3.10/dist-packages/turtlesim_interfaces-0.0.0-py3.10.egg-info/dependency_links.txt
[0.339s] -- Installing: /home/tanakon/fra501_ws/install/turtlesim_interfaces/local/lib/python3.10/dist-packages/turtlesim_interfaces-0.0.0-py3.10.egg-info/top_level.txt
[0.339s] -- Installing: /home/tanakon/fra501_ws/install/turtlesim_interfaces/local/lib/python3.10/dist-packages/turtlesim_interfaces-0.0.0-py3.10.egg-info/SOURCES.txt
[0.339s] -- Installing: /home/tanakon/fra501_ws/install/turtlesim_interfaces/local/lib/python3.10/dist-packages/turtlesim_interfaces-0.0.0-py3.10.egg-info/PKG-INFO
[0.339s] -- Up-to-date: /home/tanakon/fra501_ws/install/turtlesim_interfaces/local/lib/python3.10/dist-packages/turtlesim_interfaces
[0.339s] -- Up-to-date: /home/tanakon/fra501_ws/install/turtlesim_interfaces/local/lib/python3.10/dist-packages/turtlesim_interfaces/turtlesim_interfaces_s__rosidl_typesupport_fastrtps_c.cpython-310-x86_64-linux-gnu.so
[0.339s] -- Up-to-date: /home/tanakon/fra501_ws/install/turtlesim_interfaces/local/lib/python3.10/dist-packages/turtlesim_interfaces/_turtlesim_interfaces_s.ep.rosidl_typesupport_fastrtps_c.c
[0.339s] -- Up-to-date: /home/tanakon/fra501_ws/install/turtlesim_interfaces/local/lib/python3.10/dist-packages/turtlesim_interfaces/_turtlesim_interfaces_s.ep.rosidl_typesupport_c.c
[0.339s] -- Up-to-date: /home/tanakon/fra501_ws/install/turtlesim_interfaces/local/lib/python3.10/dist-packages/turtlesim_interfaces/_turtlesim_interfaces_s.ep.rosidl_typesupport_introspection_c.c
[0.340s] -- Up-to-date: /home/tanakon/fra501_ws/install/turtlesim_interfaces/local/lib/python3.10/dist-packages/turtlesim_interfaces/libturtlesim_interfaces__rosidl_generator_py.so
[0.340s] -- Up-to-date: /home/tanakon/fra501_ws/install/turtlesim_interfaces/local/lib/python3.10/dist-packages/turtlesim_interfaces/__init__.py
[0.340s] -- Up-to-date: /home/tanakon/fra501_ws/install/turtlesim_interfaces/local/lib/python3.10/dist-packages/turtlesim_interfaces/srv
[0.340s] -- Up-to-date: /home/tanakon/fra501_ws/install/turtlesim_interfaces/local/lib/python3.10/dist-packages/turtlesim_interfaces/srv/_send_position.py
[0.340s] -- Up-to-date: /home/tanakon/fra501_ws/install/turtlesim_interfaces/local/lib/python3.10/dist-packages/turtlesim_interfaces/srv/_send_position_s.c
[0.340s] -- Up-to-date: /home/tanakon/fra501_ws/install/turtlesim_interfaces/local/lib/python3.10/dist-packages/turtlesim_interfaces/srv/__init__.py
[0.340s] -- Up-to-date: /home/tanakon/fra501_ws/install/turtlesim_interfaces/local/lib/python3.10/dist-packages/turtlesim_interfaces/turtlesim_interfaces_s__rosidl_typesupport_c.cpython-310-x86_64-linux-gnu.so
[0.340s] -- Up-to-date: /home/tanakon/fra501_ws/install/turtlesim_interfaces/local/lib/python3.10/dist-packages/turtlesim_interfaces/turtlesim_interfaces_s__rosidl_typesupport_introspection_c.cpython-310-x86_64-linux-gnu.so
[0.362s] Listing '/home/tanakon/fra501_ws/install/turtlesim_interfaces/local/lib/python3.10/dist-packages/turtlesim_interfaces'...
[0.362s] Listing '/home/tanakon/fra501_ws/install/turtlesim_interfaces/local/lib/python3.10/dist-packages/turtlesim_interfaces/srv'...
[0.364s] -- Up-to-date: /home/tanakon/fra501_ws/install/turtlesim_interfaces/local/lib/python3.10/dist-packages/turtlesim_interfaces/turtlesim_interfaces_s__rosidl_typesupport_fastrtps_c.cpython-310-x86_64-linux-gnu.so
[0.364s] -- Up-to-date: /home/tanakon/fra501_ws/install/turtlesim_interfaces/local/lib/python3.10/dist-packages/turtlesim_interfaces/turtlesim_interfaces_s__rosidl_typesupport_introspection_c.cpython-310-x86_64-linux-gnu.so
[0.364s] -- Up-to-date: /home/tanakon/fra501_ws/install/turtlesim_interfaces/local/lib/python3.10/dist-packages/turtlesim_interfaces/turtlesim_interfaces_s__rosidl_typesupport_c.cpython-310-x86_64-linux-gnu.so
[0.364s] -- Up-to-date: /home/tanakon/fra501_ws/install/turtlesim_interfaces/lib/libturtlesim_interfaces__rosidl_generator_py.so
[0.364s] -- Up-to-date: /home/tanakon/fra501_ws/install/turtlesim_interfaces/share/turtlesim_interfaces/srv/SendPosition.idl
[0.364s] -- Up-to-date: /home/tanakon/fra501_ws/install/turtlesim_interfaces/share/turtlesim_interfaces/srv/SendPosition.srv
[0.364s] -- Up-to-date: /home/tanakon/fra501_ws/install/turtlesim_interfaces/share/turtlesim_interfaces/srv/SendPosition_Request.msg
[0.364s] -- Up-to-date: /home/tanakon/fra501_ws/install/turtlesim_interfaces/share/turtlesim_interfaces/srv/SendPosition_Response.msg
[0.364s] -- Up-to-date: /home/tanakon/fra501_ws/install/turtlesim_interfaces/share/ament_index/resource_index/package_run_dependencies/turtlesim_interfaces
[0.364s] -- Up-to-date: /home/tanakon/fra501_ws/install/turtlesim_interfaces/share/ament_index/resource_index/parent_prefix_path/turtlesim_interfaces
[0.365s] -- Up-to-date: /home/tanakon/fra501_ws/install/turtlesim_interfaces/share/turtlesim_interfaces/environment/ament_prefix_path.sh
[0.365s] -- Up-to-date: /home/tanakon/fra501_ws/install/turtlesim_interfaces/share/turtlesim_interfaces/environment/ament_prefix_path.dsv
[0.365s] -- Up-to-date: /home/tanakon/fra501_ws/install/turtlesim_interfaces/share/turtlesim_interfaces/environment/path.sh
[0.365s] -- Up-to-date: /home/tanakon/fra501_ws/install/turtlesim_interfaces/share/turtlesim_interfaces/environment/path.dsv
[0.367s] -- Up-to-date: /home/tanakon/fra501_ws/install/turtlesim_interfaces/share/turtlesim_interfaces/local_setup.bash
[0.367s] -- Up-to-date: /home/tanakon/fra501_ws/install/turtlesim_interfaces/share/turtlesim_interfaces/local_setup.sh
[0.367s] -- Up-to-date: /home/tanakon/fra501_ws/install/turtlesim_interfaces/share/turtlesim_interfaces/local_setup.zsh
[0.367s] -- Up-to-date: /home/tanakon/fra501_ws/install/turtlesim_interfaces/share/turtlesim_interfaces/local_setup.dsv
[0.367s] -- Installing: /home/tanakon/fra501_ws/install/turtlesim_interfaces/share/turtlesim_interfaces/package.dsv
[0.367s] -- Up-to-date: /home/tanakon/fra501_ws/install/turtlesim_interfaces/share/ament_index/resource_index/packages/turtlesim_interfaces
[0.367s] -- Up-to-date: /home/tanakon/fra501_ws/install/turtlesim_interfaces/share/turtlesim_interfaces/cmake/export_turtlesim_interfaces__rosidl_generator_cExport.cmake
[0.367s] -- Up-to-date: /home/tanakon/fra501_ws/install/turtlesim_interfaces/share/turtlesim_interfaces/cmake/export_turtlesim_interfaces__rosidl_generator_cExport-noconfig.cmake
[0.367s] -- Up-to-date: /home/tanakon/fra501_ws/install/turtlesim_interfaces/share/turtlesim_interfaces/cmake/export_turtlesim_interfaces__rosidl_typesupport_fastrtps_cExport.cmake
[0.367s] -- Up-to-date: /home/tanakon/fra501_ws/install/turtlesim_interfaces/share/turtlesim_interfaces/cmake/export_turtlesim_interfaces__rosidl_typesupport_fastrtps_cExport-noconfig.cmake
[0.367s] -- Up-to-date: /home/tanakon/fra501_ws/install/turtlesim_interfaces/share/turtlesim_interfaces/cmake/export_turtlesim_interfaces__rosidl_generator_cppExport.cmake
[0.368s] -- Up-to-date: /home/tanakon/fra501_ws/install/turtlesim_interfaces/share/turtlesim_interfaces/cmake/export_turtlesim_interfaces__rosidl_typesupport_fastrtps_cppExport.cmake
[0.368s] -- Up-to-date: /home/tanakon/fra501_ws/install/turtlesim_interfaces/share/turtlesim_interfaces/cmake/export_turtlesim_interfaces__rosidl_typesupport_fastrtps_cppExport-noconfig.cmake
[0.368s] -- Up-to-date: /home/tanakon/fra501_ws/install/turtlesim_interfaces/share/turtlesim_interfaces/cmake/turtlesim_interfaces__rosidl_typesupport_introspection_cExport.cmake
[0.368s] -- Up-to-date: /home/tanakon/fra501_ws/install/turtlesim_interfaces/share/turtlesim_interfaces/cmake/turtlesim_interfaces__rosidl_typesupport_introspection_cExport-noconfig.cmake
[0.368s] -- Up-to-date: /home/tanakon/fra501_ws/install/turtlesim_interfaces/share/turtlesim_interfaces/cmake/turtlesim_interfaces__rosidl_typesupport_cExport.cmake
[0.368s] -- Up-to-date: /home/tanakon/fra501_ws/install/turtlesim_interfaces/share/turtlesim_interfaces/cmake/turtlesim_interfaces__rosidl_typesupport_cExport-noconfig.cmake
[0.368s] -- Up-to-date: /home/tanakon/fra501_ws/install/turtlesim_interfaces/share/turtlesim_interfaces/cmake/turtlesim_interfaces__rosidl_typesupport_introspection_cppExport.cmake
[0.368s] -- Up-to-date: /home/tanakon/fra501_ws/install/turtlesim_interfaces/share/turtlesim_interfaces/cmake/turtlesim_interfaces__rosidl_typesupport_introspection_cppExport-noconfig.cmake
[0.368s] -- Up-to-date: /home/tanakon/fra501_ws/install/turtlesim_interfaces/share/turtlesim_interfaces/cmake/turtlesim_interfaces__rosidl_typesupport_cppExport.cmake
[0.368s] -- Up-to-date: /home/tanakon/fra501_ws/install/turtlesim_interfaces/share/turtlesim_interfaces/cmake/turtlesim_interfaces__rosidl_typesupport_cppExport-noconfig.cmake
[0.368s] -- Up-to-date: /home/tanakon/fra501_ws/install/turtlesim_interfaces/share/turtlesim_interfaces/cmake/export_turtlesim_interfaces__rosidl_generator_pyExport.cmake
[0.368s] -- Up-to-date: /home/tanakon/fra501_ws/install/turtlesim_interfaces/share/turtlesim_interfaces/cmake/export_turtlesim_interfaces__rosidl_generator_pyExport-noconfig.cmake
[0.369s] -- Up-to-date: /home/tanakon/fra501_ws/install/turtlesim_interfaces/share/turtlesim_interfaces/cmake/rosidl_cmake-extras.cmake
[0.369s] -- Up-to-date: /home/tanakon/fra501_ws/install/turtlesim_interfaces/share/turtlesim_interfaces/cmake/ament_cmake_export_dependencies-extras.cmake
[0.369s] -- Up-to-date: /home/tanakon/fra501_ws/install/turtlesim_interfaces/share/turtlesim_interfaces/cmake/ament_cmake_export_include_directories-extras.cmake
[0.369s] -- Up-to-date: /home/tanakon/fra501_ws/install/turtlesim_interfaces/share/turtlesim_interfaces/cmake/ament_cmake_export_libraries-extras.cmake
[0.369s] -- Up-to-date: /home/tanakon/fra501_ws/install/turtlesim_interfaces/share/turtlesim_interfaces/cmake/ament_cmake_export_targets-extras.cmake
[0.369s] -- Up-to-date: /home/tanakon/fra501_ws/install/turtlesim_interfaces/share/turtlesim_interfaces/cmake/rosidl_cmake_export_typesupport_targets-extras.cmake
[0.369s] -- Up-to-date: /home/tanakon/fra501_ws/install/turtlesim_interfaces/share/turtlesim_interfaces/cmake/rosidl_cmake_export_typesupport_libraries-extras.cmake
[0.369s] -- Up-to-date: /home/tanakon/fra501_ws/install/turtlesim_interfaces/share/turtlesim_interfaces/cmake/turtlesim_interfacesConfig.cmake
[0.369s] -- Up-to-date: /home/tanakon/fra501_ws/install/turtlesim_interfaces/share/turtlesim_interfaces/cmake/turtlesim_interfacesConfig-version.cmake
[0.369s] -- Up-to-date: /home/tanakon/fra501_ws/install/turtlesim_interfaces/share/turtlesim_interfaces/package.xml
[0.372s] Invoked command in '/home/tanakon/fra501_ws/build/turtlesim_interfaces' returned '0': CMAKE_PREFIX_PATH=${CMAKE_PREFIX_PATH}:/opt/ros/humble /usr/bin/cmake --install /home/tanakon/fra501_ws/build/turtlesim_interfaces
