[0.189s] DEBUG:colcon:Command line arguments: ['/usr/bin/colcon', 'build']
[0.189s] DEBUG:colcon:Parsed command line arguments: Namespace(log_base=None, log_level=None, verb_name='build', build_base='build', install_base='install', merge_install=False, symlink_install=False, test_result_base=None, continue_on_error=False, executor='parallel', parallel_workers=16, event_handlers=None, ignore_user_meta=False, metas=['./colcon.meta'], base_paths=['.'], packages_ignore=None, packages_ignore_regex=None, paths=None, packages_up_to=None, packages_up_to_regex=None, packages_above=None, packages_above_and_dependencies=None, packages_above_depth=None, packages_select_by_dep=None, packages_skip_by_dep=None, packages_skip_up_to=None, packages_select_build_failed=False, packages_skip_build_finished=False, packages_select_test_failures=False, packages_skip_test_passed=False, packages_select=None, packages_skip=None, packages_select_regex=None, packages_skip_regex=None, packages_start=None, packages_end=None, allow_overriding=[], cmake_args=None, cmake_target=None, cmake_target_skip_unavailable=False, cmake_clean_cache=False, cmake_clean_first=False, cmake_force_configure=False, ament_cmake_args=None, catkin_cmake_args=None, catkin_skip_building_tests=False, verb_parser=<colcon_defaults.argument_parser.defaults.DefaultArgumentsDecorator object at 0x7f89c3f72c50>, verb_extension=<colcon_core.verb.build.BuildVerb object at 0x7f89c479f490>, main=<bound method BuildVerb.main of <colcon_core.verb.build.BuildVerb object at 0x7f89c479f490>>)
[0.212s] Level 1:colcon.colcon_core.package_discovery:discover_packages(colcon_meta) check parameters
[0.212s] Level 1:colcon.colcon_core.package_discovery:discover_packages(recursive) check parameters
[0.212s] Level 1:colcon.colcon_core.package_discovery:discover_packages(ignore) check parameters
[0.212s] Level 1:colcon.colcon_core.package_discovery:discover_packages(path) check parameters
[0.212s] Level 1:colcon.colcon_core.package_discovery:discover_packages(colcon_meta) discover
[0.212s] Level 1:colcon.colcon_core.package_discovery:discover_packages(recursive) discover
[0.212s] INFO:colcon.colcon_core.package_discovery:Crawling recursively for packages in '/home/tanakon/fra501_ws'
[0.212s] Level 1:colcon.colcon_core.package_identification:_identify(.) by extensions ['ignore', 'ignore_ament_install']
[0.212s] Level 1:colcon.colcon_core.package_identification:_identify(.) by extension 'ignore'
[0.213s] Level 1:colcon.colcon_core.package_identification:_identify(.) by extension 'ignore_ament_install'
[0.213s] Level 1:colcon.colcon_core.package_identification:_identify(.) by extensions ['colcon_pkg']
[0.213s] Level 1:colcon.colcon_core.package_identification:_identify(.) by extension 'colcon_pkg'
[0.213s] Level 1:colcon.colcon_core.package_identification:_identify(.) by extensions ['colcon_meta']
[0.213s] Level 1:colcon.colcon_core.package_identification:_identify(.) by extension 'colcon_meta'
[0.213s] Level 1:colcon.colcon_core.package_identification:_identify(.) by extensions ['ros']
[0.213s] Level 1:colcon.colcon_core.package_identification:_identify(.) by extension 'ros'
[0.220s] Level 1:colcon.colcon_core.package_identification:_identify(.) by extensions ['cmake', 'python']
[0.220s] Level 1:colcon.colcon_core.package_identification:_identify(.) by extension 'cmake'
[0.220s] Level 1:colcon.colcon_core.package_identification:_identify(.) by extension 'python'
[0.220s] Level 1:colcon.colcon_core.package_identification:_identify(.) by extensions ['python_setup_py']
[0.220s] Level 1:colcon.colcon_core.package_identification:_identify(.) by extension 'python_setup_py'
[0.220s] Level 1:colcon.colcon_core.package_identification:_identify(build) by extensions ['ignore', 'ignore_ament_install']
[0.220s] Level 1:colcon.colcon_core.package_identification:_identify(build) by extension 'ignore'
[0.220s] Level 1:colcon.colcon_core.package_identification:_identify(build) ignored
[0.220s] Level 1:colcon.colcon_core.package_identification:_identify(install) by extensions ['ignore', 'ignore_ament_install']
[0.220s] Level 1:colcon.colcon_core.package_identification:_identify(install) by extension 'ignore'
[0.220s] Level 1:colcon.colcon_core.package_identification:_identify(install) ignored
[0.220s] Level 1:colcon.colcon_core.package_identification:_identify(log) by extensions ['ignore', 'ignore_ament_install']
[0.220s] Level 1:colcon.colcon_core.package_identification:_identify(log) by extension 'ignore'
[0.220s] Level 1:colcon.colcon_core.package_identification:_identify(log) ignored
[0.220s] Level 1:colcon.colcon_core.package_identification:_identify(src) by extensions ['ignore', 'ignore_ament_install']
[0.221s] Level 1:colcon.colcon_core.package_identification:_identify(src) by extension 'ignore'
[0.221s] Level 1:colcon.colcon_core.package_identification:_identify(src) by extension 'ignore_ament_install'
[0.221s] Level 1:colcon.colcon_core.package_identification:_identify(src) by extensions ['colcon_pkg']
[0.221s] Level 1:colcon.colcon_core.package_identification:_identify(src) by extension 'colcon_pkg'
[0.221s] Level 1:colcon.colcon_core.package_identification:_identify(src) by extensions ['colcon_meta']
[0.221s] Level 1:colcon.colcon_core.package_identification:_identify(src) by extension 'colcon_meta'
[0.221s] Level 1:colcon.colcon_core.package_identification:_identify(src) by extensions ['ros']
[0.221s] Level 1:colcon.colcon_core.package_identification:_identify(src) by extension 'ros'
[0.221s] Level 1:colcon.colcon_core.package_identification:_identify(src) by extensions ['cmake', 'python']
[0.221s] Level 1:colcon.colcon_core.package_identification:_identify(src) by extension 'cmake'
[0.221s] Level 1:colcon.colcon_core.package_identification:_identify(src) by extension 'python'
[0.221s] Level 1:colcon.colcon_core.package_identification:_identify(src) by extensions ['python_setup_py']
[0.221s] Level 1:colcon.colcon_core.package_identification:_identify(src) by extension 'python_setup_py'
[0.221s] Level 1:colcon.colcon_core.package_identification:_identify(src/build) by extensions ['ignore', 'ignore_ament_install']
[0.221s] Level 1:colcon.colcon_core.package_identification:_identify(src/build) by extension 'ignore'
[0.221s] Level 1:colcon.colcon_core.package_identification:_identify(src/build) ignored
[0.221s] Level 1:colcon.colcon_core.package_identification:_identify(src/doc) by extensions ['ignore', 'ignore_ament_install']
[0.221s] Level 1:colcon.colcon_core.package_identification:_identify(src/doc) by extension 'ignore'
[0.221s] Level 1:colcon.colcon_core.package_identification:_identify(src/doc) by extension 'ignore_ament_install'
[0.221s] Level 1:colcon.colcon_core.package_identification:_identify(src/doc) by extensions ['colcon_pkg']
[0.221s] Level 1:colcon.colcon_core.package_identification:_identify(src/doc) by extension 'colcon_pkg'
[0.221s] Level 1:colcon.colcon_core.package_identification:_identify(src/doc) by extensions ['colcon_meta']
[0.221s] Level 1:colcon.colcon_core.package_identification:_identify(src/doc) by extension 'colcon_meta'
[0.221s] Level 1:colcon.colcon_core.package_identification:_identify(src/doc) by extensions ['ros']
[0.221s] Level 1:colcon.colcon_core.package_identification:_identify(src/doc) by extension 'ros'
[0.221s] Level 1:colcon.colcon_core.package_identification:_identify(src/doc) by extensions ['cmake', 'python']
[0.221s] Level 1:colcon.colcon_core.package_identification:_identify(src/doc) by extension 'cmake'
[0.221s] Level 1:colcon.colcon_core.package_identification:_identify(src/doc) by extension 'python'
[0.221s] Level 1:colcon.colcon_core.package_identification:_identify(src/doc) by extensions ['python_setup_py']
[0.221s] Level 1:colcon.colcon_core.package_identification:_identify(src/doc) by extension 'python_setup_py'
[0.221s] Level 1:colcon.colcon_core.package_identification:_identify(src/install) by extensions ['ignore', 'ignore_ament_install']
[0.222s] Level 1:colcon.colcon_core.package_identification:_identify(src/install) by extension 'ignore'
[0.222s] Level 1:colcon.colcon_core.package_identification:_identify(src/install) ignored
[0.222s] Level 1:colcon.colcon_core.package_identification:_identify(src/log) by extensions ['ignore', 'ignore_ament_install']
[0.222s] Level 1:colcon.colcon_core.package_identification:_identify(src/log) by extension 'ignore'
[0.222s] Level 1:colcon.colcon_core.package_identification:_identify(src/log) ignored
[0.222s] Level 1:colcon.colcon_core.package_identification:_identify(src/my_controller) by extensions ['ignore', 'ignore_ament_install']
[0.222s] Level 1:colcon.colcon_core.package_identification:_identify(src/my_controller) by extension 'ignore'
[0.222s] Level 1:colcon.colcon_core.package_identification:_identify(src/my_controller) by extension 'ignore_ament_install'
[0.222s] Level 1:colcon.colcon_core.package_identification:_identify(src/my_controller) by extensions ['colcon_pkg']
[0.222s] Level 1:colcon.colcon_core.package_identification:_identify(src/my_controller) by extension 'colcon_pkg'
[0.222s] Level 1:colcon.colcon_core.package_identification:_identify(src/my_controller) by extensions ['colcon_meta']
[0.222s] Level 1:colcon.colcon_core.package_identification:_identify(src/my_controller) by extension 'colcon_meta'
[0.222s] Level 1:colcon.colcon_core.package_identification:_identify(src/my_controller) by extensions ['ros']
[0.222s] Level 1:colcon.colcon_core.package_identification:_identify(src/my_controller) by extension 'ros'
[0.223s] DEBUG:colcon.colcon_core.package_identification:Package 'src/my_controller' with type 'ros.ament_cmake' and name 'my_controller'
[0.224s] Level 1:colcon.colcon_core.package_identification:_identify(src/my_controller_interfaces) by extensions ['ignore', 'ignore_ament_install']
[0.224s] Level 1:colcon.colcon_core.package_identification:_identify(src/my_controller_interfaces) by extension 'ignore'
[0.224s] Level 1:colcon.colcon_core.package_identification:_identify(src/my_controller_interfaces) by extension 'ignore_ament_install'
[0.224s] Level 1:colcon.colcon_core.package_identification:_identify(src/my_controller_interfaces) by extensions ['colcon_pkg']
[0.224s] Level 1:colcon.colcon_core.package_identification:_identify(src/my_controller_interfaces) by extension 'colcon_pkg'
[0.224s] Level 1:colcon.colcon_core.package_identification:_identify(src/my_controller_interfaces) by extensions ['colcon_meta']
[0.224s] Level 1:colcon.colcon_core.package_identification:_identify(src/my_controller_interfaces) by extension 'colcon_meta'
[0.224s] Level 1:colcon.colcon_core.package_identification:_identify(src/my_controller_interfaces) by extensions ['ros']
[0.224s] Level 1:colcon.colcon_core.package_identification:_identify(src/my_controller_interfaces) by extension 'ros'
[0.224s] DEBUG:colcon.colcon_core.package_identification:Package 'src/my_controller_interfaces' with type 'ros.ament_cmake' and name 'my_controller_interfaces'
[0.224s] Level 1:colcon.colcon_core.package_identification:_identify(src/turtlesim_control) by extensions ['ignore', 'ignore_ament_install']
[0.224s] Level 1:colcon.colcon_core.package_identification:_identify(src/turtlesim_control) by extension 'ignore'
[0.224s] Level 1:colcon.colcon_core.package_identification:_identify(src/turtlesim_control) by extension 'ignore_ament_install'
[0.224s] Level 1:colcon.colcon_core.package_identification:_identify(src/turtlesim_control) by extensions ['colcon_pkg']
[0.224s] Level 1:colcon.colcon_core.package_identification:_identify(src/turtlesim_control) by extension 'colcon_pkg'
[0.224s] Level 1:colcon.colcon_core.package_identification:_identify(src/turtlesim_control) by extensions ['colcon_meta']
[0.224s] Level 1:colcon.colcon_core.package_identification:_identify(src/turtlesim_control) by extension 'colcon_meta'
[0.224s] Level 1:colcon.colcon_core.package_identification:_identify(src/turtlesim_control) by extensions ['ros']
[0.224s] Level 1:colcon.colcon_core.package_identification:_identify(src/turtlesim_control) by extension 'ros'
[0.225s] DEBUG:colcon.colcon_core.package_identification:Package 'src/turtlesim_control' with type 'ros.ament_cmake' and name 'turtlesim_control'
[0.225s] Level 1:colcon.colcon_core.package_identification:_identify(src/turtlesim_interfaces) by extensions ['ignore', 'ignore_ament_install']
[0.225s] Level 1:colcon.colcon_core.package_identification:_identify(src/turtlesim_interfaces) by extension 'ignore'
[0.225s] Level 1:colcon.colcon_core.package_identification:_identify(src/turtlesim_interfaces) by extension 'ignore_ament_install'
[0.225s] Level 1:colcon.colcon_core.package_identification:_identify(src/turtlesim_interfaces) by extensions ['colcon_pkg']
[0.225s] Level 1:colcon.colcon_core.package_identification:_identify(src/turtlesim_interfaces) by extension 'colcon_pkg'
[0.225s] Level 1:colcon.colcon_core.package_identification:_identify(src/turtlesim_interfaces) by extensions ['colcon_meta']
[0.225s] Level 1:colcon.colcon_core.package_identification:_identify(src/turtlesim_interfaces) by extension 'colcon_meta'
[0.225s] Level 1:colcon.colcon_core.package_identification:_identify(src/turtlesim_interfaces) by extensions ['ros']
[0.225s] Level 1:colcon.colcon_core.package_identification:_identify(src/turtlesim_interfaces) by extension 'ros'
[0.225s] DEBUG:colcon.colcon_core.package_identification:Package 'src/turtlesim_interfaces' with type 'ros.ament_cmake' and name 'turtlesim_interfaces'
[0.225s] Level 1:colcon.colcon_core.package_identification:_identify(src/turtlesim_plus) by extensions ['ignore', 'ignore_ament_install']
[0.226s] Level 1:colcon.colcon_core.package_identification:_identify(src/turtlesim_plus) by extension 'ignore'
[0.226s] Level 1:colcon.colcon_core.package_identification:_identify(src/turtlesim_plus) by extension 'ignore_ament_install'
[0.226s] Level 1:colcon.colcon_core.package_identification:_identify(src/turtlesim_plus) by extensions ['colcon_pkg']
[0.226s] Level 1:colcon.colcon_core.package_identification:_identify(src/turtlesim_plus) by extension 'colcon_pkg'
[0.226s] Level 1:colcon.colcon_core.package_identification:_identify(src/turtlesim_plus) by extensions ['colcon_meta']
[0.226s] Level 1:colcon.colcon_core.package_identification:_identify(src/turtlesim_plus) by extension 'colcon_meta'
[0.226s] Level 1:colcon.colcon_core.package_identification:_identify(src/turtlesim_plus) by extensions ['ros']
[0.226s] Level 1:colcon.colcon_core.package_identification:_identify(src/turtlesim_plus) by extension 'ros'
[0.226s] Level 1:colcon.colcon_core.package_identification:_identify(src/turtlesim_plus) by extensions ['cmake', 'python']
[0.226s] Level 1:colcon.colcon_core.package_identification:_identify(src/turtlesim_plus) by extension 'cmake'
[0.226s] Level 1:colcon.colcon_core.package_identification:_identify(src/turtlesim_plus) by extension 'python'
[0.226s] Level 1:colcon.colcon_core.package_identification:_identify(src/turtlesim_plus) by extensions ['python_setup_py']
[0.226s] Level 1:colcon.colcon_core.package_identification:_identify(src/turtlesim_plus) by extension 'python_setup_py'
[0.226s] Level 1:colcon.colcon_core.package_identification:_identify(src/turtlesim_plus/turtlesim_plus) by extensions ['ignore', 'ignore_ament_install']
[0.226s] Level 1:colcon.colcon_core.package_identification:_identify(src/turtlesim_plus/turtlesim_plus) by extension 'ignore'
[0.226s] Level 1:colcon.colcon_core.package_identification:_identify(src/turtlesim_plus/turtlesim_plus) by extension 'ignore_ament_install'
[0.226s] Level 1:colcon.colcon_core.package_identification:_identify(src/turtlesim_plus/turtlesim_plus) by extensions ['colcon_pkg']
[0.226s] Level 1:colcon.colcon_core.package_identification:_identify(src/turtlesim_plus/turtlesim_plus) by extension 'colcon_pkg'
[0.226s] Level 1:colcon.colcon_core.package_identification:_identify(src/turtlesim_plus/turtlesim_plus) by extensions ['colcon_meta']
[0.226s] Level 1:colcon.colcon_core.package_identification:_identify(src/turtlesim_plus/turtlesim_plus) by extension 'colcon_meta'
[0.226s] Level 1:colcon.colcon_core.package_identification:_identify(src/turtlesim_plus/turtlesim_plus) by extensions ['ros']
[0.226s] Level 1:colcon.colcon_core.package_identification:_identify(src/turtlesim_plus/turtlesim_plus) by extension 'ros'
[0.227s] DEBUG:colcon.colcon_core.package_identification:Package 'src/turtlesim_plus/turtlesim_plus' with type 'ros.ament_cmake' and name 'turtlesim_plus'
[0.227s] Level 1:colcon.colcon_core.package_identification:_identify(src/turtlesim_plus/turtlesim_plus_interfaces) by extensions ['ignore', 'ignore_ament_install']
[0.227s] Level 1:colcon.colcon_core.package_identification:_identify(src/turtlesim_plus/turtlesim_plus_interfaces) by extension 'ignore'
[0.227s] Level 1:colcon.colcon_core.package_identification:_identify(src/turtlesim_plus/turtlesim_plus_interfaces) by extension 'ignore_ament_install'
[0.227s] Level 1:colcon.colcon_core.package_identification:_identify(src/turtlesim_plus/turtlesim_plus_interfaces) by extensions ['colcon_pkg']
[0.227s] Level 1:colcon.colcon_core.package_identification:_identify(src/turtlesim_plus/turtlesim_plus_interfaces) by extension 'colcon_pkg'
[0.227s] Level 1:colcon.colcon_core.package_identification:_identify(src/turtlesim_plus/turtlesim_plus_interfaces) by extensions ['colcon_meta']
[0.227s] Level 1:colcon.colcon_core.package_identification:_identify(src/turtlesim_plus/turtlesim_plus_interfaces) by extension 'colcon_meta'
[0.227s] Level 1:colcon.colcon_core.package_identification:_identify(src/turtlesim_plus/turtlesim_plus_interfaces) by extensions ['ros']
[0.227s] Level 1:colcon.colcon_core.package_identification:_identify(src/turtlesim_plus/turtlesim_plus_interfaces) by extension 'ros'
[0.227s] DEBUG:colcon.colcon_core.package_identification:Package 'src/turtlesim_plus/turtlesim_plus_interfaces' with type 'ros.ament_cmake' and name 'turtlesim_plus_interfaces'
[0.227s] Level 1:colcon.colcon_core.package_discovery:discover_packages(recursive) using defaults
[0.228s] Level 1:colcon.colcon_core.package_discovery:discover_packages(ignore) discover
[0.228s] Level 1:colcon.colcon_core.package_discovery:discover_packages(ignore) using defaults
[0.228s] Level 1:colcon.colcon_core.package_discovery:discover_packages(path) discover
[0.228s] Level 1:colcon.colcon_core.package_discovery:discover_packages(path) using defaults
[0.242s] Level 1:colcon.colcon_core.package_discovery:discover_packages(prefix_path) check parameters
[0.242s] Level 1:colcon.colcon_core.package_discovery:discover_packages(prefix_path) discover
[0.243s] WARNING:colcon.colcon_ros.prefix_path.ament:The path '/home/tanakon/fra501_ws/install/turtlesim_plus_interfaces' in the environment variable AMENT_PREFIX_PATH doesn't exist
[0.243s] WARNING:colcon.colcon_ros.prefix_path.ament:The path '/home/tanakon/fra501_ws/install/turtlesim_plus' in the environment variable AMENT_PREFIX_PATH doesn't exist
[0.243s] WARNING:colcon.colcon_ros.prefix_path.ament:The path '/home/tanakon/fra501_ws/install/turtlesim_interfaces' in the environment variable AMENT_PREFIX_PATH doesn't exist
[0.243s] WARNING:colcon.colcon_ros.prefix_path.ament:The path '/home/tanakon/fra501_ws/install/turtlesim_control' in the environment variable AMENT_PREFIX_PATH doesn't exist
[0.243s] WARNING:colcon.colcon_ros.prefix_path.ament:The path '/home/tanakon/fra501_ws/install/my_controller_interfaces' in the environment variable AMENT_PREFIX_PATH doesn't exist
[0.243s] WARNING:colcon.colcon_ros.prefix_path.ament:The path '/home/tanakon/fra501_ws/install/my_controller' in the environment variable AMENT_PREFIX_PATH doesn't exist
[0.243s] WARNING:colcon.colcon_ros.prefix_path.catkin:The path '/home/tanakon/fra501_ws/install/turtlesim_plus_interfaces' in the environment variable CMAKE_PREFIX_PATH doesn't exist
[0.243s] WARNING:colcon.colcon_ros.prefix_path.catkin:The path '/home/tanakon/fra501_ws/install/turtlesim_plus' in the environment variable CMAKE_PREFIX_PATH doesn't exist
[0.243s] WARNING:colcon.colcon_ros.prefix_path.catkin:The path '/home/tanakon/fra501_ws/install/turtlesim_interfaces' in the environment variable CMAKE_PREFIX_PATH doesn't exist
[0.243s] WARNING:colcon.colcon_ros.prefix_path.catkin:The path '/home/tanakon/fra501_ws/install/turtlesim_control' in the environment variable CMAKE_PREFIX_PATH doesn't exist
[0.243s] WARNING:colcon.colcon_ros.prefix_path.catkin:The path '/home/tanakon/fra501_ws/install/my_controller_interfaces' in the environment variable CMAKE_PREFIX_PATH doesn't exist
[0.243s] WARNING:colcon.colcon_ros.prefix_path.catkin:The path '/home/tanakon/fra501_ws/install/my_controller' in the environment variable CMAKE_PREFIX_PATH doesn't exist
[0.244s] DEBUG:colcon.colcon_installed_package_information.package_discovery:Found 0 installed packages in /home/tanakon/fra501_ws/install
[0.244s] DEBUG:colcon.colcon_installed_package_information.package_discovery:Found 0 installed packages in /home/tanakon/install
[0.245s] DEBUG:colcon.colcon_installed_package_information.package_discovery:Found 270 installed packages in /opt/ros/humble
[0.246s] Level 1:colcon.colcon_core.package_discovery:discover_packages(prefix_path) using defaults
[0.283s] Level 5:colcon.colcon_core.verb:set package 'my_controller' build argument 'cmake_args' from command line to 'None'
[0.283s] Level 5:colcon.colcon_core.verb:set package 'my_controller' build argument 'cmake_target' from command line to 'None'
[0.283s] Level 5:colcon.colcon_core.verb:set package 'my_controller' build argument 'cmake_target_skip_unavailable' from command line to 'False'
[0.283s] Level 5:colcon.colcon_core.verb:set package 'my_controller' build argument 'cmake_clean_cache' from command line to 'False'
[0.283s] Level 5:colcon.colcon_core.verb:set package 'my_controller' build argument 'cmake_clean_first' from command line to 'False'
[0.283s] Level 5:colcon.colcon_core.verb:set package 'my_controller' build argument 'cmake_force_configure' from command line to 'False'
[0.283s] Level 5:colcon.colcon_core.verb:set package 'my_controller' build argument 'ament_cmake_args' from command line to 'None'
[0.283s] Level 5:colcon.colcon_core.verb:set package 'my_controller' build argument 'catkin_cmake_args' from command line to 'None'
[0.283s] Level 5:colcon.colcon_core.verb:set package 'my_controller' build argument 'catkin_skip_building_tests' from command line to 'False'
[0.283s] DEBUG:colcon.colcon_core.verb:Building package 'my_controller' with the following arguments: {'ament_cmake_args': None, 'build_base': '/home/tanakon/fra501_ws/build/my_controller', 'catkin_cmake_args': None, 'catkin_skip_building_tests': False, 'cmake_args': None, 'cmake_clean_cache': False, 'cmake_clean_first': False, 'cmake_force_configure': False, 'cmake_target': None, 'cmake_target_skip_unavailable': False, 'install_base': '/home/tanakon/fra501_ws/install/my_controller', 'merge_install': False, 'path': '/home/tanakon/fra501_ws/src/my_controller', 'symlink_install': False, 'test_result_base': None}
[0.284s] Level 5:colcon.colcon_core.verb:set package 'my_controller_interfaces' build argument 'cmake_args' from command line to 'None'
[0.284s] Level 5:colcon.colcon_core.verb:set package 'my_controller_interfaces' build argument 'cmake_target' from command line to 'None'
[0.284s] Level 5:colcon.colcon_core.verb:set package 'my_controller_interfaces' build argument 'cmake_target_skip_unavailable' from command line to 'False'
[0.284s] Level 5:colcon.colcon_core.verb:set package 'my_controller_interfaces' build argument 'cmake_clean_cache' from command line to 'False'
[0.284s] Level 5:colcon.colcon_core.verb:set package 'my_controller_interfaces' build argument 'cmake_clean_first' from command line to 'False'
[0.284s] Level 5:colcon.colcon_core.verb:set package 'my_controller_interfaces' build argument 'cmake_force_configure' from command line to 'False'
[0.284s] Level 5:colcon.colcon_core.verb:set package 'my_controller_interfaces' build argument 'ament_cmake_args' from command line to 'None'
[0.284s] Level 5:colcon.colcon_core.verb:set package 'my_controller_interfaces' build argument 'catkin_cmake_args' from command line to 'None'
[0.284s] Level 5:colcon.colcon_core.verb:set package 'my_controller_interfaces' build argument 'catkin_skip_building_tests' from command line to 'False'
[0.284s] DEBUG:colcon.colcon_core.verb:Building package 'my_controller_interfaces' with the following arguments: {'ament_cmake_args': None, 'build_base': '/home/tanakon/fra501_ws/build/my_controller_interfaces', 'catkin_cmake_args': None, 'catkin_skip_building_tests': False, 'cmake_args': None, 'cmake_clean_cache': False, 'cmake_clean_first': False, 'cmake_force_configure': False, 'cmake_target': None, 'cmake_target_skip_unavailable': False, 'install_base': '/home/tanakon/fra501_ws/install/my_controller_interfaces', 'merge_install': False, 'path': '/home/tanakon/fra501_ws/src/my_controller_interfaces', 'symlink_install': False, 'test_result_base': None}
[0.285s] Level 5:colcon.colcon_core.verb:set package 'turtlesim_control' build argument 'cmake_args' from command line to 'None'
[0.285s] Level 5:colcon.colcon_core.verb:set package 'turtlesim_control' build argument 'cmake_target' from command line to 'None'
[0.285s] Level 5:colcon.colcon_core.verb:set package 'turtlesim_control' build argument 'cmake_target_skip_unavailable' from command line to 'False'
[0.285s] Level 5:colcon.colcon_core.verb:set package 'turtlesim_control' build argument 'cmake_clean_cache' from command line to 'False'
[0.285s] Level 5:colcon.colcon_core.verb:set package 'turtlesim_control' build argument 'cmake_clean_first' from command line to 'False'
[0.285s] Level 5:colcon.colcon_core.verb:set package 'turtlesim_control' build argument 'cmake_force_configure' from command line to 'False'
[0.285s] Level 5:colcon.colcon_core.verb:set package 'turtlesim_control' build argument 'ament_cmake_args' from command line to 'None'
[0.285s] Level 5:colcon.colcon_core.verb:set package 'turtlesim_control' build argument 'catkin_cmake_args' from command line to 'None'
[0.285s] Level 5:colcon.colcon_core.verb:set package 'turtlesim_control' build argument 'catkin_skip_building_tests' from command line to 'False'
[0.285s] DEBUG:colcon.colcon_core.verb:Building package 'turtlesim_control' with the following arguments: {'ament_cmake_args': None, 'build_base': '/home/tanakon/fra501_ws/build/turtlesim_control', 'catkin_cmake_args': None, 'catkin_skip_building_tests': False, 'cmake_args': None, 'cmake_clean_cache': False, 'cmake_clean_first': False, 'cmake_force_configure': False, 'cmake_target': None, 'cmake_target_skip_unavailable': False, 'install_base': '/home/tanakon/fra501_ws/install/turtlesim_control', 'merge_install': False, 'path': '/home/tanakon/fra501_ws/src/turtlesim_control', 'symlink_install': False, 'test_result_base': None}
[0.286s] Level 5:colcon.colcon_core.verb:set package 'turtlesim_interfaces' build argument 'cmake_args' from command line to 'None'
[0.286s] Level 5:colcon.colcon_core.verb:set package 'turtlesim_interfaces' build argument 'cmake_target' from command line to 'None'
[0.286s] Level 5:colcon.colcon_core.verb:set package 'turtlesim_interfaces' build argument 'cmake_target_skip_unavailable' from command line to 'False'
[0.286s] Level 5:colcon.colcon_core.verb:set package 'turtlesim_interfaces' build argument 'cmake_clean_cache' from command line to 'False'
[0.286s] Level 5:colcon.colcon_core.verb:set package 'turtlesim_interfaces' build argument 'cmake_clean_first' from command line to 'False'
[0.286s] Level 5:colcon.colcon_core.verb:set package 'turtlesim_interfaces' build argument 'cmake_force_configure' from command line to 'False'
[0.286s] Level 5:colcon.colcon_core.verb:set package 'turtlesim_interfaces' build argument 'ament_cmake_args' from command line to 'None'
[0.286s] Level 5:colcon.colcon_core.verb:set package 'turtlesim_interfaces' build argument 'catkin_cmake_args' from command line to 'None'
[0.286s] Level 5:colcon.colcon_core.verb:set package 'turtlesim_interfaces' build argument 'catkin_skip_building_tests' from command line to 'False'
[0.286s] DEBUG:colcon.colcon_core.verb:Building package 'turtlesim_interfaces' with the following arguments: {'ament_cmake_args': None, 'build_base': '/home/tanakon/fra501_ws/build/turtlesim_interfaces', 'catkin_cmake_args': None, 'catkin_skip_building_tests': False, 'cmake_args': None, 'cmake_clean_cache': False, 'cmake_clean_first': False, 'cmake_force_configure': False, 'cmake_target': None, 'cmake_target_skip_unavailable': False, 'install_base': '/home/tanakon/fra501_ws/install/turtlesim_interfaces', 'merge_install': False, 'path': '/home/tanakon/fra501_ws/src/turtlesim_interfaces', 'symlink_install': False, 'test_result_base': None}
[0.286s] Level 5:colcon.colcon_core.verb:set package 'turtlesim_plus' build argument 'cmake_args' from command line to 'None'
[0.286s] Level 5:colcon.colcon_core.verb:set package 'turtlesim_plus' build argument 'cmake_target' from command line to 'None'
[0.286s] Level 5:colcon.colcon_core.verb:set package 'turtlesim_plus' build argument 'cmake_target_skip_unavailable' from command line to 'False'
[0.286s] Level 5:colcon.colcon_core.verb:set package 'turtlesim_plus' build argument 'cmake_clean_cache' from command line to 'False'
[0.286s] Level 5:colcon.colcon_core.verb:set package 'turtlesim_plus' build argument 'cmake_clean_first' from command line to 'False'
[0.286s] Level 5:colcon.colcon_core.verb:set package 'turtlesim_plus' build argument 'cmake_force_configure' from command line to 'False'
[0.286s] Level 5:colcon.colcon_core.verb:set package 'turtlesim_plus' build argument 'ament_cmake_args' from command line to 'None'
[0.286s] Level 5:colcon.colcon_core.verb:set package 'turtlesim_plus' build argument 'catkin_cmake_args' from command line to 'None'
[0.286s] Level 5:colcon.colcon_core.verb:set package 'turtlesim_plus' build argument 'catkin_skip_building_tests' from command line to 'False'
[0.286s] DEBUG:colcon.colcon_core.verb:Building package 'turtlesim_plus' with the following arguments: {'ament_cmake_args': None, 'build_base': '/home/tanakon/fra501_ws/build/turtlesim_plus', 'catkin_cmake_args': None, 'catkin_skip_building_tests': False, 'cmake_args': None, 'cmake_clean_cache': False, 'cmake_clean_first': False, 'cmake_force_configure': False, 'cmake_target': None, 'cmake_target_skip_unavailable': False, 'install_base': '/home/tanakon/fra501_ws/install/turtlesim_plus', 'merge_install': False, 'path': '/home/tanakon/fra501_ws/src/turtlesim_plus/turtlesim_plus', 'symlink_install': False, 'test_result_base': None}
[0.287s] Level 5:colcon.colcon_core.verb:set package 'turtlesim_plus_interfaces' build argument 'cmake_args' from command line to 'None'
[0.287s] Level 5:colcon.colcon_core.verb:set package 'turtlesim_plus_interfaces' build argument 'cmake_target' from command line to 'None'
[0.287s] Level 5:colcon.colcon_core.verb:set package 'turtlesim_plus_interfaces' build argument 'cmake_target_skip_unavailable' from command line to 'False'
[0.287s] Level 5:colcon.colcon_core.verb:set package 'turtlesim_plus_interfaces' build argument 'cmake_clean_cache' from command line to 'False'
[0.287s] Level 5:colcon.colcon_core.verb:set package 'turtlesim_plus_interfaces' build argument 'cmake_clean_first' from command line to 'False'
[0.287s] Level 5:colcon.colcon_core.verb:set package 'turtlesim_plus_interfaces' build argument 'cmake_force_configure' from command line to 'False'
[0.287s] Level 5:colcon.colcon_core.verb:set package 'turtlesim_plus_interfaces' build argument 'ament_cmake_args' from command line to 'None'
[0.287s] Level 5:colcon.colcon_core.verb:set package 'turtlesim_plus_interfaces' build argument 'catkin_cmake_args' from command line to 'None'
[0.287s] Level 5:colcon.colcon_core.verb:set package 'turtlesim_plus_interfaces' build argument 'catkin_skip_building_tests' from command line to 'False'
[0.287s] DEBUG:colcon.colcon_core.verb:Building package 'turtlesim_plus_interfaces' with the following arguments: {'ament_cmake_args': None, 'build_base': '/home/tanakon/fra501_ws/build/turtlesim_plus_interfaces', 'catkin_cmake_args': None, 'catkin_skip_building_tests': False, 'cmake_args': None, 'cmake_clean_cache': False, 'cmake_clean_first': False, 'cmake_force_configure': False, 'cmake_target': None, 'cmake_target_skip_unavailable': False, 'install_base': '/home/tanakon/fra501_ws/install/turtlesim_plus_interfaces', 'merge_install': False, 'path': '/home/tanakon/fra501_ws/src/turtlesim_plus/turtlesim_plus_interfaces', 'symlink_install': False, 'test_result_base': None}
[0.288s] INFO:colcon.colcon_core.executor:Executing jobs using 'parallel' executor
[0.290s] DEBUG:colcon.colcon_parallel_executor.executor.parallel:run_until_complete
[0.290s] INFO:colcon.colcon_ros.task.ament_cmake.build:Building ROS package in '/home/tanakon/fra501_ws/src/my_controller' with build type 'ament_cmake'
[0.290s] INFO:colcon.colcon_cmake.task.cmake.build:Building CMake package in '/home/tanakon/fra501_ws/src/my_controller'
[0.293s] INFO:colcon.colcon_core.plugin_system:Skipping extension 'colcon_core.shell.bat': Not used on non-Windows systems
[0.293s] INFO:colcon.colcon_core.shell:Skip shell extension 'powershell' for command environment: Not usable outside of PowerShell
[0.293s] DEBUG:colcon.colcon_core.shell:Skip shell extension 'dsv' for command environment
[0.296s] INFO:colcon.colcon_ros.task.ament_cmake.build:Building ROS package in '/home/tanakon/fra501_ws/src/my_controller_interfaces' with build type 'ament_cmake'
[0.297s] INFO:colcon.colcon_cmake.task.cmake.build:Building CMake package in '/home/tanakon/fra501_ws/src/my_controller_interfaces'
[0.297s] INFO:colcon.colcon_core.shell:Skip shell extension 'powershell' for command environment: Not usable outside of PowerShell
[0.297s] DEBUG:colcon.colcon_core.shell:Skip shell extension 'dsv' for command environment
[0.300s] INFO:colcon.colcon_ros.task.ament_cmake.build:Building ROS package in '/home/tanakon/fra501_ws/src/turtlesim_control' with build type 'ament_cmake'
[0.300s] INFO:colcon.colcon_cmake.task.cmake.build:Building CMake package in '/home/tanakon/fra501_ws/src/turtlesim_control'
[0.301s] INFO:colcon.colcon_core.shell:Skip shell extension 'powershell' for command environment: Not usable outside of PowerShell
[0.301s] DEBUG:colcon.colcon_core.shell:Skip shell extension 'dsv' for command environment
[0.304s] INFO:colcon.colcon_ros.task.ament_cmake.build:Building ROS package in '/home/tanakon/fra501_ws/src/turtlesim_interfaces' with build type 'ament_cmake'
[0.304s] INFO:colcon.colcon_cmake.task.cmake.build:Building CMake package in '/home/tanakon/fra501_ws/src/turtlesim_interfaces'
[0.305s] INFO:colcon.colcon_core.shell:Skip shell extension 'powershell' for command environment: Not usable outside of PowerShell
[0.305s] DEBUG:colcon.colcon_core.shell:Skip shell extension 'dsv' for command environment
[0.308s] INFO:colcon.colcon_ros.task.ament_cmake.build:Building ROS package in '/home/tanakon/fra501_ws/src/turtlesim_plus/turtlesim_plus' with build type 'ament_cmake'
[0.308s] INFO:colcon.colcon_cmake.task.cmake.build:Building CMake package in '/home/tanakon/fra501_ws/src/turtlesim_plus/turtlesim_plus'
[0.308s] INFO:colcon.colcon_core.shell:Skip shell extension 'powershell' for command environment: Not usable outside of PowerShell
[0.308s] DEBUG:colcon.colcon_core.shell:Skip shell extension 'dsv' for command environment
[0.311s] INFO:colcon.colcon_ros.task.ament_cmake.build:Building ROS package in '/home/tanakon/fra501_ws/src/turtlesim_plus/turtlesim_plus_interfaces' with build type 'ament_cmake'
[0.311s] INFO:colcon.colcon_cmake.task.cmake.build:Building CMake package in '/home/tanakon/fra501_ws/src/turtlesim_plus/turtlesim_plus_interfaces'
[0.312s] INFO:colcon.colcon_core.shell:Skip shell extension 'powershell' for command environment: Not usable outside of PowerShell
[0.312s] DEBUG:colcon.colcon_core.shell:Skip shell extension 'dsv' for command environment
[0.317s] DEBUG:colcon.colcon_core.event_handler.log_command:Invoking command in '/home/tanakon/fra501_ws/build/my_controller': CMAKE_PREFIX_PATH=${CMAKE_PREFIX_PATH}:/opt/ros/humble /usr/bin/cmake /home/tanakon/fra501_ws/src/my_controller -DCMAKE_INSTALL_PREFIX=/home/tanakon/fra501_ws/install/my_controller
[0.319s] DEBUG:colcon.colcon_core.event_handler.log_command:Invoking command in '/home/tanakon/fra501_ws/build/my_controller_interfaces': CMAKE_PREFIX_PATH=${CMAKE_PREFIX_PATH}:/opt/ros/humble /usr/bin/cmake /home/tanakon/fra501_ws/src/my_controller_interfaces -DCMAKE_INSTALL_PREFIX=/home/tanakon/fra501_ws/install/my_controller_interfaces
[0.320s] DEBUG:colcon.colcon_core.event_handler.log_command:Invoking command in '/home/tanakon/fra501_ws/build/turtlesim_control': CMAKE_PREFIX_PATH=${CMAKE_PREFIX_PATH}:/opt/ros/humble /usr/bin/cmake /home/tanakon/fra501_ws/src/turtlesim_control -DCMAKE_INSTALL_PREFIX=/home/tanakon/fra501_ws/install/turtlesim_control
[0.320s] DEBUG:colcon.colcon_core.event_handler.log_command:Invoking command in '/home/tanakon/fra501_ws/build/turtlesim_interfaces': CMAKE_PREFIX_PATH=${CMAKE_PREFIX_PATH}:/opt/ros/humble /usr/bin/cmake /home/tanakon/fra501_ws/src/turtlesim_interfaces -DCMAKE_INSTALL_PREFIX=/home/tanakon/fra501_ws/install/turtlesim_interfaces
[0.322s] DEBUG:colcon.colcon_core.event_handler.log_command:Invoking command in '/home/tanakon/fra501_ws/build/turtlesim_plus': CMAKE_PREFIX_PATH=${CMAKE_PREFIX_PATH}:/opt/ros/humble /usr/bin/cmake /home/tanakon/fra501_ws/src/turtlesim_plus/turtlesim_plus -DCMAKE_INSTALL_PREFIX=/home/tanakon/fra501_ws/install/turtlesim_plus
[0.325s] DEBUG:colcon.colcon_core.event_handler.log_command:Invoking command in '/home/tanakon/fra501_ws/build/turtlesim_plus_interfaces': CMAKE_PREFIX_PATH=${CMAKE_PREFIX_PATH}:/opt/ros/humble /usr/bin/cmake /home/tanakon/fra501_ws/src/turtlesim_plus/turtlesim_plus_interfaces -DCMAKE_INSTALL_PREFIX=/home/tanakon/fra501_ws/install/turtlesim_plus_interfaces
[1.228s] DEBUG:colcon.colcon_core.event_handler.log_command:Invoked command in '/home/tanakon/fra501_ws/build/turtlesim_plus' returned '0': CMAKE_PREFIX_PATH=${CMAKE_PREFIX_PATH}:/opt/ros/humble /usr/bin/cmake /home/tanakon/fra501_ws/src/turtlesim_plus/turtlesim_plus -DCMAKE_INSTALL_PREFIX=/home/tanakon/fra501_ws/install/turtlesim_plus
[1.230s] DEBUG:colcon.colcon_core.event_handler.log_command:Invoking command in '/home/tanakon/fra501_ws/build/turtlesim_plus': CMAKE_PREFIX_PATH=${CMAKE_PREFIX_PATH}:/opt/ros/humble /usr/bin/cmake --build /home/tanakon/fra501_ws/build/turtlesim_plus -- -j16 -l16
[1.253s] DEBUG:colcon.colcon_core.event_handler.log_command:Invoked command in '/home/tanakon/fra501_ws/build/turtlesim_control' returned '0': CMAKE_PREFIX_PATH=${CMAKE_PREFIX_PATH}:/opt/ros/humble /usr/bin/cmake /home/tanakon/fra501_ws/src/turtlesim_control -DCMAKE_INSTALL_PREFIX=/home/tanakon/fra501_ws/install/turtlesim_control
[1.254s] DEBUG:colcon.colcon_core.event_handler.log_command:Invoking command in '/home/tanakon/fra501_ws/build/turtlesim_control': CMAKE_PREFIX_PATH=${CMAKE_PREFIX_PATH}:/opt/ros/humble /usr/bin/cmake --build /home/tanakon/fra501_ws/build/turtlesim_control -- -j16 -l16
[1.254s] DEBUG:colcon.colcon_core.event_handler.log_command:Invoked command in '/home/tanakon/fra501_ws/build/my_controller' returned '0': CMAKE_PREFIX_PATH=${CMAKE_PREFIX_PATH}:/opt/ros/humble /usr/bin/cmake /home/tanakon/fra501_ws/src/my_controller -DCMAKE_INSTALL_PREFIX=/home/tanakon/fra501_ws/install/my_controller
[1.255s] DEBUG:colcon.colcon_core.event_handler.log_command:Invoking command in '/home/tanakon/fra501_ws/build/my_controller': CMAKE_PREFIX_PATH=${CMAKE_PREFIX_PATH}:/opt/ros/humble /usr/bin/cmake --build /home/tanakon/fra501_ws/build/my_controller -- -j16 -l16
[1.438s] DEBUG:colcon.colcon_core.event_handler.log_command:Invoked command in '/home/tanakon/fra501_ws/build/turtlesim_plus_interfaces' returned '0': CMAKE_PREFIX_PATH=${CMAKE_PREFIX_PATH}:/opt/ros/humble /usr/bin/cmake /home/tanakon/fra501_ws/src/turtlesim_plus/turtlesim_plus_interfaces -DCMAKE_INSTALL_PREFIX=/home/tanakon/fra501_ws/install/turtlesim_plus_interfaces
[1.439s] DEBUG:colcon.colcon_core.event_handler.log_command:Invoking command in '/home/tanakon/fra501_ws/build/turtlesim_plus_interfaces': CMAKE_PREFIX_PATH=${CMAKE_PREFIX_PATH}:/opt/ros/humble /usr/bin/cmake --build /home/tanakon/fra501_ws/build/turtlesim_plus_interfaces -- -j16 -l16
[1.468s] DEBUG:colcon.colcon_core.event_handler.log_command:Invoked command in '/home/tanakon/fra501_ws/build/turtlesim_plus' returned '0': CMAKE_PREFIX_PATH=${CMAKE_PREFIX_PATH}:/opt/ros/humble /usr/bin/cmake --build /home/tanakon/fra501_ws/build/turtlesim_plus -- -j16 -l16
[1.491s] DEBUG:colcon.colcon_core.event_handler.log_command:Invoking command in '/home/tanakon/fra501_ws/build/turtlesim_plus': CMAKE_PREFIX_PATH=${CMAKE_PREFIX_PATH}:/opt/ros/humble /usr/bin/cmake --install /home/tanakon/fra501_ws/build/turtlesim_plus
[1.493s] DEBUG:colcon.colcon_core.event_handler.log_command:Invoked command in '/home/tanakon/fra501_ws/build/turtlesim_control' returned '0': CMAKE_PREFIX_PATH=${CMAKE_PREFIX_PATH}:/opt/ros/humble /usr/bin/cmake --build /home/tanakon/fra501_ws/build/turtlesim_control -- -j16 -l16
[1.516s] DEBUG:colcon.colcon_core.event_handler.log_command:Invoking command in '/home/tanakon/fra501_ws/build/turtlesim_control': CMAKE_PREFIX_PATH=${CMAKE_PREFIX_PATH}:/opt/ros/humble /usr/bin/cmake --install /home/tanakon/fra501_ws/build/turtlesim_control
[1.539s] Level 1:colcon.colcon_core.environment:create_environment_scripts_only(turtlesim_plus)
[1.540s] DEBUG:colcon.colcon_core.event_handler.log_command:Invoked command in '/home/tanakon/fra501_ws/build/turtlesim_plus' returned '0': CMAKE_PREFIX_PATH=${CMAKE_PREFIX_PATH}:/opt/ros/humble /usr/bin/cmake --install /home/tanakon/fra501_ws/build/turtlesim_plus
[1.545s] Level 1:colcon.colcon_core.environment:checking '/home/tanakon/fra501_ws/install/turtlesim_plus' for CMake module files
[1.545s] Level 1:colcon.colcon_core.environment:checking '/home/tanakon/fra501_ws/install/turtlesim_plus' for CMake config files
[1.545s] Level 1:colcon.colcon_core.shell:create_environment_hook('turtlesim_plus', 'cmake_prefix_path')
[1.547s] INFO:colcon.colcon_core.shell:Creating environment hook '/home/tanakon/fra501_ws/install/turtlesim_plus/share/turtlesim_plus/hook/cmake_prefix_path.ps1'
[1.548s] INFO:colcon.colcon_core.shell:Creating environment descriptor '/home/tanakon/fra501_ws/install/turtlesim_plus/share/turtlesim_plus/hook/cmake_prefix_path.dsv'
[1.549s] INFO:colcon.colcon_core.shell:Creating environment hook '/home/tanakon/fra501_ws/install/turtlesim_plus/share/turtlesim_plus/hook/cmake_prefix_path.sh'
[1.549s] Level 1:colcon.colcon_core.environment:checking '/home/tanakon/fra501_ws/install/turtlesim_plus/lib'
[1.550s] Level 1:colcon.colcon_core.environment:checking '/home/tanakon/fra501_ws/install/turtlesim_plus/bin'
[1.550s] Level 1:colcon.colcon_core.environment:checking '/home/tanakon/fra501_ws/install/turtlesim_plus/lib/pkgconfig/turtlesim_plus.pc'
[1.550s] Level 1:colcon.colcon_core.environment:checking '/home/tanakon/fra501_ws/install/turtlesim_plus/lib/python3.10/site-packages'
[1.550s] Level 1:colcon.colcon_core.environment:checking '/home/tanakon/fra501_ws/install/turtlesim_plus/bin'
[1.552s] INFO:colcon.colcon_core.shell:Creating package script '/home/tanakon/fra501_ws/install/turtlesim_plus/share/turtlesim_plus/package.ps1'
[1.552s] INFO:colcon.colcon_core.shell:Creating package descriptor '/home/tanakon/fra501_ws/install/turtlesim_plus/share/turtlesim_plus/package.dsv'
[1.553s] INFO:colcon.colcon_core.shell:Creating package script '/home/tanakon/fra501_ws/install/turtlesim_plus/share/turtlesim_plus/package.sh'
[1.554s] INFO:colcon.colcon_core.shell:Creating package script '/home/tanakon/fra501_ws/install/turtlesim_plus/share/turtlesim_plus/package.bash'
[1.554s] INFO:colcon.colcon_core.shell:Creating package script '/home/tanakon/fra501_ws/install/turtlesim_plus/share/turtlesim_plus/package.zsh'
[1.555s] Level 1:colcon.colcon_core.environment:create_file_with_runtime_dependencies(/home/tanakon/fra501_ws/install/turtlesim_plus/share/colcon-core/packages/turtlesim_plus)
[1.569s] Level 1:colcon.colcon_core.environment:create_environment_scripts_only(turtlesim_plus)
[1.571s] Level 1:colcon.colcon_core.environment:checking '/home/tanakon/fra501_ws/install/turtlesim_plus' for CMake module files
[1.571s] Level 1:colcon.colcon_core.environment:checking '/home/tanakon/fra501_ws/install/turtlesim_plus' for CMake config files
[1.572s] Level 1:colcon.colcon_core.shell:create_environment_hook('turtlesim_plus', 'cmake_prefix_path')
[1.573s] INFO:colcon.colcon_core.shell:Creating environment hook '/home/tanakon/fra501_ws/install/turtlesim_plus/share/turtlesim_plus/hook/cmake_prefix_path.ps1'
[1.573s] INFO:colcon.colcon_core.shell:Creating environment descriptor '/home/tanakon/fra501_ws/install/turtlesim_plus/share/turtlesim_plus/hook/cmake_prefix_path.dsv'
[1.573s] INFO:colcon.colcon_core.shell:Creating environment hook '/home/tanakon/fra501_ws/install/turtlesim_plus/share/turtlesim_plus/hook/cmake_prefix_path.sh'
[1.574s] Level 1:colcon.colcon_core.environment:checking '/home/tanakon/fra501_ws/install/turtlesim_plus/lib'
[1.574s] Level 1:colcon.colcon_core.environment:checking '/home/tanakon/fra501_ws/install/turtlesim_plus/bin'
[1.574s] Level 1:colcon.colcon_core.environment:checking '/home/tanakon/fra501_ws/install/turtlesim_plus/lib/pkgconfig/turtlesim_plus.pc'
[1.574s] Level 1:colcon.colcon_core.environment:checking '/home/tanakon/fra501_ws/install/turtlesim_plus/lib/python3.10/site-packages'
[1.574s] Level 1:colcon.colcon_core.environment:checking '/home/tanakon/fra501_ws/install/turtlesim_plus/bin'
[1.575s] INFO:colcon.colcon_core.shell:Creating package script '/home/tanakon/fra501_ws/install/turtlesim_plus/share/turtlesim_plus/package.ps1'
[1.576s] INFO:colcon.colcon_core.shell:Creating package descriptor '/home/tanakon/fra501_ws/install/turtlesim_plus/share/turtlesim_plus/package.dsv'
[1.576s] INFO:colcon.colcon_core.shell:Creating package script '/home/tanakon/fra501_ws/install/turtlesim_plus/share/turtlesim_plus/package.sh'
[1.576s] INFO:colcon.colcon_core.shell:Creating package script '/home/tanakon/fra501_ws/install/turtlesim_plus/share/turtlesim_plus/package.bash'
[1.576s] INFO:colcon.colcon_core.shell:Creating package script '/home/tanakon/fra501_ws/install/turtlesim_plus/share/turtlesim_plus/package.zsh'
[1.577s] Level 1:colcon.colcon_core.environment:create_file_with_runtime_dependencies(/home/tanakon/fra501_ws/install/turtlesim_plus/share/colcon-core/packages/turtlesim_plus)
[1.578s] Level 1:colcon.colcon_core.environment:create_environment_scripts_only(turtlesim_control)
[1.580s] Level 1:colcon.colcon_core.environment:checking '/home/tanakon/fra501_ws/install/turtlesim_control' for CMake module files
[1.580s] DEBUG:colcon.colcon_core.event_handler.log_command:Invoked command in '/home/tanakon/fra501_ws/build/turtlesim_control' returned '0': CMAKE_PREFIX_PATH=${CMAKE_PREFIX_PATH}:/opt/ros/humble /usr/bin/cmake --install /home/tanakon/fra501_ws/build/turtlesim_control
[1.581s] Level 1:colcon.colcon_core.environment:checking '/home/tanakon/fra501_ws/install/turtlesim_control' for CMake config files
[1.581s] Level 1:colcon.colcon_core.shell:create_environment_hook('turtlesim_control', 'cmake_prefix_path')
[1.583s] INFO:colcon.colcon_core.shell:Creating environment hook '/home/tanakon/fra501_ws/install/turtlesim_control/share/turtlesim_control/hook/cmake_prefix_path.ps1'
[1.583s] INFO:colcon.colcon_core.shell:Creating environment descriptor '/home/tanakon/fra501_ws/install/turtlesim_control/share/turtlesim_control/hook/cmake_prefix_path.dsv'
[1.583s] INFO:colcon.colcon_core.shell:Creating environment hook '/home/tanakon/fra501_ws/install/turtlesim_control/share/turtlesim_control/hook/cmake_prefix_path.sh'
[1.584s] Level 1:colcon.colcon_core.environment:checking '/home/tanakon/fra501_ws/install/turtlesim_control/lib'
[1.584s] Level 1:colcon.colcon_core.environment:checking '/home/tanakon/fra501_ws/install/turtlesim_control/bin'
[1.584s] Level 1:colcon.colcon_core.environment:checking '/home/tanakon/fra501_ws/install/turtlesim_control/lib/pkgconfig/turtlesim_control.pc'
[1.584s] Level 1:colcon.colcon_core.environment:checking '/home/tanakon/fra501_ws/install/turtlesim_control/lib/python3.10/site-packages'
[1.584s] Level 1:colcon.colcon_core.environment:checking '/home/tanakon/fra501_ws/install/turtlesim_control/bin'
[1.586s] INFO:colcon.colcon_core.shell:Creating package script '/home/tanakon/fra501_ws/install/turtlesim_control/share/turtlesim_control/package.ps1'
[1.586s] INFO:colcon.colcon_core.shell:Creating package descriptor '/home/tanakon/fra501_ws/install/turtlesim_control/share/turtlesim_control/package.dsv'
[1.586s] INFO:colcon.colcon_core.shell:Creating package script '/home/tanakon/fra501_ws/install/turtlesim_control/share/turtlesim_control/package.sh'
[1.587s] INFO:colcon.colcon_core.shell:Creating package script '/home/tanakon/fra501_ws/install/turtlesim_control/share/turtlesim_control/package.bash'
[1.587s] INFO:colcon.colcon_core.shell:Creating package script '/home/tanakon/fra501_ws/install/turtlesim_control/share/turtlesim_control/package.zsh'
[1.587s] Level 1:colcon.colcon_core.environment:create_file_with_runtime_dependencies(/home/tanakon/fra501_ws/install/turtlesim_control/share/colcon-core/packages/turtlesim_control)
[1.588s] DEBUG:colcon.colcon_core.event_handler.log_command:Invoked command in '/home/tanakon/fra501_ws/build/my_controller' returned '0': CMAKE_PREFIX_PATH=${CMAKE_PREFIX_PATH}:/opt/ros/humble /usr/bin/cmake --build /home/tanakon/fra501_ws/build/my_controller -- -j16 -l16
[1.590s] DEBUG:colcon.colcon_core.event_handler.log_command:Invoked command in '/home/tanakon/fra501_ws/build/turtlesim_interfaces' returned '0': CMAKE_PREFIX_PATH=${CMAKE_PREFIX_PATH}:/opt/ros/humble /usr/bin/cmake /home/tanakon/fra501_ws/src/turtlesim_interfaces -DCMAKE_INSTALL_PREFIX=/home/tanakon/fra501_ws/install/turtlesim_interfaces
[1.590s] DEBUG:colcon.colcon_core.event_handler.log_command:Invoking command in '/home/tanakon/fra501_ws/build/turtlesim_interfaces': CMAKE_PREFIX_PATH=${CMAKE_PREFIX_PATH}:/opt/ros/humble /usr/bin/cmake --build /home/tanakon/fra501_ws/build/turtlesim_interfaces -- -j16 -l16
[1.592s] DEBUG:colcon.colcon_core.event_handler.log_command:Invoked command in '/home/tanakon/fra501_ws/build/my_controller_interfaces' returned '0': CMAKE_PREFIX_PATH=${CMAKE_PREFIX_PATH}:/opt/ros/humble /usr/bin/cmake /home/tanakon/fra501_ws/src/my_controller_interfaces -DCMAKE_INSTALL_PREFIX=/home/tanakon/fra501_ws/install/my_controller_interfaces
[1.593s] DEBUG:colcon.colcon_core.event_handler.log_command:Invoking command in '/home/tanakon/fra501_ws/build/my_controller_interfaces': CMAKE_PREFIX_PATH=${CMAKE_PREFIX_PATH}:/opt/ros/humble /usr/bin/cmake --build /home/tanakon/fra501_ws/build/my_controller_interfaces -- -j16 -l16
[1.602s] Level 1:colcon.colcon_core.environment:create_environment_scripts_only(turtlesim_control)
[1.604s] Level 1:colcon.colcon_core.environment:checking '/home/tanakon/fra501_ws/install/turtlesim_control' for CMake module files
[1.605s] Level 1:colcon.colcon_core.environment:checking '/home/tanakon/fra501_ws/install/turtlesim_control' for CMake config files
[1.605s] Level 1:colcon.colcon_core.shell:create_environment_hook('turtlesim_control', 'cmake_prefix_path')
[1.607s] INFO:colcon.colcon_core.shell:Creating environment hook '/home/tanakon/fra501_ws/install/turtlesim_control/share/turtlesim_control/hook/cmake_prefix_path.ps1'
[1.607s] INFO:colcon.colcon_core.shell:Creating environment descriptor '/home/tanakon/fra501_ws/install/turtlesim_control/share/turtlesim_control/hook/cmake_prefix_path.dsv'
[1.608s] INFO:colcon.colcon_core.shell:Creating environment hook '/home/tanakon/fra501_ws/install/turtlesim_control/share/turtlesim_control/hook/cmake_prefix_path.sh'
[1.608s] Level 1:colcon.colcon_core.environment:checking '/home/tanakon/fra501_ws/install/turtlesim_control/lib'
[1.608s] Level 1:colcon.colcon_core.environment:checking '/home/tanakon/fra501_ws/install/turtlesim_control/bin'
[1.608s] Level 1:colcon.colcon_core.environment:checking '/home/tanakon/fra501_ws/install/turtlesim_control/lib/pkgconfig/turtlesim_control.pc'
[1.609s] Level 1:colcon.colcon_core.environment:checking '/home/tanakon/fra501_ws/install/turtlesim_control/lib/python3.10/site-packages'
[1.609s] Level 1:colcon.colcon_core.environment:checking '/home/tanakon/fra501_ws/install/turtlesim_control/bin'
[1.610s] INFO:colcon.colcon_core.shell:Creating package script '/home/tanakon/fra501_ws/install/turtlesim_control/share/turtlesim_control/package.ps1'
[1.611s] INFO:colcon.colcon_core.shell:Creating package descriptor '/home/tanakon/fra501_ws/install/turtlesim_control/share/turtlesim_control/package.dsv'
[1.611s] INFO:colcon.colcon_core.shell:Creating package script '/home/tanakon/fra501_ws/install/turtlesim_control/share/turtlesim_control/package.sh'
[1.612s] INFO:colcon.colcon_core.shell:Creating package script '/home/tanakon/fra501_ws/install/turtlesim_control/share/turtlesim_control/package.bash'
[1.612s] INFO:colcon.colcon_core.shell:Creating package script '/home/tanakon/fra501_ws/install/turtlesim_control/share/turtlesim_control/package.zsh'
[1.613s] Level 1:colcon.colcon_core.environment:create_file_with_runtime_dependencies(/home/tanakon/fra501_ws/install/turtlesim_control/share/colcon-core/packages/turtlesim_control)
[1.615s] DEBUG:colcon.colcon_core.event_handler.log_command:Invoking command in '/home/tanakon/fra501_ws/build/my_controller': CMAKE_PREFIX_PATH=${CMAKE_PREFIX_PATH}:/opt/ros/humble /usr/bin/cmake --install /home/tanakon/fra501_ws/build/my_controller
[1.669s] Level 1:colcon.colcon_core.environment:create_environment_scripts_only(my_controller)
[1.671s] Level 1:colcon.colcon_core.environment:checking '/home/tanakon/fra501_ws/install/my_controller' for CMake module files
[1.672s] DEBUG:colcon.colcon_core.event_handler.log_command:Invoked command in '/home/tanakon/fra501_ws/build/my_controller' returned '0': CMAKE_PREFIX_PATH=${CMAKE_PREFIX_PATH}:/opt/ros/humble /usr/bin/cmake --install /home/tanakon/fra501_ws/build/my_controller
[1.672s] Level 1:colcon.colcon_core.environment:checking '/home/tanakon/fra501_ws/install/my_controller' for CMake config files
[1.672s] Level 1:colcon.colcon_core.shell:create_environment_hook('my_controller', 'cmake_prefix_path')
[1.674s] INFO:colcon.colcon_core.shell:Creating environment hook '/home/tanakon/fra501_ws/install/my_controller/share/my_controller/hook/cmake_prefix_path.ps1'
[1.674s] INFO:colcon.colcon_core.shell:Creating environment descriptor '/home/tanakon/fra501_ws/install/my_controller/share/my_controller/hook/cmake_prefix_path.dsv'
[1.675s] INFO:colcon.colcon_core.shell:Creating environment hook '/home/tanakon/fra501_ws/install/my_controller/share/my_controller/hook/cmake_prefix_path.sh'
[1.675s] Level 1:colcon.colcon_core.environment:checking '/home/tanakon/fra501_ws/install/my_controller/lib'
[1.675s] Level 1:colcon.colcon_core.environment:checking '/home/tanakon/fra501_ws/install/my_controller/bin'
[1.675s] Level 1:colcon.colcon_core.environment:checking '/home/tanakon/fra501_ws/install/my_controller/lib/pkgconfig/my_controller.pc'
[1.675s] Level 1:colcon.colcon_core.environment:checking '/home/tanakon/fra501_ws/install/my_controller/lib/python3.10/site-packages'
[1.676s] Level 1:colcon.colcon_core.environment:checking '/home/tanakon/fra501_ws/install/my_controller/bin'
[1.677s] INFO:colcon.colcon_core.shell:Creating package script '/home/tanakon/fra501_ws/install/my_controller/share/my_controller/package.ps1'
[1.678s] INFO:colcon.colcon_core.shell:Creating package descriptor '/home/tanakon/fra501_ws/install/my_controller/share/my_controller/package.dsv'
[1.678s] INFO:colcon.colcon_core.shell:Creating package script '/home/tanakon/fra501_ws/install/my_controller/share/my_controller/package.sh'
[1.679s] INFO:colcon.colcon_core.shell:Creating package script '/home/tanakon/fra501_ws/install/my_controller/share/my_controller/package.bash'
[1.679s] INFO:colcon.colcon_core.shell:Creating package script '/home/tanakon/fra501_ws/install/my_controller/share/my_controller/package.zsh'
[1.679s] Level 1:colcon.colcon_core.environment:create_file_with_runtime_dependencies(/home/tanakon/fra501_ws/install/my_controller/share/colcon-core/packages/my_controller)
[1.698s] Level 1:colcon.colcon_core.environment:create_environment_scripts_only(my_controller)
[1.700s] Level 1:colcon.colcon_core.environment:checking '/home/tanakon/fra501_ws/install/my_controller' for CMake module files
[1.700s] Level 1:colcon.colcon_core.environment:checking '/home/tanakon/fra501_ws/install/my_controller' for CMake config files
[1.700s] Level 1:colcon.colcon_core.shell:create_environment_hook('my_controller', 'cmake_prefix_path')
[1.701s] INFO:colcon.colcon_core.shell:Creating environment hook '/home/tanakon/fra501_ws/install/my_controller/share/my_controller/hook/cmake_prefix_path.ps1'
[1.701s] INFO:colcon.colcon_core.shell:Creating environment descriptor '/home/tanakon/fra501_ws/install/my_controller/share/my_controller/hook/cmake_prefix_path.dsv'
[1.702s] INFO:colcon.colcon_core.shell:Creating environment hook '/home/tanakon/fra501_ws/install/my_controller/share/my_controller/hook/cmake_prefix_path.sh'
[1.702s] Level 1:colcon.colcon_core.environment:checking '/home/tanakon/fra501_ws/install/my_controller/lib'
[1.702s] Level 1:colcon.colcon_core.environment:checking '/home/tanakon/fra501_ws/install/my_controller/bin'
[1.702s] Level 1:colcon.colcon_core.environment:checking '/home/tanakon/fra501_ws/install/my_controller/lib/pkgconfig/my_controller.pc'
[1.702s] Level 1:colcon.colcon_core.environment:checking '/home/tanakon/fra501_ws/install/my_controller/lib/python3.10/site-packages'
[1.702s] Level 1:colcon.colcon_core.environment:checking '/home/tanakon/fra501_ws/install/my_controller/bin'
[1.704s] INFO:colcon.colcon_core.shell:Creating package script '/home/tanakon/fra501_ws/install/my_controller/share/my_controller/package.ps1'
[1.704s] INFO:colcon.colcon_core.shell:Creating package descriptor '/home/tanakon/fra501_ws/install/my_controller/share/my_controller/package.dsv'
[1.705s] INFO:colcon.colcon_core.shell:Creating package script '/home/tanakon/fra501_ws/install/my_controller/share/my_controller/package.sh'
[1.705s] INFO:colcon.colcon_core.shell:Creating package script '/home/tanakon/fra501_ws/install/my_controller/share/my_controller/package.bash'
[1.706s] INFO:colcon.colcon_core.shell:Creating package script '/home/tanakon/fra501_ws/install/my_controller/share/my_controller/package.zsh'
[1.706s] Level 1:colcon.colcon_core.environment:create_file_with_runtime_dependencies(/home/tanakon/fra501_ws/install/my_controller/share/colcon-core/packages/my_controller)
[3.521s] DEBUG:colcon.colcon_core.event_handler.log_command:Invoked command in '/home/tanakon/fra501_ws/build/my_controller_interfaces' returned '0': CMAKE_PREFIX_PATH=${CMAKE_PREFIX_PATH}:/opt/ros/humble /usr/bin/cmake --build /home/tanakon/fra501_ws/build/my_controller_interfaces -- -j16 -l16
[3.552s] DEBUG:colcon.colcon_core.event_handler.log_command:Invoking command in '/home/tanakon/fra501_ws/build/my_controller_interfaces': CMAKE_PREFIX_PATH=${CMAKE_PREFIX_PATH}:/opt/ros/humble /usr/bin/cmake --install /home/tanakon/fra501_ws/build/my_controller_interfaces
[3.595s] Level 1:colcon.colcon_core.environment:create_environment_scripts_only(my_controller_interfaces)
[3.595s] DEBUG:colcon.colcon_core.event_handler.log_command:Invoked command in '/home/tanakon/fra501_ws/build/my_controller_interfaces' returned '0': CMAKE_PREFIX_PATH=${CMAKE_PREFIX_PATH}:/opt/ros/humble /usr/bin/cmake --install /home/tanakon/fra501_ws/build/my_controller_interfaces
[3.598s] Level 1:colcon.colcon_core.environment:checking '/home/tanakon/fra501_ws/install/my_controller_interfaces' for CMake module files
[3.598s] Level 1:colcon.colcon_core.environment:checking '/home/tanakon/fra501_ws/install/my_controller_interfaces' for CMake config files
[3.599s] Level 1:colcon.colcon_core.shell:create_environment_hook('my_controller_interfaces', 'cmake_prefix_path')
[3.600s] INFO:colcon.colcon_core.shell:Creating environment hook '/home/tanakon/fra501_ws/install/my_controller_interfaces/share/my_controller_interfaces/hook/cmake_prefix_path.ps1'
[3.601s] INFO:colcon.colcon_core.shell:Creating environment descriptor '/home/tanakon/fra501_ws/install/my_controller_interfaces/share/my_controller_interfaces/hook/cmake_prefix_path.dsv'
[3.601s] INFO:colcon.colcon_core.shell:Creating environment hook '/home/tanakon/fra501_ws/install/my_controller_interfaces/share/my_controller_interfaces/hook/cmake_prefix_path.sh'
[3.601s] Level 1:colcon.colcon_core.environment:checking '/home/tanakon/fra501_ws/install/my_controller_interfaces/lib'
[3.601s] Level 1:colcon.colcon_core.shell:create_environment_hook('my_controller_interfaces', 'ld_library_path_lib')
[3.603s] INFO:colcon.colcon_core.shell:Creating environment hook '/home/tanakon/fra501_ws/install/my_controller_interfaces/share/my_controller_interfaces/hook/ld_library_path_lib.ps1'
[3.603s] INFO:colcon.colcon_core.shell:Creating environment descriptor '/home/tanakon/fra501_ws/install/my_controller_interfaces/share/my_controller_interfaces/hook/ld_library_path_lib.dsv'
[3.603s] INFO:colcon.colcon_core.shell:Creating environment hook '/home/tanakon/fra501_ws/install/my_controller_interfaces/share/my_controller_interfaces/hook/ld_library_path_lib.sh'
[3.603s] Level 1:colcon.colcon_core.environment:checking '/home/tanakon/fra501_ws/install/my_controller_interfaces/bin'
[3.603s] Level 1:colcon.colcon_core.environment:checking '/home/tanakon/fra501_ws/install/my_controller_interfaces/lib/pkgconfig/my_controller_interfaces.pc'
[3.604s] Level 1:colcon.colcon_core.environment:checking '/home/tanakon/fra501_ws/install/my_controller_interfaces/lib/python3.10/site-packages'
[3.604s] Level 1:colcon.colcon_core.environment:checking '/home/tanakon/fra501_ws/install/my_controller_interfaces/bin'
[3.605s] INFO:colcon.colcon_core.shell:Creating package script '/home/tanakon/fra501_ws/install/my_controller_interfaces/share/my_controller_interfaces/package.ps1'
[3.606s] INFO:colcon.colcon_core.shell:Creating package descriptor '/home/tanakon/fra501_ws/install/my_controller_interfaces/share/my_controller_interfaces/package.dsv'
[3.606s] INFO:colcon.colcon_core.shell:Creating package script '/home/tanakon/fra501_ws/install/my_controller_interfaces/share/my_controller_interfaces/package.sh'
[3.606s] INFO:colcon.colcon_core.shell:Creating package script '/home/tanakon/fra501_ws/install/my_controller_interfaces/share/my_controller_interfaces/package.bash'
[3.607s] INFO:colcon.colcon_core.shell:Creating package script '/home/tanakon/fra501_ws/install/my_controller_interfaces/share/my_controller_interfaces/package.zsh'
[3.607s] Level 1:colcon.colcon_core.environment:create_file_with_runtime_dependencies(/home/tanakon/fra501_ws/install/my_controller_interfaces/share/colcon-core/packages/my_controller_interfaces)
[3.608s] DEBUG:colcon.colcon_core.event_handler.log_command:Invoked command in '/home/tanakon/fra501_ws/build/turtlesim_interfaces' returned '0': CMAKE_PREFIX_PATH=${CMAKE_PREFIX_PATH}:/opt/ros/humble /usr/bin/cmake --build /home/tanakon/fra501_ws/build/turtlesim_interfaces -- -j16 -l16
[3.639s] Level 1:colcon.colcon_core.environment:create_environment_scripts_only(my_controller_interfaces)
[3.640s] Level 1:colcon.colcon_core.environment:checking '/home/tanakon/fra501_ws/install/my_controller_interfaces' for CMake module files
[3.640s] Level 1:colcon.colcon_core.environment:checking '/home/tanakon/fra501_ws/install/my_controller_interfaces' for CMake config files
[3.640s] Level 1:colcon.colcon_core.shell:create_environment_hook('my_controller_interfaces', 'cmake_prefix_path')
[3.641s] INFO:colcon.colcon_core.shell:Creating environment hook '/home/tanakon/fra501_ws/install/my_controller_interfaces/share/my_controller_interfaces/hook/cmake_prefix_path.ps1'
[3.642s] INFO:colcon.colcon_core.shell:Creating environment descriptor '/home/tanakon/fra501_ws/install/my_controller_interfaces/share/my_controller_interfaces/hook/cmake_prefix_path.dsv'
[3.642s] INFO:colcon.colcon_core.shell:Creating environment hook '/home/tanakon/fra501_ws/install/my_controller_interfaces/share/my_controller_interfaces/hook/cmake_prefix_path.sh'
[3.642s] Level 1:colcon.colcon_core.environment:checking '/home/tanakon/fra501_ws/install/my_controller_interfaces/lib'
[3.642s] Level 1:colcon.colcon_core.shell:create_environment_hook('my_controller_interfaces', 'ld_library_path_lib')
[3.643s] INFO:colcon.colcon_core.shell:Creating environment hook '/home/tanakon/fra501_ws/install/my_controller_interfaces/share/my_controller_interfaces/hook/ld_library_path_lib.ps1'
[3.643s] INFO:colcon.colcon_core.shell:Creating environment descriptor '/home/tanakon/fra501_ws/install/my_controller_interfaces/share/my_controller_interfaces/hook/ld_library_path_lib.dsv'
[3.643s] INFO:colcon.colcon_core.shell:Creating environment hook '/home/tanakon/fra501_ws/install/my_controller_interfaces/share/my_controller_interfaces/hook/ld_library_path_lib.sh'
[3.643s] Level 1:colcon.colcon_core.environment:checking '/home/tanakon/fra501_ws/install/my_controller_interfaces/bin'
[3.643s] Level 1:colcon.colcon_core.environment:checking '/home/tanakon/fra501_ws/install/my_controller_interfaces/lib/pkgconfig/my_controller_interfaces.pc'
[3.644s] Level 1:colcon.colcon_core.environment:checking '/home/tanakon/fra501_ws/install/my_controller_interfaces/lib/python3.10/site-packages'
[3.644s] Level 1:colcon.colcon_core.environment:checking '/home/tanakon/fra501_ws/install/my_controller_interfaces/bin'
[3.645s] INFO:colcon.colcon_core.shell:Creating package script '/home/tanakon/fra501_ws/install/my_controller_interfaces/share/my_controller_interfaces/package.ps1'
[3.645s] INFO:colcon.colcon_core.shell:Creating package descriptor '/home/tanakon/fra501_ws/install/my_controller_interfaces/share/my_controller_interfaces/package.dsv'
[3.645s] INFO:colcon.colcon_core.shell:Creating package script '/home/tanakon/fra501_ws/install/my_controller_interfaces/share/my_controller_interfaces/package.sh'
[3.645s] INFO:colcon.colcon_core.shell:Creating package script '/home/tanakon/fra501_ws/install/my_controller_interfaces/share/my_controller_interfaces/package.bash'
[3.646s] INFO:colcon.colcon_core.shell:Creating package script '/home/tanakon/fra501_ws/install/my_controller_interfaces/share/my_controller_interfaces/package.zsh'
[3.646s] Level 1:colcon.colcon_core.environment:create_file_with_runtime_dependencies(/home/tanakon/fra501_ws/install/my_controller_interfaces/share/colcon-core/packages/my_controller_interfaces)
[3.647s] DEBUG:colcon.colcon_core.event_handler.log_command:Invoking command in '/home/tanakon/fra501_ws/build/turtlesim_interfaces': CMAKE_PREFIX_PATH=${CMAKE_PREFIX_PATH}:/opt/ros/humble /usr/bin/cmake --install /home/tanakon/fra501_ws/build/turtlesim_interfaces
[3.688s] Level 1:colcon.colcon_core.environment:create_environment_scripts_only(turtlesim_interfaces)
[3.689s] Level 1:colcon.colcon_core.environment:checking '/home/tanakon/fra501_ws/install/turtlesim_interfaces' for CMake module files
[3.690s] DEBUG:colcon.colcon_core.event_handler.log_command:Invoked command in '/home/tanakon/fra501_ws/build/turtlesim_interfaces' returned '0': CMAKE_PREFIX_PATH=${CMAKE_PREFIX_PATH}:/opt/ros/humble /usr/bin/cmake --install /home/tanakon/fra501_ws/build/turtlesim_interfaces
[3.690s] Level 1:colcon.colcon_core.environment:checking '/home/tanakon/fra501_ws/install/turtlesim_interfaces' for CMake config files
[3.690s] Level 1:colcon.colcon_core.shell:create_environment_hook('turtlesim_interfaces', 'cmake_prefix_path')
[3.691s] INFO:colcon.colcon_core.shell:Creating environment hook '/home/tanakon/fra501_ws/install/turtlesim_interfaces/share/turtlesim_interfaces/hook/cmake_prefix_path.ps1'
[3.691s] INFO:colcon.colcon_core.shell:Creating environment descriptor '/home/tanakon/fra501_ws/install/turtlesim_interfaces/share/turtlesim_interfaces/hook/cmake_prefix_path.dsv'
[3.691s] INFO:colcon.colcon_core.shell:Creating environment hook '/home/tanakon/fra501_ws/install/turtlesim_interfaces/share/turtlesim_interfaces/hook/cmake_prefix_path.sh'
[3.692s] Level 1:colcon.colcon_core.environment:checking '/home/tanakon/fra501_ws/install/turtlesim_interfaces/lib'
[3.692s] Level 1:colcon.colcon_core.shell:create_environment_hook('turtlesim_interfaces', 'ld_library_path_lib')
[3.692s] INFO:colcon.colcon_core.shell:Creating environment hook '/home/tanakon/fra501_ws/install/turtlesim_interfaces/share/turtlesim_interfaces/hook/ld_library_path_lib.ps1'
[3.693s] INFO:colcon.colcon_core.shell:Creating environment descriptor '/home/tanakon/fra501_ws/install/turtlesim_interfaces/share/turtlesim_interfaces/hook/ld_library_path_lib.dsv'
[3.693s] INFO:colcon.colcon_core.shell:Creating environment hook '/home/tanakon/fra501_ws/install/turtlesim_interfaces/share/turtlesim_interfaces/hook/ld_library_path_lib.sh'
[3.693s] Level 1:colcon.colcon_core.environment:checking '/home/tanakon/fra501_ws/install/turtlesim_interfaces/bin'
[3.693s] Level 1:colcon.colcon_core.environment:checking '/home/tanakon/fra501_ws/install/turtlesim_interfaces/lib/pkgconfig/turtlesim_interfaces.pc'
[3.693s] Level 1:colcon.colcon_core.environment:checking '/home/tanakon/fra501_ws/install/turtlesim_interfaces/lib/python3.10/site-packages'
[3.693s] Level 1:colcon.colcon_core.environment:checking '/home/tanakon/fra501_ws/install/turtlesim_interfaces/bin'
[3.694s] INFO:colcon.colcon_core.shell:Creating package script '/home/tanakon/fra501_ws/install/turtlesim_interfaces/share/turtlesim_interfaces/package.ps1'
[3.694s] INFO:colcon.colcon_core.shell:Creating package descriptor '/home/tanakon/fra501_ws/install/turtlesim_interfaces/share/turtlesim_interfaces/package.dsv'
[3.695s] INFO:colcon.colcon_core.shell:Creating package script '/home/tanakon/fra501_ws/install/turtlesim_interfaces/share/turtlesim_interfaces/package.sh'
[3.695s] INFO:colcon.colcon_core.shell:Creating package script '/home/tanakon/fra501_ws/install/turtlesim_interfaces/share/turtlesim_interfaces/package.bash'
[3.695s] INFO:colcon.colcon_core.shell:Creating package script '/home/tanakon/fra501_ws/install/turtlesim_interfaces/share/turtlesim_interfaces/package.zsh'
[3.695s] Level 1:colcon.colcon_core.environment:create_file_with_runtime_dependencies(/home/tanakon/fra501_ws/install/turtlesim_interfaces/share/colcon-core/packages/turtlesim_interfaces)
[3.730s] Level 1:colcon.colcon_core.environment:create_environment_scripts_only(turtlesim_interfaces)
[3.732s] Level 1:colcon.colcon_core.environment:checking '/home/tanakon/fra501_ws/install/turtlesim_interfaces' for CMake module files
[3.733s] Level 1:colcon.colcon_core.environment:checking '/home/tanakon/fra501_ws/install/turtlesim_interfaces' for CMake config files
[3.733s] Level 1:colcon.colcon_core.shell:create_environment_hook('turtlesim_interfaces', 'cmake_prefix_path')
[3.735s] INFO:colcon.colcon_core.shell:Creating environment hook '/home/tanakon/fra501_ws/install/turtlesim_interfaces/share/turtlesim_interfaces/hook/cmake_prefix_path.ps1'
[3.735s] INFO:colcon.colcon_core.shell:Creating environment descriptor '/home/tanakon/fra501_ws/install/turtlesim_interfaces/share/turtlesim_interfaces/hook/cmake_prefix_path.dsv'
[3.735s] INFO:colcon.colcon_core.shell:Creating environment hook '/home/tanakon/fra501_ws/install/turtlesim_interfaces/share/turtlesim_interfaces/hook/cmake_prefix_path.sh'
[3.736s] Level 1:colcon.colcon_core.environment:checking '/home/tanakon/fra501_ws/install/turtlesim_interfaces/lib'
[3.736s] Level 1:colcon.colcon_core.shell:create_environment_hook('turtlesim_interfaces', 'ld_library_path_lib')
[3.737s] INFO:colcon.colcon_core.shell:Creating environment hook '/home/tanakon/fra501_ws/install/turtlesim_interfaces/share/turtlesim_interfaces/hook/ld_library_path_lib.ps1'
[3.738s] INFO:colcon.colcon_core.shell:Creating environment descriptor '/home/tanakon/fra501_ws/install/turtlesim_interfaces/share/turtlesim_interfaces/hook/ld_library_path_lib.dsv'
[3.738s] INFO:colcon.colcon_core.shell:Creating environment hook '/home/tanakon/fra501_ws/install/turtlesim_interfaces/share/turtlesim_interfaces/hook/ld_library_path_lib.sh'
[3.738s] Level 1:colcon.colcon_core.environment:checking '/home/tanakon/fra501_ws/install/turtlesim_interfaces/bin'
[3.738s] Level 1:colcon.colcon_core.environment:checking '/home/tanakon/fra501_ws/install/turtlesim_interfaces/lib/pkgconfig/turtlesim_interfaces.pc'
[3.738s] Level 1:colcon.colcon_core.environment:checking '/home/tanakon/fra501_ws/install/turtlesim_interfaces/lib/python3.10/site-packages'
[3.739s] Level 1:colcon.colcon_core.environment:checking '/home/tanakon/fra501_ws/install/turtlesim_interfaces/bin'
[3.740s] INFO:colcon.colcon_core.shell:Creating package script '/home/tanakon/fra501_ws/install/turtlesim_interfaces/share/turtlesim_interfaces/package.ps1'
[3.740s] INFO:colcon.colcon_core.shell:Creating package descriptor '/home/tanakon/fra501_ws/install/turtlesim_interfaces/share/turtlesim_interfaces/package.dsv'
[3.741s] INFO:colcon.colcon_core.shell:Creating package script '/home/tanakon/fra501_ws/install/turtlesim_interfaces/share/turtlesim_interfaces/package.sh'
[3.741s] INFO:colcon.colcon_core.shell:Creating package script '/home/tanakon/fra501_ws/install/turtlesim_interfaces/share/turtlesim_interfaces/package.bash'
[3.742s] INFO:colcon.colcon_core.shell:Creating package script '/home/tanakon/fra501_ws/install/turtlesim_interfaces/share/turtlesim_interfaces/package.zsh'
[3.742s] Level 1:colcon.colcon_core.environment:create_file_with_runtime_dependencies(/home/tanakon/fra501_ws/install/turtlesim_interfaces/share/colcon-core/packages/turtlesim_interfaces)
[4.400s] DEBUG:colcon.colcon_core.event_handler.log_command:Invoked command in '/home/tanakon/fra501_ws/build/turtlesim_plus_interfaces' returned '0': CMAKE_PREFIX_PATH=${CMAKE_PREFIX_PATH}:/opt/ros/humble /usr/bin/cmake --build /home/tanakon/fra501_ws/build/turtlesim_plus_interfaces -- -j16 -l16
[4.457s] DEBUG:colcon.colcon_core.event_handler.log_command:Invoking command in '/home/tanakon/fra501_ws/build/turtlesim_plus_interfaces': CMAKE_PREFIX_PATH=${CMAKE_PREFIX_PATH}:/opt/ros/humble /usr/bin/cmake --install /home/tanakon/fra501_ws/build/turtlesim_plus_interfaces
[4.507s] Level 1:colcon.colcon_core.environment:create_environment_scripts_only(turtlesim_plus_interfaces)
[4.507s] DEBUG:colcon.colcon_core.event_handler.log_command:Invoked command in '/home/tanakon/fra501_ws/build/turtlesim_plus_interfaces' returned '0': CMAKE_PREFIX_PATH=${CMAKE_PREFIX_PATH}:/opt/ros/humble /usr/bin/cmake --install /home/tanakon/fra501_ws/build/turtlesim_plus_interfaces
[4.509s] Level 1:colcon.colcon_core.environment:checking '/home/tanakon/fra501_ws/install/turtlesim_plus_interfaces' for CMake module files
[4.509s] Level 1:colcon.colcon_core.environment:checking '/home/tanakon/fra501_ws/install/turtlesim_plus_interfaces' for CMake config files
[4.509s] Level 1:colcon.colcon_core.shell:create_environment_hook('turtlesim_plus_interfaces', 'cmake_prefix_path')
[4.510s] INFO:colcon.colcon_core.shell:Creating environment hook '/home/tanakon/fra501_ws/install/turtlesim_plus_interfaces/share/turtlesim_plus_interfaces/hook/cmake_prefix_path.ps1'
[4.510s] INFO:colcon.colcon_core.shell:Creating environment descriptor '/home/tanakon/fra501_ws/install/turtlesim_plus_interfaces/share/turtlesim_plus_interfaces/hook/cmake_prefix_path.dsv'
[4.511s] INFO:colcon.colcon_core.shell:Creating environment hook '/home/tanakon/fra501_ws/install/turtlesim_plus_interfaces/share/turtlesim_plus_interfaces/hook/cmake_prefix_path.sh'
[4.511s] Level 1:colcon.colcon_core.environment:checking '/home/tanakon/fra501_ws/install/turtlesim_plus_interfaces/lib'
[4.511s] Level 1:colcon.colcon_core.shell:create_environment_hook('turtlesim_plus_interfaces', 'ld_library_path_lib')
[4.512s] INFO:colcon.colcon_core.shell:Creating environment hook '/home/tanakon/fra501_ws/install/turtlesim_plus_interfaces/share/turtlesim_plus_interfaces/hook/ld_library_path_lib.ps1'
[4.512s] INFO:colcon.colcon_core.shell:Creating environment descriptor '/home/tanakon/fra501_ws/install/turtlesim_plus_interfaces/share/turtlesim_plus_interfaces/hook/ld_library_path_lib.dsv'
[4.512s] INFO:colcon.colcon_core.shell:Creating environment hook '/home/tanakon/fra501_ws/install/turtlesim_plus_interfaces/share/turtlesim_plus_interfaces/hook/ld_library_path_lib.sh'
[4.512s] Level 1:colcon.colcon_core.environment:checking '/home/tanakon/fra501_ws/install/turtlesim_plus_interfaces/bin'
[4.512s] Level 1:colcon.colcon_core.environment:checking '/home/tanakon/fra501_ws/install/turtlesim_plus_interfaces/lib/pkgconfig/turtlesim_plus_interfaces.pc'
[4.512s] Level 1:colcon.colcon_core.environment:checking '/home/tanakon/fra501_ws/install/turtlesim_plus_interfaces/lib/python3.10/site-packages'
[4.513s] Level 1:colcon.colcon_core.environment:checking '/home/tanakon/fra501_ws/install/turtlesim_plus_interfaces/bin'
[4.513s] INFO:colcon.colcon_core.shell:Creating package script '/home/tanakon/fra501_ws/install/turtlesim_plus_interfaces/share/turtlesim_plus_interfaces/package.ps1'
[4.514s] INFO:colcon.colcon_core.shell:Creating package descriptor '/home/tanakon/fra501_ws/install/turtlesim_plus_interfaces/share/turtlesim_plus_interfaces/package.dsv'
[4.514s] INFO:colcon.colcon_core.shell:Creating package script '/home/tanakon/fra501_ws/install/turtlesim_plus_interfaces/share/turtlesim_plus_interfaces/package.sh'
[4.514s] INFO:colcon.colcon_core.shell:Creating package script '/home/tanakon/fra501_ws/install/turtlesim_plus_interfaces/share/turtlesim_plus_interfaces/package.bash'
[4.514s] INFO:colcon.colcon_core.shell:Creating package script '/home/tanakon/fra501_ws/install/turtlesim_plus_interfaces/share/turtlesim_plus_interfaces/package.zsh'
[4.514s] Level 1:colcon.colcon_core.environment:create_file_with_runtime_dependencies(/home/tanakon/fra501_ws/install/turtlesim_plus_interfaces/share/colcon-core/packages/turtlesim_plus_interfaces)
[4.574s] Level 1:colcon.colcon_core.environment:create_environment_scripts_only(turtlesim_plus_interfaces)
[4.575s] Level 1:colcon.colcon_core.environment:checking '/home/tanakon/fra501_ws/install/turtlesim_plus_interfaces' for CMake module files
[4.575s] Level 1:colcon.colcon_core.environment:checking '/home/tanakon/fra501_ws/install/turtlesim_plus_interfaces' for CMake config files
[4.576s] Level 1:colcon.colcon_core.shell:create_environment_hook('turtlesim_plus_interfaces', 'cmake_prefix_path')
[4.576s] INFO:colcon.colcon_core.shell:Creating environment hook '/home/tanakon/fra501_ws/install/turtlesim_plus_interfaces/share/turtlesim_plus_interfaces/hook/cmake_prefix_path.ps1'
[4.577s] INFO:colcon.colcon_core.shell:Creating environment descriptor '/home/tanakon/fra501_ws/install/turtlesim_plus_interfaces/share/turtlesim_plus_interfaces/hook/cmake_prefix_path.dsv'
[4.577s] INFO:colcon.colcon_core.shell:Creating environment hook '/home/tanakon/fra501_ws/install/turtlesim_plus_interfaces/share/turtlesim_plus_interfaces/hook/cmake_prefix_path.sh'
[4.577s] Level 1:colcon.colcon_core.environment:checking '/home/tanakon/fra501_ws/install/turtlesim_plus_interfaces/lib'
[4.577s] Level 1:colcon.colcon_core.shell:create_environment_hook('turtlesim_plus_interfaces', 'ld_library_path_lib')
[4.578s] INFO:colcon.colcon_core.shell:Creating environment hook '/home/tanakon/fra501_ws/install/turtlesim_plus_interfaces/share/turtlesim_plus_interfaces/hook/ld_library_path_lib.ps1'
[4.578s] INFO:colcon.colcon_core.shell:Creating environment descriptor '/home/tanakon/fra501_ws/install/turtlesim_plus_interfaces/share/turtlesim_plus_interfaces/hook/ld_library_path_lib.dsv'
[4.578s] INFO:colcon.colcon_core.shell:Creating environment hook '/home/tanakon/fra501_ws/install/turtlesim_plus_interfaces/share/turtlesim_plus_interfaces/hook/ld_library_path_lib.sh'
[4.579s] Level 1:colcon.colcon_core.environment:checking '/home/tanakon/fra501_ws/install/turtlesim_plus_interfaces/bin'
[4.579s] Level 1:colcon.colcon_core.environment:checking '/home/tanakon/fra501_ws/install/turtlesim_plus_interfaces/lib/pkgconfig/turtlesim_plus_interfaces.pc'
[4.579s] Level 1:colcon.colcon_core.environment:checking '/home/tanakon/fra501_ws/install/turtlesim_plus_interfaces/lib/python3.10/site-packages'
[4.579s] Level 1:colcon.colcon_core.environment:checking '/home/tanakon/fra501_ws/install/turtlesim_plus_interfaces/bin'
[4.580s] INFO:colcon.colcon_core.shell:Creating package script '/home/tanakon/fra501_ws/install/turtlesim_plus_interfaces/share/turtlesim_plus_interfaces/package.ps1'
[4.581s] INFO:colcon.colcon_core.shell:Creating package descriptor '/home/tanakon/fra501_ws/install/turtlesim_plus_interfaces/share/turtlesim_plus_interfaces/package.dsv'
[4.581s] INFO:colcon.colcon_core.shell:Creating package script '/home/tanakon/fra501_ws/install/turtlesim_plus_interfaces/share/turtlesim_plus_interfaces/package.sh'
[4.581s] INFO:colcon.colcon_core.shell:Creating package script '/home/tanakon/fra501_ws/install/turtlesim_plus_interfaces/share/turtlesim_plus_interfaces/package.bash'
[4.582s] INFO:colcon.colcon_core.shell:Creating package script '/home/tanakon/fra501_ws/install/turtlesim_plus_interfaces/share/turtlesim_plus_interfaces/package.zsh'
[4.582s] Level 1:colcon.colcon_core.environment:create_file_with_runtime_dependencies(/home/tanakon/fra501_ws/install/turtlesim_plus_interfaces/share/colcon-core/packages/turtlesim_plus_interfaces)
[4.582s] DEBUG:colcon.colcon_parallel_executor.executor.parallel:closing loop
[4.582s] DEBUG:colcon.colcon_parallel_executor.executor.parallel:loop closed
[4.582s] DEBUG:colcon.colcon_parallel_executor.executor.parallel:run_until_complete finished with '0'
[4.582s] DEBUG:colcon.colcon_core.event_reactor:joining thread
[4.586s] INFO:colcon.colcon_core.plugin_system:Skipping extension 'colcon_notification.desktop_notification.terminal_notifier': Not used on non-Darwin systems
[4.586s] INFO:colcon.colcon_core.plugin_system:Skipping extension 'colcon_notification.desktop_notification.win32': Not used on non-Windows systems
[4.586s] INFO:colcon.colcon_notification.desktop_notification:Sending desktop notification using 'notify2'
[4.594s] DEBUG:colcon.colcon_core.event_reactor:joined thread
[4.595s] INFO:colcon.colcon_core.shell:Creating prefix script '/home/tanakon/fra501_ws/install/local_setup.ps1'
[4.596s] INFO:colcon.colcon_core.shell:Creating prefix util module '/home/tanakon/fra501_ws/install/_local_setup_util_ps1.py'
[4.596s] INFO:colcon.colcon_core.shell:Creating prefix chain script '/home/tanakon/fra501_ws/install/setup.ps1'
[4.598s] INFO:colcon.colcon_core.shell:Creating prefix script '/home/tanakon/fra501_ws/install/local_setup.sh'
[4.598s] INFO:colcon.colcon_core.shell:Creating prefix util module '/home/tanakon/fra501_ws/install/_local_setup_util_sh.py'
[4.599s] INFO:colcon.colcon_core.shell:Creating prefix chain script '/home/tanakon/fra501_ws/install/setup.sh'
[4.600s] INFO:colcon.colcon_core.shell:Creating prefix script '/home/tanakon/fra501_ws/install/local_setup.bash'
[4.600s] INFO:colcon.colcon_core.shell:Creating prefix chain script '/home/tanakon/fra501_ws/install/setup.bash'
[4.601s] INFO:colcon.colcon_core.shell:Creating prefix script '/home/tanakon/fra501_ws/install/local_setup.zsh'
[4.601s] INFO:colcon.colcon_core.shell:Creating prefix chain script '/home/tanakon/fra501_ws/install/setup.zsh'
