[0.187s] DEBUG:colcon:Command line arguments: ['/usr/bin/colcon', 'build']
[0.187s] DEBUG:colcon:Parsed command line arguments: Namespace(log_base=None, log_level=None, verb_name='build', build_base='build', install_base='install', merge_install=False, symlink_install=False, test_result_base=None, continue_on_error=False, executor='parallel', parallel_workers=16, event_handlers=None, ignore_user_meta=False, metas=['./colcon.meta'], base_paths=['.'], packages_ignore=None, packages_ignore_regex=None, paths=None, packages_up_to=None, packages_up_to_regex=None, packages_above=None, packages_above_and_dependencies=None, packages_above_depth=None, packages_select_by_dep=None, packages_skip_by_dep=None, packages_skip_up_to=None, packages_select_build_failed=False, packages_skip_build_finished=False, packages_select_test_failures=False, packages_skip_test_passed=False, packages_select=None, packages_skip=None, packages_select_regex=None, packages_skip_regex=None, packages_start=None, packages_end=None, allow_overriding=[], cmake_args=None, cmake_target=None, cmake_target_skip_unavailable=False, cmake_clean_cache=False, cmake_clean_first=False, cmake_force_configure=False, ament_cmake_args=None, catkin_cmake_args=None, catkin_skip_building_tests=False, verb_parser=<colcon_defaults.argument_parser.defaults.DefaultArgumentsDecorator object at 0x7f09c39a2590>, verb_extension=<colcon_core.verb.build.BuildVerb object at 0x7f09c41c4610>, main=<bound method BuildVerb.main of <colcon_core.verb.build.BuildVerb object at 0x7f09c41c4610>>)
[0.208s] Level 1:colcon.colcon_core.package_discovery:discover_packages(colcon_meta) check parameters
[0.209s] Level 1:colcon.colcon_core.package_discovery:discover_packages(recursive) check parameters
[0.209s] Level 1:colcon.colcon_core.package_discovery:discover_packages(ignore) check parameters
[0.209s] Level 1:colcon.colcon_core.package_discovery:discover_packages(path) check parameters
[0.209s] Level 1:colcon.colcon_core.package_discovery:discover_packages(colcon_meta) discover
[0.209s] Level 1:colcon.colcon_core.package_discovery:discover_packages(recursive) discover
[0.209s] INFO:colcon.colcon_core.package_discovery:Crawling recursively for packages in '/home/tanakon/fra501_ws'
[0.209s] Level 1:colcon.colcon_core.package_identification:_identify(.) by extensions ['ignore', 'ignore_ament_install']
[0.209s] Level 1:colcon.colcon_core.package_identification:_identify(.) by extension 'ignore'
[0.209s] Level 1:colcon.colcon_core.package_identification:_identify(.) by extension 'ignore_ament_install'
[0.209s] Level 1:colcon.colcon_core.package_identification:_identify(.) by extensions ['colcon_pkg']
[0.209s] Level 1:colcon.colcon_core.package_identification:_identify(.) by extension 'colcon_pkg'
[0.209s] Level 1:colcon.colcon_core.package_identification:_identify(.) by extensions ['colcon_meta']
[0.209s] Level 1:colcon.colcon_core.package_identification:_identify(.) by extension 'colcon_meta'
[0.209s] Level 1:colcon.colcon_core.package_identification:_identify(.) by extensions ['ros']
[0.209s] Level 1:colcon.colcon_core.package_identification:_identify(.) by extension 'ros'
[0.216s] Level 1:colcon.colcon_core.package_identification:_identify(.) by extensions ['cmake', 'python']
[0.216s] Level 1:colcon.colcon_core.package_identification:_identify(.) by extension 'cmake'
[0.216s] Level 1:colcon.colcon_core.package_identification:_identify(.) by extension 'python'
[0.216s] Level 1:colcon.colcon_core.package_identification:_identify(.) by extensions ['python_setup_py']
[0.216s] Level 1:colcon.colcon_core.package_identification:_identify(.) by extension 'python_setup_py'
[0.216s] Level 1:colcon.colcon_core.package_identification:_identify(build) by extensions ['ignore', 'ignore_ament_install']
[0.216s] Level 1:colcon.colcon_core.package_identification:_identify(build) by extension 'ignore'
[0.216s] Level 1:colcon.colcon_core.package_identification:_identify(build) ignored
[0.216s] Level 1:colcon.colcon_core.package_identification:_identify(install) by extensions ['ignore', 'ignore_ament_install']
[0.216s] Level 1:colcon.colcon_core.package_identification:_identify(install) by extension 'ignore'
[0.216s] Level 1:colcon.colcon_core.package_identification:_identify(install) ignored
[0.216s] Level 1:colcon.colcon_core.package_identification:_identify(log) by extensions ['ignore', 'ignore_ament_install']
[0.217s] Level 1:colcon.colcon_core.package_identification:_identify(log) by extension 'ignore'
[0.217s] Level 1:colcon.colcon_core.package_identification:_identify(log) ignored
[0.217s] Level 1:colcon.colcon_core.package_identification:_identify(src) by extensions ['ignore', 'ignore_ament_install']
[0.217s] Level 1:colcon.colcon_core.package_identification:_identify(src) by extension 'ignore'
[0.217s] Level 1:colcon.colcon_core.package_identification:_identify(src) by extension 'ignore_ament_install'
[0.217s] Level 1:colcon.colcon_core.package_identification:_identify(src) by extensions ['colcon_pkg']
[0.217s] Level 1:colcon.colcon_core.package_identification:_identify(src) by extension 'colcon_pkg'
[0.217s] Level 1:colcon.colcon_core.package_identification:_identify(src) by extensions ['colcon_meta']
[0.217s] Level 1:colcon.colcon_core.package_identification:_identify(src) by extension 'colcon_meta'
[0.217s] Level 1:colcon.colcon_core.package_identification:_identify(src) by extensions ['ros']
[0.217s] Level 1:colcon.colcon_core.package_identification:_identify(src) by extension 'ros'
[0.217s] Level 1:colcon.colcon_core.package_identification:_identify(src) by extensions ['cmake', 'python']
[0.217s] Level 1:colcon.colcon_core.package_identification:_identify(src) by extension 'cmake'
[0.217s] Level 1:colcon.colcon_core.package_identification:_identify(src) by extension 'python'
[0.217s] Level 1:colcon.colcon_core.package_identification:_identify(src) by extensions ['python_setup_py']
[0.217s] Level 1:colcon.colcon_core.package_identification:_identify(src) by extension 'python_setup_py'
[0.217s] Level 1:colcon.colcon_core.package_identification:_identify(src/build) by extensions ['ignore', 'ignore_ament_install']
[0.217s] Level 1:colcon.colcon_core.package_identification:_identify(src/build) by extension 'ignore'
[0.217s] Level 1:colcon.colcon_core.package_identification:_identify(src/build) ignored
[0.217s] Level 1:colcon.colcon_core.package_identification:_identify(src/doc) by extensions ['ignore', 'ignore_ament_install']
[0.217s] Level 1:colcon.colcon_core.package_identification:_identify(src/doc) by extension 'ignore'
[0.217s] Level 1:colcon.colcon_core.package_identification:_identify(src/doc) by extension 'ignore_ament_install'
[0.217s] Level 1:colcon.colcon_core.package_identification:_identify(src/doc) by extensions ['colcon_pkg']
[0.217s] Level 1:colcon.colcon_core.package_identification:_identify(src/doc) by extension 'colcon_pkg'
[0.217s] Level 1:colcon.colcon_core.package_identification:_identify(src/doc) by extensions ['colcon_meta']
[0.217s] Level 1:colcon.colcon_core.package_identification:_identify(src/doc) by extension 'colcon_meta'
[0.217s] Level 1:colcon.colcon_core.package_identification:_identify(src/doc) by extensions ['ros']
[0.217s] Level 1:colcon.colcon_core.package_identification:_identify(src/doc) by extension 'ros'
[0.217s] Level 1:colcon.colcon_core.package_identification:_identify(src/doc) by extensions ['cmake', 'python']
[0.217s] Level 1:colcon.colcon_core.package_identification:_identify(src/doc) by extension 'cmake'
[0.218s] Level 1:colcon.colcon_core.package_identification:_identify(src/doc) by extension 'python'
[0.218s] Level 1:colcon.colcon_core.package_identification:_identify(src/doc) by extensions ['python_setup_py']
[0.218s] Level 1:colcon.colcon_core.package_identification:_identify(src/doc) by extension 'python_setup_py'
[0.218s] Level 1:colcon.colcon_core.package_identification:_identify(src/install) by extensions ['ignore', 'ignore_ament_install']
[0.218s] Level 1:colcon.colcon_core.package_identification:_identify(src/install) by extension 'ignore'
[0.218s] Level 1:colcon.colcon_core.package_identification:_identify(src/install) ignored
[0.218s] Level 1:colcon.colcon_core.package_identification:_identify(src/log) by extensions ['ignore', 'ignore_ament_install']
[0.218s] Level 1:colcon.colcon_core.package_identification:_identify(src/log) by extension 'ignore'
[0.218s] Level 1:colcon.colcon_core.package_identification:_identify(src/log) ignored
[0.218s] Level 1:colcon.colcon_core.package_identification:_identify(src/my_controller) by extensions ['ignore', 'ignore_ament_install']
[0.218s] Level 1:colcon.colcon_core.package_identification:_identify(src/my_controller) by extension 'ignore'
[0.218s] Level 1:colcon.colcon_core.package_identification:_identify(src/my_controller) by extension 'ignore_ament_install'
[0.218s] Level 1:colcon.colcon_core.package_identification:_identify(src/my_controller) by extensions ['colcon_pkg']
[0.218s] Level 1:colcon.colcon_core.package_identification:_identify(src/my_controller) by extension 'colcon_pkg'
[0.218s] Level 1:colcon.colcon_core.package_identification:_identify(src/my_controller) by extensions ['colcon_meta']
[0.218s] Level 1:colcon.colcon_core.package_identification:_identify(src/my_controller) by extension 'colcon_meta'
[0.218s] Level 1:colcon.colcon_core.package_identification:_identify(src/my_controller) by extensions ['ros']
[0.218s] Level 1:colcon.colcon_core.package_identification:_identify(src/my_controller) by extension 'ros'
[0.220s] DEBUG:colcon.colcon_core.package_identification:Package 'src/my_controller' with type 'ros.ament_cmake' and name 'my_controller'
[0.220s] Level 1:colcon.colcon_core.package_identification:_identify(src/my_controller_interfaces) by extensions ['ignore', 'ignore_ament_install']
[0.220s] Level 1:colcon.colcon_core.package_identification:_identify(src/my_controller_interfaces) by extension 'ignore'
[0.220s] Level 1:colcon.colcon_core.package_identification:_identify(src/my_controller_interfaces) by extension 'ignore_ament_install'
[0.220s] Level 1:colcon.colcon_core.package_identification:_identify(src/my_controller_interfaces) by extensions ['colcon_pkg']
[0.220s] Level 1:colcon.colcon_core.package_identification:_identify(src/my_controller_interfaces) by extension 'colcon_pkg'
[0.220s] Level 1:colcon.colcon_core.package_identification:_identify(src/my_controller_interfaces) by extensions ['colcon_meta']
[0.220s] Level 1:colcon.colcon_core.package_identification:_identify(src/my_controller_interfaces) by extension 'colcon_meta'
[0.220s] Level 1:colcon.colcon_core.package_identification:_identify(src/my_controller_interfaces) by extensions ['ros']
[0.220s] Level 1:colcon.colcon_core.package_identification:_identify(src/my_controller_interfaces) by extension 'ros'
[0.220s] DEBUG:colcon.colcon_core.package_identification:Package 'src/my_controller_interfaces' with type 'ros.ament_cmake' and name 'my_controller_interfaces'
[0.220s] Level 1:colcon.colcon_core.package_identification:_identify(src/turtlesim_control) by extensions ['ignore', 'ignore_ament_install']
[0.220s] Level 1:colcon.colcon_core.package_identification:_identify(src/turtlesim_control) by extension 'ignore'
[0.220s] Level 1:colcon.colcon_core.package_identification:_identify(src/turtlesim_control) by extension 'ignore_ament_install'
[0.221s] Level 1:colcon.colcon_core.package_identification:_identify(src/turtlesim_control) by extensions ['colcon_pkg']
[0.221s] Level 1:colcon.colcon_core.package_identification:_identify(src/turtlesim_control) by extension 'colcon_pkg'
[0.221s] Level 1:colcon.colcon_core.package_identification:_identify(src/turtlesim_control) by extensions ['colcon_meta']
[0.221s] Level 1:colcon.colcon_core.package_identification:_identify(src/turtlesim_control) by extension 'colcon_meta'
[0.221s] Level 1:colcon.colcon_core.package_identification:_identify(src/turtlesim_control) by extensions ['ros']
[0.221s] Level 1:colcon.colcon_core.package_identification:_identify(src/turtlesim_control) by extension 'ros'
[0.221s] DEBUG:colcon.colcon_core.package_identification:Package 'src/turtlesim_control' with type 'ros.ament_cmake' and name 'turtlesim_control'
[0.221s] Level 1:colcon.colcon_core.package_identification:_identify(src/turtlesim_interfaces) by extensions ['ignore', 'ignore_ament_install']
[0.221s] Level 1:colcon.colcon_core.package_identification:_identify(src/turtlesim_interfaces) by extension 'ignore'
[0.221s] Level 1:colcon.colcon_core.package_identification:_identify(src/turtlesim_interfaces) by extension 'ignore_ament_install'
[0.221s] Level 1:colcon.colcon_core.package_identification:_identify(src/turtlesim_interfaces) by extensions ['colcon_pkg']
[0.221s] Level 1:colcon.colcon_core.package_identification:_identify(src/turtlesim_interfaces) by extension 'colcon_pkg'
[0.221s] Level 1:colcon.colcon_core.package_identification:_identify(src/turtlesim_interfaces) by extensions ['colcon_meta']
[0.221s] Level 1:colcon.colcon_core.package_identification:_identify(src/turtlesim_interfaces) by extension 'colcon_meta'
[0.221s] Level 1:colcon.colcon_core.package_identification:_identify(src/turtlesim_interfaces) by extensions ['ros']
[0.221s] Level 1:colcon.colcon_core.package_identification:_identify(src/turtlesim_interfaces) by extension 'ros'
[0.222s] DEBUG:colcon.colcon_core.package_identification:Package 'src/turtlesim_interfaces' with type 'ros.ament_cmake' and name 'turtlesim_interfaces'
[0.222s] Level 1:colcon.colcon_core.package_identification:_identify(src/turtlesim_plus) by extensions ['ignore', 'ignore_ament_install']
[0.222s] Level 1:colcon.colcon_core.package_identification:_identify(src/turtlesim_plus) by extension 'ignore'
[0.222s] Level 1:colcon.colcon_core.package_identification:_identify(src/turtlesim_plus) by extension 'ignore_ament_install'
[0.222s] Level 1:colcon.colcon_core.package_identification:_identify(src/turtlesim_plus) by extensions ['colcon_pkg']
[0.222s] Level 1:colcon.colcon_core.package_identification:_identify(src/turtlesim_plus) by extension 'colcon_pkg'
[0.222s] Level 1:colcon.colcon_core.package_identification:_identify(src/turtlesim_plus) by extensions ['colcon_meta']
[0.222s] Level 1:colcon.colcon_core.package_identification:_identify(src/turtlesim_plus) by extension 'colcon_meta'
[0.222s] Level 1:colcon.colcon_core.package_identification:_identify(src/turtlesim_plus) by extensions ['ros']
[0.222s] Level 1:colcon.colcon_core.package_identification:_identify(src/turtlesim_plus) by extension 'ros'
[0.222s] Level 1:colcon.colcon_core.package_identification:_identify(src/turtlesim_plus) by extensions ['cmake', 'python']
[0.222s] Level 1:colcon.colcon_core.package_identification:_identify(src/turtlesim_plus) by extension 'cmake'
[0.222s] Level 1:colcon.colcon_core.package_identification:_identify(src/turtlesim_plus) by extension 'python'
[0.222s] Level 1:colcon.colcon_core.package_identification:_identify(src/turtlesim_plus) by extensions ['python_setup_py']
[0.222s] Level 1:colcon.colcon_core.package_identification:_identify(src/turtlesim_plus) by extension 'python_setup_py'
[0.222s] Level 1:colcon.colcon_core.package_identification:_identify(src/turtlesim_plus/turtlesim_plus) by extensions ['ignore', 'ignore_ament_install']
[0.222s] Level 1:colcon.colcon_core.package_identification:_identify(src/turtlesim_plus/turtlesim_plus) by extension 'ignore'
[0.222s] Level 1:colcon.colcon_core.package_identification:_identify(src/turtlesim_plus/turtlesim_plus) by extension 'ignore_ament_install'
[0.222s] Level 1:colcon.colcon_core.package_identification:_identify(src/turtlesim_plus/turtlesim_plus) by extensions ['colcon_pkg']
[0.222s] Level 1:colcon.colcon_core.package_identification:_identify(src/turtlesim_plus/turtlesim_plus) by extension 'colcon_pkg'
[0.222s] Level 1:colcon.colcon_core.package_identification:_identify(src/turtlesim_plus/turtlesim_plus) by extensions ['colcon_meta']
[0.222s] Level 1:colcon.colcon_core.package_identification:_identify(src/turtlesim_plus/turtlesim_plus) by extension 'colcon_meta'
[0.222s] Level 1:colcon.colcon_core.package_identification:_identify(src/turtlesim_plus/turtlesim_plus) by extensions ['ros']
[0.222s] Level 1:colcon.colcon_core.package_identification:_identify(src/turtlesim_plus/turtlesim_plus) by extension 'ros'
[0.223s] DEBUG:colcon.colcon_core.package_identification:Package 'src/turtlesim_plus/turtlesim_plus' with type 'ros.ament_cmake' and name 'turtlesim_plus'
[0.223s] Level 1:colcon.colcon_core.package_identification:_identify(src/turtlesim_plus/turtlesim_plus_interfaces) by extensions ['ignore', 'ignore_ament_install']
[0.223s] Level 1:colcon.colcon_core.package_identification:_identify(src/turtlesim_plus/turtlesim_plus_interfaces) by extension 'ignore'
[0.223s] Level 1:colcon.colcon_core.package_identification:_identify(src/turtlesim_plus/turtlesim_plus_interfaces) by extension 'ignore_ament_install'
[0.223s] Level 1:colcon.colcon_core.package_identification:_identify(src/turtlesim_plus/turtlesim_plus_interfaces) by extensions ['colcon_pkg']
[0.223s] Level 1:colcon.colcon_core.package_identification:_identify(src/turtlesim_plus/turtlesim_plus_interfaces) by extension 'colcon_pkg'
[0.223s] Level 1:colcon.colcon_core.package_identification:_identify(src/turtlesim_plus/turtlesim_plus_interfaces) by extensions ['colcon_meta']
[0.223s] Level 1:colcon.colcon_core.package_identification:_identify(src/turtlesim_plus/turtlesim_plus_interfaces) by extension 'colcon_meta'
[0.223s] Level 1:colcon.colcon_core.package_identification:_identify(src/turtlesim_plus/turtlesim_plus_interfaces) by extensions ['ros']
[0.223s] Level 1:colcon.colcon_core.package_identification:_identify(src/turtlesim_plus/turtlesim_plus_interfaces) by extension 'ros'
[0.224s] DEBUG:colcon.colcon_core.package_identification:Package 'src/turtlesim_plus/turtlesim_plus_interfaces' with type 'ros.ament_cmake' and name 'turtlesim_plus_interfaces'
[0.224s] Level 1:colcon.colcon_core.package_discovery:discover_packages(recursive) using defaults
[0.224s] Level 1:colcon.colcon_core.package_discovery:discover_packages(ignore) discover
[0.224s] Level 1:colcon.colcon_core.package_discovery:discover_packages(ignore) using defaults
[0.224s] Level 1:colcon.colcon_core.package_discovery:discover_packages(path) discover
[0.224s] Level 1:colcon.colcon_core.package_discovery:discover_packages(path) using defaults
[0.238s] Level 1:colcon.colcon_core.package_discovery:discover_packages(prefix_path) check parameters
[0.238s] Level 1:colcon.colcon_core.package_discovery:discover_packages(prefix_path) discover
[0.240s] DEBUG:colcon.colcon_installed_package_information.package_discovery:Found 6 installed packages in /home/tanakon/fra501_ws/install
[0.240s] DEBUG:colcon.colcon_installed_package_information.package_discovery:Found 0 installed packages in /home/tanakon/install
[0.241s] DEBUG:colcon.colcon_installed_package_information.package_discovery:Found 270 installed packages in /opt/ros/humble
[0.242s] Level 1:colcon.colcon_core.package_discovery:discover_packages(prefix_path) using defaults
[0.277s] Level 5:colcon.colcon_core.verb:set package 'my_controller' build argument 'cmake_args' from command line to 'None'
[0.277s] Level 5:colcon.colcon_core.verb:set package 'my_controller' build argument 'cmake_target' from command line to 'None'
[0.277s] Level 5:colcon.colcon_core.verb:set package 'my_controller' build argument 'cmake_target_skip_unavailable' from command line to 'False'
[0.277s] Level 5:colcon.colcon_core.verb:set package 'my_controller' build argument 'cmake_clean_cache' from command line to 'False'
[0.277s] Level 5:colcon.colcon_core.verb:set package 'my_controller' build argument 'cmake_clean_first' from command line to 'False'
[0.277s] Level 5:colcon.colcon_core.verb:set package 'my_controller' build argument 'cmake_force_configure' from command line to 'False'
[0.277s] Level 5:colcon.colcon_core.verb:set package 'my_controller' build argument 'ament_cmake_args' from command line to 'None'
[0.277s] Level 5:colcon.colcon_core.verb:set package 'my_controller' build argument 'catkin_cmake_args' from command line to 'None'
[0.277s] Level 5:colcon.colcon_core.verb:set package 'my_controller' build argument 'catkin_skip_building_tests' from command line to 'False'
[0.277s] DEBUG:colcon.colcon_core.verb:Building package 'my_controller' with the following arguments: {'ament_cmake_args': None, 'build_base': '/home/tanakon/fra501_ws/build/my_controller', 'catkin_cmake_args': None, 'catkin_skip_building_tests': False, 'cmake_args': None, 'cmake_clean_cache': False, 'cmake_clean_first': False, 'cmake_force_configure': False, 'cmake_target': None, 'cmake_target_skip_unavailable': False, 'install_base': '/home/tanakon/fra501_ws/install/my_controller', 'merge_install': False, 'path': '/home/tanakon/fra501_ws/src/my_controller', 'symlink_install': False, 'test_result_base': None}
[0.278s] Level 5:colcon.colcon_core.verb:set package 'my_controller_interfaces' build argument 'cmake_args' from command line to 'None'
[0.278s] Level 5:colcon.colcon_core.verb:set package 'my_controller_interfaces' build argument 'cmake_target' from command line to 'None'
[0.278s] Level 5:colcon.colcon_core.verb:set package 'my_controller_interfaces' build argument 'cmake_target_skip_unavailable' from command line to 'False'
[0.278s] Level 5:colcon.colcon_core.verb:set package 'my_controller_interfaces' build argument 'cmake_clean_cache' from command line to 'False'
[0.278s] Level 5:colcon.colcon_core.verb:set package 'my_controller_interfaces' build argument 'cmake_clean_first' from command line to 'False'
[0.278s] Level 5:colcon.colcon_core.verb:set package 'my_controller_interfaces' build argument 'cmake_force_configure' from command line to 'False'
[0.278s] Level 5:colcon.colcon_core.verb:set package 'my_controller_interfaces' build argument 'ament_cmake_args' from command line to 'None'
[0.278s] Level 5:colcon.colcon_core.verb:set package 'my_controller_interfaces' build argument 'catkin_cmake_args' from command line to 'None'
[0.278s] Level 5:colcon.colcon_core.verb:set package 'my_controller_interfaces' build argument 'catkin_skip_building_tests' from command line to 'False'
[0.278s] DEBUG:colcon.colcon_core.verb:Building package 'my_controller_interfaces' with the following arguments: {'ament_cmake_args': None, 'build_base': '/home/tanakon/fra501_ws/build/my_controller_interfaces', 'catkin_cmake_args': None, 'catkin_skip_building_tests': False, 'cmake_args': None, 'cmake_clean_cache': False, 'cmake_clean_first': False, 'cmake_force_configure': False, 'cmake_target': None, 'cmake_target_skip_unavailable': False, 'install_base': '/home/tanakon/fra501_ws/install/my_controller_interfaces', 'merge_install': False, 'path': '/home/tanakon/fra501_ws/src/my_controller_interfaces', 'symlink_install': False, 'test_result_base': None}
[0.278s] Level 5:colcon.colcon_core.verb:set package 'turtlesim_control' build argument 'cmake_args' from command line to 'None'
[0.278s] Level 5:colcon.colcon_core.verb:set package 'turtlesim_control' build argument 'cmake_target' from command line to 'None'
[0.278s] Level 5:colcon.colcon_core.verb:set package 'turtlesim_control' build argument 'cmake_target_skip_unavailable' from command line to 'False'
[0.278s] Level 5:colcon.colcon_core.verb:set package 'turtlesim_control' build argument 'cmake_clean_cache' from command line to 'False'
[0.278s] Level 5:colcon.colcon_core.verb:set package 'turtlesim_control' build argument 'cmake_clean_first' from command line to 'False'
[0.278s] Level 5:colcon.colcon_core.verb:set package 'turtlesim_control' build argument 'cmake_force_configure' from command line to 'False'
[0.278s] Level 5:colcon.colcon_core.verb:set package 'turtlesim_control' build argument 'ament_cmake_args' from command line to 'None'
[0.278s] Level 5:colcon.colcon_core.verb:set package 'turtlesim_control' build argument 'catkin_cmake_args' from command line to 'None'
[0.278s] Level 5:colcon.colcon_core.verb:set package 'turtlesim_control' build argument 'catkin_skip_building_tests' from command line to 'False'
[0.278s] DEBUG:colcon.colcon_core.verb:Building package 'turtlesim_control' with the following arguments: {'ament_cmake_args': None, 'build_base': '/home/tanakon/fra501_ws/build/turtlesim_control', 'catkin_cmake_args': None, 'catkin_skip_building_tests': False, 'cmake_args': None, 'cmake_clean_cache': False, 'cmake_clean_first': False, 'cmake_force_configure': False, 'cmake_target': None, 'cmake_target_skip_unavailable': False, 'install_base': '/home/tanakon/fra501_ws/install/turtlesim_control', 'merge_install': False, 'path': '/home/tanakon/fra501_ws/src/turtlesim_control', 'symlink_install': False, 'test_result_base': None}
[0.279s] Level 5:colcon.colcon_core.verb:set package 'turtlesim_interfaces' build argument 'cmake_args' from command line to 'None'
[0.279s] Level 5:colcon.colcon_core.verb:set package 'turtlesim_interfaces' build argument 'cmake_target' from command line to 'None'
[0.279s] Level 5:colcon.colcon_core.verb:set package 'turtlesim_interfaces' build argument 'cmake_target_skip_unavailable' from command line to 'False'
[0.279s] Level 5:colcon.colcon_core.verb:set package 'turtlesim_interfaces' build argument 'cmake_clean_cache' from command line to 'False'
[0.279s] Level 5:colcon.colcon_core.verb:set package 'turtlesim_interfaces' build argument 'cmake_clean_first' from command line to 'False'
[0.279s] Level 5:colcon.colcon_core.verb:set package 'turtlesim_interfaces' build argument 'cmake_force_configure' from command line to 'False'
[0.279s] Level 5:colcon.colcon_core.verb:set package 'turtlesim_interfaces' build argument 'ament_cmake_args' from command line to 'None'
[0.279s] Level 5:colcon.colcon_core.verb:set package 'turtlesim_interfaces' build argument 'catkin_cmake_args' from command line to 'None'
[0.279s] Level 5:colcon.colcon_core.verb:set package 'turtlesim_interfaces' build argument 'catkin_skip_building_tests' from command line to 'False'
[0.279s] DEBUG:colcon.colcon_core.verb:Building package 'turtlesim_interfaces' with the following arguments: {'ament_cmake_args': None, 'build_base': '/home/tanakon/fra501_ws/build/turtlesim_interfaces', 'catkin_cmake_args': None, 'catkin_skip_building_tests': False, 'cmake_args': None, 'cmake_clean_cache': False, 'cmake_clean_first': False, 'cmake_force_configure': False, 'cmake_target': None, 'cmake_target_skip_unavailable': False, 'install_base': '/home/tanakon/fra501_ws/install/turtlesim_interfaces', 'merge_install': False, 'path': '/home/tanakon/fra501_ws/src/turtlesim_interfaces', 'symlink_install': False, 'test_result_base': None}
[0.280s] Level 5:colcon.colcon_core.verb:set package 'turtlesim_plus' build argument 'cmake_args' from command line to 'None'
[0.280s] Level 5:colcon.colcon_core.verb:set package 'turtlesim_plus' build argument 'cmake_target' from command line to 'None'
[0.280s] Level 5:colcon.colcon_core.verb:set package 'turtlesim_plus' build argument 'cmake_target_skip_unavailable' from command line to 'False'
[0.280s] Level 5:colcon.colcon_core.verb:set package 'turtlesim_plus' build argument 'cmake_clean_cache' from command line to 'False'
[0.280s] Level 5:colcon.colcon_core.verb:set package 'turtlesim_plus' build argument 'cmake_clean_first' from command line to 'False'
[0.280s] Level 5:colcon.colcon_core.verb:set package 'turtlesim_plus' build argument 'cmake_force_configure' from command line to 'False'
[0.280s] Level 5:colcon.colcon_core.verb:set package 'turtlesim_plus' build argument 'ament_cmake_args' from command line to 'None'
[0.280s] Level 5:colcon.colcon_core.verb:set package 'turtlesim_plus' build argument 'catkin_cmake_args' from command line to 'None'
[0.280s] Level 5:colcon.colcon_core.verb:set package 'turtlesim_plus' build argument 'catkin_skip_building_tests' from command line to 'False'
[0.280s] DEBUG:colcon.colcon_core.verb:Building package 'turtlesim_plus' with the following arguments: {'ament_cmake_args': None, 'build_base': '/home/tanakon/fra501_ws/build/turtlesim_plus', 'catkin_cmake_args': None, 'catkin_skip_building_tests': False, 'cmake_args': None, 'cmake_clean_cache': False, 'cmake_clean_first': False, 'cmake_force_configure': False, 'cmake_target': None, 'cmake_target_skip_unavailable': False, 'install_base': '/home/tanakon/fra501_ws/install/turtlesim_plus', 'merge_install': False, 'path': '/home/tanakon/fra501_ws/src/turtlesim_plus/turtlesim_plus', 'symlink_install': False, 'test_result_base': None}
[0.280s] Level 5:colcon.colcon_core.verb:set package 'turtlesim_plus_interfaces' build argument 'cmake_args' from command line to 'None'
[0.280s] Level 5:colcon.colcon_core.verb:set package 'turtlesim_plus_interfaces' build argument 'cmake_target' from command line to 'None'
[0.280s] Level 5:colcon.colcon_core.verb:set package 'turtlesim_plus_interfaces' build argument 'cmake_target_skip_unavailable' from command line to 'False'
[0.280s] Level 5:colcon.colcon_core.verb:set package 'turtlesim_plus_interfaces' build argument 'cmake_clean_cache' from command line to 'False'
[0.280s] Level 5:colcon.colcon_core.verb:set package 'turtlesim_plus_interfaces' build argument 'cmake_clean_first' from command line to 'False'
[0.281s] Level 5:colcon.colcon_core.verb:set package 'turtlesim_plus_interfaces' build argument 'cmake_force_configure' from command line to 'False'
[0.281s] Level 5:colcon.colcon_core.verb:set package 'turtlesim_plus_interfaces' build argument 'ament_cmake_args' from command line to 'None'
[0.281s] Level 5:colcon.colcon_core.verb:set package 'turtlesim_plus_interfaces' build argument 'catkin_cmake_args' from command line to 'None'
[0.281s] Level 5:colcon.colcon_core.verb:set package 'turtlesim_plus_interfaces' build argument 'catkin_skip_building_tests' from command line to 'False'
[0.281s] DEBUG:colcon.colcon_core.verb:Building package 'turtlesim_plus_interfaces' with the following arguments: {'ament_cmake_args': None, 'build_base': '/home/tanakon/fra501_ws/build/turtlesim_plus_interfaces', 'catkin_cmake_args': None, 'catkin_skip_building_tests': False, 'cmake_args': None, 'cmake_clean_cache': False, 'cmake_clean_first': False, 'cmake_force_configure': False, 'cmake_target': None, 'cmake_target_skip_unavailable': False, 'install_base': '/home/tanakon/fra501_ws/install/turtlesim_plus_interfaces', 'merge_install': False, 'path': '/home/tanakon/fra501_ws/src/turtlesim_plus/turtlesim_plus_interfaces', 'symlink_install': False, 'test_result_base': None}
[0.281s] INFO:colcon.colcon_core.executor:Executing jobs using 'parallel' executor
[0.283s] DEBUG:colcon.colcon_parallel_executor.executor.parallel:run_until_complete
[0.283s] INFO:colcon.colcon_ros.task.ament_cmake.build:Building ROS package in '/home/tanakon/fra501_ws/src/my_controller' with build type 'ament_cmake'
[0.283s] INFO:colcon.colcon_cmake.task.cmake.build:Building CMake package in '/home/tanakon/fra501_ws/src/my_controller'
[0.286s] INFO:colcon.colcon_core.plugin_system:Skipping extension 'colcon_core.shell.bat': Not used on non-Windows systems
[0.286s] INFO:colcon.colcon_core.shell:Skip shell extension 'powershell' for command environment: Not usable outside of PowerShell
[0.286s] DEBUG:colcon.colcon_core.shell:Skip shell extension 'dsv' for command environment
[0.290s] INFO:colcon.colcon_ros.task.ament_cmake.build:Building ROS package in '/home/tanakon/fra501_ws/src/my_controller_interfaces' with build type 'ament_cmake'
[0.290s] INFO:colcon.colcon_cmake.task.cmake.build:Building CMake package in '/home/tanakon/fra501_ws/src/my_controller_interfaces'
[0.290s] INFO:colcon.colcon_core.shell:Skip shell extension 'powershell' for command environment: Not usable outside of PowerShell
[0.290s] DEBUG:colcon.colcon_core.shell:Skip shell extension 'dsv' for command environment
[0.294s] INFO:colcon.colcon_ros.task.ament_cmake.build:Building ROS package in '/home/tanakon/fra501_ws/src/turtlesim_control' with build type 'ament_cmake'
[0.294s] INFO:colcon.colcon_cmake.task.cmake.build:Building CMake package in '/home/tanakon/fra501_ws/src/turtlesim_control'
[0.295s] INFO:colcon.colcon_core.shell:Skip shell extension 'powershell' for command environment: Not usable outside of PowerShell
[0.295s] DEBUG:colcon.colcon_core.shell:Skip shell extension 'dsv' for command environment
[0.298s] INFO:colcon.colcon_ros.task.ament_cmake.build:Building ROS package in '/home/tanakon/fra501_ws/src/turtlesim_interfaces' with build type 'ament_cmake'
[0.298s] INFO:colcon.colcon_cmake.task.cmake.build:Building CMake package in '/home/tanakon/fra501_ws/src/turtlesim_interfaces'
[0.299s] INFO:colcon.colcon_core.shell:Skip shell extension 'powershell' for command environment: Not usable outside of PowerShell
[0.299s] DEBUG:colcon.colcon_core.shell:Skip shell extension 'dsv' for command environment
[0.302s] INFO:colcon.colcon_ros.task.ament_cmake.build:Building ROS package in '/home/tanakon/fra501_ws/src/turtlesim_plus/turtlesim_plus' with build type 'ament_cmake'
[0.302s] INFO:colcon.colcon_cmake.task.cmake.build:Building CMake package in '/home/tanakon/fra501_ws/src/turtlesim_plus/turtlesim_plus'
[0.303s] INFO:colcon.colcon_core.shell:Skip shell extension 'powershell' for command environment: Not usable outside of PowerShell
[0.303s] DEBUG:colcon.colcon_core.shell:Skip shell extension 'dsv' for command environment
[0.306s] INFO:colcon.colcon_ros.task.ament_cmake.build:Building ROS package in '/home/tanakon/fra501_ws/src/turtlesim_plus/turtlesim_plus_interfaces' with build type 'ament_cmake'
[0.306s] INFO:colcon.colcon_cmake.task.cmake.build:Building CMake package in '/home/tanakon/fra501_ws/src/turtlesim_plus/turtlesim_plus_interfaces'
[0.306s] INFO:colcon.colcon_core.shell:Skip shell extension 'powershell' for command environment: Not usable outside of PowerShell
[0.306s] DEBUG:colcon.colcon_core.shell:Skip shell extension 'dsv' for command environment
[0.313s] DEBUG:colcon.colcon_core.event_handler.log_command:Invoking command in '/home/tanakon/fra501_ws/build/my_controller': CMAKE_PREFIX_PATH=${CMAKE_PREFIX_PATH}:/opt/ros/humble /usr/bin/cmake --build /home/tanakon/fra501_ws/build/my_controller -- -j16 -l16
[0.315s] DEBUG:colcon.colcon_core.event_handler.log_command:Invoking command in '/home/tanakon/fra501_ws/build/my_controller_interfaces': CMAKE_PREFIX_PATH=${CMAKE_PREFIX_PATH}:/opt/ros/humble /usr/bin/cmake --build /home/tanakon/fra501_ws/build/my_controller_interfaces -- -j16 -l16
[0.317s] DEBUG:colcon.colcon_core.event_handler.log_command:Invoking command in '/home/tanakon/fra501_ws/build/turtlesim_control': CMAKE_PREFIX_PATH=${CMAKE_PREFIX_PATH}:/opt/ros/humble /usr/bin/cmake --build /home/tanakon/fra501_ws/build/turtlesim_control -- -j16 -l16
[0.318s] DEBUG:colcon.colcon_core.event_handler.log_command:Invoking command in '/home/tanakon/fra501_ws/build/turtlesim_interfaces': CMAKE_PREFIX_PATH=${CMAKE_PREFIX_PATH}:/opt/ros/humble /usr/bin/cmake --build /home/tanakon/fra501_ws/build/turtlesim_interfaces -- -j16 -l16
[0.320s] DEBUG:colcon.colcon_core.event_handler.log_command:Invoking command in '/home/tanakon/fra501_ws/build/turtlesim_plus': CMAKE_PREFIX_PATH=${CMAKE_PREFIX_PATH}:/opt/ros/humble /usr/bin/cmake --build /home/tanakon/fra501_ws/build/turtlesim_plus -- -j16 -l16
[0.324s] DEBUG:colcon.colcon_core.event_handler.log_command:Invoking command in '/home/tanakon/fra501_ws/build/turtlesim_plus_interfaces': CMAKE_PREFIX_PATH=${CMAKE_PREFIX_PATH}:/opt/ros/humble /usr/bin/cmake --build /home/tanakon/fra501_ws/build/turtlesim_plus_interfaces -- -j16 -l16
[0.579s] DEBUG:colcon.colcon_core.event_handler.log_command:Invoked command in '/home/tanakon/fra501_ws/build/turtlesim_control' returned '0': CMAKE_PREFIX_PATH=${CMAKE_PREFIX_PATH}:/opt/ros/humble /usr/bin/cmake --build /home/tanakon/fra501_ws/build/turtlesim_control -- -j16 -l16
[0.580s] DEBUG:colcon.colcon_core.event_handler.log_command:Invoked command in '/home/tanakon/fra501_ws/build/my_controller' returned '0': CMAKE_PREFIX_PATH=${CMAKE_PREFIX_PATH}:/opt/ros/humble /usr/bin/cmake --build /home/tanakon/fra501_ws/build/my_controller -- -j16 -l16
[0.584s] DEBUG:colcon.colcon_core.event_handler.log_command:Invoked command in '/home/tanakon/fra501_ws/build/turtlesim_interfaces' returned '0': CMAKE_PREFIX_PATH=${CMAKE_PREFIX_PATH}:/opt/ros/humble /usr/bin/cmake --build /home/tanakon/fra501_ws/build/turtlesim_interfaces -- -j16 -l16
[0.585s] DEBUG:colcon.colcon_core.event_handler.log_command:Invoked command in '/home/tanakon/fra501_ws/build/my_controller_interfaces' returned '0': CMAKE_PREFIX_PATH=${CMAKE_PREFIX_PATH}:/opt/ros/humble /usr/bin/cmake --build /home/tanakon/fra501_ws/build/my_controller_interfaces -- -j16 -l16
[0.597s] DEBUG:colcon.colcon_core.event_handler.log_command:Invoking command in '/home/tanakon/fra501_ws/build/turtlesim_control': CMAKE_PREFIX_PATH=${CMAKE_PREFIX_PATH}:/opt/ros/humble /usr/bin/cmake --install /home/tanakon/fra501_ws/build/turtlesim_control
[0.599s] DEBUG:colcon.colcon_core.event_handler.log_command:Invoking command in '/home/tanakon/fra501_ws/build/my_controller': CMAKE_PREFIX_PATH=${CMAKE_PREFIX_PATH}:/opt/ros/humble /usr/bin/cmake --install /home/tanakon/fra501_ws/build/my_controller
[0.614s] DEBUG:colcon.colcon_core.event_handler.log_command:Invoking command in '/home/tanakon/fra501_ws/build/my_controller_interfaces': CMAKE_PREFIX_PATH=${CMAKE_PREFIX_PATH}:/opt/ros/humble /usr/bin/cmake --install /home/tanakon/fra501_ws/build/my_controller_interfaces
[0.616s] DEBUG:colcon.colcon_core.event_handler.log_command:Invoking command in '/home/tanakon/fra501_ws/build/turtlesim_interfaces': CMAKE_PREFIX_PATH=${CMAKE_PREFIX_PATH}:/opt/ros/humble /usr/bin/cmake --install /home/tanakon/fra501_ws/build/turtlesim_interfaces
[0.630s] Level 1:colcon.colcon_core.environment:create_environment_scripts_only(my_controller)
[0.632s] DEBUG:colcon.colcon_core.event_handler.log_command:Invoked command in '/home/tanakon/fra501_ws/build/my_controller' returned '0': CMAKE_PREFIX_PATH=${CMAKE_PREFIX_PATH}:/opt/ros/humble /usr/bin/cmake --install /home/tanakon/fra501_ws/build/my_controller
[0.635s] Level 1:colcon.colcon_core.environment:checking '/home/tanakon/fra501_ws/install/my_controller' for CMake module files
[0.635s] Level 1:colcon.colcon_core.environment:checking '/home/tanakon/fra501_ws/install/my_controller' for CMake config files
[0.635s] Level 1:colcon.colcon_core.shell:create_environment_hook('my_controller', 'cmake_prefix_path')
[0.636s] INFO:colcon.colcon_core.shell:Creating environment hook '/home/tanakon/fra501_ws/install/my_controller/share/my_controller/hook/cmake_prefix_path.ps1'
[0.636s] INFO:colcon.colcon_core.shell:Creating environment descriptor '/home/tanakon/fra501_ws/install/my_controller/share/my_controller/hook/cmake_prefix_path.dsv'
[0.637s] INFO:colcon.colcon_core.shell:Creating environment hook '/home/tanakon/fra501_ws/install/my_controller/share/my_controller/hook/cmake_prefix_path.sh'
[0.637s] Level 1:colcon.colcon_core.environment:checking '/home/tanakon/fra501_ws/install/my_controller/lib'
[0.637s] Level 1:colcon.colcon_core.environment:checking '/home/tanakon/fra501_ws/install/my_controller/bin'
[0.637s] Level 1:colcon.colcon_core.environment:checking '/home/tanakon/fra501_ws/install/my_controller/lib/pkgconfig/my_controller.pc'
[0.638s] Level 1:colcon.colcon_core.environment:checking '/home/tanakon/fra501_ws/install/my_controller/lib/python3.10/site-packages'
[0.638s] Level 1:colcon.colcon_core.environment:checking '/home/tanakon/fra501_ws/install/my_controller/bin'
[0.638s] INFO:colcon.colcon_core.shell:Creating package script '/home/tanakon/fra501_ws/install/my_controller/share/my_controller/package.ps1'
[0.639s] INFO:colcon.colcon_core.shell:Creating package descriptor '/home/tanakon/fra501_ws/install/my_controller/share/my_controller/package.dsv'
[0.639s] INFO:colcon.colcon_core.shell:Creating package script '/home/tanakon/fra501_ws/install/my_controller/share/my_controller/package.sh'
[0.640s] INFO:colcon.colcon_core.shell:Creating package script '/home/tanakon/fra501_ws/install/my_controller/share/my_controller/package.bash'
[0.640s] INFO:colcon.colcon_core.shell:Creating package script '/home/tanakon/fra501_ws/install/my_controller/share/my_controller/package.zsh'
[0.640s] Level 1:colcon.colcon_core.environment:create_file_with_runtime_dependencies(/home/tanakon/fra501_ws/install/my_controller/share/colcon-core/packages/my_controller)
[0.642s] DEBUG:colcon.colcon_core.event_handler.log_command:Invoked command in '/home/tanakon/fra501_ws/build/turtlesim_plus_interfaces' returned '0': CMAKE_PREFIX_PATH=${CMAKE_PREFIX_PATH}:/opt/ros/humble /usr/bin/cmake --build /home/tanakon/fra501_ws/build/turtlesim_plus_interfaces -- -j16 -l16
[0.643s] DEBUG:colcon.colcon_core.event_handler.log_command:Invoked command in '/home/tanakon/fra501_ws/build/turtlesim_plus' returned '0': CMAKE_PREFIX_PATH=${CMAKE_PREFIX_PATH}:/opt/ros/humble /usr/bin/cmake --build /home/tanakon/fra501_ws/build/turtlesim_plus -- -j16 -l16
[0.644s] Level 1:colcon.colcon_core.environment:create_environment_scripts_only(turtlesim_control)
[0.645s] Level 1:colcon.colcon_core.environment:checking '/home/tanakon/fra501_ws/install/turtlesim_control' for CMake module files
[0.645s] DEBUG:colcon.colcon_core.event_handler.log_command:Invoked command in '/home/tanakon/fra501_ws/build/turtlesim_control' returned '0': CMAKE_PREFIX_PATH=${CMAKE_PREFIX_PATH}:/opt/ros/humble /usr/bin/cmake --install /home/tanakon/fra501_ws/build/turtlesim_control
[0.646s] Level 1:colcon.colcon_core.environment:checking '/home/tanakon/fra501_ws/install/turtlesim_control' for CMake config files
[0.646s] Level 1:colcon.colcon_core.shell:create_environment_hook('turtlesim_control', 'cmake_prefix_path')
[0.647s] INFO:colcon.colcon_core.shell:Creating environment hook '/home/tanakon/fra501_ws/install/turtlesim_control/share/turtlesim_control/hook/cmake_prefix_path.ps1'
[0.650s] INFO:colcon.colcon_core.shell:Creating environment descriptor '/home/tanakon/fra501_ws/install/turtlesim_control/share/turtlesim_control/hook/cmake_prefix_path.dsv'
[0.652s] INFO:colcon.colcon_core.shell:Creating environment hook '/home/tanakon/fra501_ws/install/turtlesim_control/share/turtlesim_control/hook/cmake_prefix_path.sh'
[0.653s] Level 1:colcon.colcon_core.environment:checking '/home/tanakon/fra501_ws/install/turtlesim_control/lib'
[0.653s] Level 1:colcon.colcon_core.environment:checking '/home/tanakon/fra501_ws/install/turtlesim_control/bin'
[0.654s] Level 1:colcon.colcon_core.environment:checking '/home/tanakon/fra501_ws/install/turtlesim_control/lib/pkgconfig/turtlesim_control.pc'
[0.654s] Level 1:colcon.colcon_core.environment:checking '/home/tanakon/fra501_ws/install/turtlesim_control/lib/python3.10/site-packages'
[0.654s] Level 1:colcon.colcon_core.environment:checking '/home/tanakon/fra501_ws/install/turtlesim_control/bin'
[0.655s] INFO:colcon.colcon_core.shell:Creating package script '/home/tanakon/fra501_ws/install/turtlesim_control/share/turtlesim_control/package.ps1'
[0.656s] INFO:colcon.colcon_core.shell:Creating package descriptor '/home/tanakon/fra501_ws/install/turtlesim_control/share/turtlesim_control/package.dsv'
[0.657s] INFO:colcon.colcon_core.shell:Creating package script '/home/tanakon/fra501_ws/install/turtlesim_control/share/turtlesim_control/package.sh'
[0.657s] INFO:colcon.colcon_core.shell:Creating package script '/home/tanakon/fra501_ws/install/turtlesim_control/share/turtlesim_control/package.bash'
[0.657s] INFO:colcon.colcon_core.shell:Creating package script '/home/tanakon/fra501_ws/install/turtlesim_control/share/turtlesim_control/package.zsh'
[0.658s] Level 1:colcon.colcon_core.environment:create_file_with_runtime_dependencies(/home/tanakon/fra501_ws/install/turtlesim_control/share/colcon-core/packages/turtlesim_control)
[0.659s] Level 1:colcon.colcon_core.environment:create_environment_scripts_only(my_controller)
[0.661s] Level 1:colcon.colcon_core.environment:checking '/home/tanakon/fra501_ws/install/my_controller' for CMake module files
[0.661s] Level 1:colcon.colcon_core.environment:checking '/home/tanakon/fra501_ws/install/my_controller' for CMake config files
[0.661s] Level 1:colcon.colcon_core.shell:create_environment_hook('my_controller', 'cmake_prefix_path')
[0.662s] INFO:colcon.colcon_core.shell:Creating environment hook '/home/tanakon/fra501_ws/install/my_controller/share/my_controller/hook/cmake_prefix_path.ps1'
[0.662s] INFO:colcon.colcon_core.shell:Creating environment descriptor '/home/tanakon/fra501_ws/install/my_controller/share/my_controller/hook/cmake_prefix_path.dsv'
[0.663s] INFO:colcon.colcon_core.shell:Creating environment hook '/home/tanakon/fra501_ws/install/my_controller/share/my_controller/hook/cmake_prefix_path.sh'
[0.663s] Level 1:colcon.colcon_core.environment:checking '/home/tanakon/fra501_ws/install/my_controller/lib'
[0.663s] Level 1:colcon.colcon_core.environment:checking '/home/tanakon/fra501_ws/install/my_controller/bin'
[0.663s] Level 1:colcon.colcon_core.environment:checking '/home/tanakon/fra501_ws/install/my_controller/lib/pkgconfig/my_controller.pc'
[0.663s] Level 1:colcon.colcon_core.environment:checking '/home/tanakon/fra501_ws/install/my_controller/lib/python3.10/site-packages'
[0.663s] Level 1:colcon.colcon_core.environment:checking '/home/tanakon/fra501_ws/install/my_controller/bin'
[0.664s] INFO:colcon.colcon_core.shell:Creating package script '/home/tanakon/fra501_ws/install/my_controller/share/my_controller/package.ps1'
[0.665s] INFO:colcon.colcon_core.shell:Creating package descriptor '/home/tanakon/fra501_ws/install/my_controller/share/my_controller/package.dsv'
[0.665s] INFO:colcon.colcon_core.shell:Creating package script '/home/tanakon/fra501_ws/install/my_controller/share/my_controller/package.sh'
[0.665s] INFO:colcon.colcon_core.shell:Creating package script '/home/tanakon/fra501_ws/install/my_controller/share/my_controller/package.bash'
[0.665s] INFO:colcon.colcon_core.shell:Creating package script '/home/tanakon/fra501_ws/install/my_controller/share/my_controller/package.zsh'
[0.666s] Level 1:colcon.colcon_core.environment:create_file_with_runtime_dependencies(/home/tanakon/fra501_ws/install/my_controller/share/colcon-core/packages/my_controller)
[0.667s] Level 1:colcon.colcon_core.environment:create_environment_scripts_only(my_controller_interfaces)
[0.668s] Level 1:colcon.colcon_core.environment:checking '/home/tanakon/fra501_ws/install/my_controller_interfaces' for CMake module files
[0.668s] DEBUG:colcon.colcon_core.event_handler.log_command:Invoking command in '/home/tanakon/fra501_ws/build/turtlesim_plus': CMAKE_PREFIX_PATH=${CMAKE_PREFIX_PATH}:/opt/ros/humble /usr/bin/cmake --install /home/tanakon/fra501_ws/build/turtlesim_plus
[0.669s] DEBUG:colcon.colcon_core.event_handler.log_command:Invoked command in '/home/tanakon/fra501_ws/build/my_controller_interfaces' returned '0': CMAKE_PREFIX_PATH=${CMAKE_PREFIX_PATH}:/opt/ros/humble /usr/bin/cmake --install /home/tanakon/fra501_ws/build/my_controller_interfaces
[0.669s] Level 1:colcon.colcon_core.environment:checking '/home/tanakon/fra501_ws/install/my_controller_interfaces' for CMake config files
[0.669s] Level 1:colcon.colcon_core.shell:create_environment_hook('my_controller_interfaces', 'cmake_prefix_path')
[0.670s] INFO:colcon.colcon_core.shell:Creating environment hook '/home/tanakon/fra501_ws/install/my_controller_interfaces/share/my_controller_interfaces/hook/cmake_prefix_path.ps1'
[0.670s] INFO:colcon.colcon_core.shell:Creating environment descriptor '/home/tanakon/fra501_ws/install/my_controller_interfaces/share/my_controller_interfaces/hook/cmake_prefix_path.dsv'
[0.670s] INFO:colcon.colcon_core.shell:Creating environment hook '/home/tanakon/fra501_ws/install/my_controller_interfaces/share/my_controller_interfaces/hook/cmake_prefix_path.sh'
[0.671s] Level 1:colcon.colcon_core.environment:checking '/home/tanakon/fra501_ws/install/my_controller_interfaces/lib'
[0.671s] Level 1:colcon.colcon_core.shell:create_environment_hook('my_controller_interfaces', 'ld_library_path_lib')
[0.672s] INFO:colcon.colcon_core.shell:Creating environment hook '/home/tanakon/fra501_ws/install/my_controller_interfaces/share/my_controller_interfaces/hook/ld_library_path_lib.ps1'
[0.672s] INFO:colcon.colcon_core.shell:Creating environment descriptor '/home/tanakon/fra501_ws/install/my_controller_interfaces/share/my_controller_interfaces/hook/ld_library_path_lib.dsv'
[0.674s] INFO:colcon.colcon_core.shell:Creating environment hook '/home/tanakon/fra501_ws/install/my_controller_interfaces/share/my_controller_interfaces/hook/ld_library_path_lib.sh'
[0.674s] Level 1:colcon.colcon_core.environment:checking '/home/tanakon/fra501_ws/install/my_controller_interfaces/bin'
[0.674s] Level 1:colcon.colcon_core.environment:checking '/home/tanakon/fra501_ws/install/my_controller_interfaces/lib/pkgconfig/my_controller_interfaces.pc'
[0.674s] Level 1:colcon.colcon_core.environment:checking '/home/tanakon/fra501_ws/install/my_controller_interfaces/lib/python3.10/site-packages'
[0.675s] Level 1:colcon.colcon_core.environment:checking '/home/tanakon/fra501_ws/install/my_controller_interfaces/bin'
[0.675s] INFO:colcon.colcon_core.shell:Creating package script '/home/tanakon/fra501_ws/install/my_controller_interfaces/share/my_controller_interfaces/package.ps1'
[0.676s] INFO:colcon.colcon_core.shell:Creating package descriptor '/home/tanakon/fra501_ws/install/my_controller_interfaces/share/my_controller_interfaces/package.dsv'
[0.676s] INFO:colcon.colcon_core.shell:Creating package script '/home/tanakon/fra501_ws/install/my_controller_interfaces/share/my_controller_interfaces/package.sh'
[0.676s] INFO:colcon.colcon_core.shell:Creating package script '/home/tanakon/fra501_ws/install/my_controller_interfaces/share/my_controller_interfaces/package.bash'
[0.676s] INFO:colcon.colcon_core.shell:Creating package script '/home/tanakon/fra501_ws/install/my_controller_interfaces/share/my_controller_interfaces/package.zsh'
[0.677s] Level 1:colcon.colcon_core.environment:create_file_with_runtime_dependencies(/home/tanakon/fra501_ws/install/my_controller_interfaces/share/colcon-core/packages/my_controller_interfaces)
[0.677s] Level 1:colcon.colcon_core.environment:create_environment_scripts_only(turtlesim_interfaces)
[0.678s] Level 1:colcon.colcon_core.environment:checking '/home/tanakon/fra501_ws/install/turtlesim_interfaces' for CMake module files
[0.679s] DEBUG:colcon.colcon_core.event_handler.log_command:Invoked command in '/home/tanakon/fra501_ws/build/turtlesim_interfaces' returned '0': CMAKE_PREFIX_PATH=${CMAKE_PREFIX_PATH}:/opt/ros/humble /usr/bin/cmake --install /home/tanakon/fra501_ws/build/turtlesim_interfaces
[0.679s] Level 1:colcon.colcon_core.environment:checking '/home/tanakon/fra501_ws/install/turtlesim_interfaces' for CMake config files
[0.679s] Level 1:colcon.colcon_core.shell:create_environment_hook('turtlesim_interfaces', 'cmake_prefix_path')
[0.680s] INFO:colcon.colcon_core.shell:Creating environment hook '/home/tanakon/fra501_ws/install/turtlesim_interfaces/share/turtlesim_interfaces/hook/cmake_prefix_path.ps1'
[0.680s] INFO:colcon.colcon_core.shell:Creating environment descriptor '/home/tanakon/fra501_ws/install/turtlesim_interfaces/share/turtlesim_interfaces/hook/cmake_prefix_path.dsv'
[0.680s] INFO:colcon.colcon_core.shell:Creating environment hook '/home/tanakon/fra501_ws/install/turtlesim_interfaces/share/turtlesim_interfaces/hook/cmake_prefix_path.sh'
[0.681s] Level 1:colcon.colcon_core.environment:checking '/home/tanakon/fra501_ws/install/turtlesim_interfaces/lib'
[0.681s] Level 1:colcon.colcon_core.shell:create_environment_hook('turtlesim_interfaces', 'ld_library_path_lib')
[0.682s] INFO:colcon.colcon_core.shell:Creating environment hook '/home/tanakon/fra501_ws/install/turtlesim_interfaces/share/turtlesim_interfaces/hook/ld_library_path_lib.ps1'
[0.682s] INFO:colcon.colcon_core.shell:Creating environment descriptor '/home/tanakon/fra501_ws/install/turtlesim_interfaces/share/turtlesim_interfaces/hook/ld_library_path_lib.dsv'
[0.682s] INFO:colcon.colcon_core.shell:Creating environment hook '/home/tanakon/fra501_ws/install/turtlesim_interfaces/share/turtlesim_interfaces/hook/ld_library_path_lib.sh'
[0.682s] Level 1:colcon.colcon_core.environment:checking '/home/tanakon/fra501_ws/install/turtlesim_interfaces/bin'
[0.682s] Level 1:colcon.colcon_core.environment:checking '/home/tanakon/fra501_ws/install/turtlesim_interfaces/lib/pkgconfig/turtlesim_interfaces.pc'
[0.682s] Level 1:colcon.colcon_core.environment:checking '/home/tanakon/fra501_ws/install/turtlesim_interfaces/lib/python3.10/site-packages'
[0.683s] Level 1:colcon.colcon_core.environment:checking '/home/tanakon/fra501_ws/install/turtlesim_interfaces/bin'
[0.683s] INFO:colcon.colcon_core.shell:Creating package script '/home/tanakon/fra501_ws/install/turtlesim_interfaces/share/turtlesim_interfaces/package.ps1'
[0.684s] INFO:colcon.colcon_core.shell:Creating package descriptor '/home/tanakon/fra501_ws/install/turtlesim_interfaces/share/turtlesim_interfaces/package.dsv'
[0.684s] INFO:colcon.colcon_core.shell:Creating package script '/home/tanakon/fra501_ws/install/turtlesim_interfaces/share/turtlesim_interfaces/package.sh'
[0.685s] INFO:colcon.colcon_core.shell:Creating package script '/home/tanakon/fra501_ws/install/turtlesim_interfaces/share/turtlesim_interfaces/package.bash'
[0.685s] INFO:colcon.colcon_core.shell:Creating package script '/home/tanakon/fra501_ws/install/turtlesim_interfaces/share/turtlesim_interfaces/package.zsh'
[0.685s] Level 1:colcon.colcon_core.environment:create_file_with_runtime_dependencies(/home/tanakon/fra501_ws/install/turtlesim_interfaces/share/colcon-core/packages/turtlesim_interfaces)
[0.687s] Level 1:colcon.colcon_core.environment:create_environment_scripts_only(turtlesim_control)
[0.688s] Level 1:colcon.colcon_core.environment:checking '/home/tanakon/fra501_ws/install/turtlesim_control' for CMake module files
[0.689s] Level 1:colcon.colcon_core.environment:checking '/home/tanakon/fra501_ws/install/turtlesim_control' for CMake config files
[0.689s] Level 1:colcon.colcon_core.shell:create_environment_hook('turtlesim_control', 'cmake_prefix_path')
[0.689s] INFO:colcon.colcon_core.shell:Creating environment hook '/home/tanakon/fra501_ws/install/turtlesim_control/share/turtlesim_control/hook/cmake_prefix_path.ps1'
[0.690s] INFO:colcon.colcon_core.shell:Creating environment descriptor '/home/tanakon/fra501_ws/install/turtlesim_control/share/turtlesim_control/hook/cmake_prefix_path.dsv'
[0.690s] INFO:colcon.colcon_core.shell:Creating environment hook '/home/tanakon/fra501_ws/install/turtlesim_control/share/turtlesim_control/hook/cmake_prefix_path.sh'
[0.690s] Level 1:colcon.colcon_core.environment:checking '/home/tanakon/fra501_ws/install/turtlesim_control/lib'
[0.690s] Level 1:colcon.colcon_core.environment:checking '/home/tanakon/fra501_ws/install/turtlesim_control/bin'
[0.690s] Level 1:colcon.colcon_core.environment:checking '/home/tanakon/fra501_ws/install/turtlesim_control/lib/pkgconfig/turtlesim_control.pc'
[0.691s] Level 1:colcon.colcon_core.environment:checking '/home/tanakon/fra501_ws/install/turtlesim_control/lib/python3.10/site-packages'
[0.691s] Level 1:colcon.colcon_core.environment:checking '/home/tanakon/fra501_ws/install/turtlesim_control/bin'
[0.691s] INFO:colcon.colcon_core.shell:Creating package script '/home/tanakon/fra501_ws/install/turtlesim_control/share/turtlesim_control/package.ps1'
[0.692s] INFO:colcon.colcon_core.shell:Creating package descriptor '/home/tanakon/fra501_ws/install/turtlesim_control/share/turtlesim_control/package.dsv'
[0.692s] INFO:colcon.colcon_core.shell:Creating package script '/home/tanakon/fra501_ws/install/turtlesim_control/share/turtlesim_control/package.sh'
[0.692s] INFO:colcon.colcon_core.shell:Creating package script '/home/tanakon/fra501_ws/install/turtlesim_control/share/turtlesim_control/package.bash'
[0.693s] INFO:colcon.colcon_core.shell:Creating package script '/home/tanakon/fra501_ws/install/turtlesim_control/share/turtlesim_control/package.zsh'
[0.693s] Level 1:colcon.colcon_core.environment:create_file_with_runtime_dependencies(/home/tanakon/fra501_ws/install/turtlesim_control/share/colcon-core/packages/turtlesim_control)
[0.699s] DEBUG:colcon.colcon_core.event_handler.log_command:Invoking command in '/home/tanakon/fra501_ws/build/turtlesim_plus_interfaces': CMAKE_PREFIX_PATH=${CMAKE_PREFIX_PATH}:/opt/ros/humble /usr/bin/cmake --install /home/tanakon/fra501_ws/build/turtlesim_plus_interfaces
[0.699s] Level 1:colcon.colcon_core.environment:create_environment_scripts_only(turtlesim_plus)
[0.700s] Level 1:colcon.colcon_core.environment:checking '/home/tanakon/fra501_ws/install/turtlesim_plus' for CMake module files
[0.701s] DEBUG:colcon.colcon_core.event_handler.log_command:Invoked command in '/home/tanakon/fra501_ws/build/turtlesim_plus' returned '0': CMAKE_PREFIX_PATH=${CMAKE_PREFIX_PATH}:/opt/ros/humble /usr/bin/cmake --install /home/tanakon/fra501_ws/build/turtlesim_plus
[0.701s] Level 1:colcon.colcon_core.environment:checking '/home/tanakon/fra501_ws/install/turtlesim_plus' for CMake config files
[0.701s] Level 1:colcon.colcon_core.shell:create_environment_hook('turtlesim_plus', 'cmake_prefix_path')
[0.702s] INFO:colcon.colcon_core.shell:Creating environment hook '/home/tanakon/fra501_ws/install/turtlesim_plus/share/turtlesim_plus/hook/cmake_prefix_path.ps1'
[0.702s] INFO:colcon.colcon_core.shell:Creating environment descriptor '/home/tanakon/fra501_ws/install/turtlesim_plus/share/turtlesim_plus/hook/cmake_prefix_path.dsv'
[0.702s] INFO:colcon.colcon_core.shell:Creating environment hook '/home/tanakon/fra501_ws/install/turtlesim_plus/share/turtlesim_plus/hook/cmake_prefix_path.sh'
[0.703s] Level 1:colcon.colcon_core.environment:checking '/home/tanakon/fra501_ws/install/turtlesim_plus/lib'
[0.703s] Level 1:colcon.colcon_core.environment:checking '/home/tanakon/fra501_ws/install/turtlesim_plus/bin'
[0.703s] Level 1:colcon.colcon_core.environment:checking '/home/tanakon/fra501_ws/install/turtlesim_plus/lib/pkgconfig/turtlesim_plus.pc'
[0.703s] Level 1:colcon.colcon_core.environment:checking '/home/tanakon/fra501_ws/install/turtlesim_plus/lib/python3.10/site-packages'
[0.703s] Level 1:colcon.colcon_core.environment:checking '/home/tanakon/fra501_ws/install/turtlesim_plus/bin'
[0.704s] INFO:colcon.colcon_core.shell:Creating package script '/home/tanakon/fra501_ws/install/turtlesim_plus/share/turtlesim_plus/package.ps1'
[0.708s] INFO:colcon.colcon_core.shell:Creating package descriptor '/home/tanakon/fra501_ws/install/turtlesim_plus/share/turtlesim_plus/package.dsv'
[0.712s] INFO:colcon.colcon_core.shell:Creating package script '/home/tanakon/fra501_ws/install/turtlesim_plus/share/turtlesim_plus/package.sh'
[0.713s] INFO:colcon.colcon_core.shell:Creating package script '/home/tanakon/fra501_ws/install/turtlesim_plus/share/turtlesim_plus/package.bash'
[0.714s] INFO:colcon.colcon_core.shell:Creating package script '/home/tanakon/fra501_ws/install/turtlesim_plus/share/turtlesim_plus/package.zsh'
[0.714s] Level 1:colcon.colcon_core.environment:create_file_with_runtime_dependencies(/home/tanakon/fra501_ws/install/turtlesim_plus/share/colcon-core/packages/turtlesim_plus)
[0.716s] Level 1:colcon.colcon_core.environment:create_environment_scripts_only(my_controller_interfaces)
[0.717s] Level 1:colcon.colcon_core.environment:checking '/home/tanakon/fra501_ws/install/my_controller_interfaces' for CMake module files
[0.717s] Level 1:colcon.colcon_core.environment:checking '/home/tanakon/fra501_ws/install/my_controller_interfaces' for CMake config files
[0.718s] Level 1:colcon.colcon_core.shell:create_environment_hook('my_controller_interfaces', 'cmake_prefix_path')
[0.718s] INFO:colcon.colcon_core.shell:Creating environment hook '/home/tanakon/fra501_ws/install/my_controller_interfaces/share/my_controller_interfaces/hook/cmake_prefix_path.ps1'
[0.719s] INFO:colcon.colcon_core.shell:Creating environment descriptor '/home/tanakon/fra501_ws/install/my_controller_interfaces/share/my_controller_interfaces/hook/cmake_prefix_path.dsv'
[0.719s] INFO:colcon.colcon_core.shell:Creating environment hook '/home/tanakon/fra501_ws/install/my_controller_interfaces/share/my_controller_interfaces/hook/cmake_prefix_path.sh'
[0.719s] Level 1:colcon.colcon_core.environment:checking '/home/tanakon/fra501_ws/install/my_controller_interfaces/lib'
[0.719s] Level 1:colcon.colcon_core.shell:create_environment_hook('my_controller_interfaces', 'ld_library_path_lib')
[0.720s] INFO:colcon.colcon_core.shell:Creating environment hook '/home/tanakon/fra501_ws/install/my_controller_interfaces/share/my_controller_interfaces/hook/ld_library_path_lib.ps1'
[0.720s] INFO:colcon.colcon_core.shell:Creating environment descriptor '/home/tanakon/fra501_ws/install/my_controller_interfaces/share/my_controller_interfaces/hook/ld_library_path_lib.dsv'
[0.721s] INFO:colcon.colcon_core.shell:Creating environment hook '/home/tanakon/fra501_ws/install/my_controller_interfaces/share/my_controller_interfaces/hook/ld_library_path_lib.sh'
[0.721s] Level 1:colcon.colcon_core.environment:checking '/home/tanakon/fra501_ws/install/my_controller_interfaces/bin'
[0.721s] Level 1:colcon.colcon_core.environment:checking '/home/tanakon/fra501_ws/install/my_controller_interfaces/lib/pkgconfig/my_controller_interfaces.pc'
[0.721s] Level 1:colcon.colcon_core.environment:checking '/home/tanakon/fra501_ws/install/my_controller_interfaces/lib/python3.10/site-packages'
[0.721s] Level 1:colcon.colcon_core.environment:checking '/home/tanakon/fra501_ws/install/my_controller_interfaces/bin'
[0.722s] INFO:colcon.colcon_core.shell:Creating package script '/home/tanakon/fra501_ws/install/my_controller_interfaces/share/my_controller_interfaces/package.ps1'
[0.722s] INFO:colcon.colcon_core.shell:Creating package descriptor '/home/tanakon/fra501_ws/install/my_controller_interfaces/share/my_controller_interfaces/package.dsv'
[0.723s] INFO:colcon.colcon_core.shell:Creating package script '/home/tanakon/fra501_ws/install/my_controller_interfaces/share/my_controller_interfaces/package.sh'
[0.723s] INFO:colcon.colcon_core.shell:Creating package script '/home/tanakon/fra501_ws/install/my_controller_interfaces/share/my_controller_interfaces/package.bash'
[0.723s] INFO:colcon.colcon_core.shell:Creating package script '/home/tanakon/fra501_ws/install/my_controller_interfaces/share/my_controller_interfaces/package.zsh'
[0.723s] Level 1:colcon.colcon_core.environment:create_file_with_runtime_dependencies(/home/tanakon/fra501_ws/install/my_controller_interfaces/share/colcon-core/packages/my_controller_interfaces)
[0.725s] Level 1:colcon.colcon_core.environment:create_environment_scripts_only(turtlesim_interfaces)
[0.726s] Level 1:colcon.colcon_core.environment:checking '/home/tanakon/fra501_ws/install/turtlesim_interfaces' for CMake module files
[0.727s] Level 1:colcon.colcon_core.environment:checking '/home/tanakon/fra501_ws/install/turtlesim_interfaces' for CMake config files
[0.727s] Level 1:colcon.colcon_core.shell:create_environment_hook('turtlesim_interfaces', 'cmake_prefix_path')
[0.728s] INFO:colcon.colcon_core.shell:Creating environment hook '/home/tanakon/fra501_ws/install/turtlesim_interfaces/share/turtlesim_interfaces/hook/cmake_prefix_path.ps1'
[0.728s] INFO:colcon.colcon_core.shell:Creating environment descriptor '/home/tanakon/fra501_ws/install/turtlesim_interfaces/share/turtlesim_interfaces/hook/cmake_prefix_path.dsv'
[0.728s] INFO:colcon.colcon_core.shell:Creating environment hook '/home/tanakon/fra501_ws/install/turtlesim_interfaces/share/turtlesim_interfaces/hook/cmake_prefix_path.sh'
[0.729s] Level 1:colcon.colcon_core.environment:checking '/home/tanakon/fra501_ws/install/turtlesim_interfaces/lib'
[0.729s] Level 1:colcon.colcon_core.shell:create_environment_hook('turtlesim_interfaces', 'ld_library_path_lib')
[0.730s] INFO:colcon.colcon_core.shell:Creating environment hook '/home/tanakon/fra501_ws/install/turtlesim_interfaces/share/turtlesim_interfaces/hook/ld_library_path_lib.ps1'
[0.730s] INFO:colcon.colcon_core.shell:Creating environment descriptor '/home/tanakon/fra501_ws/install/turtlesim_interfaces/share/turtlesim_interfaces/hook/ld_library_path_lib.dsv'
[0.730s] INFO:colcon.colcon_core.shell:Creating environment hook '/home/tanakon/fra501_ws/install/turtlesim_interfaces/share/turtlesim_interfaces/hook/ld_library_path_lib.sh'
[0.731s] Level 1:colcon.colcon_core.environment:checking '/home/tanakon/fra501_ws/install/turtlesim_interfaces/bin'
[0.731s] Level 1:colcon.colcon_core.environment:checking '/home/tanakon/fra501_ws/install/turtlesim_interfaces/lib/pkgconfig/turtlesim_interfaces.pc'
[0.731s] Level 1:colcon.colcon_core.environment:checking '/home/tanakon/fra501_ws/install/turtlesim_interfaces/lib/python3.10/site-packages'
[0.731s] Level 1:colcon.colcon_core.environment:checking '/home/tanakon/fra501_ws/install/turtlesim_interfaces/bin'
[0.732s] INFO:colcon.colcon_core.shell:Creating package script '/home/tanakon/fra501_ws/install/turtlesim_interfaces/share/turtlesim_interfaces/package.ps1'
[0.732s] INFO:colcon.colcon_core.shell:Creating package descriptor '/home/tanakon/fra501_ws/install/turtlesim_interfaces/share/turtlesim_interfaces/package.dsv'
[0.733s] INFO:colcon.colcon_core.shell:Creating package script '/home/tanakon/fra501_ws/install/turtlesim_interfaces/share/turtlesim_interfaces/package.sh'
[0.733s] INFO:colcon.colcon_core.shell:Creating package script '/home/tanakon/fra501_ws/install/turtlesim_interfaces/share/turtlesim_interfaces/package.bash'
[0.735s] INFO:colcon.colcon_core.shell:Creating package script '/home/tanakon/fra501_ws/install/turtlesim_interfaces/share/turtlesim_interfaces/package.zsh'
[0.736s] Level 1:colcon.colcon_core.environment:create_file_with_runtime_dependencies(/home/tanakon/fra501_ws/install/turtlesim_interfaces/share/colcon-core/packages/turtlesim_interfaces)
[0.738s] Level 1:colcon.colcon_core.environment:create_environment_scripts_only(turtlesim_plus)
[0.739s] Level 1:colcon.colcon_core.environment:checking '/home/tanakon/fra501_ws/install/turtlesim_plus' for CMake module files
[0.739s] Level 1:colcon.colcon_core.environment:checking '/home/tanakon/fra501_ws/install/turtlesim_plus' for CMake config files
[0.740s] Level 1:colcon.colcon_core.shell:create_environment_hook('turtlesim_plus', 'cmake_prefix_path')
[0.740s] INFO:colcon.colcon_core.shell:Creating environment hook '/home/tanakon/fra501_ws/install/turtlesim_plus/share/turtlesim_plus/hook/cmake_prefix_path.ps1'
[0.741s] INFO:colcon.colcon_core.shell:Creating environment descriptor '/home/tanakon/fra501_ws/install/turtlesim_plus/share/turtlesim_plus/hook/cmake_prefix_path.dsv'
[0.741s] INFO:colcon.colcon_core.shell:Creating environment hook '/home/tanakon/fra501_ws/install/turtlesim_plus/share/turtlesim_plus/hook/cmake_prefix_path.sh'
[0.741s] Level 1:colcon.colcon_core.environment:checking '/home/tanakon/fra501_ws/install/turtlesim_plus/lib'
[0.741s] Level 1:colcon.colcon_core.environment:checking '/home/tanakon/fra501_ws/install/turtlesim_plus/bin'
[0.742s] Level 1:colcon.colcon_core.environment:checking '/home/tanakon/fra501_ws/install/turtlesim_plus/lib/pkgconfig/turtlesim_plus.pc'
[0.742s] Level 1:colcon.colcon_core.environment:checking '/home/tanakon/fra501_ws/install/turtlesim_plus/lib/python3.10/site-packages'
[0.742s] Level 1:colcon.colcon_core.environment:checking '/home/tanakon/fra501_ws/install/turtlesim_plus/bin'
[0.743s] INFO:colcon.colcon_core.shell:Creating package script '/home/tanakon/fra501_ws/install/turtlesim_plus/share/turtlesim_plus/package.ps1'
[0.743s] INFO:colcon.colcon_core.shell:Creating package descriptor '/home/tanakon/fra501_ws/install/turtlesim_plus/share/turtlesim_plus/package.dsv'
[0.743s] INFO:colcon.colcon_core.shell:Creating package script '/home/tanakon/fra501_ws/install/turtlesim_plus/share/turtlesim_plus/package.sh'
[0.743s] INFO:colcon.colcon_core.shell:Creating package script '/home/tanakon/fra501_ws/install/turtlesim_plus/share/turtlesim_plus/package.bash'
[0.744s] INFO:colcon.colcon_core.shell:Creating package script '/home/tanakon/fra501_ws/install/turtlesim_plus/share/turtlesim_plus/package.zsh'
[0.744s] Level 1:colcon.colcon_core.environment:create_file_with_runtime_dependencies(/home/tanakon/fra501_ws/install/turtlesim_plus/share/colcon-core/packages/turtlesim_plus)
[0.744s] Level 1:colcon.colcon_core.environment:create_environment_scripts_only(turtlesim_plus_interfaces)
[0.745s] Level 1:colcon.colcon_core.environment:checking '/home/tanakon/fra501_ws/install/turtlesim_plus_interfaces' for CMake module files
[0.746s] DEBUG:colcon.colcon_core.event_handler.log_command:Invoked command in '/home/tanakon/fra501_ws/build/turtlesim_plus_interfaces' returned '0': CMAKE_PREFIX_PATH=${CMAKE_PREFIX_PATH}:/opt/ros/humble /usr/bin/cmake --install /home/tanakon/fra501_ws/build/turtlesim_plus_interfaces
[0.746s] Level 1:colcon.colcon_core.environment:checking '/home/tanakon/fra501_ws/install/turtlesim_plus_interfaces' for CMake config files
[0.746s] Level 1:colcon.colcon_core.shell:create_environment_hook('turtlesim_plus_interfaces', 'cmake_prefix_path')
[0.747s] INFO:colcon.colcon_core.shell:Creating environment hook '/home/tanakon/fra501_ws/install/turtlesim_plus_interfaces/share/turtlesim_plus_interfaces/hook/cmake_prefix_path.ps1'
[0.747s] INFO:colcon.colcon_core.shell:Creating environment descriptor '/home/tanakon/fra501_ws/install/turtlesim_plus_interfaces/share/turtlesim_plus_interfaces/hook/cmake_prefix_path.dsv'
[0.748s] INFO:colcon.colcon_core.shell:Creating environment hook '/home/tanakon/fra501_ws/install/turtlesim_plus_interfaces/share/turtlesim_plus_interfaces/hook/cmake_prefix_path.sh'
[0.748s] Level 1:colcon.colcon_core.environment:checking '/home/tanakon/fra501_ws/install/turtlesim_plus_interfaces/lib'
[0.748s] Level 1:colcon.colcon_core.shell:create_environment_hook('turtlesim_plus_interfaces', 'ld_library_path_lib')
[0.749s] INFO:colcon.colcon_core.shell:Creating environment hook '/home/tanakon/fra501_ws/install/turtlesim_plus_interfaces/share/turtlesim_plus_interfaces/hook/ld_library_path_lib.ps1'
[0.749s] INFO:colcon.colcon_core.shell:Creating environment descriptor '/home/tanakon/fra501_ws/install/turtlesim_plus_interfaces/share/turtlesim_plus_interfaces/hook/ld_library_path_lib.dsv'
[0.749s] INFO:colcon.colcon_core.shell:Creating environment hook '/home/tanakon/fra501_ws/install/turtlesim_plus_interfaces/share/turtlesim_plus_interfaces/hook/ld_library_path_lib.sh'
[0.749s] Level 1:colcon.colcon_core.environment:checking '/home/tanakon/fra501_ws/install/turtlesim_plus_interfaces/bin'
[0.749s] Level 1:colcon.colcon_core.environment:checking '/home/tanakon/fra501_ws/install/turtlesim_plus_interfaces/lib/pkgconfig/turtlesim_plus_interfaces.pc'
[0.749s] Level 1:colcon.colcon_core.environment:checking '/home/tanakon/fra501_ws/install/turtlesim_plus_interfaces/lib/python3.10/site-packages'
[0.750s] Level 1:colcon.colcon_core.environment:checking '/home/tanakon/fra501_ws/install/turtlesim_plus_interfaces/bin'
[0.750s] INFO:colcon.colcon_core.shell:Creating package script '/home/tanakon/fra501_ws/install/turtlesim_plus_interfaces/share/turtlesim_plus_interfaces/package.ps1'
[0.751s] INFO:colcon.colcon_core.shell:Creating package descriptor '/home/tanakon/fra501_ws/install/turtlesim_plus_interfaces/share/turtlesim_plus_interfaces/package.dsv'
[0.751s] INFO:colcon.colcon_core.shell:Creating package script '/home/tanakon/fra501_ws/install/turtlesim_plus_interfaces/share/turtlesim_plus_interfaces/package.sh'
[0.751s] INFO:colcon.colcon_core.shell:Creating package script '/home/tanakon/fra501_ws/install/turtlesim_plus_interfaces/share/turtlesim_plus_interfaces/package.bash'
[0.751s] INFO:colcon.colcon_core.shell:Creating package script '/home/tanakon/fra501_ws/install/turtlesim_plus_interfaces/share/turtlesim_plus_interfaces/package.zsh'
[0.751s] Level 1:colcon.colcon_core.environment:create_file_with_runtime_dependencies(/home/tanakon/fra501_ws/install/turtlesim_plus_interfaces/share/colcon-core/packages/turtlesim_plus_interfaces)
[0.815s] Level 1:colcon.colcon_core.environment:create_environment_scripts_only(turtlesim_plus_interfaces)
[0.816s] Level 1:colcon.colcon_core.environment:checking '/home/tanakon/fra501_ws/install/turtlesim_plus_interfaces' for CMake module files
[0.816s] Level 1:colcon.colcon_core.environment:checking '/home/tanakon/fra501_ws/install/turtlesim_plus_interfaces' for CMake config files
[0.817s] Level 1:colcon.colcon_core.shell:create_environment_hook('turtlesim_plus_interfaces', 'cmake_prefix_path')
[0.817s] INFO:colcon.colcon_core.shell:Creating environment hook '/home/tanakon/fra501_ws/install/turtlesim_plus_interfaces/share/turtlesim_plus_interfaces/hook/cmake_prefix_path.ps1'
[0.818s] INFO:colcon.colcon_core.shell:Creating environment descriptor '/home/tanakon/fra501_ws/install/turtlesim_plus_interfaces/share/turtlesim_plus_interfaces/hook/cmake_prefix_path.dsv'
[0.818s] INFO:colcon.colcon_core.shell:Creating environment hook '/home/tanakon/fra501_ws/install/turtlesim_plus_interfaces/share/turtlesim_plus_interfaces/hook/cmake_prefix_path.sh'
[0.818s] Level 1:colcon.colcon_core.environment:checking '/home/tanakon/fra501_ws/install/turtlesim_plus_interfaces/lib'
[0.818s] Level 1:colcon.colcon_core.shell:create_environment_hook('turtlesim_plus_interfaces', 'ld_library_path_lib')
[0.819s] INFO:colcon.colcon_core.shell:Creating environment hook '/home/tanakon/fra501_ws/install/turtlesim_plus_interfaces/share/turtlesim_plus_interfaces/hook/ld_library_path_lib.ps1'
[0.819s] INFO:colcon.colcon_core.shell:Creating environment descriptor '/home/tanakon/fra501_ws/install/turtlesim_plus_interfaces/share/turtlesim_plus_interfaces/hook/ld_library_path_lib.dsv'
[0.819s] INFO:colcon.colcon_core.shell:Creating environment hook '/home/tanakon/fra501_ws/install/turtlesim_plus_interfaces/share/turtlesim_plus_interfaces/hook/ld_library_path_lib.sh'
[0.820s] Level 1:colcon.colcon_core.environment:checking '/home/tanakon/fra501_ws/install/turtlesim_plus_interfaces/bin'
[0.820s] Level 1:colcon.colcon_core.environment:checking '/home/tanakon/fra501_ws/install/turtlesim_plus_interfaces/lib/pkgconfig/turtlesim_plus_interfaces.pc'
[0.820s] Level 1:colcon.colcon_core.environment:checking '/home/tanakon/fra501_ws/install/turtlesim_plus_interfaces/lib/python3.10/site-packages'
[0.820s] Level 1:colcon.colcon_core.environment:checking '/home/tanakon/fra501_ws/install/turtlesim_plus_interfaces/bin'
[0.821s] INFO:colcon.colcon_core.shell:Creating package script '/home/tanakon/fra501_ws/install/turtlesim_plus_interfaces/share/turtlesim_plus_interfaces/package.ps1'
[0.821s] INFO:colcon.colcon_core.shell:Creating package descriptor '/home/tanakon/fra501_ws/install/turtlesim_plus_interfaces/share/turtlesim_plus_interfaces/package.dsv'
[0.821s] INFO:colcon.colcon_core.shell:Creating package script '/home/tanakon/fra501_ws/install/turtlesim_plus_interfaces/share/turtlesim_plus_interfaces/package.sh'
[0.822s] INFO:colcon.colcon_core.shell:Creating package script '/home/tanakon/fra501_ws/install/turtlesim_plus_interfaces/share/turtlesim_plus_interfaces/package.bash'
[0.822s] INFO:colcon.colcon_core.shell:Creating package script '/home/tanakon/fra501_ws/install/turtlesim_plus_interfaces/share/turtlesim_plus_interfaces/package.zsh'
[0.822s] Level 1:colcon.colcon_core.environment:create_file_with_runtime_dependencies(/home/tanakon/fra501_ws/install/turtlesim_plus_interfaces/share/colcon-core/packages/turtlesim_plus_interfaces)
[0.822s] DEBUG:colcon.colcon_parallel_executor.executor.parallel:closing loop
[0.823s] DEBUG:colcon.colcon_parallel_executor.executor.parallel:loop closed
[0.823s] DEBUG:colcon.colcon_parallel_executor.executor.parallel:run_until_complete finished with '0'
[0.823s] DEBUG:colcon.colcon_core.event_reactor:joining thread
[0.827s] INFO:colcon.colcon_core.plugin_system:Skipping extension 'colcon_notification.desktop_notification.terminal_notifier': Not used on non-Darwin systems
[0.827s] INFO:colcon.colcon_core.plugin_system:Skipping extension 'colcon_notification.desktop_notification.win32': Not used on non-Windows systems
[0.827s] INFO:colcon.colcon_notification.desktop_notification:Sending desktop notification using 'notify2'
[0.834s] DEBUG:colcon.colcon_core.event_reactor:joined thread
[0.835s] INFO:colcon.colcon_core.shell:Creating prefix script '/home/tanakon/fra501_ws/install/local_setup.ps1'
[0.836s] INFO:colcon.colcon_core.shell:Creating prefix util module '/home/tanakon/fra501_ws/install/_local_setup_util_ps1.py'
[0.837s] INFO:colcon.colcon_core.shell:Creating prefix chain script '/home/tanakon/fra501_ws/install/setup.ps1'
[0.838s] INFO:colcon.colcon_core.shell:Creating prefix script '/home/tanakon/fra501_ws/install/local_setup.sh'
[0.838s] INFO:colcon.colcon_core.shell:Creating prefix util module '/home/tanakon/fra501_ws/install/_local_setup_util_sh.py'
[0.839s] INFO:colcon.colcon_core.shell:Creating prefix chain script '/home/tanakon/fra501_ws/install/setup.sh'
[0.839s] INFO:colcon.colcon_core.shell:Creating prefix script '/home/tanakon/fra501_ws/install/local_setup.bash'
[0.840s] INFO:colcon.colcon_core.shell:Creating prefix chain script '/home/tanakon/fra501_ws/install/setup.bash'
[0.841s] INFO:colcon.colcon_core.shell:Creating prefix script '/home/tanakon/fra501_ws/install/local_setup.zsh'
[0.841s] INFO:colcon.colcon_core.shell:Creating prefix chain script '/home/tanakon/fra501_ws/install/setup.zsh'
