[  0%] Built target ament_cmake_python_copy_my_controller
[100%] Built target cpp_node_test
running egg_info
writing my_controller.egg-info/PKG-INFO
writing dependency_links to my_controller.egg-info/dependency_links.txt
writing top-level names to my_controller.egg-info/top_level.txt
reading manifest file 'my_controller.egg-info/SOURCES.txt'
writing manifest file 'my_controller.egg-info/SOURCES.txt'
[100%] Built target ament_cmake_python_build_my_controller_egg
-- Install configuration: ""
-- Up-to-date: /home/tanakon/fra501_ws/install/my_controller/share/my_controller/environment/pythonpath.sh
-- Up-to-date: /home/tanakon/fra501_ws/install/my_controller/share/my_controller/environment/pythonpath.dsv
-- Up-to-date: /home/tanakon/fra501_ws/install/my_controller/local/lib/python3.10/dist-packages/my_controller-0.0.0-py3.10.egg-info
-- Installing: /home/tanakon/fra501_ws/install/my_controller/local/lib/python3.10/dist-packages/my_controller-0.0.0-py3.10.egg-info/dependency_links.txt
-- Installing: /home/tanakon/fra501_ws/install/my_controller/local/lib/python3.10/dist-packages/my_controller-0.0.0-py3.10.egg-info/top_level.txt
-- Installing: /home/tanakon/fra501_ws/install/my_controller/local/lib/python3.10/dist-packages/my_controller-0.0.0-py3.10.egg-info/SOURCES.txt
-- Installing: /home/tanakon/fra501_ws/install/my_controller/local/lib/python3.10/dist-packages/my_controller-0.0.0-py3.10.egg-info/PKG-INFO
-- Up-to-date: /home/tanakon/fra501_ws/install/my_controller/local/lib/python3.10/dist-packages/my_controller
-- Up-to-date: /home/tanakon/fra501_ws/install/my_controller/local/lib/python3.10/dist-packages/my_controller/dummy_module.py
-- Up-to-date: /home/tanakon/fra501_ws/install/my_controller/local/lib/python3.10/dist-packages/my_controller/__init__.py
Listing '/home/tanakon/fra501_ws/install/my_controller/local/lib/python3.10/dist-packages/my_controller'...
-- Up-to-date: /home/tanakon/fra501_ws/install/my_controller/lib/my_controller/dummy_script.py
-- Up-to-date: /home/tanakon/fra501_ws/install/my_controller/lib/my_controller/my_controller.py
-- Up-to-date: /home/tanakon/fra501_ws/install/my_controller/lib/my_controller/cpp_node_test
-- Up-to-date: /home/tanakon/fra501_ws/install/my_controller/share/my_controller
-- Up-to-date: /home/tanakon/fra501_ws/install/my_controller/share/ament_index/resource_index/package_run_dependencies/my_controller
-- Up-to-date: /home/tanakon/fra501_ws/install/my_controller/share/ament_index/resource_index/parent_prefix_path/my_controller
-- Up-to-date: /home/tanakon/fra501_ws/install/my_controller/share/my_controller/environment/ament_prefix_path.sh
-- Up-to-date: /home/tanakon/fra501_ws/install/my_controller/share/my_controller/environment/ament_prefix_path.dsv
-- Up-to-date: /home/tanakon/fra501_ws/install/my_controller/share/my_controller/environment/path.sh
-- Up-to-date: /home/tanakon/fra501_ws/install/my_controller/share/my_controller/environment/path.dsv
-- Up-to-date: /home/tanakon/fra501_ws/install/my_controller/share/my_controller/local_setup.bash
-- Up-to-date: /home/tanakon/fra501_ws/install/my_controller/share/my_controller/local_setup.sh
-- Up-to-date: /home/tanakon/fra501_ws/install/my_controller/share/my_controller/local_setup.zsh
-- Up-to-date: /home/tanakon/fra501_ws/install/my_controller/share/my_controller/local_setup.dsv
-- Installing: /home/tanakon/fra501_ws/install/my_controller/share/my_controller/package.dsv
-- Up-to-date: /home/tanakon/fra501_ws/install/my_controller/share/ament_index/resource_index/packages/my_controller
-- Up-to-date: /home/tanakon/fra501_ws/install/my_controller/share/my_controller/cmake/my_controllerConfig.cmake
-- Up-to-date: /home/tanakon/fra501_ws/install/my_controller/share/my_controller/cmake/my_controllerConfig-version.cmake
-- Up-to-date: /home/tanakon/fra501_ws/install/my_controller/share/my_controller/package.xml
