[  3%] Built target turtlesim_interfaces__cpp
[ 12%] Built target turtlesim_interfaces__rosidl_generator_c
[ 12%] Built target ament_cmake_python_copy_turtlesim_interfaces
[ 35%] Built target turtlesim_interfaces__rosidl_typesupport_c
[ 35%] Built target turtlesim_interfaces__rosidl_typesupport_introspection_c
[ 54%] Built target turtlesim_interfaces__rosidl_typesupport_introspection_cpp
[ 54%] Built target turtlesim_interfaces__rosidl_typesupport_fastrtps_cpp
[ 61%] Built target turtlesim_interfaces__rosidl_typesupport_fastrtps_c
[ 70%] Built target turtlesim_interfaces__rosidl_typesupport_cpp
[ 70%] Built target turtlesim_interfaces
[ 74%] Built target turtlesim_interfaces__py
[ 80%] Built target turtlesim_interfaces__rosidl_generator_py
[ 93%] Built target turtlesim_interfaces__rosidl_typesupport_c__pyext
[ 93%] Built target turtlesim_interfaces__rosidl_typesupport_introspection_c__pyext
[100%] Built target turtlesim_interfaces__rosidl_typesupport_fastrtps_c__pyext
running egg_info
writing turtlesim_interfaces.egg-info/PKG-INFO
writing dependency_links to turtlesim_interfaces.egg-info/dependency_links.txt
writing top-level names to turtlesim_interfaces.egg-info/top_level.txt
reading manifest file 'turtlesim_interfaces.egg-info/SOURCES.txt'
writing manifest file 'turtlesim_interfaces.egg-info/SOURCES.txt'
[100%] Built target ament_cmake_python_build_turtlesim_interfaces_egg
-- Install configuration: ""
-- Up-to-date: /home/tanakon/fra501_ws/install/turtlesim_interfaces/share/ament_index/resource_index/rosidl_interfaces/turtlesim_interfaces
-- Up-to-date: /home/tanakon/fra501_ws/install/turtlesim_interfaces/include/turtlesim_interfaces/turtlesim_interfaces
-- Up-to-date: /home/tanakon/fra501_ws/install/turtlesim_interfaces/include/turtlesim_interfaces/turtlesim_interfaces/msg
-- Up-to-date: /home/tanakon/fra501_ws/install/turtlesim_interfaces/include/turtlesim_interfaces/turtlesim_interfaces/msg/rosidl_generator_c__visibility_control.h
-- Up-to-date: /home/tanakon/fra501_ws/install/turtlesim_interfaces/include/turtlesim_interfaces/turtlesim_interfaces/srv
-- Up-to-date: /home/tanakon/fra501_ws/install/turtlesim_interfaces/include/turtlesim_interfaces/turtlesim_interfaces/srv/send_position.h
-- Up-to-date: /home/tanakon/fra501_ws/install/turtlesim_interfaces/include/turtlesim_interfaces/turtlesim_interfaces/srv/detail
-- Up-to-date: /home/tanakon/fra501_ws/install/turtlesim_interfaces/include/turtlesim_interfaces/turtlesim_interfaces/srv/detail/send_position__functions.h
-- Up-to-date: /home/tanakon/fra501_ws/install/turtlesim_interfaces/include/turtlesim_interfaces/turtlesim_interfaces/srv/detail/send_position__struct.h
-- Up-to-date: /home/tanakon/fra501_ws/install/turtlesim_interfaces/include/turtlesim_interfaces/turtlesim_interfaces/srv/detail/send_position__functions.c
-- Up-to-date: /home/tanakon/fra501_ws/install/turtlesim_interfaces/include/turtlesim_interfaces/turtlesim_interfaces/srv/detail/send_position__type_support.h
-- Up-to-date: /home/tanakon/fra501_ws/install/turtlesim_interfaces/share/turtlesim_interfaces/environment/library_path.sh
-- Up-to-date: /home/tanakon/fra501_ws/install/turtlesim_interfaces/share/turtlesim_interfaces/environment/library_path.dsv
-- Up-to-date: /home/tanakon/fra501_ws/install/turtlesim_interfaces/lib/libturtlesim_interfaces__rosidl_generator_c.so
-- Up-to-date: /home/tanakon/fra501_ws/install/turtlesim_interfaces/include/turtlesim_interfaces/turtlesim_interfaces
-- Up-to-date: /home/tanakon/fra501_ws/install/turtlesim_interfaces/include/turtlesim_interfaces/turtlesim_interfaces/msg
-- Up-to-date: /home/tanakon/fra501_ws/install/turtlesim_interfaces/include/turtlesim_interfaces/turtlesim_interfaces/msg/rosidl_typesupport_fastrtps_c__visibility_control.h
-- Up-to-date: /home/tanakon/fra501_ws/install/turtlesim_interfaces/include/turtlesim_interfaces/turtlesim_interfaces/srv
-- Up-to-date: /home/tanakon/fra501_ws/install/turtlesim_interfaces/include/turtlesim_interfaces/turtlesim_interfaces/srv/detail
-- Up-to-date: /home/tanakon/fra501_ws/install/turtlesim_interfaces/include/turtlesim_interfaces/turtlesim_interfaces/srv/detail/send_position__rosidl_typesupport_fastrtps_c.h
-- Up-to-date: /home/tanakon/fra501_ws/install/turtlesim_interfaces/lib/libturtlesim_interfaces__rosidl_typesupport_fastrtps_c.so
-- Up-to-date: /home/tanakon/fra501_ws/install/turtlesim_interfaces/include/turtlesim_interfaces/turtlesim_interfaces
-- Up-to-date: /home/tanakon/fra501_ws/install/turtlesim_interfaces/include/turtlesim_interfaces/turtlesim_interfaces/srv
-- Up-to-date: /home/tanakon/fra501_ws/install/turtlesim_interfaces/include/turtlesim_interfaces/turtlesim_interfaces/srv/send_position.hpp
-- Up-to-date: /home/tanakon/fra501_ws/install/turtlesim_interfaces/include/turtlesim_interfaces/turtlesim_interfaces/srv/detail
-- Up-to-date: /home/tanakon/fra501_ws/install/turtlesim_interfaces/include/turtlesim_interfaces/turtlesim_interfaces/srv/detail/send_position__builder.hpp
-- Up-to-date: /home/tanakon/fra501_ws/install/turtlesim_interfaces/include/turtlesim_interfaces/turtlesim_interfaces/srv/detail/send_position__traits.hpp
-- Up-to-date: /home/tanakon/fra501_ws/install/turtlesim_interfaces/include/turtlesim_interfaces/turtlesim_interfaces/srv/detail/send_position__struct.hpp
-- Up-to-date: /home/tanakon/fra501_ws/install/turtlesim_interfaces/include/turtlesim_interfaces/turtlesim_interfaces
-- Up-to-date: /home/tanakon/fra501_ws/install/turtlesim_interfaces/include/turtlesim_interfaces/turtlesim_interfaces/msg
-- Up-to-date: /home/tanakon/fra501_ws/install/turtlesim_interfaces/include/turtlesim_interfaces/turtlesim_interfaces/msg/rosidl_typesupport_fastrtps_cpp__visibility_control.h
-- Up-to-date: /home/tanakon/fra501_ws/install/turtlesim_interfaces/include/turtlesim_interfaces/turtlesim_interfaces/srv
-- Up-to-date: /home/tanakon/fra501_ws/install/turtlesim_interfaces/include/turtlesim_interfaces/turtlesim_interfaces/srv/detail
-- Up-to-date: /home/tanakon/fra501_ws/install/turtlesim_interfaces/include/turtlesim_interfaces/turtlesim_interfaces/srv/detail/dds_fastrtps
-- Up-to-date: /home/tanakon/fra501_ws/install/turtlesim_interfaces/include/turtlesim_interfaces/turtlesim_interfaces/srv/detail/send_position__rosidl_typesupport_fastrtps_cpp.hpp
-- Up-to-date: /home/tanakon/fra501_ws/install/turtlesim_interfaces/lib/libturtlesim_interfaces__rosidl_typesupport_fastrtps_cpp.so
-- Up-to-date: /home/tanakon/fra501_ws/install/turtlesim_interfaces/include/turtlesim_interfaces/turtlesim_interfaces
-- Up-to-date: /home/tanakon/fra501_ws/install/turtlesim_interfaces/include/turtlesim_interfaces/turtlesim_interfaces/msg
-- Up-to-date: /home/tanakon/fra501_ws/install/turtlesim_interfaces/include/turtlesim_interfaces/turtlesim_interfaces/msg/rosidl_typesupport_introspection_c__visibility_control.h
-- Up-to-date: /home/tanakon/fra501_ws/install/turtlesim_interfaces/include/turtlesim_interfaces/turtlesim_interfaces/srv
-- Up-to-date: /home/tanakon/fra501_ws/install/turtlesim_interfaces/include/turtlesim_interfaces/turtlesim_interfaces/srv/detail
-- Up-to-date: /home/tanakon/fra501_ws/install/turtlesim_interfaces/include/turtlesim_interfaces/turtlesim_interfaces/srv/detail/send_position__rosidl_typesupport_introspection_c.h
-- Up-to-date: /home/tanakon/fra501_ws/install/turtlesim_interfaces/include/turtlesim_interfaces/turtlesim_interfaces/srv/detail/send_position__type_support.c
-- Up-to-date: /home/tanakon/fra501_ws/install/turtlesim_interfaces/lib/libturtlesim_interfaces__rosidl_typesupport_introspection_c.so
-- Up-to-date: /home/tanakon/fra501_ws/install/turtlesim_interfaces/lib/libturtlesim_interfaces__rosidl_typesupport_c.so
-- Up-to-date: /home/tanakon/fra501_ws/install/turtlesim_interfaces/include/turtlesim_interfaces/turtlesim_interfaces
-- Up-to-date: /home/tanakon/fra501_ws/install/turtlesim_interfaces/include/turtlesim_interfaces/turtlesim_interfaces/srv
-- Up-to-date: /home/tanakon/fra501_ws/install/turtlesim_interfaces/include/turtlesim_interfaces/turtlesim_interfaces/srv/detail
-- Up-to-date: /home/tanakon/fra501_ws/install/turtlesim_interfaces/include/turtlesim_interfaces/turtlesim_interfaces/srv/detail/send_position__rosidl_typesupport_introspection_cpp.hpp
-- Up-to-date: /home/tanakon/fra501_ws/install/turtlesim_interfaces/include/turtlesim_interfaces/turtlesim_interfaces/srv/detail/send_position__type_support.cpp
-- Up-to-date: /home/tanakon/fra501_ws/install/turtlesim_interfaces/lib/libturtlesim_interfaces__rosidl_typesupport_introspection_cpp.so
-- Up-to-date: /home/tanakon/fra501_ws/install/turtlesim_interfaces/lib/libturtlesim_interfaces__rosidl_typesupport_cpp.so
-- Up-to-date: /home/tanakon/fra501_ws/install/turtlesim_interfaces/share/turtlesim_interfaces/environment/pythonpath.sh
-- Up-to-date: /home/tanakon/fra501_ws/install/turtlesim_interfaces/share/turtlesim_interfaces/environment/pythonpath.dsv
-- Up-to-date: /home/tanakon/fra501_ws/install/turtlesim_interfaces/local/lib/python3.10/dist-packages/turtlesim_interfaces-0.0.0-py3.10.egg-info
-- Installing: /home/tanakon/fra501_ws/install/turtlesim_interfaces/local/lib/python3.10/dist-packages/turtlesim_interfaces-0.0.0-py3.10.egg-info/dependency_links.txt
-- Installing: /home/tanakon/fra501_ws/install/turtlesim_interfaces/local/lib/python3.10/dist-packages/turtlesim_interfaces-0.0.0-py3.10.egg-info/top_level.txt
-- Installing: /home/tanakon/fra501_ws/install/turtlesim_interfaces/local/lib/python3.10/dist-packages/turtlesim_interfaces-0.0.0-py3.10.egg-info/SOURCES.txt
-- Installing: /home/tanakon/fra501_ws/install/turtlesim_interfaces/local/lib/python3.10/dist-packages/turtlesim_interfaces-0.0.0-py3.10.egg-info/PKG-INFO
-- Up-to-date: /home/tanakon/fra501_ws/install/turtlesim_interfaces/local/lib/python3.10/dist-packages/turtlesim_interfaces
-- Up-to-date: /home/tanakon/fra501_ws/install/turtlesim_interfaces/local/lib/python3.10/dist-packages/turtlesim_interfaces/turtlesim_interfaces_s__rosidl_typesupport_fastrtps_c.cpython-310-x86_64-linux-gnu.so
-- Up-to-date: /home/tanakon/fra501_ws/install/turtlesim_interfaces/local/lib/python3.10/dist-packages/turtlesim_interfaces/_turtlesim_interfaces_s.ep.rosidl_typesupport_fastrtps_c.c
-- Up-to-date: /home/tanakon/fra501_ws/install/turtlesim_interfaces/local/lib/python3.10/dist-packages/turtlesim_interfaces/_turtlesim_interfaces_s.ep.rosidl_typesupport_c.c
-- Up-to-date: /home/tanakon/fra501_ws/install/turtlesim_interfaces/local/lib/python3.10/dist-packages/turtlesim_interfaces/_turtlesim_interfaces_s.ep.rosidl_typesupport_introspection_c.c
-- Up-to-date: /home/tanakon/fra501_ws/install/turtlesim_interfaces/local/lib/python3.10/dist-packages/turtlesim_interfaces/libturtlesim_interfaces__rosidl_generator_py.so
-- Up-to-date: /home/tanakon/fra501_ws/install/turtlesim_interfaces/local/lib/python3.10/dist-packages/turtlesim_interfaces/__init__.py
-- Up-to-date: /home/tanakon/fra501_ws/install/turtlesim_interfaces/local/lib/python3.10/dist-packages/turtlesim_interfaces/srv
-- Up-to-date: /home/tanakon/fra501_ws/install/turtlesim_interfaces/local/lib/python3.10/dist-packages/turtlesim_interfaces/srv/_send_position.py
-- Up-to-date: /home/tanakon/fra501_ws/install/turtlesim_interfaces/local/lib/python3.10/dist-packages/turtlesim_interfaces/srv/_send_position_s.c
-- Up-to-date: /home/tanakon/fra501_ws/install/turtlesim_interfaces/local/lib/python3.10/dist-packages/turtlesim_interfaces/srv/__init__.py
-- Up-to-date: /home/tanakon/fra501_ws/install/turtlesim_interfaces/local/lib/python3.10/dist-packages/turtlesim_interfaces/turtlesim_interfaces_s__rosidl_typesupport_c.cpython-310-x86_64-linux-gnu.so
-- Up-to-date: /home/tanakon/fra501_ws/install/turtlesim_interfaces/local/lib/python3.10/dist-packages/turtlesim_interfaces/turtlesim_interfaces_s__rosidl_typesupport_introspection_c.cpython-310-x86_64-linux-gnu.so
Listing '/home/tanakon/fra501_ws/install/turtlesim_interfaces/local/lib/python3.10/dist-packages/turtlesim_interfaces'...
Listing '/home/tanakon/fra501_ws/install/turtlesim_interfaces/local/lib/python3.10/dist-packages/turtlesim_interfaces/srv'...
-- Up-to-date: /home/tanakon/fra501_ws/install/turtlesim_interfaces/local/lib/python3.10/dist-packages/turtlesim_interfaces/turtlesim_interfaces_s__rosidl_typesupport_fastrtps_c.cpython-310-x86_64-linux-gnu.so
-- Up-to-date: /home/tanakon/fra501_ws/install/turtlesim_interfaces/local/lib/python3.10/dist-packages/turtlesim_interfaces/turtlesim_interfaces_s__rosidl_typesupport_introspection_c.cpython-310-x86_64-linux-gnu.so
-- Up-to-date: /home/tanakon/fra501_ws/install/turtlesim_interfaces/local/lib/python3.10/dist-packages/turtlesim_interfaces/turtlesim_interfaces_s__rosidl_typesupport_c.cpython-310-x86_64-linux-gnu.so
-- Up-to-date: /home/tanakon/fra501_ws/install/turtlesim_interfaces/lib/libturtlesim_interfaces__rosidl_generator_py.so
-- Up-to-date: /home/tanakon/fra501_ws/install/turtlesim_interfaces/share/turtlesim_interfaces/srv/SendPosition.idl
-- Up-to-date: /home/tanakon/fra501_ws/install/turtlesim_interfaces/share/turtlesim_interfaces/srv/SendPosition.srv
-- Up-to-date: /home/tanakon/fra501_ws/install/turtlesim_interfaces/share/turtlesim_interfaces/srv/SendPosition_Request.msg
-- Up-to-date: /home/tanakon/fra501_ws/install/turtlesim_interfaces/share/turtlesim_interfaces/srv/SendPosition_Response.msg
-- Up-to-date: /home/tanakon/fra501_ws/install/turtlesim_interfaces/share/ament_index/resource_index/package_run_dependencies/turtlesim_interfaces
-- Up-to-date: /home/tanakon/fra501_ws/install/turtlesim_interfaces/share/ament_index/resource_index/parent_prefix_path/turtlesim_interfaces
-- Up-to-date: /home/tanakon/fra501_ws/install/turtlesim_interfaces/share/turtlesim_interfaces/environment/ament_prefix_path.sh
-- Up-to-date: /home/tanakon/fra501_ws/install/turtlesim_interfaces/share/turtlesim_interfaces/environment/ament_prefix_path.dsv
-- Up-to-date: /home/tanakon/fra501_ws/install/turtlesim_interfaces/share/turtlesim_interfaces/environment/path.sh
-- Up-to-date: /home/tanakon/fra501_ws/install/turtlesim_interfaces/share/turtlesim_interfaces/environment/path.dsv
-- Up-to-date: /home/tanakon/fra501_ws/install/turtlesim_interfaces/share/turtlesim_interfaces/local_setup.bash
-- Up-to-date: /home/tanakon/fra501_ws/install/turtlesim_interfaces/share/turtlesim_interfaces/local_setup.sh
-- Up-to-date: /home/tanakon/fra501_ws/install/turtlesim_interfaces/share/turtlesim_interfaces/local_setup.zsh
-- Up-to-date: /home/tanakon/fra501_ws/install/turtlesim_interfaces/share/turtlesim_interfaces/local_setup.dsv
-- Installing: /home/tanakon/fra501_ws/install/turtlesim_interfaces/share/turtlesim_interfaces/package.dsv
-- Up-to-date: /home/tanakon/fra501_ws/install/turtlesim_interfaces/share/ament_index/resource_index/packages/turtlesim_interfaces
-- Up-to-date: /home/tanakon/fra501_ws/install/turtlesim_interfaces/share/turtlesim_interfaces/cmake/export_turtlesim_interfaces__rosidl_generator_cExport.cmake
-- Up-to-date: /home/tanakon/fra501_ws/install/turtlesim_interfaces/share/turtlesim_interfaces/cmake/export_turtlesim_interfaces__rosidl_generator_cExport-noconfig.cmake
-- Up-to-date: /home/tanakon/fra501_ws/install/turtlesim_interfaces/share/turtlesim_interfaces/cmake/export_turtlesim_interfaces__rosidl_typesupport_fastrtps_cExport.cmake
-- Up-to-date: /home/tanakon/fra501_ws/install/turtlesim_interfaces/share/turtlesim_interfaces/cmake/export_turtlesim_interfaces__rosidl_typesupport_fastrtps_cExport-noconfig.cmake
-- Up-to-date: /home/tanakon/fra501_ws/install/turtlesim_interfaces/share/turtlesim_interfaces/cmake/export_turtlesim_interfaces__rosidl_generator_cppExport.cmake
-- Up-to-date: /home/tanakon/fra501_ws/install/turtlesim_interfaces/share/turtlesim_interfaces/cmake/export_turtlesim_interfaces__rosidl_typesupport_fastrtps_cppExport.cmake
-- Up-to-date: /home/tanakon/fra501_ws/install/turtlesim_interfaces/share/turtlesim_interfaces/cmake/export_turtlesim_interfaces__rosidl_typesupport_fastrtps_cppExport-noconfig.cmake
-- Up-to-date: /home/tanakon/fra501_ws/install/turtlesim_interfaces/share/turtlesim_interfaces/cmake/turtlesim_interfaces__rosidl_typesupport_introspection_cExport.cmake
-- Up-to-date: /home/tanakon/fra501_ws/install/turtlesim_interfaces/share/turtlesim_interfaces/cmake/turtlesim_interfaces__rosidl_typesupport_introspection_cExport-noconfig.cmake
-- Up-to-date: /home/tanakon/fra501_ws/install/turtlesim_interfaces/share/turtlesim_interfaces/cmake/turtlesim_interfaces__rosidl_typesupport_cExport.cmake
-- Up-to-date: /home/tanakon/fra501_ws/install/turtlesim_interfaces/share/turtlesim_interfaces/cmake/turtlesim_interfaces__rosidl_typesupport_cExport-noconfig.cmake
-- Up-to-date: /home/tanakon/fra501_ws/install/turtlesim_interfaces/share/turtlesim_interfaces/cmake/turtlesim_interfaces__rosidl_typesupport_introspection_cppExport.cmake
-- Up-to-date: /home/tanakon/fra501_ws/install/turtlesim_interfaces/share/turtlesim_interfaces/cmake/turtlesim_interfaces__rosidl_typesupport_introspection_cppExport-noconfig.cmake
-- Up-to-date: /home/tanakon/fra501_ws/install/turtlesim_interfaces/share/turtlesim_interfaces/cmake/turtlesim_interfaces__rosidl_typesupport_cppExport.cmake
-- Up-to-date: /home/tanakon/fra501_ws/install/turtlesim_interfaces/share/turtlesim_interfaces/cmake/turtlesim_interfaces__rosidl_typesupport_cppExport-noconfig.cmake
-- Up-to-date: /home/tanakon/fra501_ws/install/turtlesim_interfaces/share/turtlesim_interfaces/cmake/export_turtlesim_interfaces__rosidl_generator_pyExport.cmake
-- Up-to-date: /home/tanakon/fra501_ws/install/turtlesim_interfaces/share/turtlesim_interfaces/cmake/export_turtlesim_interfaces__rosidl_generator_pyExport-noconfig.cmake
-- Up-to-date: /home/tanakon/fra501_ws/install/turtlesim_interfaces/share/turtlesim_interfaces/cmake/rosidl_cmake-extras.cmake
-- Up-to-date: /home/tanakon/fra501_ws/install/turtlesim_interfaces/share/turtlesim_interfaces/cmake/ament_cmake_export_dependencies-extras.cmake
-- Up-to-date: /home/tanakon/fra501_ws/install/turtlesim_interfaces/share/turtlesim_interfaces/cmake/ament_cmake_export_include_directories-extras.cmake
-- Up-to-date: /home/tanakon/fra501_ws/install/turtlesim_interfaces/share/turtlesim_interfaces/cmake/ament_cmake_export_libraries-extras.cmake
-- Up-to-date: /home/tanakon/fra501_ws/install/turtlesim_interfaces/share/turtlesim_interfaces/cmake/ament_cmake_export_targets-extras.cmake
-- Up-to-date: /home/tanakon/fra501_ws/install/turtlesim_interfaces/share/turtlesim_interfaces/cmake/rosidl_cmake_export_typesupport_targets-extras.cmake
-- Up-to-date: /home/tanakon/fra501_ws/install/turtlesim_interfaces/share/turtlesim_interfaces/cmake/rosidl_cmake_export_typesupport_libraries-extras.cmake
-- Up-to-date: /home/tanakon/fra501_ws/install/turtlesim_interfaces/share/turtlesim_interfaces/cmake/turtlesim_interfacesConfig.cmake
-- Up-to-date: /home/tanakon/fra501_ws/install/turtlesim_interfaces/share/turtlesim_interfaces/cmake/turtlesim_interfacesConfig-version.cmake
-- Up-to-date: /home/tanakon/fra501_ws/install/turtlesim_interfaces/share/turtlesim_interfaces/package.xml
