Built target ament_cmake_python_copy_turtlesim_plus
running egg_info
writing turtlesim_plus.egg-info/PKG-INFO
writing dependency_links to turtlesim_plus.egg-info/dependency_links.txt
writing top-level names to turtlesim_plus.egg-info/top_level.txt
reading manifest file 'turtlesim_plus.egg-info/SOURCES.txt'
writing manifest file 'turtlesim_plus.egg-info/SOURCES.txt'
Built target ament_cmake_python_build_turtlesim_plus_egg
-- Install configuration: ""
-- Up-to-date: /home/tanakon/fra501_ws/install/turtlesim_plus/share/turtlesim_plus/environment/pythonpath.sh
-- Up-to-date: /home/tanakon/fra501_ws/install/turtlesim_plus/share/turtlesim_plus/environment/pythonpath.dsv
-- Up-to-date: /home/tanakon/fra501_ws/install/turtlesim_plus/local/lib/python3.10/dist-packages/turtlesim_plus-1.0.0-py3.10.egg-info
-- Installing: /home/tanakon/fra501_ws/install/turtlesim_plus/local/lib/python3.10/dist-packages/turtlesim_plus-1.0.0-py3.10.egg-info/dependency_links.txt
-- Installing: /home/tanakon/fra501_ws/install/turtlesim_plus/local/lib/python3.10/dist-packages/turtlesim_plus-1.0.0-py3.10.egg-info/top_level.txt
-- Installing: /home/tanakon/fra501_ws/install/turtlesim_plus/local/lib/python3.10/dist-packages/turtlesim_plus-1.0.0-py3.10.egg-info/SOURCES.txt
-- Installing: /home/tanakon/fra501_ws/install/turtlesim_plus/local/lib/python3.10/dist-packages/turtlesim_plus-1.0.0-py3.10.egg-info/PKG-INFO
-- Up-to-date: /home/tanakon/fra501_ws/install/turtlesim_plus/local/lib/python3.10/dist-packages/turtlesim_plus
-- Up-to-date: /home/tanakon/fra501_ws/install/turtlesim_plus/local/lib/python3.10/dist-packages/turtlesim_plus/entity.py
-- Up-to-date: /home/tanakon/fra501_ws/install/turtlesim_plus/local/lib/python3.10/dist-packages/turtlesim_plus/image
-- Up-to-date: /home/tanakon/fra501_ws/install/turtlesim_plus/local/lib/python3.10/dist-packages/turtlesim_plus/image/map
-- Up-to-date: /home/tanakon/fra501_ws/install/turtlesim_plus/local/lib/python3.10/dist-packages/turtlesim_plus/image/map/map.png
-- Up-to-date: /home/tanakon/fra501_ws/install/turtlesim_plus/local/lib/python3.10/dist-packages/turtlesim_plus/image/turtle
-- Up-to-date: /home/tanakon/fra501_ws/install/turtlesim_plus/local/lib/python3.10/dist-packages/turtlesim_plus/image/turtle/bouncy.png
-- Up-to-date: /home/tanakon/fra501_ws/install/turtlesim_plus/local/lib/python3.10/dist-packages/turtlesim_plus/image/turtle/eloquent.png
-- Up-to-date: /home/tanakon/fra501_ws/install/turtlesim_plus/local/lib/python3.10/dist-packages/turtlesim_plus/image/turtle/otto.png
-- Up-to-date: /home/tanakon/fra501_ws/install/turtlesim_plus/local/lib/python3.10/dist-packages/turtlesim_plus/image/turtle/ardent.png
-- Up-to-date: /home/tanakon/fra501_ws/install/turtlesim_plus/local/lib/python3.10/dist-packages/turtlesim_plus/image/turtle/humble.png
-- Up-to-date: /home/tanakon/fra501_ws/install/turtlesim_plus/local/lib/python3.10/dist-packages/turtlesim_plus/image/turtle/dashing.png
-- Up-to-date: /home/tanakon/fra501_ws/install/turtlesim_plus/local/lib/python3.10/dist-packages/turtlesim_plus/image/turtle/rolling.png
-- Up-to-date: /home/tanakon/fra501_ws/install/turtlesim_plus/local/lib/python3.10/dist-packages/turtlesim_plus/image/turtle/crystal.png
-- Up-to-date: /home/tanakon/fra501_ws/install/turtlesim_plus/local/lib/python3.10/dist-packages/turtlesim_plus/image/turtle/galactic.png
-- Up-to-date: /home/tanakon/fra501_ws/install/turtlesim_plus/local/lib/python3.10/dist-packages/turtlesim_plus/image/turtle/foxy.png
-- Up-to-date: /home/tanakon/fra501_ws/install/turtlesim_plus/local/lib/python3.10/dist-packages/turtlesim_plus/image/object
-- Up-to-date: /home/tanakon/fra501_ws/install/turtlesim_plus/local/lib/python3.10/dist-packages/turtlesim_plus/image/object/parcel.png
-- Up-to-date: /home/tanakon/fra501_ws/install/turtlesim_plus/local/lib/python3.10/dist-packages/turtlesim_plus/image/object/pizza.png
-- Up-to-date: /home/tanakon/fra501_ws/install/turtlesim_plus/local/lib/python3.10/dist-packages/turtlesim_plus/__init__.py
-- Up-to-date: /home/tanakon/fra501_ws/install/turtlesim_plus/local/lib/python3.10/dist-packages/turtlesim_plus/ros2_plugins.py
Listing '/home/tanakon/fra501_ws/install/turtlesim_plus/local/lib/python3.10/dist-packages/turtlesim_plus'...
Listing '/home/tanakon/fra501_ws/install/turtlesim_plus/local/lib/python3.10/dist-packages/turtlesim_plus/image'...
Listing '/home/tanakon/fra501_ws/install/turtlesim_plus/local/lib/python3.10/dist-packages/turtlesim_plus/image/map'...
Listing '/home/tanakon/fra501_ws/install/turtlesim_plus/local/lib/python3.10/dist-packages/turtlesim_plus/image/object'...
Listing '/home/tanakon/fra501_ws/install/turtlesim_plus/local/lib/python3.10/dist-packages/turtlesim_plus/image/turtle'...
-- Up-to-date: /home/tanakon/fra501_ws/install/turtlesim_plus/lib/turtlesim_plus/turtlesim_plus_node.py
-- Up-to-date: /home/tanakon/fra501_ws/install/turtlesim_plus/lib/turtlesim_plus/pizza_on_click.py
-- Up-to-date: /home/tanakon/fra501_ws/install/turtlesim_plus/share/turtlesim_plus
-- Up-to-date: /home/tanakon/fra501_ws/install/turtlesim_plus/share/ament_index/resource_index/package_run_dependencies/turtlesim_plus
-- Up-to-date: /home/tanakon/fra501_ws/install/turtlesim_plus/share/ament_index/resource_index/parent_prefix_path/turtlesim_plus
-- Up-to-date: /home/tanakon/fra501_ws/install/turtlesim_plus/share/turtlesim_plus/environment/ament_prefix_path.sh
-- Up-to-date: /home/tanakon/fra501_ws/install/turtlesim_plus/share/turtlesim_plus/environment/ament_prefix_path.dsv
-- Up-to-date: /home/tanakon/fra501_ws/install/turtlesim_plus/share/turtlesim_plus/environment/path.sh
-- Up-to-date: /home/tanakon/fra501_ws/install/turtlesim_plus/share/turtlesim_plus/environment/path.dsv
-- Up-to-date: /home/tanakon/fra501_ws/install/turtlesim_plus/share/turtlesim_plus/local_setup.bash
-- Up-to-date: /home/tanakon/fra501_ws/install/turtlesim_plus/share/turtlesim_plus/local_setup.sh
-- Up-to-date: /home/tanakon/fra501_ws/install/turtlesim_plus/share/turtlesim_plus/local_setup.zsh
-- Up-to-date: /home/tanakon/fra501_ws/install/turtlesim_plus/share/turtlesim_plus/local_setup.dsv
-- Up-to-date: /home/tanakon/fra501_ws/install/turtlesim_plus/share/turtlesim_plus/package.dsv
-- Up-to-date: /home/tanakon/fra501_ws/install/turtlesim_plus/share/ament_index/resource_index/packages/turtlesim_plus
-- Up-to-date: /home/tanakon/fra501_ws/install/turtlesim_plus/share/turtlesim_plus/cmake/turtlesim_plusConfig.cmake
-- Up-to-date: /home/tanakon/fra501_ws/install/turtlesim_plus/share/turtlesim_plus/cmake/turtlesim_plusConfig-version.cmake
-- Up-to-date: /home/tanakon/fra501_ws/install/turtlesim_plus/share/turtlesim_plus/package.xml
