[0.022s] Invoking command in '/home/tanakon/fra501_ws/build/my_controller_interfaces': CMAKE_PREFIX_PATH=${CMAKE_PREFIX_PATH}:/opt/ros/humble /usr/bin/cmake /home/tanakon/fra501_ws/src/my_controller_interfaces -DCMAKE_INSTALL_PREFIX=/home/tanakon/fra501_ws/install/my_controller_interfaces
[0.054s] -- The C compiler identification is GNU 11.4.0
[0.091s] -- The CXX compiler identification is GNU 11.4.0
[0.095s] -- Detecting C compiler ABI info
[0.140s] -- Detecting C compiler ABI info - done
[0.144s] -- Check for working C compiler: /usr/bin/cc - skipped
[0.144s] -- Detecting C compile features
[0.145s] -- Detecting C compile features - done
[0.147s] -- Detecting CXX compiler ABI info
[0.197s] -- Detecting CXX compiler ABI info - done
[0.202s] -- Check for working CXX compiler: /usr/bin/c++ - skipped
[0.202s] -- Detecting CXX compile features
[0.203s] -- Detecting CXX compile features - done
[0.204s] -- Found ament_cmake: 1.3.5 (/opt/ros/humble/share/ament_cmake/cmake)
[0.317s] -- Found Python3: /usr/bin/python3.10 (found version "3.10.12") found components: Interpreter 
[0.374s] -- Found ament_lint_auto: 0.12.7 (/opt/ros/humble/share/ament_lint_auto/cmake)
[0.431s] -- Found geometry_msgs: 4.2.3 (/opt/ros/humble/share/geometry_msgs/cmake)
[0.451s] -- Found rosidl_generator_c: 3.1.5 (/opt/ros/humble/share/rosidl_generator_c/cmake)
[0.454s] -- Found rosidl_adapter: 3.1.5 (/opt/ros/humble/share/rosidl_adapter/cmake)
[0.459s] -- Found rosidl_generator_cpp: 3.1.5 (/opt/ros/humble/share/rosidl_generator_cpp/cmake)
[0.467s] -- Using all available rosidl_typesupport_c: rosidl_typesupport_fastrtps_c;rosidl_typesupport_introspection_c
[0.479s] -- Using all available rosidl_typesupport_cpp: rosidl_typesupport_fastrtps_cpp;rosidl_typesupport_introspection_cpp
[0.560s] -- Found rosidl_default_generators: 1.2.0 (/opt/ros/humble/share/rosidl_default_generators/cmake)
[0.717s] -- Found ament_cmake_ros: 0.10.0 (/opt/ros/humble/share/ament_cmake_ros/cmake)
[1.008s] -- Using all available rosidl_typesupport_c: rosidl_typesupport_fastrtps_c;rosidl_typesupport_introspection_c
[1.133s] -- Using all available rosidl_typesupport_cpp: rosidl_typesupport_fastrtps_cpp;rosidl_typesupport_introspection_cpp
[1.149s] -- Found PythonInterp: /usr/bin/python3 (found suitable version "3.10.12", minimum required is "3.6") 
[1.150s] -- Found python_cmake_module: 0.10.0 (/opt/ros/humble/share/python_cmake_module/cmake)
[1.173s] -- Found PythonLibs: /usr/lib/x86_64-linux-gnu/libpython3.10.so (found suitable version "3.10.12", minimum required is "3.5") 
[1.173s] -- Using PYTHON_EXECUTABLE: /usr/bin/python3
[1.173s] -- Using PYTHON_INCLUDE_DIRS: /usr/include/python3.10
[1.173s] -- Using PYTHON_LIBRARIES: /usr/lib/x86_64-linux-gnu/libpython3.10.so
[1.191s] -- Found PythonExtra: .so  
[1.244s] -- Added test 'lint_cmake' to check CMake code style
[1.245s] -- Added test 'xmllint' to check XML markup files
[1.251s] -- Configuring done
[1.279s] -- Generating done
[1.279s] -- Build files have been written to: /home/tanakon/fra501_ws/build/my_controller_interfaces
[1.295s] Invoked command in '/home/tanakon/fra501_ws/build/my_controller_interfaces' returned '0': CMAKE_PREFIX_PATH=${CMAKE_PREFIX_PATH}:/opt/ros/humble /usr/bin/cmake /home/tanakon/fra501_ws/src/my_controller_interfaces -DCMAKE_INSTALL_PREFIX=/home/tanakon/fra501_ws/install/my_controller_interfaces
[1.297s] Invoking command in '/home/tanakon/fra501_ws/build/my_controller_interfaces': CMAKE_PREFIX_PATH=${CMAKE_PREFIX_PATH}:/opt/ros/humble /usr/bin/cmake --build /home/tanakon/fra501_ws/build/my_controller_interfaces -- -j16 -l16
[1.321s] [  3%] [34m[1mGenerating C code for ROS interfaces[0m
[1.328s] [  6%] [34m[1mGenerating C++ code for ROS interfaces[0m
[1.336s] [  6%] Built target ament_cmake_python_copy_my_controller_interfaces
[1.523s] [  9%] [32mBuilding C object CMakeFiles/my_controller_interfaces__rosidl_generator_c.dir/rosidl_generator_c/my_controller_interfaces/srv/detail/set_target__functions.c.o[0m
[1.524s] [  9%] Built target my_controller_interfaces__cpp
[1.531s] [ 12%] [34m[1mGenerating C++ introspection for ROS interfaces[0m
[1.532s] [ 16%] [34m[1mGenerating C++ type support for eProsima Fast-RTPS[0m
[1.532s] [ 19%] [34m[1mGenerating C++ type support dispatch for ROS interfaces[0m
[1.568s] [ 22%] [32m[1mLinking C shared library libmy_controller_interfaces__rosidl_generator_c.so[0m
[1.575s] running egg_info
[1.576s] creating my_controller_interfaces.egg-info
[1.576s] writing my_controller_interfaces.egg-info/PKG-INFO
[1.577s] writing dependency_links to my_controller_interfaces.egg-info/dependency_links.txt
[1.577s] writing top-level names to my_controller_interfaces.egg-info/top_level.txt
[1.577s] writing manifest file 'my_controller_interfaces.egg-info/SOURCES.txt'
[1.580s] reading manifest file 'my_controller_interfaces.egg-info/SOURCES.txt'
[1.580s] writing manifest file 'my_controller_interfaces.egg-info/SOURCES.txt'
[1.600s] [ 22%] Built target my_controller_interfaces__rosidl_generator_c
[1.611s] [ 32%] [34m[1mGenerating C type support dispatch for ROS interfaces[0m
[1.611s] [ 32%] [34m[1mGenerating C introspection for ROS interfaces[0m
[1.611s] [ 32%] [34m[1mGenerating C type support for eProsima Fast-RTPS[0m
[1.637s] [ 32%] Built target ament_cmake_python_build_my_controller_interfaces_egg
[1.803s] [ 35%] [32mBuilding CXX object CMakeFiles/my_controller_interfaces__rosidl_typesupport_cpp.dir/rosidl_typesupport_cpp/my_controller_interfaces/srv/set_target__type_support.cpp.o[0m
[1.845s] [ 38%] [32mBuilding CXX object CMakeFiles/my_controller_interfaces__rosidl_typesupport_introspection_cpp.dir/rosidl_typesupport_introspection_cpp/my_controller_interfaces/srv/detail/set_target__type_support.cpp.o[0m
[1.866s] [ 41%] [32mBuilding CXX object CMakeFiles/my_controller_interfaces__rosidl_typesupport_fastrtps_cpp.dir/rosidl_typesupport_fastrtps_cpp/my_controller_interfaces/srv/detail/dds_fastrtps/set_target__type_support.cpp.o[0m
[1.897s] [ 45%] [32mBuilding CXX object CMakeFiles/my_controller_interfaces__rosidl_typesupport_c.dir/rosidl_typesupport_c/my_controller_interfaces/srv/set_target__type_support.cpp.o[0m
[1.934s] [ 48%] [32m[1mLinking CXX shared library libmy_controller_interfaces__rosidl_typesupport_c.so[0m
[1.938s] [ 51%] [32mBuilding C object CMakeFiles/my_controller_interfaces__rosidl_typesupport_introspection_c.dir/rosidl_typesupport_introspection_c/my_controller_interfaces/srv/detail/set_target__type_support.c.o[0m
[1.946s] [ 54%] [32mBuilding CXX object CMakeFiles/my_controller_interfaces__rosidl_typesupport_fastrtps_c.dir/rosidl_typesupport_fastrtps_c/my_controller_interfaces/srv/detail/set_target__type_support_c.cpp.o[0m
[2.021s] [ 58%] [32m[1mLinking C shared library libmy_controller_interfaces__rosidl_typesupport_introspection_c.so[0m
[2.061s] [ 58%] Built target my_controller_interfaces__rosidl_typesupport_c
[2.106s] [ 61%] [32m[1mLinking CXX shared library libmy_controller_interfaces__rosidl_typesupport_cpp.so[0m
[2.115s] [ 61%] Built target my_controller_interfaces__rosidl_typesupport_introspection_c
[2.153s] [ 61%] Built target my_controller_interfaces__rosidl_typesupport_cpp
[2.276s] [ 64%] [32m[1mLinking CXX shared library libmy_controller_interfaces__rosidl_typesupport_introspection_cpp.so[0m
[2.348s] [ 67%] [32m[1mLinking CXX shared library libmy_controller_interfaces__rosidl_typesupport_fastrtps_c.so[0m
[2.380s] [ 70%] [32m[1mLinking CXX shared library libmy_controller_interfaces__rosidl_typesupport_fastrtps_cpp.so[0m
[2.465s] [ 70%] Built target my_controller_interfaces__rosidl_typesupport_introspection_cpp
[2.576s] [ 70%] Built target my_controller_interfaces__rosidl_typesupport_fastrtps_c
[2.586s] [ 70%] Built target my_controller_interfaces__rosidl_typesupport_fastrtps_cpp
[2.629s] [ 70%] Built target my_controller_interfaces
[2.693s] [ 74%] [34m[1mGenerating Python code for ROS interfaces[0m
[3.002s] [ 74%] Built target my_controller_interfaces__py
[3.015s] [ 77%] [32mBuilding C object CMakeFiles/my_controller_interfaces__rosidl_generator_py.dir/rosidl_generator_py/my_controller_interfaces/srv/_set_target_s.c.o[0m
[3.083s] [ 80%] [32m[1mLinking C shared library rosidl_generator_py/my_controller_interfaces/libmy_controller_interfaces__rosidl_generator_py.so[0m
[3.111s] [ 80%] Built target my_controller_interfaces__rosidl_generator_py
[3.126s] [ 90%] [32mBuilding C object CMakeFiles/my_controller_interfaces__rosidl_typesupport_c__pyext.dir/rosidl_generator_py/my_controller_interfaces/_my_controller_interfaces_s.ep.rosidl_typesupport_c.c.o[0m
[3.126s] [ 90%] [32mBuilding C object CMakeFiles/my_controller_interfaces__rosidl_typesupport_introspection_c__pyext.dir/rosidl_generator_py/my_controller_interfaces/_my_controller_interfaces_s.ep.rosidl_typesupport_introspection_c.c.o[0m
[3.126s] [ 90%] [32mBuilding C object CMakeFiles/my_controller_interfaces__rosidl_typesupport_fastrtps_c__pyext.dir/rosidl_generator_py/my_controller_interfaces/_my_controller_interfaces_s.ep.rosidl_typesupport_fastrtps_c.c.o[0m
[3.190s] [100%] [32m[1mLinking C shared library rosidl_generator_py/my_controller_interfaces/my_controller_interfaces_s__rosidl_typesupport_fastrtps_c.cpython-310-x86_64-linux-gnu.so[0m
[3.190s] [100%] [32m[1mLinking C shared library rosidl_generator_py/my_controller_interfaces/my_controller_interfaces_s__rosidl_typesupport_c.cpython-310-x86_64-linux-gnu.so[0m
[3.190s] [100%] [32m[1mLinking C shared library rosidl_generator_py/my_controller_interfaces/my_controller_interfaces_s__rosidl_typesupport_introspection_c.cpython-310-x86_64-linux-gnu.so[0m
[3.216s] [100%] Built target my_controller_interfaces__rosidl_typesupport_c__pyext
[3.217s] [100%] Built target my_controller_interfaces__rosidl_typesupport_introspection_c__pyext
[3.217s] [100%] Built target my_controller_interfaces__rosidl_typesupport_fastrtps_c__pyext
[3.224s] Invoked command in '/home/tanakon/fra501_ws/build/my_controller_interfaces' returned '0': CMAKE_PREFIX_PATH=${CMAKE_PREFIX_PATH}:/opt/ros/humble /usr/bin/cmake --build /home/tanakon/fra501_ws/build/my_controller_interfaces -- -j16 -l16
[3.255s] Invoking command in '/home/tanakon/fra501_ws/build/my_controller_interfaces': CMAKE_PREFIX_PATH=${CMAKE_PREFIX_PATH}:/opt/ros/humble /usr/bin/cmake --install /home/tanakon/fra501_ws/build/my_controller_interfaces
[3.261s] -- Install configuration: ""
[3.261s] -- Installing: /home/tanakon/fra501_ws/install/my_controller_interfaces/share/ament_index/resource_index/rosidl_interfaces/my_controller_interfaces
[3.261s] -- Installing: /home/tanakon/fra501_ws/install/my_controller_interfaces/include/my_controller_interfaces/my_controller_interfaces
[3.261s] -- Installing: /home/tanakon/fra501_ws/install/my_controller_interfaces/include/my_controller_interfaces/my_controller_interfaces/msg
[3.262s] -- Installing: /home/tanakon/fra501_ws/install/my_controller_interfaces/include/my_controller_interfaces/my_controller_interfaces/msg/rosidl_generator_c__visibility_control.h
[3.262s] -- Installing: /home/tanakon/fra501_ws/install/my_controller_interfaces/include/my_controller_interfaces/my_controller_interfaces/srv
[3.262s] -- Installing: /home/tanakon/fra501_ws/install/my_controller_interfaces/include/my_controller_interfaces/my_controller_interfaces/srv/set_target.h
[3.262s] -- Installing: /home/tanakon/fra501_ws/install/my_controller_interfaces/include/my_controller_interfaces/my_controller_interfaces/srv/detail
[3.262s] -- Installing: /home/tanakon/fra501_ws/install/my_controller_interfaces/include/my_controller_interfaces/my_controller_interfaces/srv/detail/set_target__struct.h
[3.262s] -- Installing: /home/tanakon/fra501_ws/install/my_controller_interfaces/include/my_controller_interfaces/my_controller_interfaces/srv/detail/set_target__functions.h
[3.262s] -- Installing: /home/tanakon/fra501_ws/install/my_controller_interfaces/include/my_controller_interfaces/my_controller_interfaces/srv/detail/set_target__type_support.h
[3.262s] -- Installing: /home/tanakon/fra501_ws/install/my_controller_interfaces/include/my_controller_interfaces/my_controller_interfaces/srv/detail/set_target__functions.c
[3.262s] -- Installing: /home/tanakon/fra501_ws/install/my_controller_interfaces/share/my_controller_interfaces/environment/library_path.sh
[3.262s] -- Installing: /home/tanakon/fra501_ws/install/my_controller_interfaces/share/my_controller_interfaces/environment/library_path.dsv
[3.262s] -- Installing: /home/tanakon/fra501_ws/install/my_controller_interfaces/lib/libmy_controller_interfaces__rosidl_generator_c.so
[3.262s] -- Set runtime path of "/home/tanakon/fra501_ws/install/my_controller_interfaces/lib/libmy_controller_interfaces__rosidl_generator_c.so" to ""
[3.262s] -- Up-to-date: /home/tanakon/fra501_ws/install/my_controller_interfaces/include/my_controller_interfaces/my_controller_interfaces
[3.262s] -- Up-to-date: /home/tanakon/fra501_ws/install/my_controller_interfaces/include/my_controller_interfaces/my_controller_interfaces/msg
[3.262s] -- Installing: /home/tanakon/fra501_ws/install/my_controller_interfaces/include/my_controller_interfaces/my_controller_interfaces/msg/rosidl_typesupport_fastrtps_c__visibility_control.h
[3.262s] -- Up-to-date: /home/tanakon/fra501_ws/install/my_controller_interfaces/include/my_controller_interfaces/my_controller_interfaces/srv
[3.263s] -- Up-to-date: /home/tanakon/fra501_ws/install/my_controller_interfaces/include/my_controller_interfaces/my_controller_interfaces/srv/detail
[3.263s] -- Installing: /home/tanakon/fra501_ws/install/my_controller_interfaces/include/my_controller_interfaces/my_controller_interfaces/srv/detail/set_target__rosidl_typesupport_fastrtps_c.h
[3.263s] -- Installing: /home/tanakon/fra501_ws/install/my_controller_interfaces/lib/libmy_controller_interfaces__rosidl_typesupport_fastrtps_c.so
[3.263s] -- Set runtime path of "/home/tanakon/fra501_ws/install/my_controller_interfaces/lib/libmy_controller_interfaces__rosidl_typesupport_fastrtps_c.so" to ""
[3.263s] -- Up-to-date: /home/tanakon/fra501_ws/install/my_controller_interfaces/include/my_controller_interfaces/my_controller_interfaces
[3.263s] -- Up-to-date: /home/tanakon/fra501_ws/install/my_controller_interfaces/include/my_controller_interfaces/my_controller_interfaces/srv
[3.263s] -- Installing: /home/tanakon/fra501_ws/install/my_controller_interfaces/include/my_controller_interfaces/my_controller_interfaces/srv/set_target.hpp
[3.263s] -- Up-to-date: /home/tanakon/fra501_ws/install/my_controller_interfaces/include/my_controller_interfaces/my_controller_interfaces/srv/detail
[3.263s] -- Installing: /home/tanakon/fra501_ws/install/my_controller_interfaces/include/my_controller_interfaces/my_controller_interfaces/srv/detail/set_target__struct.hpp
[3.263s] -- Installing: /home/tanakon/fra501_ws/install/my_controller_interfaces/include/my_controller_interfaces/my_controller_interfaces/srv/detail/set_target__traits.hpp
[3.263s] -- Installing: /home/tanakon/fra501_ws/install/my_controller_interfaces/include/my_controller_interfaces/my_controller_interfaces/srv/detail/set_target__builder.hpp
[3.263s] -- Up-to-date: /home/tanakon/fra501_ws/install/my_controller_interfaces/include/my_controller_interfaces/my_controller_interfaces
[3.263s] -- Up-to-date: /home/tanakon/fra501_ws/install/my_controller_interfaces/include/my_controller_interfaces/my_controller_interfaces/msg
[3.263s] -- Installing: /home/tanakon/fra501_ws/install/my_controller_interfaces/include/my_controller_interfaces/my_controller_interfaces/msg/rosidl_typesupport_fastrtps_cpp__visibility_control.h
[3.263s] -- Up-to-date: /home/tanakon/fra501_ws/install/my_controller_interfaces/include/my_controller_interfaces/my_controller_interfaces/srv
[3.263s] -- Up-to-date: /home/tanakon/fra501_ws/install/my_controller_interfaces/include/my_controller_interfaces/my_controller_interfaces/srv/detail
[3.263s] -- Installing: /home/tanakon/fra501_ws/install/my_controller_interfaces/include/my_controller_interfaces/my_controller_interfaces/srv/detail/dds_fastrtps
[3.263s] -- Installing: /home/tanakon/fra501_ws/install/my_controller_interfaces/include/my_controller_interfaces/my_controller_interfaces/srv/detail/set_target__rosidl_typesupport_fastrtps_cpp.hpp
[3.263s] -- Installing: /home/tanakon/fra501_ws/install/my_controller_interfaces/lib/libmy_controller_interfaces__rosidl_typesupport_fastrtps_cpp.so
[3.264s] -- Set runtime path of "/home/tanakon/fra501_ws/install/my_controller_interfaces/lib/libmy_controller_interfaces__rosidl_typesupport_fastrtps_cpp.so" to ""
[3.264s] -- Up-to-date: /home/tanakon/fra501_ws/install/my_controller_interfaces/include/my_controller_interfaces/my_controller_interfaces
[3.264s] -- Up-to-date: /home/tanakon/fra501_ws/install/my_controller_interfaces/include/my_controller_interfaces/my_controller_interfaces/msg
[3.264s] -- Installing: /home/tanakon/fra501_ws/install/my_controller_interfaces/include/my_controller_interfaces/my_controller_interfaces/msg/rosidl_typesupport_introspection_c__visibility_control.h
[3.264s] -- Up-to-date: /home/tanakon/fra501_ws/install/my_controller_interfaces/include/my_controller_interfaces/my_controller_interfaces/srv
[3.264s] -- Up-to-date: /home/tanakon/fra501_ws/install/my_controller_interfaces/include/my_controller_interfaces/my_controller_interfaces/srv/detail
[3.264s] -- Installing: /home/tanakon/fra501_ws/install/my_controller_interfaces/include/my_controller_interfaces/my_controller_interfaces/srv/detail/set_target__rosidl_typesupport_introspection_c.h
[3.264s] -- Installing: /home/tanakon/fra501_ws/install/my_controller_interfaces/include/my_controller_interfaces/my_controller_interfaces/srv/detail/set_target__type_support.c
[3.264s] -- Installing: /home/tanakon/fra501_ws/install/my_controller_interfaces/lib/libmy_controller_interfaces__rosidl_typesupport_introspection_c.so
[3.264s] -- Set runtime path of "/home/tanakon/fra501_ws/install/my_controller_interfaces/lib/libmy_controller_interfaces__rosidl_typesupport_introspection_c.so" to ""
[3.264s] -- Installing: /home/tanakon/fra501_ws/install/my_controller_interfaces/lib/libmy_controller_interfaces__rosidl_typesupport_c.so
[3.264s] -- Set runtime path of "/home/tanakon/fra501_ws/install/my_controller_interfaces/lib/libmy_controller_interfaces__rosidl_typesupport_c.so" to ""
[3.264s] -- Up-to-date: /home/tanakon/fra501_ws/install/my_controller_interfaces/include/my_controller_interfaces/my_controller_interfaces
[3.264s] -- Up-to-date: /home/tanakon/fra501_ws/install/my_controller_interfaces/include/my_controller_interfaces/my_controller_interfaces/srv
[3.264s] -- Up-to-date: /home/tanakon/fra501_ws/install/my_controller_interfaces/include/my_controller_interfaces/my_controller_interfaces/srv/detail
[3.264s] -- Installing: /home/tanakon/fra501_ws/install/my_controller_interfaces/include/my_controller_interfaces/my_controller_interfaces/srv/detail/set_target__rosidl_typesupport_introspection_cpp.hpp
[3.264s] -- Installing: /home/tanakon/fra501_ws/install/my_controller_interfaces/include/my_controller_interfaces/my_controller_interfaces/srv/detail/set_target__type_support.cpp
[3.264s] -- Installing: /home/tanakon/fra501_ws/install/my_controller_interfaces/lib/libmy_controller_interfaces__rosidl_typesupport_introspection_cpp.so
[3.264s] -- Set runtime path of "/home/tanakon/fra501_ws/install/my_controller_interfaces/lib/libmy_controller_interfaces__rosidl_typesupport_introspection_cpp.so" to ""
[3.265s] -- Installing: /home/tanakon/fra501_ws/install/my_controller_interfaces/lib/libmy_controller_interfaces__rosidl_typesupport_cpp.so
[3.265s] -- Set runtime path of "/home/tanakon/fra501_ws/install/my_controller_interfaces/lib/libmy_controller_interfaces__rosidl_typesupport_cpp.so" to ""
[3.265s] -- Installing: /home/tanakon/fra501_ws/install/my_controller_interfaces/share/my_controller_interfaces/environment/pythonpath.sh
[3.265s] -- Installing: /home/tanakon/fra501_ws/install/my_controller_interfaces/share/my_controller_interfaces/environment/pythonpath.dsv
[3.265s] -- Installing: /home/tanakon/fra501_ws/install/my_controller_interfaces/local/lib/python3.10/dist-packages/my_controller_interfaces-0.0.0-py3.10.egg-info
[3.265s] -- Installing: /home/tanakon/fra501_ws/install/my_controller_interfaces/local/lib/python3.10/dist-packages/my_controller_interfaces-0.0.0-py3.10.egg-info/dependency_links.txt
[3.265s] -- Installing: /home/tanakon/fra501_ws/install/my_controller_interfaces/local/lib/python3.10/dist-packages/my_controller_interfaces-0.0.0-py3.10.egg-info/top_level.txt
[3.265s] -- Installing: /home/tanakon/fra501_ws/install/my_controller_interfaces/local/lib/python3.10/dist-packages/my_controller_interfaces-0.0.0-py3.10.egg-info/SOURCES.txt
[3.265s] -- Installing: /home/tanakon/fra501_ws/install/my_controller_interfaces/local/lib/python3.10/dist-packages/my_controller_interfaces-0.0.0-py3.10.egg-info/PKG-INFO
[3.265s] -- Installing: /home/tanakon/fra501_ws/install/my_controller_interfaces/local/lib/python3.10/dist-packages/my_controller_interfaces
[3.265s] -- Installing: /home/tanakon/fra501_ws/install/my_controller_interfaces/local/lib/python3.10/dist-packages/my_controller_interfaces/_my_controller_interfaces_s.ep.rosidl_typesupport_fastrtps_c.c
[3.265s] -- Installing: /home/tanakon/fra501_ws/install/my_controller_interfaces/local/lib/python3.10/dist-packages/my_controller_interfaces/libmy_controller_interfaces__rosidl_generator_py.so
[3.265s] -- Installing: /home/tanakon/fra501_ws/install/my_controller_interfaces/local/lib/python3.10/dist-packages/my_controller_interfaces/my_controller_interfaces_s__rosidl_typesupport_fastrtps_c.cpython-310-x86_64-linux-gnu.so
[3.265s] -- Installing: /home/tanakon/fra501_ws/install/my_controller_interfaces/local/lib/python3.10/dist-packages/my_controller_interfaces/_my_controller_interfaces_s.ep.rosidl_typesupport_c.c
[3.265s] -- Installing: /home/tanakon/fra501_ws/install/my_controller_interfaces/local/lib/python3.10/dist-packages/my_controller_interfaces/my_controller_interfaces_s__rosidl_typesupport_introspection_c.cpython-310-x86_64-linux-gnu.so
[3.266s] -- Installing: /home/tanakon/fra501_ws/install/my_controller_interfaces/local/lib/python3.10/dist-packages/my_controller_interfaces/_my_controller_interfaces_s.ep.rosidl_typesupport_introspection_c.c
[3.266s] -- Installing: /home/tanakon/fra501_ws/install/my_controller_interfaces/local/lib/python3.10/dist-packages/my_controller_interfaces/my_controller_interfaces_s__rosidl_typesupport_c.cpython-310-x86_64-linux-gnu.so
[3.266s] -- Installing: /home/tanakon/fra501_ws/install/my_controller_interfaces/local/lib/python3.10/dist-packages/my_controller_interfaces/__init__.py
[3.266s] -- Installing: /home/tanakon/fra501_ws/install/my_controller_interfaces/local/lib/python3.10/dist-packages/my_controller_interfaces/srv
[3.266s] -- Installing: /home/tanakon/fra501_ws/install/my_controller_interfaces/local/lib/python3.10/dist-packages/my_controller_interfaces/srv/_set_target_s.c
[3.266s] -- Installing: /home/tanakon/fra501_ws/install/my_controller_interfaces/local/lib/python3.10/dist-packages/my_controller_interfaces/srv/_set_target.py
[3.266s] -- Installing: /home/tanakon/fra501_ws/install/my_controller_interfaces/local/lib/python3.10/dist-packages/my_controller_interfaces/srv/__init__.py
[3.290s] Listing '/home/tanakon/fra501_ws/install/my_controller_interfaces/local/lib/python3.10/dist-packages/my_controller_interfaces'...
[3.290s] Compiling '/home/tanakon/fra501_ws/install/my_controller_interfaces/local/lib/python3.10/dist-packages/my_controller_interfaces/__init__.py'...
[3.290s] Listing '/home/tanakon/fra501_ws/install/my_controller_interfaces/local/lib/python3.10/dist-packages/my_controller_interfaces/srv'...
[3.290s] Compiling '/home/tanakon/fra501_ws/install/my_controller_interfaces/local/lib/python3.10/dist-packages/my_controller_interfaces/srv/__init__.py'...
[3.290s] Compiling '/home/tanakon/fra501_ws/install/my_controller_interfaces/local/lib/python3.10/dist-packages/my_controller_interfaces/srv/_set_target.py'...
[3.293s] -- Installing: /home/tanakon/fra501_ws/install/my_controller_interfaces/local/lib/python3.10/dist-packages/my_controller_interfaces/my_controller_interfaces_s__rosidl_typesupport_fastrtps_c.cpython-310-x86_64-linux-gnu.so
[3.294s] -- Set runtime path of "/home/tanakon/fra501_ws/install/my_controller_interfaces/local/lib/python3.10/dist-packages/my_controller_interfaces/my_controller_interfaces_s__rosidl_typesupport_fastrtps_c.cpython-310-x86_64-linux-gnu.so" to ""
[3.294s] -- Installing: /home/tanakon/fra501_ws/install/my_controller_interfaces/local/lib/python3.10/dist-packages/my_controller_interfaces/my_controller_interfaces_s__rosidl_typesupport_introspection_c.cpython-310-x86_64-linux-gnu.so
[3.294s] -- Set runtime path of "/home/tanakon/fra501_ws/install/my_controller_interfaces/local/lib/python3.10/dist-packages/my_controller_interfaces/my_controller_interfaces_s__rosidl_typesupport_introspection_c.cpython-310-x86_64-linux-gnu.so" to ""
[3.294s] -- Installing: /home/tanakon/fra501_ws/install/my_controller_interfaces/local/lib/python3.10/dist-packages/my_controller_interfaces/my_controller_interfaces_s__rosidl_typesupport_c.cpython-310-x86_64-linux-gnu.so
[3.294s] -- Set runtime path of "/home/tanakon/fra501_ws/install/my_controller_interfaces/local/lib/python3.10/dist-packages/my_controller_interfaces/my_controller_interfaces_s__rosidl_typesupport_c.cpython-310-x86_64-linux-gnu.so" to ""
[3.294s] -- Installing: /home/tanakon/fra501_ws/install/my_controller_interfaces/lib/libmy_controller_interfaces__rosidl_generator_py.so
[3.294s] -- Set runtime path of "/home/tanakon/fra501_ws/install/my_controller_interfaces/lib/libmy_controller_interfaces__rosidl_generator_py.so" to ""
[3.294s] -- Installing: /home/tanakon/fra501_ws/install/my_controller_interfaces/share/my_controller_interfaces/srv/SetTarget.idl
[3.294s] -- Installing: /home/tanakon/fra501_ws/install/my_controller_interfaces/share/my_controller_interfaces/srv/SetTarget.srv
[3.295s] -- Installing: /home/tanakon/fra501_ws/install/my_controller_interfaces/share/my_controller_interfaces/srv/SetTarget_Request.msg
[3.295s] -- Installing: /home/tanakon/fra501_ws/install/my_controller_interfaces/share/my_controller_interfaces/srv/SetTarget_Response.msg
[3.295s] -- Installing: /home/tanakon/fra501_ws/install/my_controller_interfaces/share/ament_index/resource_index/package_run_dependencies/my_controller_interfaces
[3.295s] -- Installing: /home/tanakon/fra501_ws/install/my_controller_interfaces/share/ament_index/resource_index/parent_prefix_path/my_controller_interfaces
[3.295s] -- Installing: /home/tanakon/fra501_ws/install/my_controller_interfaces/share/my_controller_interfaces/environment/ament_prefix_path.sh
[3.295s] -- Installing: /home/tanakon/fra501_ws/install/my_controller_interfaces/share/my_controller_interfaces/environment/ament_prefix_path.dsv
[3.295s] -- Installing: /home/tanakon/fra501_ws/install/my_controller_interfaces/share/my_controller_interfaces/environment/path.sh
[3.295s] -- Installing: /home/tanakon/fra501_ws/install/my_controller_interfaces/share/my_controller_interfaces/environment/path.dsv
[3.295s] -- Installing: /home/tanakon/fra501_ws/install/my_controller_interfaces/share/my_controller_interfaces/local_setup.bash
[3.295s] -- Installing: /home/tanakon/fra501_ws/install/my_controller_interfaces/share/my_controller_interfaces/local_setup.sh
[3.295s] -- Installing: /home/tanakon/fra501_ws/install/my_controller_interfaces/share/my_controller_interfaces/local_setup.zsh
[3.295s] -- Installing: /home/tanakon/fra501_ws/install/my_controller_interfaces/share/my_controller_interfaces/local_setup.dsv
[3.295s] -- Installing: /home/tanakon/fra501_ws/install/my_controller_interfaces/share/my_controller_interfaces/package.dsv
[3.295s] -- Installing: /home/tanakon/fra501_ws/install/my_controller_interfaces/share/ament_index/resource_index/packages/my_controller_interfaces
[3.296s] -- Installing: /home/tanakon/fra501_ws/install/my_controller_interfaces/share/my_controller_interfaces/cmake/export_my_controller_interfaces__rosidl_generator_cExport.cmake
[3.296s] -- Installing: /home/tanakon/fra501_ws/install/my_controller_interfaces/share/my_controller_interfaces/cmake/export_my_controller_interfaces__rosidl_generator_cExport-noconfig.cmake
[3.296s] -- Installing: /home/tanakon/fra501_ws/install/my_controller_interfaces/share/my_controller_interfaces/cmake/export_my_controller_interfaces__rosidl_typesupport_fastrtps_cExport.cmake
[3.296s] -- Installing: /home/tanakon/fra501_ws/install/my_controller_interfaces/share/my_controller_interfaces/cmake/export_my_controller_interfaces__rosidl_typesupport_fastrtps_cExport-noconfig.cmake
[3.296s] -- Installing: /home/tanakon/fra501_ws/install/my_controller_interfaces/share/my_controller_interfaces/cmake/export_my_controller_interfaces__rosidl_generator_cppExport.cmake
[3.296s] -- Installing: /home/tanakon/fra501_ws/install/my_controller_interfaces/share/my_controller_interfaces/cmake/export_my_controller_interfaces__rosidl_typesupport_fastrtps_cppExport.cmake
[3.296s] -- Installing: /home/tanakon/fra501_ws/install/my_controller_interfaces/share/my_controller_interfaces/cmake/export_my_controller_interfaces__rosidl_typesupport_fastrtps_cppExport-noconfig.cmake
[3.296s] -- Installing: /home/tanakon/fra501_ws/install/my_controller_interfaces/share/my_controller_interfaces/cmake/my_controller_interfaces__rosidl_typesupport_introspection_cExport.cmake
[3.296s] -- Installing: /home/tanakon/fra501_ws/install/my_controller_interfaces/share/my_controller_interfaces/cmake/my_controller_interfaces__rosidl_typesupport_introspection_cExport-noconfig.cmake
[3.296s] -- Installing: /home/tanakon/fra501_ws/install/my_controller_interfaces/share/my_controller_interfaces/cmake/my_controller_interfaces__rosidl_typesupport_cExport.cmake
[3.296s] -- Installing: /home/tanakon/fra501_ws/install/my_controller_interfaces/share/my_controller_interfaces/cmake/my_controller_interfaces__rosidl_typesupport_cExport-noconfig.cmake
[3.296s] -- Installing: /home/tanakon/fra501_ws/install/my_controller_interfaces/share/my_controller_interfaces/cmake/my_controller_interfaces__rosidl_typesupport_introspection_cppExport.cmake
[3.296s] -- Installing: /home/tanakon/fra501_ws/install/my_controller_interfaces/share/my_controller_interfaces/cmake/my_controller_interfaces__rosidl_typesupport_introspection_cppExport-noconfig.cmake
[3.297s] -- Installing: /home/tanakon/fra501_ws/install/my_controller_interfaces/share/my_controller_interfaces/cmake/my_controller_interfaces__rosidl_typesupport_cppExport.cmake
[3.297s] -- Installing: /home/tanakon/fra501_ws/install/my_controller_interfaces/share/my_controller_interfaces/cmake/my_controller_interfaces__rosidl_typesupport_cppExport-noconfig.cmake
[3.297s] -- Installing: /home/tanakon/fra501_ws/install/my_controller_interfaces/share/my_controller_interfaces/cmake/export_my_controller_interfaces__rosidl_generator_pyExport.cmake
[3.297s] -- Installing: /home/tanakon/fra501_ws/install/my_controller_interfaces/share/my_controller_interfaces/cmake/export_my_controller_interfaces__rosidl_generator_pyExport-noconfig.cmake
[3.297s] -- Installing: /home/tanakon/fra501_ws/install/my_controller_interfaces/share/my_controller_interfaces/cmake/rosidl_cmake-extras.cmake
[3.297s] -- Installing: /home/tanakon/fra501_ws/install/my_controller_interfaces/share/my_controller_interfaces/cmake/ament_cmake_export_dependencies-extras.cmake
[3.297s] -- Installing: /home/tanakon/fra501_ws/install/my_controller_interfaces/share/my_controller_interfaces/cmake/ament_cmake_export_include_directories-extras.cmake
[3.297s] -- Installing: /home/tanakon/fra501_ws/install/my_controller_interfaces/share/my_controller_interfaces/cmake/ament_cmake_export_libraries-extras.cmake
[3.297s] -- Installing: /home/tanakon/fra501_ws/install/my_controller_interfaces/share/my_controller_interfaces/cmake/ament_cmake_export_targets-extras.cmake
[3.297s] -- Installing: /home/tanakon/fra501_ws/install/my_controller_interfaces/share/my_controller_interfaces/cmake/rosidl_cmake_export_typesupport_targets-extras.cmake
[3.297s] -- Installing: /home/tanakon/fra501_ws/install/my_controller_interfaces/share/my_controller_interfaces/cmake/rosidl_cmake_export_typesupport_libraries-extras.cmake
[3.297s] -- Installing: /home/tanakon/fra501_ws/install/my_controller_interfaces/share/my_controller_interfaces/cmake/my_controller_interfacesConfig.cmake
[3.297s] -- Installing: /home/tanakon/fra501_ws/install/my_controller_interfaces/share/my_controller_interfaces/cmake/my_controller_interfacesConfig-version.cmake
[3.297s] -- Installing: /home/tanakon/fra501_ws/install/my_controller_interfaces/share/my_controller_interfaces/package.xml
[3.299s] Invoked command in '/home/tanakon/fra501_ws/build/my_controller_interfaces' returned '0': CMAKE_PREFIX_PATH=${CMAKE_PREFIX_PATH}:/opt/ros/humble /usr/bin/cmake --install /home/tanakon/fra501_ws/build/my_controller_interfaces
